Log file open, 03/09/17 00:18:27
LogInit:Display: Running engine for game: VirtualWorldScroller
LogPlatformFile: Not using cached read wrapper
LogInit:Display: RandInit(-737510166) SRandInit(-737510166).
LogTaskGraph: Started task graph with 5 named threads and 8 total threads with 1 sets of task threads.
LogStats: Stats thread started at 0.074495
LogPluginManager: Loaded Plugin Paper2D, From C:/Program Files/Epic Games/4.14/Engine/Plugins/2D/Paper2D/Paper2D.uplugin
LogPluginManager: Loaded Plugin LightPropagationVolume, From C:/Program Files/Epic Games/4.14/Engine/Plugins/Blendables/LightPropagationVolume/LightPropagationVolume.uplugin
LogPluginManager: Loaded Plugin BlankPlugin, From C:/Program Files/Epic Games/4.14/Engine/Plugins/Developer/BlankPlugin/BlankPlugin.uplugin
LogPluginManager: Loaded Plugin CodeLiteSourceCodeAccess, From C:/Program Files/Epic Games/4.14/Engine/Plugins/Developer/CodeLiteSourceCodeAccess/CodeLiteSourceCodeAccess.uplugin
LogPluginManager: Loaded Plugin GitSourceControl, From C:/Program Files/Epic Games/4.14/Engine/Plugins/Developer/GitSourceControl/GitSourceControl.uplugin
LogPluginManager: Loaded Plugin KDevelopSourceCodeAccess, From C:/Program Files/Epic Games/4.14/Engine/Plugins/Developer/KDevelopSourceCodeAccess/KDevelopSourceCodeAccess.uplugin
LogPluginManager: Loaded Plugin NullSourceCodeAccess, From C:/Program Files/Epic Games/4.14/Engine/Plugins/Developer/NullSourceCodeAccess/NullSourceCodeAccess.uplugin
LogPluginManager: Loaded Plugin OneSkyLocalizationService, From C:/Program Files/Epic Games/4.14/Engine/Plugins/Developer/OneSkyLocalizationService/OneSkyLocalizationService.uplugin
LogPluginManager: Loaded Plugin PerforceSourceControl, From C:/Program Files/Epic Games/4.14/Engine/Plugins/Developer/PerforceSourceControl/PerforceSourceControl.uplugin
LogPluginManager: Loaded Plugin SubversionSourceControl, From C:/Program Files/Epic Games/4.14/Engine/Plugins/Developer/SubversionSourceControl/SubversionSourceControl.uplugin
LogPluginManager: Loaded Plugin UObjectPlugin, From C:/Program Files/Epic Games/4.14/Engine/Plugins/Developer/UObjectPlugin/UObjectPlugin.uplugin
LogPluginManager: Loaded Plugin VisualStudioSourceCodeAccess, From C:/Program Files/Epic Games/4.14/Engine/Plugins/Developer/VisualStudioSourceCodeAccess/VisualStudioSourceCodeAccess.uplugin
LogPluginManager: Loaded Plugin XCodeSourceCodeAccess, From C:/Program Files/Epic Games/4.14/Engine/Plugins/Developer/XCodeSourceCodeAccess/XCodeSourceCodeAccess.uplugin
LogPluginManager: Loaded Plugin AudioCapture, From C:/Program Files/Epic Games/4.14/Engine/Plugins/Editor/AudioCapture/AudioCapture.uplugin
LogPluginManager: Loaded Plugin EpicSurvey, From C:/Program Files/Epic Games/4.14/Engine/Plugins/Editor/EpicSurvey/EpicSurvey.uplugin
LogPluginManager: Loaded Plugin MacGraphicsSwitching, From C:/Program Files/Epic Games/4.14/Engine/Plugins/Editor/MacGraphicsSwitching/MacGraphicsSwitching.uplugin
LogPluginManager: Loaded Plugin MobileLauncherProfileWizard, From C:/Program Files/Epic Games/4.14/Engine/Plugins/Editor/MobileLauncherProfileWizard/MobileLauncherProfileWizard.uplugin
LogPluginManager: Loaded Plugin PluginBrowser, From C:/Program Files/Epic Games/4.14/Engine/Plugins/Editor/PluginBrowser/PluginBrowser.uplugin
LogPluginManager: Loaded Plugin SpeedTreeImporter, From C:/Program Files/Epic Games/4.14/Engine/Plugins/Editor/SpeedTreeImporter/SpeedTreeImporter.uplugin
LogPluginManager: Loaded Plugin SuperSearchEditor, From C:/Program Files/Epic Games/4.14/Engine/Plugins/Editor/SuperSearchEditor/SuperSearchEditor.uplugin
LogPluginManager: Loaded Plugin AlembicImporter, From C:/Program Files/Epic Games/4.14/Engine/Plugins/Experimental/AlembicImporter/AlembicImporter.uplugin
LogPluginManager: Loaded Plugin BlueprintStats, From C:/Program Files/Epic Games/4.14/Engine/Plugins/Experimental/BlueprintStats/BlueprintStats.uplugin
LogPluginManager: Loaded Plugin CharacterAI, From C:/Program Files/Epic Games/4.14/Engine/Plugins/Experimental/CharacterAI/CharacterAI.uplugin
LogPluginManager: Loaded Plugin CodeEditor, From C:/Program Files/Epic Games/4.14/Engine/Plugins/Experimental/CodeEditor/CodeEditor.uplugin
LogPluginManager: Loaded Plugin CodeView, From C:/Program Files/Epic Games/4.14/Engine/Plugins/Experimental/CodeView/CodeView.uplugin
LogPluginManager: Loaded Plugin HTML5Networking, From C:/Program Files/Epic Games/4.14/Engine/Plugins/Experimental/HTML5Networking/HTML5Networking.uplugin
LogPluginManager: Loaded Plugin OSVR, From C:/Program Files/Epic Games/4.14/Engine/Plugins/Experimental/OSVR/OSVR.uplugin
LogPluginManager: Loaded Plugin Phya, From C:/Program Files/Epic Games/4.14/Engine/Plugins/Experimental/Phya/Phya.uplugin
LogPluginManager: Loaded Plugin SignificanceManager, From C:/Program Files/Epic Games/4.14/Engine/Plugins/Experimental/SignificanceManager/SignificanceManager.uplugin
LogPluginManager: Loaded Plugin SimpleHMD, From C:/Program Files/Epic Games/4.14/Engine/Plugins/Experimental/SimpleHMD/SimpleHMD.uplugin
LogPluginManager: Loaded Plugin StereoPanorama, From C:/Program Files/Epic Games/4.14/Engine/Plugins/Experimental/StereoPanorama/StereoPanorama.uplugin
LogPluginManager: Loaded Plugin StructBox, From C:/Program Files/Epic Games/4.14/Engine/Plugins/Experimental/StructBox/StructBox.uplugin
LogPluginManager: Loaded Plugin Substance, From C:/Program Files/Epic Games/4.14/Engine/Plugins/Marketplace/Substance/Substance.uplugin
LogPluginManager: Loaded Plugin AndroidMedia, From C:/Program Files/Epic Games/4.14/Engine/Plugins/Media/AndroidMedia/AndroidMedia.uplugin
LogPluginManager: Loaded Plugin AvfMedia, From C:/Program Files/Epic Games/4.14/Engine/Plugins/Media/AvfMedia/AvfMedia.uplugin
LogPluginManager: Loaded Plugin MediaPlayerEditor, From C:/Program Files/Epic Games/4.14/Engine/Plugins/Media/MediaPlayerEditor/MediaPlayerEditor.uplugin
LogPluginManager: Loaded Plugin WmfMedia, From C:/Program Files/Epic Games/4.14/Engine/Plugins/Media/WmfMedia/WmfMedia.uplugin
LogPluginManager: Loaded Plugin MessagingDebugger, From C:/Program Files/Epic Games/4.14/Engine/Plugins/Messaging/MessagingDebugger/MessagingDebugger.uplugin
LogPluginManager: Loaded Plugin TcpMessaging, From C:/Program Files/Epic Games/4.14/Engine/Plugins/Messaging/TcpMessaging/TcpMessaging.uplugin
LogPluginManager: Loaded Plugin UdpMessaging, From C:/Program Files/Epic Games/4.14/Engine/Plugins/Messaging/UdpMessaging/UdpMessaging.uplugin
LogPluginManager: Loaded Plugin LevelSequenceEditor, From C:/Program Files/Epic Games/4.14/Engine/Plugins/MovieScene/LevelSequenceEditor/LevelSequenceEditor.uplugin
LogPluginManager: Loaded Plugin MatineeToLevelSequence, From C:/Program Files/Epic Games/4.14/Engine/Plugins/MovieScene/MatineeToLevelSequence/MatineeToLevelSequence.uplugin
LogPluginManager: Loaded Plugin NetcodeUnitTest, From C:/Program Files/Epic Games/4.14/Engine/Plugins/NetcodeUnitTest/NetcodeUnitTest/NetcodeUnitTest.uplugin
LogPluginManager: Loaded Plugin NUTUnrealEngine4, From C:/Program Files/Epic Games/4.14/Engine/Plugins/NetcodeUnitTest/NUTUnrealEngine4/NUTUnrealEngine4.uplugin
LogPluginManager: Loaded Plugin OnlineSubsystemGameCircle, From C:/Program Files/Epic Games/4.14/Engine/Plugins/Online/Android/OnlineSubsystemGameCircle/OnlineSubsystemGameCircle.uplugin
LogPluginManager: Loaded Plugin OnlineSubsystemGooglePlay, From C:/Program Files/Epic Games/4.14/Engine/Plugins/Online/Android/OnlineSubsystemGooglePlay/OnlineSubsystemGooglePlay.uplugin
LogPluginManager: Loaded Plugin OnlineSubsystemIOS, From C:/Program Files/Epic Games/4.14/Engine/Plugins/Online/IOS/OnlineSubsystemIOS/OnlineSubsystemIOS.uplugin
LogPluginManager: Loaded Plugin OnlineFramework, From C:/Program Files/Epic Games/4.14/Engine/Plugins/Online/OnlineFramework/OnlineFramework.uplugin
LogPluginManager: Loaded Plugin OnlineSubsystem, From C:/Program Files/Epic Games/4.14/Engine/Plugins/Online/OnlineSubsystem/OnlineSubsystem.uplugin
LogPluginManager: Loaded Plugin OnlineSubsystemAmazon, From C:/Program Files/Epic Games/4.14/Engine/Plugins/Online/OnlineSubsystemAmazon/OnlineSubsystemAmazon.uplugin
LogPluginManager: Loaded Plugin OnlineSubsystemFacebook, From C:/Program Files/Epic Games/4.14/Engine/Plugins/Online/OnlineSubsystemFacebook/OnlineSubsystemFacebook.uplugin
LogPluginManager: Loaded Plugin OnlineSubsystemNull, From C:/Program Files/Epic Games/4.14/Engine/Plugins/Online/OnlineSubsystemNull/OnlineSubsystemNull.uplugin
LogPluginManager: Loaded Plugin OnlineSubsystemOculus, From C:/Program Files/Epic Games/4.14/Engine/Plugins/Online/OnlineSubsystemOculus/OnlineSubsystemOculus.uplugin
LogPluginManager: Loaded Plugin OnlineSubsystemSteam, From C:/Program Files/Epic Games/4.14/Engine/Plugins/Online/OnlineSubsystemSteam/OnlineSubsystemSteam.uplugin
LogPluginManager: Loaded Plugin OnlineSubsystemUtils, From C:/Program Files/Epic Games/4.14/Engine/Plugins/Online/OnlineSubsystemUtils/OnlineSubsystemUtils.uplugin
LogPluginManager: Loaded Plugin IOSTapJoy, From C:/Program Files/Epic Games/4.14/Engine/Plugins/Runtime/Advertising/IOSTapJoy/IOSTapJoy.uplugin
LogPluginManager: Loaded Plugin AnalyticsBlueprintLibrary, From C:/Program Files/Epic Games/4.14/Engine/Plugins/Runtime/Analytics/AnalyticsBlueprintLibrary/AnalyticsBlueprintLibrary.uplugin
LogPluginManager: Loaded Plugin AnalyticsMulticast, From C:/Program Files/Epic Games/4.14/Engine/Plugins/Runtime/Analytics/AnalyticsMulticast/AnalyticsMulticast.uplugin
LogPluginManager: Loaded Plugin Apsalar, From C:/Program Files/Epic Games/4.14/Engine/Plugins/Runtime/Analytics/Apsalar/Apsalar.uplugin
LogPluginManager: Loaded Plugin FileLogging, From C:/Program Files/Epic Games/4.14/Engine/Plugins/Runtime/Analytics/FileLogging/FileLogging.uplugin
LogPluginManager: Loaded Plugin Flurry, From C:/Program Files/Epic Games/4.14/Engine/Plugins/Runtime/Analytics/Flurry/Flurry.uplugin
LogPluginManager: Loaded Plugin AndroidDeviceProfileSelector, From C:/Program Files/Epic Games/4.14/Engine/Plugins/Runtime/AndroidDeviceProfileSelector/AndroidDeviceProfileSelector.uplugin
LogPluginManager: Loaded Plugin AndroidMoviePlayer, From C:/Program Files/Epic Games/4.14/Engine/Plugins/Runtime/AndroidMoviePlayer/AndroidMoviePlayer.uplugin
LogPluginManager: Loaded Plugin AppleMoviePlayer, From C:/Program Files/Epic Games/4.14/Engine/Plugins/Runtime/AppleMoviePlayer/AppleMoviePlayer.uplugin
LogPluginManager: Loaded Plugin ArchVisCharacter, From C:/Program Files/Epic Games/4.14/Engine/Plugins/Runtime/ArchVisCharacter/ArchVisCharacter.uplugin
LogPluginManager: Loaded Plugin CableComponent, From C:/Program Files/Epic Games/4.14/Engine/Plugins/Runtime/CableComponent/CableComponent.uplugin
LogPluginManager: Loaded Plugin CustomMeshComponent, From C:/Program Files/Epic Games/4.14/Engine/Plugins/Runtime/CustomMeshComponent/CustomMeshComponent.uplugin
LogPluginManager: Loaded Plugin ExampleDeviceProfileSelector, From C:/Program Files/Epic Games/4.14/Engine/Plugins/Runtime/ExampleDeviceProfileSelector/ExampleDeviceProfileSelector.uplugin
LogPluginManager: Loaded Plugin GearVR, From C:/Program Files/Epic Games/4.14/Engine/Plugins/Runtime/GearVR/GearVR.uplugin
LogPluginManager: Loaded Plugin GoogleVRController, From C:/Program Files/Epic Games/4.14/Engine/Plugins/Runtime/GoogleVR/GoogleVRController/GoogleVRController.uplugin
LogPluginManager: Loaded Plugin GoogleVRHMD, From C:/Program Files/Epic Games/4.14/Engine/Plugins/Runtime/GoogleVR/GoogleVRHMD/GoogleVRHMD.uplugin
LogPluginManager: Loaded Plugin IOSDeviceProfileSelector, From C:/Program Files/Epic Games/4.14/Engine/Plugins/Runtime/IOSDeviceProfileSelector/IOSDeviceProfileSelector.uplugin
LogPluginManager: Loaded Plugin LeapMotion, From C:/Program Files/Epic Games/4.14/Engine/Plugins/Runtime/LeapMotion/LeapMotion.uplugin
LogPluginManager: Loaded Plugin LinuxDeviceProfileSelector, From C:/Program Files/Epic Games/4.14/Engine/Plugins/Runtime/LinuxDeviceProfileSelector/LinuxDeviceProfileSelector.uplugin
LogPluginManager: Loaded Plugin MIDIDevice, From C:/Program Files/Epic Games/4.14/Engine/Plugins/Runtime/MIDIDevice/MIDIDevice.uplugin
LogPluginManager: Loaded Plugin MobilePatchingUtils, From C:/Program Files/Epic Games/4.14/Engine/Plugins/Runtime/MobilePatchingUtils/MobilePatchingUtils.uplugin
LogPluginManager: Loaded Plugin Ansel, From C:/Program Files/Epic Games/4.14/Engine/Plugins/Runtime/Nvidia/Ansel/Ansel.uplugin
LogPluginManager: Loaded Plugin OculusAudio, From C:/Program Files/Epic Games/4.14/Engine/Plugins/Runtime/OculusAudio/OculusAudio.uplugin
LogPluginManager: Loaded Plugin OculusInput, From C:/Program Files/Epic Games/4.14/Engine/Plugins/Runtime/OculusInput/OculusInput.uplugin
LogPluginManager: Loaded Plugin OculusLibrary, From C:/Program Files/Epic Games/4.14/Engine/Plugins/Runtime/OculusLibrary/OculusLibrary.uplugin
LogPluginManager: Loaded Plugin OculusRift, From C:/Program Files/Epic Games/4.14/Engine/Plugins/Runtime/OculusRift/OculusRift.uplugin
LogPluginManager: Loaded Plugin Oodle, From C:/Program Files/Epic Games/4.14/Engine/Plugins/Runtime/PacketHandlers/CompressionComponents/Oodle/Oodle.uplugin
LogPluginManager: Loaded Plugin ProceduralMeshComponent, From C:/Program Files/Epic Games/4.14/Engine/Plugins/Runtime/ProceduralMeshComponent/ProceduralMeshComponent.uplugin
LogPluginManager: Loaded Plugin SoundMod, From C:/Program Files/Epic Games/4.14/Engine/Plugins/Runtime/SoundMod/SoundMod.uplugin
LogPluginManager: Loaded Plugin SoundVisualizations, From C:/Program Files/Epic Games/4.14/Engine/Plugins/Runtime/SoundVisualizations/SoundVisualizations.uplugin
LogPluginManager: Loaded Plugin SteamController, From C:/Program Files/Epic Games/4.14/Engine/Plugins/Runtime/Steam/SteamController/SteamController.uplugin
LogPluginManager: Loaded Plugin SteamVR, From C:/Program Files/Epic Games/4.14/Engine/Plugins/Runtime/Steam/SteamVR/SteamVR.uplugin
LogPluginManager: Loaded Plugin WebBrowserWidget, From C:/Program Files/Epic Games/4.14/Engine/Plugins/Runtime/WebBrowserWidget/WebBrowserWidget.uplugin
LogPluginManager: Loaded Plugin WindowsDeviceProfileSelector, From C:/Program Files/Epic Games/4.14/Engine/Plugins/Runtime/WindowsDeviceProfileSelector/WindowsDeviceProfileSelector.uplugin
LogPluginManager: Loaded Plugin WindowsMoviePlayer, From C:/Program Files/Epic Games/4.14/Engine/Plugins/Runtime/WindowsMoviePlayer/WindowsMoviePlayer.uplugin
LogPluginManager: Loaded Plugin ScriptPlugin, From C:/Program Files/Epic Games/4.14/Engine/Plugins/ScriptPlugin/ScriptPlugin.uplugin
LogPluginManager: Loaded Plugin SlateRemote, From C:/Program Files/Epic Games/4.14/Engine/Plugins/Slate/SlateRemote/SlateRemote.uplugin
LogPluginManager: Loaded Plugin EditorTests, From C:/Program Files/Epic Games/4.14/Engine/Plugins/Tests/EditorTests/EditorTests.uplugin
LogPluginManager: Loaded Plugin FbxAutomationTestBuilder, From C:/Program Files/Epic Games/4.14/Engine/Plugins/Tests/FbxAutomationTestBuilder/FbxAutomationTestBuilder.uplugin
LogPluginManager: Loaded Plugin FunctionalTestingEditor, From C:/Program Files/Epic Games/4.14/Engine/Plugins/Tests/FunctionalTestingEditor/FunctionalTestingEditor.uplugin
LogPluginManager: Loaded Plugin RuntimeTests, From C:/Program Files/Epic Games/4.14/Engine/Plugins/Tests/RuntimeTests/RuntimeTests.uplugin
LogPluginManager: Loaded Plugin ScreenshotTools, From C:/Program Files/Epic Games/4.14/Engine/Plugins/Tests/ScreenshotTools/ScreenshotTools.uplugin
LogInit: Using libcurl 7.47.1
LogInit:  - built for x86_64-pc-win32
LogInit:  - supports SSL with OpenSSL/1.0.2g
LogInit:  - supports HTTP deflate (compression) using libz 1.2.8
LogInit:  - other features:
LogInit:      CURL_VERSION_SSL
LogInit:      CURL_VERSION_LIBZ
LogInit:      CURL_VERSION_IPV6
LogInit:      CURL_VERSION_ASYNCHDNS
LogInit:      CURL_VERSION_LARGEFILE
LogInit:      CURL_VERSION_IDN
LogInit:  CurlRequestOptions (configurable via config and command line):
LogInit:  - bVerifyPeer = false  - Libcurl will NOT verify peer certificate
LogInit:  - bUseHttpProxy = false  - Libcurl will NOT use HTTP proxy
LogInit:  - bDontReuseConnections = false  - Libcurl will reuse connections
LogInit:  - CertBundlePath = nullptr  - Libcurl will use whatever was configured at build time.
OCULUS: Info: [CAPI] LibOVR module is located at C:\Program Files\Oculus\Support\oculus-runtime\LibOVRRT64_1.dll
OCULUS: Debug: Connected to the server running version (prod = 1).1.12.0(build = 347531) feature version = 0. Client runs version (prod = 1).1.12.0(build = 347531) feature version = 0
LogInit: Build: ++UE4+Release-4.14-CL-3249277
LogInit: Engine Version: 4.14.3-3249277+++UE4+Release-4.14
LogInit: Compatible Engine Version: 4.14.0-3195953+++UE4+Release-4.14
LogInit: Net CL: 3195953
LogDevObjectVersion: Number of dev versions registered: 13
LogDevObjectVersion:   Dev-Blueprints (B0D832E4-1F89-4F0D-ACCF-7EB736FD4AA2): 7
LogDevObjectVersion:   Dev-Build (E1C64328-A22C-4D53-A36C-8E866417BD8C): 0
LogDevObjectVersion:   Dev-Core (375EC13C-06E4-48FB-B500-84F0262A717E): 1
LogDevObjectVersion:   Dev-Editor (E4B068ED-F494-42E9-A231-DA0B2E46BB41): 8
LogDevObjectVersion:   Dev-Framework (CFFC743F-43B0-4480-9391-14DF171D2073): 17
LogDevObjectVersion:   Dev-Mobile (B02B49B5-BB20-44E9-A304-32B752E40360): 0
LogDevObjectVersion:   Dev-Networking (A4E4105C-59A1-49B5-A7C5-40C4547EDFEE): 0
LogDevObjectVersion:   Dev-Online (39C831C9-5AE6-47DC-9A44-9C173E1C8E7C): 0
LogDevObjectVersion:   Dev-Physics (78F01B33-EBEA-4F98-B9B4-84EACCB95AA2): 0
LogDevObjectVersion:   Dev-Platform (6631380F-2D4D-43E0-8009-CF276956A95A): 0
LogDevObjectVersion:   Dev-Rendering (12F88B9F-8875-4AFC-A67C-D90C383ABD29): 12
LogDevObjectVersion:   Dev-Sequencer (7B5AE74C-D270-4C10-A958-57980B212A5A): 1
LogDevObjectVersion:   Dev-VR (D7296918-1DD6-4BDD-9DE2-64A83CC13884): 0
LogInit: Compiled (64-bit): Jan  6 2017 10:49:43
LogInit: Compiled with Visual C++: 19.00.23026.00
LogInit: Build Configuration: Development
LogInit: Branch Name: ++UE4+Release-4.14
LogInit: Command line:  
LogInit: Base directory: C:/Program Files/Epic Games/4.14/Engine/Binaries/Win64/
LogInit: Installed Engine Build: 1
LogInit: Presizing for max 8388607 objects, including 0 objects not considered by GC, pre-allocating 0 bytes for permanent pool.
LogInit: Object subsystem initialized
[2017.03.09-07.18.28:371][  0]LogInit: Selected Device Profile: [Windows]
[2017.03.09-07.18.28:371][  0]LogInit: Applying CVar settings loaded from the selected device profile: [Windows]
[2017.03.09-07.18.28:381][  0]LogInit: Computer: eae-d-109
[2017.03.09-07.18.28:381][  0]LogInit: User: u1068959
[2017.03.09-07.18.28:381][  0]LogInit: CPU Page size=65536, Cores=4
[2017.03.09-07.18.28:381][  0]LogInit: High frequency timer resolution =3.320317 MHz
[2017.03.09-07.18.28:381][  0]LogMemory: Memory total: Physical=31.9GB (32GB approx)
[2017.03.09-07.18.28:381][  0]LogMemory: Platform Memory Stats for Windows
[2017.03.09-07.18.28:381][  0]LogMemory: Process Physical Memory: 269.74 MB used, 269.74 MB peak
[2017.03.09-07.18.28:381][  0]LogMemory: Process Virtual Memory: 266.15 MB used, 266.15 MB peak
[2017.03.09-07.18.28:381][  0]LogMemory: Physical Memory: 8367.46 MB used,  24338.25 MB free, 32705.71 MB total
[2017.03.09-07.18.28:381][  0]LogMemory: Virtual Memory: 713.55 MB used,  24338.25 MB free, 134217728.00 MB total
[2017.03.09-07.18.28:404][  0]LogTextLocalizationManager: No specific translations for ('en-US') exist, so ('en') translations will be used.
[2017.03.09-07.18.28:956][  0]LogD3D11RHI: D3D11 adapters:
[2017.03.09-07.18.28:985][  0]LogD3D11RHI:    0. 'NVIDIA GeForce GTX 1070' (Feature Level 11_0)
[2017.03.09-07.18.28:985][  0]LogD3D11RHI:       8145/0/16352 MB DedicatedVideo/DedicatedSystem/SharedSystem, Outputs:2, VendorId:0x10de
[2017.03.09-07.18.28:986][  0]LogD3D11RHI:    1. 'Microsoft Basic Render Driver' (Feature Level 11_0)
[2017.03.09-07.18.28:986][  0]LogD3D11RHI:       0/0/16352 MB DedicatedVideo/DedicatedSystem/SharedSystem, Outputs:0, VendorId:0x1414
[2017.03.09-07.18.28:986][  0]LogD3D11RHI: Chosen D3D11 Adapter: 0
[2017.03.09-07.18.28:993][  0]LogD3D11RHI: Creating new Direct3DDevice
[2017.03.09-07.18.28:993][  0]LogD3D11RHI:     GPU DeviceId: 0x1b81 (for the marketing name, search the web for "GPU Device Id")
[2017.03.09-07.18.28:993][  0]LogWindows: EnumDisplayDevices:
[2017.03.09-07.18.28:993][  0]LogWindows:    0. 'NVIDIA GeForce GTX 1070' (P:0 D:1)
[2017.03.09-07.18.28:993][  0]LogWindows:    1. 'NVIDIA GeForce GTX 1070' (P:1 D:1)
[2017.03.09-07.18.28:993][  0]LogWindows:    2. 'NVIDIA GeForce GTX 1070' (P:0 D:0)
[2017.03.09-07.18.28:994][  0]LogWindows:    3. 'NVIDIA GeForce GTX 1070' (P:0 D:0)
[2017.03.09-07.18.28:994][  0]LogWindows: DebugString: FoundDriverCount:4 
[2017.03.09-07.18.28:994][  0]LogD3D11RHI:     Adapter Name: NVIDIA GeForce GTX 1070
[2017.03.09-07.18.28:994][  0]LogD3D11RHI:   Driver Version: 376.53 (internal:21.21.13.7653, unified:376.53)
[2017.03.09-07.18.28:994][  0]LogD3D11RHI:      Driver Date: 12-29-2016
[2017.03.09-07.18.28:994][  0]LogRHI: Texture pool is 1361 MB (70% of 1945 MB)
[2017.03.09-07.18.29:006][  0]LogD3D11RHI: Async texture creation enabled
[2017.03.09-07.18.29:016][  0]LogD3D11RHI: GPU Timing Frequency: 1000.000000 (Debug: 2 1)
[2017.03.09-07.18.29:017][  0]LogShaderCompilers: Guid format shader working directory is -31 characters bigger than the processId version (../../../../../../Users/u1068959/Documents/Unreal Projects/VirtualWorldScroller/Intermediate/Shaders/WorkingDirectory/36752/).
[2017.03.09-07.18.29:017][  0]LogShaderCompilers: Cleaned the shader compiler working directory 'C:/Users/u1068959/AppData/Local/Temp/UnrealShaderWorkingDir/FB74E9AD4EE9030932EE24A6E32D039D/'.
[2017.03.09-07.18.29:017][  0]LogShaderCompilers:Display: Using Local Shader Compiler.
[2017.03.09-07.18.29:935][  0]LogTemp:Display: Loaded TP AllDesktopTargetPlatform
[2017.03.09-07.18.29:982][  0]LogTemp:Display: Loaded TP MacClientTargetPlatform
[2017.03.09-07.18.30:028][  0]LogTemp:Display: Loaded TP MacNoEditorTargetPlatform
[2017.03.09-07.18.30:075][  0]LogTemp:Display: Loaded TP MacServerTargetPlatform
[2017.03.09-07.18.30:122][  0]LogTemp:Display: Loaded TP MacTargetPlatform
[2017.03.09-07.18.30:168][  0]LogTemp:Display: Loaded TP WindowsClientTargetPlatform
[2017.03.09-07.18.30:215][  0]LogTemp:Display: Loaded TP WindowsNoEditorTargetPlatform
[2017.03.09-07.18.30:262][  0]LogTemp:Display: Loaded TP WindowsServerTargetPlatform
[2017.03.09-07.18.30:299][  0]LogTemp:Display: Loaded TP WindowsTargetPlatform
[2017.03.09-07.18.30:345][  0]LogTemp:Display: Loaded TP AndroidTargetPlatform
[2017.03.09-07.18.30:394][  0]LogTemp:Display: Loaded TP Android_ASTCTargetPlatform
[2017.03.09-07.18.30:440][  0]LogTemp:Display: Loaded TP Android_ATCTargetPlatform
[2017.03.09-07.18.30:486][  0]LogTemp:Display: Loaded TP Android_DXTTargetPlatform
[2017.03.09-07.18.30:531][  0]LogTemp:Display: Loaded TP Android_ETC1TargetPlatform
[2017.03.09-07.18.30:576][  0]LogTemp:Display: Loaded TP Android_ETC2TargetPlatform
[2017.03.09-07.18.30:666][  0]LogTemp:Display: Loaded TP Android_MultiTargetPlatform
[2017.03.09-07.18.30:666][  0]LogTemp:Display: Loaded TP Android_PVRTCTargetPlatform
[2017.03.09-07.18.30:697][  0]LogTemp:Display: Loaded TP HTML5TargetPlatform
[2017.03.09-07.18.30:772][  0]LogTemp:Display: Loaded TP IOSTargetPlatform
[2017.03.09-07.18.30:801][  0]LogTemp:Display: Loaded TP TVOSTargetPlatform
[2017.03.09-07.18.30:847][  0]LogTemp:Display: Loaded TP LinuxClientTargetPlatform
[2017.03.09-07.18.30:895][  0]LogTemp:Display: Loaded TP LinuxNoEditorTargetPlatform
[2017.03.09-07.18.30:940][  0]LogTemp:Display: Loaded TP LinuxServerTargetPlatform
[2017.03.09-07.18.30:986][  0]LogTemp:Display: Loaded TP LinuxTargetPlatform
[2017.03.09-07.18.30:986][  0]LogTargetPlatformManager:Display: Building Assets For Windows
[2017.03.09-07.18.31:315][  0]LogDerivedDataCache:Display: Max Cache Size: 512 MB
[2017.03.09-07.18.31:360][  0]LogDerivedDataCache: Loaded boot cache 0.04s 50MB C:/Users/u1068959/AppData/Local/UnrealEngine/4.14/DerivedDataCache/Boot.ddc.
[2017.03.09-07.18.31:360][  0]LogDerivedDataCache:Display: Loaded Boot cache: C:/Users/u1068959/AppData/Local/UnrealEngine/4.14/DerivedDataCache/Boot.ddc
[2017.03.09-07.18.31:360][  0]LogDerivedDataCache: FDerivedDataBackendGraph:  Pak pak cache file ../../../../../../Users/u1068959/Documents/Unreal Projects/VirtualWorldScroller/DerivedDataCache/DDC.ddp not found, will not use a pak cache.
[2017.03.09-07.18.31:360][  0]LogDerivedDataCache: Unable to find inner node Pak for hierarchical cache Hierarchy.
[2017.03.09-07.18.31:360][  0]LogDerivedDataCache: FDerivedDataBackendGraph:  CompressedPak pak cache file ../../../../../../Users/u1068959/Documents/Unreal Projects/VirtualWorldScroller/DerivedDataCache/Compressed.ddp not found, will not use a pak cache.
[2017.03.09-07.18.31:360][  0]LogDerivedDataCache: Unable to find inner node CompressedPak for hierarchical cache Hierarchy.
[2017.03.09-07.18.31:375][  0]LogDerivedDataCache:Display: Pak cache opened for reading ../../../Engine/DerivedDataCache/Compressed.ddp.
[2017.03.09-07.18.31:387][  0]LogDerivedDataCache: Using Local data cache path C:/Users/u1068959/AppData/Local/UnrealEngine/Common/DerivedDataCache: Writable
[2017.03.09-07.18.31:558][  0]LogInit: Selected Device Profile: [Windows]
[2017.03.09-07.18.31:561][  0]LogContentStreaming: Texture pool size is 0.00 MB
[2017.03.09-07.18.31:730][  0]LogMeshUtilities: Using QuadricMeshReduction for automatic static mesh reduction
[2017.03.09-07.18.31:766][  0]LogSimplygon: Simplygon DLL not present - disabling.
[2017.03.09-07.18.31:805][  0]LogMeshUtilities: Using SimplygonSwarm for distributed automatic mesh merging
[2017.03.09-07.18.31:805][  0]LogMeshUtilities: No automatic skeletal mesh reduction module available
[2017.03.09-07.18.31:805][  0]LogMeshUtilities: No automatic mesh merging module available
[2017.03.09-07.18.32:227][  0]LogNetVersion: GetLocalNetworkVersion: CL: 3195953, ProjectName: virtualworldscroller, ProjectVersion: , EngineNetworkVersion: 2, GameNetworkVersion: 0, NetworkChecksum: 3652782691
[2017.03.09-07.18.32:279][  0]LogAssetRegistry: FAssetRegistry took 0.0223 seconds to start up
[2017.03.09-07.18.32:323][  0]LogPackageLocalizationCache: Processed 3 localized package path(s) for 2 prioritized culture(s) in 0.025039 seconds
[2017.03.09-07.18.32:328][  0]LogUObjectArray: 31946 objects as part of root set at end of initial load.
[2017.03.09-07.18.32:328][  0]LogUObjectAllocator: 6935840 out of 0 bytes used by permanent object pool.
[2017.03.09-07.18.32:328][  0]LogUObjectArray: CloseDisregardForGC: 0/0 objects in disregard for GC pool
[2017.03.09-07.18.32:380][  0]LogInit: WinSock: version 1.1 (2.2), MaxSocks=32767, MaxUdp=65467
[2017.03.09-07.18.33:044][  0]LogSlate: Using Freetype 2.6.0
[2017.03.09-07.18.33:045][  0]LogSlate: SlateFontCache - WITH_FREETYPE: 1, WITH_HARFBUZZ: 1
[2017.03.09-07.18.33:045][  0]LogSlate: SlateFontCache - WITH_FREETYPE: 1, WITH_HARFBUZZ: 1
[2017.03.09-07.18.33:763][  0]LogSubstanceCoreModule: Substance [CPU] Engine Loaded, Max Texture Size = 2048
[2017.03.09-07.18.33:787][  0]LogTcpMessaging: Initializing TcpMessaging bridge
[2017.03.09-07.18.33:824][  0]LogUdpMessaging: Initializing bridge on interface 0.0.0.0:0 to multicast group 230.0.0.1:6666.
[2017.03.09-07.18.34:085][  0]LogMaterial: Uniform references updated for custom material expression Custom.
[2017.03.09-07.18.34:401][  0]SourceControl: Info Source control is disabled
[2017.03.09-07.18.34:433][  0]SourceControl: Info Source control is disabled
[2017.03.09-07.18.34:473][  0]SourceControl: Info Source control is disabled
[2017.03.09-07.18.34:511][  0]SourceControl: Info Source control is disabled
[2017.03.09-07.18.35:611][  0]LogEngine: Initializing Engine...
[2017.03.09-07.18.35:611][  0]LogHMD: Oculus plugin initialized. Version: 4.14.3-3249277+++UE4+Release-4.14, LibOVR: 1.12.0, SDK: 1.8.0, built Jan  6 2017, 10:50:26
[2017.03.09-07.18.35:806][  0]LogAIModule: Creating AISystem for world Untitled
[2017.03.09-07.18.35:818][  0]LogInit: XAudio2 using 'DELL UZ2315H-C (NVIDIA High Definition Audio)' : 2 channels at 48 kHz using 16 bits per sample (channel mask 0x3)
[2017.03.09-07.18.35:830][  0]LogInit: FAudioDevice initialized.
[2017.03.09-07.18.35:854][  0]LogDerivedDataCache: Saved boot cache 0.02s 50MB C:/Users/u1068959/AppData/Local/UnrealEngine/4.14/DerivedDataCache/Boot.ddc.
[2017.03.09-07.18.35:862][  0]LogInit: Texture streaming: Enabled
[2017.03.09-07.18.36:018][  0]LogInit: Transaction tracking system initialized
[2017.03.09-07.18.36:305][  0]BlueprintLog: New page: Editor Load
[2017.03.09-07.18.37:033][  0]LocalizationService: Info Localization service is disabled
[2017.03.09-07.18.37:564][  0]LogConsoleResponse:Display: 
[2017.03.09-07.18.37:675][  0]LogCook:Display: Max memory allowance for cook 16384mb min free memory 0mb
[2017.03.09-07.18.37:675][  0]LogCook:Display: Mobile HDR setting 1
[2017.03.09-07.18.38:102][  0]LogFileCache: Scanning file cache for directory 'C:/Users/u1068959/Documents/Unreal Projects/VirtualWorldScroller/Content/' took 0.02s
[2017.03.09-07.18.38:475][  0]SourceControl: Info Source control is disabled
[2017.03.09-07.18.38:475][  0]Cmd: MAP LOAD FILE="../../../../../../Users/u1068959/Documents/Unreal Projects/VirtualWorldScroller/Content/Map/Main.umap" TEMPLATE=0 SHOWPROGRESS=1 FEATURELEVEL=3
[2017.03.09-07.18.38:475][  0]LightingResults: New page: Lighting Build
[2017.03.09-07.18.38:509][  0]MapCheck: New page: Map Check
[2017.03.09-07.18.38:509][  0]LightingResults: New page: Lighting Build
[2017.03.09-07.18.38:557][  0]LogAIModule: Creating AISystem for world Main
[2017.03.09-07.18.38:559][  0]LogPhysics:Warning: AddBoxesToRigidActor: [/Script/Engine.Default__TriggerBox:CollisionComp] BoxElems[0] invalid or has invalid transform
[2017.03.09-07.18.38:561][  0]LogEditorServer: Finished looking for orphan Actors (0.000 secs)
[2017.03.09-07.18.38:561][  0]Cmd: MAP CHECKDEP NOCLEARLOG
[2017.03.09-07.18.38:594][  0]MapCheck: Info Map check complete: 0 Error(s), 0 Warning(s), took 32.72ms to complete.
[2017.03.09-07.18.38:594][  0]LogFileHelpers: Loading map 'Main' took 0.120
[2017.03.09-07.18.38:650][  0]LogWindowsTextInputMethodSystem:Display: IME system now deactivated.
[2017.03.09-07.18.38:718][  0]LogCollectionManager: Loaded 0 collections in 0.002076 seconds
[2017.03.09-07.18.38:790][  0]LogFileCache: Scanning file cache for directory 'C:/Users/u1068959/Documents/Unreal Projects/VirtualWorldScroller/Saved/Collections/' took 0.01s
[2017.03.09-07.18.38:790][  0]LogFileCache: Scanning file cache for directory 'C:/Users/u1068959/Documents/Unreal Projects/VirtualWorldScroller/Content/Developers/u1068959/Collections/' took 0.01s
[2017.03.09-07.18.38:790][  0]LogFileCache: Scanning file cache for directory 'C:/Users/u1068959/Documents/Unreal Projects/VirtualWorldScroller/Content/Collections/' took 0.01s
[2017.03.09-07.18.38:790][  0]LogCollectionManager: Rebuilt the GUID cache for 0 collections in 0.000001 seconds
[2017.03.09-07.18.38:798][  0]LogContentBrowser: Native class hierarchy populated in 0.0076 seconds. Added 2204 classes and 434 folders.
[2017.03.09-07.18.38:832][  0]LogStats: UGameplayTagsManager::ConstructGameplayTagTree: Construct from data asset -  0.000 s
[2017.03.09-07.18.38:832][  0]LogStats: UGameplayTagsManager::ConstructGameplayTagTree: GameplayTagTreeChangedEvent.Broadcast -  0.000 s
[2017.03.09-07.18.38:833][  0]LogContentBrowser: Native class hierarchy updated for 'GameplayTags' in 0.0005 seconds. Added 13 classes and 0 folders.
[2017.03.09-07.18.38:883][  0]LogContentBrowser: Native class hierarchy updated for 'WidgetCarousel' in 0.0004 seconds. Added 0 classes and 0 folders.
[2017.03.09-07.18.38:920][  0]LogContentBrowser: Native class hierarchy updated for 'AddContentDialog' in 0.0004 seconds. Added 0 classes and 0 folders.
[2017.03.09-07.18.38:956][  0]LogContentBrowser: Native class hierarchy updated for 'SceneOutliner' in 0.0004 seconds. Added 1 classes and 2 folders.
[2017.03.09-07.18.38:989][  0]LogCrashTracker: Crashtracker disabled due to settings.
[2017.03.09-07.18.38:994][  0]LogUObjectGlobals:Warning: Failed to find object 'Class None.'
[2017.03.09-07.18.39:052][  0]LogContentBrowser: Native class hierarchy updated for 'HierarchicalLODOutliner' in 0.0004 seconds. Added 1 classes and 2 folders.
[2017.03.09-07.18.39:052][  0]LogLoad: (Engine Initialization) Total time: 12.49 seconds
[2017.03.09-07.18.39:052][  0]LogLoad: (Engine Initialization) Total Blueprint compile time: 0.05 seconds
[2017.03.09-07.18.39:052][  0]LogExternalProfiler: Found external profiler: VSPerf
[2017.03.09-07.18.39:052][  0]LogExternalProfiler: Using external profiler: VSPerf
[2017.03.09-07.18.39:061][  0]LogOcInput: OculusInput pre-init called
[2017.03.09-07.18.39:072][  0]LogOcInput: OculusInput is initialized. Init status 0. Runtime version: 1.12.0
[2017.03.09-07.18.39:090][  0]LogContentStreaming: Texture pool size now 1000 MB
[2017.03.09-07.18.39:223][  0]LogRenderer: Reallocating scene render targets to support 1208x588 NumSamples 1 (Frame:2).
[2017.03.09-07.18.39:273][  1]LogAssetRegistry: Asset discovery search completed in 7.0166 seconds
[2017.03.09-07.18.39:273][  1]LogCollectionManager: Rebuilt the object cache for 0 collections in 0.000000 seconds (found 0 objects)
[2017.03.09-07.18.39:273][  1]LogCollectionManager: Fixed up redirectors for 0 collections in 0.000015 seconds (updated 0 objects)
[2017.03.09-07.18.50:362][328]LogEditorViewport: Clicking on Actor (LMB): PaperSpriteActor (rotating-wall_Sprite)
[2017.03.09-07.19.06:001][122]LogContentBrowser: Native class hierarchy updated for 'BlueprintGraph' in 0.0008 seconds. Added 111 classes and 0 folders.
[2017.03.09-07.19.06:634][122]LogRenderer: Reallocating scene render targets to support 1208x900 NumSamples 1 (Frame:3128).
[2017.03.09-07.29.10:142][216]BlueprintLog: New page: Compile rotating-wall_Sprite_Blueprint
[2017.03.09-07.29.10:151][216]LogBlueprint:Error: [Compiler rotating-wall_Sprite_Blueprint] Error This blueprint (self) is not a AIController, therefore ' Controller ' must have a connection.
[2017.03.09-07.29.10:419][216]BlueprintEditorCompileResults:Error: Error This blueprint (self) is not a AIController, therefore ' Controller ' must have a connection.
[2017.03.09-07.29.10:420][216]LogBlueprint:Warning: [Compiler rotating-wall_Sprite_Blueprint] Warning [0643.87] Compile of rotating-wall_Sprite_Blueprint failed. 1 Fatal Issue(s) 0 Warning(s) [in 278 ms] (/Game/rotating-wall_Sprite_Blueprint.rotating-wall_Sprite_Blueprint)
[2017.03.09-07.29.29:167][ 55]BlueprintLog: New page: Compile rotating-wall_Sprite_Blueprint
[2017.03.09-07.29.29:175][ 55]LogBlueprint:Error: [Compiler rotating-wall_Sprite_Blueprint] Error This blueprint (self) is not a AIController, therefore ' Controller ' must have a connection.
[2017.03.09-07.29.29:314][ 55]BlueprintEditorCompileResults:Error: Error This blueprint (self) is not a AIController, therefore ' Controller ' must have a connection.
[2017.03.09-07.29.29:314][ 55]LogBlueprint:Warning: [Compiler rotating-wall_Sprite_Blueprint] Warning [0662.76] Compile of rotating-wall_Sprite_Blueprint failed. 1 Fatal Issue(s) 0 Warning(s) [in 146 ms] (/Game/rotating-wall_Sprite_Blueprint.rotating-wall_Sprite_Blueprint)
[2017.03.09-07.30.01:381][ 54]LogSavePackage: Save=71.09ms
[2017.03.09-07.30.01:381][ 54]LogSavePackage: Moving '../../../../../../Users/u1068959/Documents/Unreal Projects/VirtualWorldScroller/Saved/Main_Auto1314F67644648BBCFFD92539AA7A72807.tmp' to '../../../../../../Users/u1068959/Documents/Unreal Projects/VirtualWorldScroller/Saved/Autosaves/Game/Map/Main_Auto1.umap'
[2017.03.09-07.30.01:382][ 54]LogSavePackage:Display: Finished SavePackage ../../../../../../Users/u1068959/Documents/Unreal Projects/VirtualWorldScroller/Saved/Autosaves/Game/Map/Main_Auto1.umap
[2017.03.09-07.30.01:386][ 54]LogFileHelpers: Editor autosave (incl. sublevels) for '/Game/Map/Main' took 0.097
[2017.03.09-07.30.01:386][ 54]LogFileHelpers: Editor autosave (incl. sublevels) for all levels took 0.097
[2017.03.09-07.30.01:391][ 54]OBJ SavePackage: Generating thumbnails for [0] asset(s) in package [/Game/rotating-wall_Sprite_Blueprint] ([1] browsable assets)...
[2017.03.09-07.30.01:391][ 54]OBJ SavePackage: Finished generating thumbnails for package [/Game/rotating-wall_Sprite_Blueprint]
[2017.03.09-07.30.01:403][ 54]LogSavePackage: Save=10.75ms
[2017.03.09-07.30.01:403][ 54]LogSavePackage: Moving '../../../../../../Users/u1068959/Documents/Unreal Projects/VirtualWorldScroller/Saved/rotating-wall_Sprite_Blueprint_Auto1C3A7232A4233200DDB44A1A8ECC4EA40.tmp' to '../../../../../../Users/u1068959/Documents/Unreal Projects/VirtualWorldScroller/Saved/Autosaves/Game/rotating-wall_Sprite_Blueprint_Auto1.uasset'
[2017.03.09-07.30.01:404][ 54]LogSavePackage:Display: Finished SavePackage ../../../../../../Users/u1068959/Documents/Unreal Projects/VirtualWorldScroller/Saved/Autosaves/Game/rotating-wall_Sprite_Blueprint_Auto1.uasset
[2017.03.09-07.30.01:404][ 54]LogFileHelpers: Auto-saving content packages took 0.014
[2017.03.09-07.39.31:732][748]LogSavePackage: Save=12.17ms
[2017.03.09-07.39.31:732][748]LogSavePackage: Moving '../../../../../../Users/u1068959/Documents/Unreal Projects/VirtualWorldScroller/Saved/rotating-wall_Sprite_BlueprintD8CA85A44959EEDD7429EA93857702E4.tmp' to '../../../../../../Users/u1068959/Documents/Unreal Projects/VirtualWorldScroller/Content/rotating-wall_Sprite_Blueprint.uasset'
[2017.03.09-07.39.31:737][748]LogSavePackage:Display: Finished SavePackage ../../../../../../Users/u1068959/Documents/Unreal Projects/VirtualWorldScroller/Content/rotating-wall_Sprite_Blueprint.uasset
[2017.03.09-07.41.11:678][322]LogFileHelpers: Editor autosave (incl. sublevels) for '/Game/Map/Main' took 0.015
[2017.03.09-07.41.11:679][322]OBJ SavePackage: Generating thumbnails for [0] asset(s) in package [/Game/rotating-wall_Sprite_Blueprint] ([1] browsable assets)...
[2017.03.09-07.41.11:679][322]OBJ SavePackage: Finished generating thumbnails for package [/Game/rotating-wall_Sprite_Blueprint]
[2017.03.09-07.41.11:698][322]LogSavePackage: Save=10.83ms
[2017.03.09-07.41.11:698][322]LogSavePackage: Moving '../../../../../../Users/u1068959/Documents/Unreal Projects/VirtualWorldScroller/Saved/rotating-wall_Sprite_Blueprint_Auto27D2BAE3E4DB77A7D00B0CCA663AF1644.tmp' to '../../../../../../Users/u1068959/Documents/Unreal Projects/VirtualWorldScroller/Saved/Autosaves/Game/rotating-wall_Sprite_Blueprint_Auto2.uasset'
[2017.03.09-07.41.11:700][322]LogSavePackage:Display: Finished SavePackage ../../../../../../Users/u1068959/Documents/Unreal Projects/VirtualWorldScroller/Saved/Autosaves/Game/rotating-wall_Sprite_Blueprint_Auto2.uasset
[2017.03.09-07.41.11:700][322]LogFileHelpers: Auto-saving content packages took 0.021
[2017.03.09-07.41.49:017][611]BlueprintLog: New page: Compile rotating-wall_Sprite_Blueprint
[2017.03.09-07.41.49:022][611]LogBlueprint:Error: [Compiler rotating-wall_Sprite_Blueprint] Error This blueprint (self) is not a Pawn, therefore ' self ' must have a connection.
[2017.03.09-07.41.49:164][611]BlueprintEditorCompileResults:Error: Error This blueprint (self) is not a Pawn, therefore ' self ' must have a connection.
[2017.03.09-07.41.49:164][611]LogBlueprint:Warning: [Compiler rotating-wall_Sprite_Blueprint] Warning [1402.62] Compile of rotating-wall_Sprite_Blueprint failed. 1 Fatal Issue(s) 0 Warning(s) [in 146 ms] (/Game/rotating-wall_Sprite_Blueprint.rotating-wall_Sprite_Blueprint)
[2017.03.09-07.42.27:755][315]BlueprintLog: New page: Compile rotating-wall_Sprite_Blueprint
[2017.03.09-07.42.27:760][315]LogBlueprint:Error: [Compiler rotating-wall_Sprite_Blueprint] Error This blueprint (self) is not a PawnActionsComponent, therefore ' self ' must have a connection.
[2017.03.09-07.42.27:760][315]LogBlueprint:Error: [Compiler rotating-wall_Sprite_Blueprint] Error Variable node  K2Node_VariableGet_0  uses an invalid target.  It may depend on a node that is not connected to the execution chain, and got purged.
[2017.03.09-07.42.27:902][315]BlueprintEditorCompileResults:Error: Error This blueprint (self) is not a PawnActionsComponent, therefore ' self ' must have a connection.
[2017.03.09-07.42.27:902][315]BlueprintEditorCompileResults:Error: Error Variable node  K2Node_VariableGet_0  uses an invalid target.  It may depend on a node that is not connected to the execution chain, and got purged.
[2017.03.09-07.42.27:902][315]LogBlueprint:Warning: [Compiler rotating-wall_Sprite_Blueprint] Warning [1441.36] Compile of rotating-wall_Sprite_Blueprint failed. 2 Fatal Issue(s) 0 Warning(s) [in 146 ms] (/Game/rotating-wall_Sprite_Blueprint.rotating-wall_Sprite_Blueprint)
[2017.03.09-07.43.12:951][330]BlueprintLog: New page: Compile rotating-wall_Sprite_Blueprint
[2017.03.09-07.43.12:957][330]LogBlueprint:Error: [Compiler rotating-wall_Sprite_Blueprint] Error This blueprint (self) is not a Pawn, therefore ' self ' must have a connection.
[2017.03.09-07.43.13:100][330]BlueprintEditorCompileResults:Error: Error This blueprint (self) is not a Pawn, therefore ' self ' must have a connection.
[2017.03.09-07.43.13:100][330]LogBlueprint:Warning: [Compiler rotating-wall_Sprite_Blueprint] Warning [1486.55] Compile of rotating-wall_Sprite_Blueprint failed. 1 Fatal Issue(s) 0 Warning(s) [in 148 ms] (/Game/rotating-wall_Sprite_Blueprint.rotating-wall_Sprite_Blueprint)
[2017.03.09-07.47.56:020][153]LogTemp: Repeting last play command: Selected Viewport
[2017.03.09-07.47.56:037][153]LogBlueprintUserMessages: Early PlayInEditor Detection: Level '/Game/Map/Main.Main:PersistentLevel' has LevelScriptBlueprint '/Game/Map/Main.Main:PersistentLevel.Main' with GeneratedClass '/Game/Map/Main.Main_C' with ClassGeneratedBy '/Game/Map/Main.Main:PersistentLevel.Main'
[2017.03.09-07.47.56:037][153]BlueprintLog: New page: Pre-Play auto-recompile
[2017.03.09-07.47.56:037][153]LogPlayLevel: [PlayLevel] Compiling rotating-wall_Sprite_Blueprint before play...
[2017.03.09-07.47.56:116][153]LogPlayLevel: PlayLevel: Blueprint regeneration took 79 ms (1 blueprints)
[2017.03.09-07.47.56:117][153]PIE: New page: PIE session: Main (Mar 8, 2017, 5:47:56 PM)
[2017.03.09-07.47.56:117][153]LogPlayLevel: Creating play world package: /Game/Map/UEDPIE_0_Main
[2017.03.09-07.47.56:118][153]LogPlayLevel: PIE: StaticDuplicateObject took: (0.001318s)
[2017.03.09-07.47.56:119][153]LogAIModule: Creating AISystem for world Main
[2017.03.09-07.47.56:119][153]LogPlayLevel: PIE: World Init took: (0.000420s)
[2017.03.09-07.47.56:119][153]LogPlayLevel: PIE: Created PIE world by copying editor world from /Game/Map/Main.Main to /Game/Map/UEDPIE_0_Main.Main (0.001911s)
[2017.03.09-07.47.56:138][153]LogInit: XAudio2 using 'DELL UZ2315H-C (NVIDIA High Definition Audio)' : 2 channels at 48 kHz using 16 bits per sample (channel mask 0x3)
[2017.03.09-07.47.56:143][153]LogInit: FAudioDevice initialized.
[2017.03.09-07.47.56:233][153]LogLoad: Game class is 'GameController_BP_C'
[2017.03.09-07.47.56:236][153]LogPhysics:Warning: AddBoxesToRigidActor: [/Script/Engine.Default__TriggerBox:CollisionComp] BoxElems[0] invalid or has invalid transform
[2017.03.09-07.47.56:236][153]LogWorld: Bringing World /Game/Map/UEDPIE_0_Main.Main up for play (max tick rate 0) at 2017.03.09-00.47.56
[2017.03.09-07.47.56:237][153]LogWorld: Bringing up level for play took: 0.002690
[2017.03.09-07.47.56:274][153]LogContentBrowser: Native class hierarchy updated for 'MovieSceneCapture' in 0.0005 seconds. Added 11 classes and 0 folders.
[2017.03.09-07.47.56:275][153]PIE: Info Play in editor start time for /Game/Map/UEDPIE_0_Main -0.546
[2017.03.09-07.47.56:275][153]LogBlueprintUserMessages: Late PlayInEditor Detection: Level '/Game/Map/Main.Main:PersistentLevel' has LevelScriptBlueprint '/Game/Map/Main.Main:PersistentLevel.Main' with GeneratedClass '/Game/Map/Main.Main_C' with ClassGeneratedBy '/Game/Map/Main.Main:PersistentLevel.Main'
[2017.03.09-07.47.58:148][375]LogBlueprintUserMessages: [Enemy_43] Hello
[2017.03.09-07.47.59:682][559]LogNet: Browse: /Game/Map/Main
[2017.03.09-07.47.59:682][559]LogLoadingSplash: Loading begins
[2017.03.09-07.47.59:682][559]LogHMD: FOculusRiftSplash::PushBlackFrame
[2017.03.09-07.47.59:682][559]LogHMD: FOculusRiftSplash::Show
[2017.03.09-07.47.59:682][559]LogLoad: LoadMap: /Game/Map/Main
[2017.03.09-07.47.59:696][559]Cmd: MEM
[2017.03.09-07.47.59:707][559]LogMemory: Platform Memory Stats for Windows
[2017.03.09-07.47.59:707][559]LogMemory: Process Physical Memory: 1746.07 MB used, 1752.68 MB peak
[2017.03.09-07.47.59:707][559]LogMemory: Process Virtual Memory: 2209.87 MB used, 2317.14 MB peak
[2017.03.09-07.47.59:707][559]LogMemory: Physical Memory: 9801.47 MB used,  22904.25 MB free, 32705.71 MB total
[2017.03.09-07.47.59:707][559]LogMemory: Virtual Memory: 3068.27 MB used,  22904.25 MB free, 134217728.00 MB total
[2017.03.09-07.47.59:707][559]LogMemory: 
[2017.03.09-07.47.59:707][559]Allocator Stats for TBB: (not implemented)
[2017.03.09-07.47.59:707][559]LogPlayLevel: Creating play world package: /Game/Map/UEDPIE_0_Main
[2017.03.09-07.47.59:709][559]LogPlayLevel: PIE: StaticDuplicateObject took: (0.001110s)
[2017.03.09-07.47.59:709][559]LogAIModule: Creating AISystem for world Main
[2017.03.09-07.47.59:709][559]LogPlayLevel: PIE: World Init took: (0.000416s)
[2017.03.09-07.47.59:709][559]LogPlayLevel: PIE: Created PIE world by copying editor world from /Game/Map/Main.Main to /Game/Map/UEDPIE_0_Main.Main (0.001706s)
[2017.03.09-07.47.59:709][559]LogLoad: Game class is 'GameController_BP_C'
[2017.03.09-07.47.59:712][559]LogPhysics:Warning: AddBoxesToRigidActor: [/Script/Engine.Default__TriggerBox:CollisionComp] BoxElems[0] invalid or has invalid transform
[2017.03.09-07.47.59:712][559]LogWorld: Bringing World /Game/Map/UEDPIE_0_Main.Main up for play (max tick rate 0) at 2017.03.09-00.47.59
[2017.03.09-07.47.59:713][559]LogWorld: Bringing up level for play took: 0.002679
[2017.03.09-07.47.59:714][559]LogLoadingSplash: Loading ends
[2017.03.09-07.47.59:714][559]LogHMD: FOculusRiftSplash::Hide
[2017.03.09-07.47.59:714][559]LogHMD: FOculusRiftSplash::PushBlackFrame
[2017.03.09-07.47.59:714][559]LogLoad: Took 0.032351 seconds to LoadMap(/Game/Map/UEDPIE_0_Main)
[2017.03.09-07.48.14:234][301]LogBlueprintUserMessages: [Enemy4] Hello
[2017.03.09-07.48.15:259][424]LogBlueprintUserMessages: Early EndPlayMap Detection: Level '/Game/Map/Main.Main:PersistentLevel' has LevelScriptBlueprint '/Game/Map/Main.Main:PersistentLevel.Main' with GeneratedClass '/Game/Map/Main.Main_C' with ClassGeneratedBy '/Game/Map/Main.Main:PersistentLevel.Main'
[2017.03.09-07.48.15:302][424]LogBlueprintUserMessages: Late EndPlayMap Detection: Level '/Game/Map/Main.Main:PersistentLevel' has LevelScriptBlueprint '/Game/Map/Main.Main:PersistentLevel.Main' with GeneratedClass '/Game/Map/Main.Main_C' with ClassGeneratedBy '/Game/Map/Main.Main:PersistentLevel.Main'
[2017.03.09-07.48.18:346][655]Cmd: OBJ SAVEPACKAGE PACKAGE="/Game/Map/Main" FILE="../../../../../../Users/u1068959/Documents/Unreal Projects/VirtualWorldScroller/Content/Map/Main.umap" SILENT=true AUTOSAVING=false KEEPDIRTY=false
[2017.03.09-07.48.18:434][655]LogSavePackage: Save=68.00ms
[2017.03.09-07.48.18:434][655]LogSavePackage: Moving '../../../../../../Users/u1068959/Documents/Unreal Projects/VirtualWorldScroller/Saved/MainFD2F4F7041C65737FF33249D864DECD3.tmp' to '../../../../../../Users/u1068959/Documents/Unreal Projects/VirtualWorldScroller/Content/Map/Main.umap'
[2017.03.09-07.48.18:439][655]LogSavePackage:Display: Finished SavePackage ../../../../../../Users/u1068959/Documents/Unreal Projects/VirtualWorldScroller/Content/Map/Main.umap
[2017.03.09-07.48.18:462][655]LogFileHelpers: Saving map 'Main' took 0.155
[2017.03.09-07.48.18:484][655]LogSavePackage: Save=11.05ms
[2017.03.09-07.48.18:484][655]LogSavePackage: Moving '../../../../../../Users/u1068959/Documents/Unreal Projects/VirtualWorldScroller/Saved/rotating-wall_Sprite_BlueprintE4E25948467097EC666520AF3B3D369B.tmp' to '../../../../../../Users/u1068959/Documents/Unreal Projects/VirtualWorldScroller/Content/rotating-wall_Sprite_Blueprint.uasset'
[2017.03.09-07.48.18:488][655]LogSavePackage:Display: Finished SavePackage ../../../../../../Users/u1068959/Documents/Unreal Projects/VirtualWorldScroller/Content/rotating-wall_Sprite_Blueprint.uasset
[2017.03.09-07.48.18:554][655]LogWindowsTextInputMethodSystem:Display: IME system now deactivated.
[2017.03.09-07.48.18:724][656]Cmd: QUIT_EDITOR
[2017.03.09-07.48.19:696][656]LogExit: Preparing to exit.
[2017.03.09-07.48.20:557][656]LogDirectoryWatcher: A directory notification for 'C:/Users/u1068959/Documents/Unreal Projects/VirtualWorldScroller/Content/' was aborted.
[2017.03.09-07.48.20:582][656]LogExit: Editor shut down
[2017.03.09-07.48.20:582][656]LogExit: Transaction tracking system shut down
[2017.03.09-07.48.20:659][656]LogObj: Freed 0b from 0 cluster array pools.
[2017.03.09-07.48.20:659][656]LogExit: Object subsystem successfully closed.
[2017.03.09-07.48.20:669][656]LogD3D11RHI: Shutdown
[2017.03.09-07.48.20:669][656]LogD3D11RHI: CleanupD3DDevice
[2017.03.09-07.48.20:715][656]LogD3D11RHI: ~FD3D11DynamicRHI
[2017.03.09-07.48.20:726][656]LogHttp:Display: Http module shutting down, but needs to wait on 1 outstanding Http requests:
[2017.03.09-07.48.20:726][656]LogHttp:Display: 	verb=[POST] url=[https://datarouter.ol.epicgames.com/datarouter/api/v1/public/data?SessionID=%7B985600D9-4958-3F28-79F1-D38322942188%7D&AppID=UEEditor.Rocket.Release&AppVersion=4.14.3-3249277%2B%2B%2BUE4%2BRelease-4.14&UserID=f9b1af9f478eb14021a4ffbc3af19e35%7C212d209d3ab64bde90ec43b8f786d5e0%7Ca2d5175b-7a00-4542-ac8c-c7c1e33da56a&AppEnvironment=datacollector-binary&UploadType=eteventstream] status=Processing
[2017.03.09-07.48.20:733][656]LogModuleManager: Shutting down and abandoning module MovieSceneCapture (246)
[2017.03.09-07.48.20:733][656]LogModuleManager: Shutting down and abandoning module BlueprintGraph (245)
[2017.03.09-07.48.20:733][656]LogModuleManager: Shutting down and abandoning module BlueprintProfiler (244)
[2017.03.09-07.48.20:733][656]LogModuleManager: Shutting down and abandoning module HierarchicalLODOutliner (243)
[2017.03.09-07.48.20:733][656]LogModuleManager: Shutting down and abandoning module CrashTracker (242)
[2017.03.09-07.48.20:733][656]LogModuleManager: Shutting down and abandoning module SceneOutliner (241)
[2017.03.09-07.48.20:733][656]LogModuleManager: Shutting down and abandoning module WidgetCarousel (240)
[2017.03.09-07.48.20:733][656]LogModuleManager: Shutting down and abandoning module AddContentDialog (239)
[2017.03.09-07.48.20:733][656]LogDirectoryWatcher: A directory notification for 'C:/Program Files/Epic Games/4.14/FeaturePacks/' was aborted.
[2017.03.09-07.48.20:733][656]LogModuleManager: Shutting down and abandoning module GameplayTags (238)
[2017.03.09-07.48.20:733][656]LogModuleManager: Shutting down and abandoning module EditorWidgets (237)
[2017.03.09-07.48.20:733][656]LogModuleManager: Shutting down and abandoning module CollectionManager (236)
[2017.03.09-07.48.20:733][656]LogDirectoryWatcher: A directory notification for 'C:/Users/u1068959/Documents/Unreal Projects/VirtualWorldScroller/Content/Collections/' was aborted.
[2017.03.09-07.48.20:733][656]LogDirectoryWatcher: A directory notification for 'C:/Users/u1068959/Documents/Unreal Projects/VirtualWorldScroller/Content/Developers/u1068959/Collections/' was aborted.
[2017.03.09-07.48.20:734][656]LogDirectoryWatcher: A directory notification for 'C:/Users/u1068959/Documents/Unreal Projects/VirtualWorldScroller/Saved/Collections/' was aborted.
[2017.03.09-07.48.20:734][656]LogModuleManager: Shutting down and abandoning module StatsViewer (235)
[2017.03.09-07.48.20:734][656]LogModuleManager: Shutting down and abandoning module FoliageEdit (234)
[2017.03.09-07.48.20:734][656]LogModuleManager: Shutting down and abandoning module LandscapeEditor (233)
[2017.03.09-07.48.20:734][656]LogModuleManager: Shutting down and abandoning module SceneDepthPickerMode (232)
[2017.03.09-07.48.20:734][656]LogModuleManager: Shutting down and abandoning module ActorPickerMode (231)
[2017.03.09-07.48.20:734][656]LogModuleManager: Shutting down and abandoning module GeometryMode (230)
[2017.03.09-07.48.20:734][656]LogModuleManager: Shutting down and abandoning module TextureAlignMode (229)
[2017.03.09-07.48.20:734][656]LogModuleManager: Shutting down and abandoning module BspMode (228)
[2017.03.09-07.48.20:734][656]LogModuleManager: Shutting down and abandoning module HardwareSurvey (227)
[2017.03.09-07.48.20:734][656]LogModuleManager: Shutting down and abandoning module SequenceRecorderSections (226)
[2017.03.09-07.48.20:734][656]LogModuleManager: Shutting down and abandoning module AutomationWorker (225)
[2017.03.09-07.48.20:734][656]LogModuleManager: Shutting down and abandoning module MatineeToLevelSequence (224)
[2017.03.09-07.48.20:734][656]LogModuleManager: Shutting down and abandoning module PlacementMode (223)
[2017.03.09-07.48.20:734][656]LogModuleManager: Shutting down and abandoning module LevelSequenceEditor (222)
[2017.03.09-07.48.20:734][656]LogModuleManager: Shutting down and abandoning module WmfMediaFactory (221)
[2017.03.09-07.48.20:734][656]LogModuleManager: Shutting down and abandoning module WmfMediaEditor (220)
[2017.03.09-07.48.20:734][656]LogModuleManager: Shutting down and abandoning module AvfMediaFactory (219)
[2017.03.09-07.48.20:734][656]LogModuleManager: Shutting down and abandoning module AvfMediaEditor (218)
[2017.03.09-07.48.20:734][656]LogModuleManager: Shutting down and abandoning module Media (217)
[2017.03.09-07.48.20:734][656]LogModuleManager: Shutting down and abandoning module AndroidMediaFactory (216)
[2017.03.09-07.48.20:734][656]LogModuleManager: Shutting down and abandoning module AndroidMediaEditor (215)
[2017.03.09-07.48.20:734][656]LogModuleManager: Shutting down and abandoning module CharacterAI (214)
[2017.03.09-07.48.20:734][656]LogModuleManager: Shutting down and abandoning module SequenceRecorder (213)
[2017.03.09-07.48.20:734][656]LogModuleManager: Shutting down and abandoning module AudioCapture (212)
[2017.03.09-07.48.20:734][656]LogModuleManager: Shutting down and abandoning module SmartSnapping (211)
[2017.03.09-07.48.20:734][656]LogModuleManager: Shutting down and abandoning module SessionServices (210)
[2017.03.09-07.48.20:734][656]LogModuleManager: Shutting down and abandoning module ViewportSnapping (209)
[2017.03.09-07.48.20:734][656]LogModuleManager: Shutting down and abandoning module ViewportInteraction (208)
[2017.03.09-07.48.20:734][656]LogModuleManager: Shutting down and abandoning module LogVisualizer (207)
[2017.03.09-07.48.20:734][656]LogModuleManager: Shutting down and abandoning module GameProjectGeneration (206)
[2017.03.09-07.48.20:734][656]LogModuleManager: Shutting down and abandoning module IntroTutorials (205)
[2017.03.09-07.48.20:734][656]LogModuleManager: Shutting down and abandoning module EditorLiveStreaming (204)
[2017.03.09-07.48.20:734][656]LogModuleManager: Shutting down and abandoning module IOSPlatformEditor (203)
[2017.03.09-07.48.20:734][656]LogModuleManager: Shutting down and abandoning module HTML5PlatformEditor (202)
[2017.03.09-07.48.20:734][656]LogModuleManager: Shutting down and abandoning module AndroidDeviceDetection (201)
[2017.03.09-07.48.20:968][656]LogModuleManager: Shutting down and abandoning module AndroidPlatformEditor (200)
[2017.03.09-07.48.20:968][656]LogModuleManager: Shutting down and abandoning module IOSRuntimeSettings (199)
[2017.03.09-07.48.20:968][656]LogModuleManager: Shutting down and abandoning module AndroidRuntimeSettings (198)
[2017.03.09-07.48.20:968][656]LogModuleManager: Shutting down and abandoning module InputBindingEditor (197)
[2017.03.09-07.48.20:968][656]LogModuleManager: Shutting down and abandoning module NiagaraEditor (196)
[2017.03.09-07.48.20:968][656]LogModuleManager: Shutting down and abandoning module MergeActors (195)
[2017.03.09-07.48.20:968][656]LogModuleManager: Shutting down and abandoning module SizeMap (194)
[2017.03.09-07.48.20:968][656]LogModuleManager: Shutting down and abandoning module TreeMap (193)
[2017.03.09-07.48.20:968][656]LogModuleManager: Shutting down and abandoning module ReferenceViewer (192)
[2017.03.09-07.48.20:968][656]LogModuleManager: Shutting down and abandoning module LocalizationService (191)
[2017.03.09-07.48.20:969][656]LogModuleManager: Shutting down and abandoning module LocalizationDashboard (190)
[2017.03.09-07.48.20:969][656]LogModuleManager: Shutting down and abandoning module HardwareTargeting (189)
[2017.03.09-07.48.20:969][656]LogModuleManager: Shutting down and abandoning module DeviceProfileEditor (188)
[2017.03.09-07.48.20:969][656]LogModuleManager: Shutting down and abandoning module UndoHistory (187)
[2017.03.09-07.48.20:969][656]LogModuleManager: Shutting down and abandoning module UserFeedback (186)
[2017.03.09-07.48.20:969][656]LogModuleManager: Shutting down and abandoning module XmlParser (185)
[2017.03.09-07.48.20:969][656]LogModuleManager: Shutting down and abandoning module Blutility (184)
[2017.03.09-07.48.20:969][656]LogModuleManager: Shutting down and abandoning module ProjectTargetPlatformEditor (183)
[2017.03.09-07.48.20:969][656]LogModuleManager: Shutting down and abandoning module ProjectSettingsViewer (182)
[2017.03.09-07.48.20:969][656]LogModuleManager: Shutting down and abandoning module EditorSettingsViewer (181)
[2017.03.09-07.48.20:969][656]LogModuleManager: Shutting down and abandoning module SettingsEditor (180)
[2017.03.09-07.48.20:969][656]LogModuleManager: Shutting down and abandoning module ProjectLauncher (179)
[2017.03.09-07.48.20:969][656]LogModuleManager: Shutting down and abandoning module SessionFrontend (178)
[2017.03.09-07.48.20:969][656]LogModuleManager: Shutting down and abandoning module ProfilerClient (177)
[2017.03.09-07.48.20:969][656]LogModuleManager: Shutting down and abandoning module TargetDeviceServices (176)
[2017.03.09-07.48.20:969][656]LogModuleManager: Shutting down and abandoning module DeviceManager (175)
[2017.03.09-07.48.21:024][656]LogModuleManager: Shutting down and abandoning module AutomationController (174)
[2017.03.09-07.48.21:024][656]LogModuleManager: Shutting down and abandoning module AutomationWindow (173)
[2017.03.09-07.48.21:024][656]LogModuleManager: Shutting down and abandoning module Layers (172)
[2017.03.09-07.48.21:024][656]LogModuleManager: Shutting down and abandoning module ComponentVisualizers (171)
[2017.03.09-07.48.21:024][656]LogModuleManager: Shutting down and abandoning module DetailCustomizations (170)
[2017.03.09-07.48.21:024][656]LogModuleManager: Shutting down and abandoning module PackagesDialog (169)
[2017.03.09-07.48.21:024][656]LogModuleManager: Shutting down and abandoning module AnimGraph (168)
[2017.03.09-07.48.21:024][656]LogModuleManager: Shutting down and abandoning module Persona (167)
[2017.03.09-07.48.21:024][656]LogModuleManager: Shutting down and abandoning module Kismet (166)
[2017.03.09-07.48.21:029][656]LogModuleManager: Shutting down and abandoning module GraphEditor (165)
[2017.03.09-07.48.21:029][656]LogModuleManager: Shutting down and abandoning module ClassViewer (164)
[2017.03.09-07.48.21:029][656]LogModuleManager: Shutting down and abandoning module Toolbox (163)
[2017.03.09-07.48.21:029][656]LogModuleManager: Shutting down and abandoning module ModuleUI (162)
[2017.03.09-07.48.21:029][656]LogModuleManager: Shutting down and abandoning module MovieSceneTools (161)
[2017.03.09-07.48.21:029][656]LogModuleManager: Shutting down and abandoning module OutputLog (160)
[2017.03.09-07.48.21:029][656]LogModuleManager: Shutting down and abandoning module GammaUI (159)
[2017.03.09-07.48.21:029][656]LogModuleManager: Shutting down and abandoning module Documentation (158)
[2017.03.09-07.48.21:029][656]LogModuleManager: Shutting down and abandoning module Niagara (157)
[2017.03.09-07.48.21:029][656]LogModuleManager: Shutting down and abandoning module StreamingPauseRendering (156)
[2017.03.09-07.48.21:029][656]LogModuleManager: Shutting down and abandoning module AnalyticsET (155)
[2017.03.09-07.48.21:029][656]LogModuleManager: Shutting down and abandoning module PortalServices (154)
[2017.03.09-07.48.21:029][656]LogModuleManager: Shutting down and abandoning module PortalRpc (153)
[2017.03.09-07.48.21:029][656]LogModuleManager: Shutting down and abandoning module MessagingRpc (152)
[2017.03.09-07.48.21:029][656]LogModuleManager: Shutting down and abandoning module GameplayDebugger (151)
[2017.03.09-07.48.21:029][656]LogModuleManager: Shutting down and abandoning module AITestSuite (150)
[2017.03.09-07.48.21:029][656]LogModuleManager: Shutting down and abandoning module AIModule (149)
[2017.03.09-07.48.21:029][656]LogModuleManager: Shutting down and abandoning module ProfilerService (148)
[2017.03.09-07.48.21:094][656]LogModuleManager: Shutting down and abandoning module TaskGraph (147)
[2017.03.09-07.48.21:094][656]LogModuleManager: Shutting down and abandoning module SubstanceEditor (146)
[2017.03.09-07.48.21:094][656]LogModuleManager: Shutting down and abandoning module SlateRemote (145)
[2017.03.09-07.48.21:094][656]LogModuleManager: Shutting down and abandoning module SteamVRController (144)
[2017.03.09-07.48.21:094][656]LogModuleManager: Shutting down and abandoning module SteamVR (143)
[2017.03.09-07.48.21:094][656]LogModuleManager: Shutting down and abandoning module ProceduralMeshComponentEditor (142)
[2017.03.09-07.48.21:094][656]LogModuleManager: Shutting down and abandoning module ProceduralMeshComponent (141)
[2017.03.09-07.48.21:094][656]LogModuleManager: Shutting down and abandoning module OculusLibrary (140)
[2017.03.09-07.48.21:094][656]LogModuleManager: Shutting down and abandoning module OculusInput (139)
[2017.03.09-07.48.21:094][656]LogModuleManager: Shutting down and abandoning module MobilePatchingUtils (138)
[2017.03.09-07.48.21:094][656]LogModuleManager: Shutting down and abandoning module CustomMeshComponent (137)
[2017.03.09-07.48.21:094][656]LogModuleManager: Shutting down and abandoning module CableComponent (136)
[2017.03.09-07.48.21:094][656]LogModuleManager: Shutting down and abandoning module ArchVisCharacter (135)
[2017.03.09-07.48.21:094][656]LogModuleManager: Shutting down and abandoning module MediaPlayerEditor (133)
[2017.03.09-07.48.21:094][656]LogModuleManager: Shutting down and abandoning module HTML5Networking (132)
[2017.03.09-07.48.21:094][656]LogModuleManager: Shutting down and abandoning module GeometryCacheEd (131)
[2017.03.09-07.48.21:094][656]LogModuleManager: Shutting down and abandoning module GeometryCache (130)
[2017.03.09-07.48.21:094][656]LogModuleManager: Shutting down and abandoning module AlembicLibrary (129)
[2017.03.09-07.48.21:094][656]LogModuleManager: Shutting down and abandoning module AlembicImporter (128)
[2017.03.09-07.48.21:094][656]LogModuleManager: Shutting down and abandoning module SuperSearch (127)
[2017.03.09-07.48.21:094][656]LogModuleManager: Shutting down and abandoning module SuperSearchEditor (126)
[2017.03.09-07.48.21:094][656]LogModuleManager: Shutting down and abandoning module SpeedTreeImporter (125)
[2017.03.09-07.48.21:094][656]LogModuleManager: Shutting down and abandoning module PluginBrowser (124)
[2017.03.09-07.48.21:094][656]LogModuleManager: Shutting down and abandoning module MobileLauncherProfileWizard (123)
[2017.03.09-07.48.21:094][656]LogModuleManager: Shutting down and abandoning module EpicSurvey (122)
[2017.03.09-07.48.21:095][656]LogModuleManager: Shutting down and abandoning module DesktopPlatform (121)
[2017.03.09-07.48.21:095][656]LogModuleManager: Shutting down and abandoning module VisualStudioSourceCodeAccess (120)
[2017.03.09-07.48.21:095][656]LogModuleManager: Shutting down and abandoning module UObjectPlugin (119)
[2017.03.09-07.48.21:095][656]LogModuleManager: Shutting down and abandoning module SubversionSourceControl (118)
[2017.03.09-07.48.21:095][656]LogModuleManager: Shutting down and abandoning module PerforceSourceControl (117)
[2017.03.09-07.48.21:095][656]LogModuleManager: Shutting down and abandoning module SourceControl (116)
[2017.03.09-07.48.21:095][656]LogModuleManager: Shutting down and abandoning module GitSourceControl (115)
[2017.03.09-07.48.21:095][656]LogModuleManager: Shutting down and abandoning module LightPropagationVolumeEditor (114)
[2017.03.09-07.48.21:095][656]LogModuleManager: Shutting down and abandoning module PaperTiledImporter (113)
[2017.03.09-07.48.21:095][656]LogModuleManager: Shutting down and abandoning module PaperSpriteSheetImporter (112)
[2017.03.09-07.48.21:095][656]LogModuleManager: Shutting down and abandoning module MeshPaint (111)
[2017.03.09-07.48.21:095][656]LogModuleManager: Shutting down and abandoning module PixelInspectorModule (110)
[2017.03.09-07.48.21:095][656]LogModuleManager: Shutting down and abandoning module HotReload (109)
[2017.03.09-07.48.21:095][656]LogModuleManager: Shutting down and abandoning module MainFrame (108)
[2017.03.09-07.48.21:095][656]LogModuleManager: Shutting down and abandoning module LevelEditor (107)
[2017.03.09-07.48.21:096][656]LogModuleManager: Shutting down and abandoning module ContentBrowser (106)
[2017.03.09-07.48.21:096][656]LogModuleManager: Shutting down and abandoning module Paper2DEditor (105)
[2017.03.09-07.48.21:096][656]LogModuleManager: Shutting down and abandoning module UdpMessaging (104)
[2017.03.09-07.48.21:197][656]LogModuleManager: Shutting down and abandoning module TcpMessaging (103)
[2017.03.09-07.48.21:425][656]LogModuleManager: Shutting down and abandoning module SubstanceCore (102)
[2017.03.09-07.48.21:425][656]LogModuleManager: Shutting down and abandoning module LightPropagationVolumeRuntime (101)
[2017.03.09-07.48.21:425][656]LogModuleManager: Shutting down and abandoning module Paper2D (100)
[2017.03.09-07.48.21:425][656]LogModuleManager: Shutting down and abandoning module WindowsMoviePlayer (99)
[2017.03.09-07.48.21:425][656]LogModuleManager: Shutting down and abandoning module WmfMedia (98)
[2017.03.09-07.48.21:426][656]LogModuleManager: Shutting down and abandoning module MediaAssets (97)
[2017.03.09-07.48.21:426][656]LogModuleManager: Shutting down and abandoning module GameLiveStreaming (96)
[2017.03.09-07.48.21:426][656]LogModuleManager: Shutting down and abandoning module GameplayTagsEditor (95)
[2017.03.09-07.48.21:426][656]LogModuleManager: Shutting down and abandoning module VREditor (94)
[2017.03.09-07.48.21:426][656]LogModuleManager: Shutting down and abandoning module GameplayTasksEditor (93)
[2017.03.09-07.48.21:426][656]LogModuleManager: Shutting down and abandoning module BehaviorTreeEditor (92)
[2017.03.09-07.48.21:426][656]LogModuleManager: Shutting down and abandoning module FunctionalTesting (91)
[2017.03.09-07.48.21:426][656]LogModuleManager: Shutting down and abandoning module CollisionAnalyzer (90)
[2017.03.09-07.48.21:426][656]LogModuleManager: Shutting down and abandoning module Sequencer (89)
[2017.03.09-07.48.21:426][656]LogModuleManager: Shutting down and abandoning module WorkspaceMenuStructure (88)
[2017.03.09-07.48.21:426][656]LogModuleManager: Shutting down and abandoning module MessageLog (87)
[2017.03.09-07.48.21:426][656]LogModuleManager: Shutting down and abandoning module AssetTools (86)
[2017.03.09-07.48.21:426][656]LogModuleManager: Shutting down and abandoning module UMGEditor (85)
[2017.03.09-07.48.21:426][656]LogModuleManager: Shutting down and abandoning module UMG (84)
[2017.03.09-07.48.21:426][656]LogModuleManager: Shutting down and abandoning module SlateReflector (83)
[2017.03.09-07.48.21:426][656]LogModuleManager: Shutting down and abandoning module Slate (82)
[2017.03.09-07.48.21:426][656]LogModuleManager: Shutting down and abandoning module EditorStyle (81)
[2017.03.09-07.48.21:428][656]LogModuleManager: Shutting down and abandoning module SourceCodeAccess (80)
[2017.03.09-07.48.21:428][656]LogModuleManager: Shutting down and abandoning module HeadMountedDisplay (79)
[2017.03.09-07.48.21:428][656]LogModuleManager: Shutting down and abandoning module XAudio2 (78)
[2017.03.09-07.48.21:428][656]LogModuleManager: Shutting down and abandoning module Networking (76)
[2017.03.09-07.48.21:428][656]LogModuleManager: Shutting down and abandoning module Core (75)
[2017.03.09-07.48.21:428][656]LogModuleManager: Shutting down and abandoning module DirectoryWatcher (74)
[2017.03.09-07.48.21:428][656]LogDirectoryWatcher: A directory notification for '../../../Engine/Content/' was aborted.
[2017.03.09-07.48.21:428][656]LogDirectoryWatcher: A directory notification for '../../../../../../Users/u1068959/Documents/Unreal Projects/VirtualWorldScroller/Content/' was aborted.
[2017.03.09-07.48.21:428][656]LogDirectoryWatcher: A directory notification for '../../../Engine/Plugins/2D/Paper2D/Content/' was aborted.
[2017.03.09-07.48.21:428][656]LogModuleManager: Shutting down and abandoning module AssetRegistry (73)
[2017.03.09-07.48.21:492][656]LogModuleManager: Shutting down and abandoning module KismetCompiler (72)
[2017.03.09-07.48.21:492][656]LogModuleManager: Shutting down and abandoning module PhysXFormats (71)
[2017.03.09-07.48.21:492][656]LogModuleManager: Shutting down and abandoning module SimplygonSwarm (70)
[2017.03.09-07.48.21:492][656]LogModuleManager: Shutting down and abandoning module SimplygonMeshReduction (69)
[2017.03.09-07.48.21:492][656]LogModuleManager: Shutting down and abandoning module QuadricMeshReduction (68)
[2017.03.09-07.48.21:492][656]LogModuleManager: Shutting down and abandoning module PropertyEditor (67)
[2017.03.09-07.48.21:492][656]LogModuleManager: Shutting down and abandoning module MeshUtilities (66)
[2017.03.09-07.48.21:492][656]LogModuleManager: Shutting down and abandoning module DerivedDataCache (65)
[2017.03.09-07.48.21:590][656]LogDerivedDataCache: Shutdown
[2017.03.09-07.48.21:591][656]LogModuleManager: Shutting down and abandoning module VulkanShaderFormat (64)
[2017.03.09-07.48.21:591][656]LogModuleManager: Shutting down and abandoning module ShaderFormatOpenGL (63)
[2017.03.09-07.48.21:591][656]LogModuleManager: Shutting down and abandoning module ShaderFormatD3D (62)
[2017.03.09-07.48.21:591][656]LogModuleManager: Shutting down and abandoning module MetalShaderFormat (61)
[2017.03.09-07.48.21:591][656]LogModuleManager: Shutting down and abandoning module TextureFormatUncompressed (60)
[2017.03.09-07.48.21:591][656]LogModuleManager: Shutting down and abandoning module TextureFormatPVR (59)
[2017.03.09-07.48.21:591][656]LogModuleManager: Shutting down and abandoning module TextureFormatDXT (58)
[2017.03.09-07.48.21:591][656]LogModuleManager: Shutting down and abandoning module TextureFormatIntelISPCTexComp (57)
[2017.03.09-07.48.21:591][656]LogModuleManager: Shutting down and abandoning module ImageWrapper (56)
[2017.03.09-07.48.21:591][656]LogModuleManager: Shutting down and abandoning module TextureFormatASTC (55)
[2017.03.09-07.48.21:591][656]LogModuleManager: Shutting down and abandoning module TextureFormatAndroid (54)
[2017.03.09-07.48.21:591][656]LogModuleManager: Shutting down and abandoning module AudioFormatOpus (53)
[2017.03.09-07.48.21:591][656]LogModuleManager: Shutting down and abandoning module AudioFormatOgg (52)
[2017.03.09-07.48.21:591][656]LogModuleManager: Shutting down and abandoning module AudioFormatADPCM (51)
[2017.03.09-07.48.21:591][656]LogModuleManager: Shutting down and abandoning module LinuxTargetPlatform (50)
[2017.03.09-07.48.21:591][656]LogModuleManager: Shutting down and abandoning module LinuxServerTargetPlatform (49)
[2017.03.09-07.48.21:591][656]LogModuleManager: Shutting down and abandoning module LinuxNoEditorTargetPlatform (48)
[2017.03.09-07.48.21:591][656]LogModuleManager: Shutting down and abandoning module LinuxClientTargetPlatform (47)
[2017.03.09-07.48.21:591][656]LogModuleManager: Shutting down and abandoning module TVOSTargetPlatform (46)
[2017.03.09-07.48.21:591][656]LogModuleManager: Shutting down and abandoning module Messaging (45)
[2017.03.09-07.48.21:591][656]LogModuleManager: Shutting down and abandoning module IOSTargetPlatform (44)
[2017.03.09-07.48.21:591][656]LogModuleManager: Shutting down and abandoning module HTML5TargetPlatform (43)
[2017.03.09-07.48.21:591][656]LogModuleManager: Shutting down and abandoning module Android_PVRTCTargetPlatform (42)
[2017.03.09-07.48.21:591][656]LogModuleManager: Shutting down and abandoning module Android_MultiTargetPlatform (41)
[2017.03.09-07.48.21:591][656]LogModuleManager: Shutting down and abandoning module Android_ETC2TargetPlatform (40)
[2017.03.09-07.48.21:591][656]LogModuleManager: Shutting down and abandoning module Android_ETC1TargetPlatform (39)
[2017.03.09-07.48.21:591][656]LogModuleManager: Shutting down and abandoning module Android_DXTTargetPlatform (38)
[2017.03.09-07.48.21:591][656]LogModuleManager: Shutting down and abandoning module Android_ATCTargetPlatform (37)
[2017.03.09-07.48.21:591][656]LogModuleManager: Shutting down and abandoning module Android_ASTCTargetPlatform (36)
[2017.03.09-07.48.21:591][656]LogModuleManager: Shutting down and abandoning module AndroidTargetPlatform (35)
[2017.03.09-07.48.21:591][656]LogModuleManager: Shutting down and abandoning module WindowsTargetPlatform (34)
[2017.03.09-07.48.21:591][656]LogModuleManager: Shutting down and abandoning module WindowsServerTargetPlatform (33)
[2017.03.09-07.48.21:591][656]LogModuleManager: Shutting down and abandoning module WindowsNoEditorTargetPlatform (32)
[2017.03.09-07.48.21:591][656]LogModuleManager: Shutting down and abandoning module WindowsClientTargetPlatform (31)
[2017.03.09-07.48.21:591][656]LogModuleManager: Shutting down and abandoning module MacTargetPlatform (30)
[2017.03.09-07.48.21:591][656]LogModuleManager: Shutting down and abandoning module MacServerTargetPlatform (29)
[2017.03.09-07.48.21:591][656]LogModuleManager: Shutting down and abandoning module MacNoEditorTargetPlatform (28)
[2017.03.09-07.48.21:591][656]LogModuleManager: Shutting down and abandoning module MacClientTargetPlatform (27)
[2017.03.09-07.48.21:591][656]LogModuleManager: Shutting down and abandoning module AllDesktopTargetPlatform (26)
[2017.03.09-07.48.21:591][656]LogModuleManager: Shutting down and abandoning module TargetPlatform (25)
[2017.03.09-07.48.21:591][656]LogModuleManager: Shutting down and abandoning module InputCore (24)
[2017.03.09-07.48.21:591][656]LogModuleManager: Shutting down and abandoning module Settings (23)
[2017.03.09-07.48.21:591][656]LogModuleManager: Shutting down and abandoning module OculusRift (22)
[2017.03.09-07.48.21:592][656]LogHMD: Oculus shutdown.
[2017.03.09-07.48.21:592][656]LogModuleManager: Shutting down and abandoning module ExampleDeviceProfileSelector (21)
[2017.03.09-07.48.21:592][656]LogModuleManager: Shutting down and abandoning module OnlineBlueprintSupport (20)
[2017.03.09-07.48.21:592][656]LogModuleManager: Shutting down and abandoning module OnlineSubsystem (18)
[2017.03.09-07.48.21:592][656]LogOnline:Display: Unloading online subsystem: NULL
[2017.03.09-07.48.21:592][656]LogModuleManager: Shutting down and abandoning module SSL (17)
[2017.03.09-07.48.21:593][656]LogModuleManager: Shutting down and abandoning module HTTP (16)
[2017.03.09-07.48.21:593][656]LogModuleManager: Shutting down and abandoning module XMPP (15)
[2017.03.09-07.48.21:593][656]LogModuleManager: Shutting down and abandoning module TextureCompressor (14)
[2017.03.09-07.48.21:593][656]LogModuleManager: Shutting down and abandoning module ShaderCore (13)
[2017.03.09-07.48.21:593][656]LogModuleManager: Shutting down and abandoning module Landscape (12)
[2017.03.09-07.48.21:593][656]LogModuleManager: Shutting down and abandoning module SlateRHIRenderer (11)
[2017.03.09-07.48.21:594][656]LogModuleManager: Shutting down and abandoning module OpenGLDrv (10)
[2017.03.09-07.48.21:594][656]LogModuleManager: Shutting down and abandoning module D3D11RHI (9)
[2017.03.09-07.48.21:594][656]LogModuleManager: Shutting down and abandoning module AnimGraphRuntime (8)
[2017.03.09-07.48.21:594][656]LogModuleManager: Shutting down and abandoning module Renderer (7)
[2017.03.09-07.48.21:594][656]LogModuleManager: Shutting down and abandoning module Engine (6)
[2017.03.09-07.48.21:594][656]LogModuleManager: Shutting down and abandoning module CoreUObject (5)
[2017.03.09-07.48.21:594][656]LogModuleManager: Shutting down and abandoning module NetworkFile (4)
[2017.03.09-07.48.21:594][656]LogModuleManager: Shutting down and abandoning module StreamingFile (3)
[2017.03.09-07.48.21:594][656]LogModuleManager: Shutting down and abandoning module SandboxFile (2)
[2017.03.09-07.48.21:594][656]LogModuleManager: Shutting down and abandoning module PakFile (1)
[2017.03.09-07.48.21:596][656]LogExit: Exiting.
[2017.03.09-07.48.21:597][656]Log file closed, 03/09/17 00:48:21
