Log file open, 03/22/17 01:03:58
LogInit:Display: Running engine for game: VirtualWorldScroller
LogPlatformFile: Not using cached read wrapper
LogInit:Display: RandInit(-1190791860) SRandInit(-1190791860).
LogTaskGraph: Started task graph with 5 named threads and 8 total threads with 1 sets of task threads.
LogStats: Stats thread started at 0.086304
LogPluginManager: Loaded Plugin Paper2D, From C:/Program Files/Epic Games/UE_4.14/Engine/Plugins/2D/Paper2D/Paper2D.uplugin
LogPluginManager: Loaded Plugin LightPropagationVolume, From C:/Program Files/Epic Games/UE_4.14/Engine/Plugins/Blendables/LightPropagationVolume/LightPropagationVolume.uplugin
LogPluginManager: Loaded Plugin BlankPlugin, From C:/Program Files/Epic Games/UE_4.14/Engine/Plugins/Developer/BlankPlugin/BlankPlugin.uplugin
LogPluginManager: Loaded Plugin CodeLiteSourceCodeAccess, From C:/Program Files/Epic Games/UE_4.14/Engine/Plugins/Developer/CodeLiteSourceCodeAccess/CodeLiteSourceCodeAccess.uplugin
LogPluginManager: Loaded Plugin GitSourceControl, From C:/Program Files/Epic Games/UE_4.14/Engine/Plugins/Developer/GitSourceControl/GitSourceControl.uplugin
LogPluginManager: Loaded Plugin KDevelopSourceCodeAccess, From C:/Program Files/Epic Games/UE_4.14/Engine/Plugins/Developer/KDevelopSourceCodeAccess/KDevelopSourceCodeAccess.uplugin
LogPluginManager: Loaded Plugin NullSourceCodeAccess, From C:/Program Files/Epic Games/UE_4.14/Engine/Plugins/Developer/NullSourceCodeAccess/NullSourceCodeAccess.uplugin
LogPluginManager: Loaded Plugin OneSkyLocalizationService, From C:/Program Files/Epic Games/UE_4.14/Engine/Plugins/Developer/OneSkyLocalizationService/OneSkyLocalizationService.uplugin
LogPluginManager: Loaded Plugin PerforceSourceControl, From C:/Program Files/Epic Games/UE_4.14/Engine/Plugins/Developer/PerforceSourceControl/PerforceSourceControl.uplugin
LogPluginManager: Loaded Plugin SubversionSourceControl, From C:/Program Files/Epic Games/UE_4.14/Engine/Plugins/Developer/SubversionSourceControl/SubversionSourceControl.uplugin
LogPluginManager: Loaded Plugin UObjectPlugin, From C:/Program Files/Epic Games/UE_4.14/Engine/Plugins/Developer/UObjectPlugin/UObjectPlugin.uplugin
LogPluginManager: Loaded Plugin VisualStudioSourceCodeAccess, From C:/Program Files/Epic Games/UE_4.14/Engine/Plugins/Developer/VisualStudioSourceCodeAccess/VisualStudioSourceCodeAccess.uplugin
LogPluginManager: Loaded Plugin XCodeSourceCodeAccess, From C:/Program Files/Epic Games/UE_4.14/Engine/Plugins/Developer/XCodeSourceCodeAccess/XCodeSourceCodeAccess.uplugin
LogPluginManager: Loaded Plugin AudioCapture, From C:/Program Files/Epic Games/UE_4.14/Engine/Plugins/Editor/AudioCapture/AudioCapture.uplugin
LogPluginManager: Loaded Plugin EpicSurvey, From C:/Program Files/Epic Games/UE_4.14/Engine/Plugins/Editor/EpicSurvey/EpicSurvey.uplugin
LogPluginManager: Loaded Plugin MacGraphicsSwitching, From C:/Program Files/Epic Games/UE_4.14/Engine/Plugins/Editor/MacGraphicsSwitching/MacGraphicsSwitching.uplugin
LogPluginManager: Loaded Plugin MobileLauncherProfileWizard, From C:/Program Files/Epic Games/UE_4.14/Engine/Plugins/Editor/MobileLauncherProfileWizard/MobileLauncherProfileWizard.uplugin
LogPluginManager: Loaded Plugin PluginBrowser, From C:/Program Files/Epic Games/UE_4.14/Engine/Plugins/Editor/PluginBrowser/PluginBrowser.uplugin
LogPluginManager: Loaded Plugin SpeedTreeImporter, From C:/Program Files/Epic Games/UE_4.14/Engine/Plugins/Editor/SpeedTreeImporter/SpeedTreeImporter.uplugin
LogPluginManager: Loaded Plugin SuperSearchEditor, From C:/Program Files/Epic Games/UE_4.14/Engine/Plugins/Editor/SuperSearchEditor/SuperSearchEditor.uplugin
LogPluginManager: Loaded Plugin AlembicImporter, From C:/Program Files/Epic Games/UE_4.14/Engine/Plugins/Experimental/AlembicImporter/AlembicImporter.uplugin
LogPluginManager: Loaded Plugin BlueprintStats, From C:/Program Files/Epic Games/UE_4.14/Engine/Plugins/Experimental/BlueprintStats/BlueprintStats.uplugin
LogPluginManager: Loaded Plugin CharacterAI, From C:/Program Files/Epic Games/UE_4.14/Engine/Plugins/Experimental/CharacterAI/CharacterAI.uplugin
LogPluginManager: Loaded Plugin CodeEditor, From C:/Program Files/Epic Games/UE_4.14/Engine/Plugins/Experimental/CodeEditor/CodeEditor.uplugin
LogPluginManager: Loaded Plugin CodeView, From C:/Program Files/Epic Games/UE_4.14/Engine/Plugins/Experimental/CodeView/CodeView.uplugin
LogPluginManager: Loaded Plugin HTML5Networking, From C:/Program Files/Epic Games/UE_4.14/Engine/Plugins/Experimental/HTML5Networking/HTML5Networking.uplugin
LogPluginManager: Loaded Plugin OSVR, From C:/Program Files/Epic Games/UE_4.14/Engine/Plugins/Experimental/OSVR/OSVR.uplugin
LogPluginManager: Loaded Plugin Phya, From C:/Program Files/Epic Games/UE_4.14/Engine/Plugins/Experimental/Phya/Phya.uplugin
LogPluginManager: Loaded Plugin SignificanceManager, From C:/Program Files/Epic Games/UE_4.14/Engine/Plugins/Experimental/SignificanceManager/SignificanceManager.uplugin
LogPluginManager: Loaded Plugin SimpleHMD, From C:/Program Files/Epic Games/UE_4.14/Engine/Plugins/Experimental/SimpleHMD/SimpleHMD.uplugin
LogPluginManager: Loaded Plugin StereoPanorama, From C:/Program Files/Epic Games/UE_4.14/Engine/Plugins/Experimental/StereoPanorama/StereoPanorama.uplugin
LogPluginManager: Loaded Plugin StructBox, From C:/Program Files/Epic Games/UE_4.14/Engine/Plugins/Experimental/StructBox/StructBox.uplugin
LogPluginManager: Loaded Plugin Substance, From C:/Program Files/Epic Games/UE_4.14/Engine/Plugins/Marketplace/Substance/Substance.uplugin
LogPluginManager: Loaded Plugin AndroidMedia, From C:/Program Files/Epic Games/UE_4.14/Engine/Plugins/Media/AndroidMedia/AndroidMedia.uplugin
LogPluginManager: Loaded Plugin AvfMedia, From C:/Program Files/Epic Games/UE_4.14/Engine/Plugins/Media/AvfMedia/AvfMedia.uplugin
LogPluginManager: Loaded Plugin MediaPlayerEditor, From C:/Program Files/Epic Games/UE_4.14/Engine/Plugins/Media/MediaPlayerEditor/MediaPlayerEditor.uplugin
LogPluginManager: Loaded Plugin WmfMedia, From C:/Program Files/Epic Games/UE_4.14/Engine/Plugins/Media/WmfMedia/WmfMedia.uplugin
LogPluginManager: Loaded Plugin MessagingDebugger, From C:/Program Files/Epic Games/UE_4.14/Engine/Plugins/Messaging/MessagingDebugger/MessagingDebugger.uplugin
LogPluginManager: Loaded Plugin TcpMessaging, From C:/Program Files/Epic Games/UE_4.14/Engine/Plugins/Messaging/TcpMessaging/TcpMessaging.uplugin
LogPluginManager: Loaded Plugin UdpMessaging, From C:/Program Files/Epic Games/UE_4.14/Engine/Plugins/Messaging/UdpMessaging/UdpMessaging.uplugin
LogPluginManager: Loaded Plugin LevelSequenceEditor, From C:/Program Files/Epic Games/UE_4.14/Engine/Plugins/MovieScene/LevelSequenceEditor/LevelSequenceEditor.uplugin
LogPluginManager: Loaded Plugin MatineeToLevelSequence, From C:/Program Files/Epic Games/UE_4.14/Engine/Plugins/MovieScene/MatineeToLevelSequence/MatineeToLevelSequence.uplugin
LogPluginManager: Loaded Plugin NetcodeUnitTest, From C:/Program Files/Epic Games/UE_4.14/Engine/Plugins/NetcodeUnitTest/NetcodeUnitTest/NetcodeUnitTest.uplugin
LogPluginManager: Loaded Plugin NUTUnrealEngine4, From C:/Program Files/Epic Games/UE_4.14/Engine/Plugins/NetcodeUnitTest/NUTUnrealEngine4/NUTUnrealEngine4.uplugin
LogPluginManager: Loaded Plugin OnlineSubsystemGameCircle, From C:/Program Files/Epic Games/UE_4.14/Engine/Plugins/Online/Android/OnlineSubsystemGameCircle/OnlineSubsystemGameCircle.uplugin
LogPluginManager: Loaded Plugin OnlineSubsystemGooglePlay, From C:/Program Files/Epic Games/UE_4.14/Engine/Plugins/Online/Android/OnlineSubsystemGooglePlay/OnlineSubsystemGooglePlay.uplugin
LogPluginManager: Loaded Plugin OnlineSubsystemIOS, From C:/Program Files/Epic Games/UE_4.14/Engine/Plugins/Online/IOS/OnlineSubsystemIOS/OnlineSubsystemIOS.uplugin
LogPluginManager: Loaded Plugin OnlineFramework, From C:/Program Files/Epic Games/UE_4.14/Engine/Plugins/Online/OnlineFramework/OnlineFramework.uplugin
LogPluginManager: Loaded Plugin OnlineSubsystem, From C:/Program Files/Epic Games/UE_4.14/Engine/Plugins/Online/OnlineSubsystem/OnlineSubsystem.uplugin
LogPluginManager: Loaded Plugin OnlineSubsystemAmazon, From C:/Program Files/Epic Games/UE_4.14/Engine/Plugins/Online/OnlineSubsystemAmazon/OnlineSubsystemAmazon.uplugin
LogPluginManager: Loaded Plugin OnlineSubsystemFacebook, From C:/Program Files/Epic Games/UE_4.14/Engine/Plugins/Online/OnlineSubsystemFacebook/OnlineSubsystemFacebook.uplugin
LogPluginManager: Loaded Plugin OnlineSubsystemNull, From C:/Program Files/Epic Games/UE_4.14/Engine/Plugins/Online/OnlineSubsystemNull/OnlineSubsystemNull.uplugin
LogPluginManager: Loaded Plugin OnlineSubsystemOculus, From C:/Program Files/Epic Games/UE_4.14/Engine/Plugins/Online/OnlineSubsystemOculus/OnlineSubsystemOculus.uplugin
LogPluginManager: Loaded Plugin OnlineSubsystemSteam, From C:/Program Files/Epic Games/UE_4.14/Engine/Plugins/Online/OnlineSubsystemSteam/OnlineSubsystemSteam.uplugin
LogPluginManager: Loaded Plugin OnlineSubsystemUtils, From C:/Program Files/Epic Games/UE_4.14/Engine/Plugins/Online/OnlineSubsystemUtils/OnlineSubsystemUtils.uplugin
LogPluginManager: Loaded Plugin IOSTapJoy, From C:/Program Files/Epic Games/UE_4.14/Engine/Plugins/Runtime/Advertising/IOSTapJoy/IOSTapJoy.uplugin
LogPluginManager: Loaded Plugin AnalyticsBlueprintLibrary, From C:/Program Files/Epic Games/UE_4.14/Engine/Plugins/Runtime/Analytics/AnalyticsBlueprintLibrary/AnalyticsBlueprintLibrary.uplugin
LogPluginManager: Loaded Plugin AnalyticsMulticast, From C:/Program Files/Epic Games/UE_4.14/Engine/Plugins/Runtime/Analytics/AnalyticsMulticast/AnalyticsMulticast.uplugin
LogPluginManager: Loaded Plugin Apsalar, From C:/Program Files/Epic Games/UE_4.14/Engine/Plugins/Runtime/Analytics/Apsalar/Apsalar.uplugin
LogPluginManager: Loaded Plugin FileLogging, From C:/Program Files/Epic Games/UE_4.14/Engine/Plugins/Runtime/Analytics/FileLogging/FileLogging.uplugin
LogPluginManager: Loaded Plugin Flurry, From C:/Program Files/Epic Games/UE_4.14/Engine/Plugins/Runtime/Analytics/Flurry/Flurry.uplugin
LogPluginManager: Loaded Plugin AndroidDeviceProfileSelector, From C:/Program Files/Epic Games/UE_4.14/Engine/Plugins/Runtime/AndroidDeviceProfileSelector/AndroidDeviceProfileSelector.uplugin
LogPluginManager: Loaded Plugin AndroidMoviePlayer, From C:/Program Files/Epic Games/UE_4.14/Engine/Plugins/Runtime/AndroidMoviePlayer/AndroidMoviePlayer.uplugin
LogPluginManager: Loaded Plugin AppleMoviePlayer, From C:/Program Files/Epic Games/UE_4.14/Engine/Plugins/Runtime/AppleMoviePlayer/AppleMoviePlayer.uplugin
LogPluginManager: Loaded Plugin ArchVisCharacter, From C:/Program Files/Epic Games/UE_4.14/Engine/Plugins/Runtime/ArchVisCharacter/ArchVisCharacter.uplugin
LogPluginManager: Loaded Plugin CableComponent, From C:/Program Files/Epic Games/UE_4.14/Engine/Plugins/Runtime/CableComponent/CableComponent.uplugin
LogPluginManager: Loaded Plugin CustomMeshComponent, From C:/Program Files/Epic Games/UE_4.14/Engine/Plugins/Runtime/CustomMeshComponent/CustomMeshComponent.uplugin
LogPluginManager: Loaded Plugin ExampleDeviceProfileSelector, From C:/Program Files/Epic Games/UE_4.14/Engine/Plugins/Runtime/ExampleDeviceProfileSelector/ExampleDeviceProfileSelector.uplugin
LogPluginManager: Loaded Plugin GearVR, From C:/Program Files/Epic Games/UE_4.14/Engine/Plugins/Runtime/GearVR/GearVR.uplugin
LogPluginManager: Loaded Plugin GoogleVRController, From C:/Program Files/Epic Games/UE_4.14/Engine/Plugins/Runtime/GoogleVR/GoogleVRController/GoogleVRController.uplugin
LogPluginManager: Loaded Plugin GoogleVRHMD, From C:/Program Files/Epic Games/UE_4.14/Engine/Plugins/Runtime/GoogleVR/GoogleVRHMD/GoogleVRHMD.uplugin
LogPluginManager: Loaded Plugin IOSDeviceProfileSelector, From C:/Program Files/Epic Games/UE_4.14/Engine/Plugins/Runtime/IOSDeviceProfileSelector/IOSDeviceProfileSelector.uplugin
LogPluginManager: Loaded Plugin LeapMotion, From C:/Program Files/Epic Games/UE_4.14/Engine/Plugins/Runtime/LeapMotion/LeapMotion.uplugin
LogPluginManager: Loaded Plugin LinuxDeviceProfileSelector, From C:/Program Files/Epic Games/UE_4.14/Engine/Plugins/Runtime/LinuxDeviceProfileSelector/LinuxDeviceProfileSelector.uplugin
LogPluginManager: Loaded Plugin MIDIDevice, From C:/Program Files/Epic Games/UE_4.14/Engine/Plugins/Runtime/MIDIDevice/MIDIDevice.uplugin
LogPluginManager: Loaded Plugin MobilePatchingUtils, From C:/Program Files/Epic Games/UE_4.14/Engine/Plugins/Runtime/MobilePatchingUtils/MobilePatchingUtils.uplugin
LogPluginManager: Loaded Plugin Ansel, From C:/Program Files/Epic Games/UE_4.14/Engine/Plugins/Runtime/Nvidia/Ansel/Ansel.uplugin
LogPluginManager: Loaded Plugin OculusAudio, From C:/Program Files/Epic Games/UE_4.14/Engine/Plugins/Runtime/OculusAudio/OculusAudio.uplugin
LogPluginManager: Loaded Plugin OculusInput, From C:/Program Files/Epic Games/UE_4.14/Engine/Plugins/Runtime/OculusInput/OculusInput.uplugin
LogPluginManager: Loaded Plugin OculusLibrary, From C:/Program Files/Epic Games/UE_4.14/Engine/Plugins/Runtime/OculusLibrary/OculusLibrary.uplugin
LogPluginManager: Loaded Plugin OculusRift, From C:/Program Files/Epic Games/UE_4.14/Engine/Plugins/Runtime/OculusRift/OculusRift.uplugin
LogPluginManager: Loaded Plugin Oodle, From C:/Program Files/Epic Games/UE_4.14/Engine/Plugins/Runtime/PacketHandlers/CompressionComponents/Oodle/Oodle.uplugin
LogPluginManager: Loaded Plugin ProceduralMeshComponent, From C:/Program Files/Epic Games/UE_4.14/Engine/Plugins/Runtime/ProceduralMeshComponent/ProceduralMeshComponent.uplugin
LogPluginManager: Loaded Plugin SoundMod, From C:/Program Files/Epic Games/UE_4.14/Engine/Plugins/Runtime/SoundMod/SoundMod.uplugin
LogPluginManager: Loaded Plugin SoundVisualizations, From C:/Program Files/Epic Games/UE_4.14/Engine/Plugins/Runtime/SoundVisualizations/SoundVisualizations.uplugin
LogPluginManager: Loaded Plugin SteamController, From C:/Program Files/Epic Games/UE_4.14/Engine/Plugins/Runtime/Steam/SteamController/SteamController.uplugin
LogPluginManager: Loaded Plugin SteamVR, From C:/Program Files/Epic Games/UE_4.14/Engine/Plugins/Runtime/Steam/SteamVR/SteamVR.uplugin
LogPluginManager: Loaded Plugin WebBrowserWidget, From C:/Program Files/Epic Games/UE_4.14/Engine/Plugins/Runtime/WebBrowserWidget/WebBrowserWidget.uplugin
LogPluginManager: Loaded Plugin WindowsDeviceProfileSelector, From C:/Program Files/Epic Games/UE_4.14/Engine/Plugins/Runtime/WindowsDeviceProfileSelector/WindowsDeviceProfileSelector.uplugin
LogPluginManager: Loaded Plugin WindowsMoviePlayer, From C:/Program Files/Epic Games/UE_4.14/Engine/Plugins/Runtime/WindowsMoviePlayer/WindowsMoviePlayer.uplugin
LogPluginManager: Loaded Plugin ScriptPlugin, From C:/Program Files/Epic Games/UE_4.14/Engine/Plugins/ScriptPlugin/ScriptPlugin.uplugin
LogPluginManager: Loaded Plugin SlateRemote, From C:/Program Files/Epic Games/UE_4.14/Engine/Plugins/Slate/SlateRemote/SlateRemote.uplugin
LogPluginManager: Loaded Plugin EditorTests, From C:/Program Files/Epic Games/UE_4.14/Engine/Plugins/Tests/EditorTests/EditorTests.uplugin
LogPluginManager: Loaded Plugin FbxAutomationTestBuilder, From C:/Program Files/Epic Games/UE_4.14/Engine/Plugins/Tests/FbxAutomationTestBuilder/FbxAutomationTestBuilder.uplugin
LogPluginManager: Loaded Plugin FunctionalTestingEditor, From C:/Program Files/Epic Games/UE_4.14/Engine/Plugins/Tests/FunctionalTestingEditor/FunctionalTestingEditor.uplugin
LogPluginManager: Loaded Plugin RuntimeTests, From C:/Program Files/Epic Games/UE_4.14/Engine/Plugins/Tests/RuntimeTests/RuntimeTests.uplugin
LogPluginManager: Loaded Plugin ScreenshotTools, From C:/Program Files/Epic Games/UE_4.14/Engine/Plugins/Tests/ScreenshotTools/ScreenshotTools.uplugin
LogInit: Using libcurl 7.47.1
LogInit:  - built for x86_64-pc-win32
LogInit:  - supports SSL with OpenSSL/1.0.2g
LogInit:  - supports HTTP deflate (compression) using libz 1.2.8
LogInit:  - other features:
LogInit:      CURL_VERSION_SSL
LogInit:      CURL_VERSION_LIBZ
LogInit:      CURL_VERSION_IPV6
LogInit:      CURL_VERSION_ASYNCHDNS
LogInit:      CURL_VERSION_LARGEFILE
LogInit:      CURL_VERSION_IDN
LogInit:  CurlRequestOptions (configurable via config and command line):
LogInit:  - bVerifyPeer = false  - Libcurl will NOT verify peer certificate
LogInit:  - bUseHttpProxy = false  - Libcurl will NOT use HTTP proxy
LogInit:  - bDontReuseConnections = false  - Libcurl will reuse connections
LogInit:  - CertBundlePath = nullptr  - Libcurl will use whatever was configured at build time.
LogInit: Build: ++UE4+Release-4.14-CL-3249277
LogInit: Engine Version: 4.14.3-3249277+++UE4+Release-4.14
LogInit: Compatible Engine Version: 4.14.0-3195953+++UE4+Release-4.14
LogInit: Net CL: 3195953
LogDevObjectVersion: Number of dev versions registered: 13
LogDevObjectVersion:   Dev-Blueprints (B0D832E4-1F89-4F0D-ACCF-7EB736FD4AA2): 7
LogDevObjectVersion:   Dev-Build (E1C64328-A22C-4D53-A36C-8E866417BD8C): 0
LogDevObjectVersion:   Dev-Core (375EC13C-06E4-48FB-B500-84F0262A717E): 1
LogDevObjectVersion:   Dev-Editor (E4B068ED-F494-42E9-A231-DA0B2E46BB41): 8
LogDevObjectVersion:   Dev-Framework (CFFC743F-43B0-4480-9391-14DF171D2073): 17
LogDevObjectVersion:   Dev-Mobile (B02B49B5-BB20-44E9-A304-32B752E40360): 0
LogDevObjectVersion:   Dev-Networking (A4E4105C-59A1-49B5-A7C5-40C4547EDFEE): 0
LogDevObjectVersion:   Dev-Online (39C831C9-5AE6-47DC-9A44-9C173E1C8E7C): 0
LogDevObjectVersion:   Dev-Physics (78F01B33-EBEA-4F98-B9B4-84EACCB95AA2): 0
LogDevObjectVersion:   Dev-Platform (6631380F-2D4D-43E0-8009-CF276956A95A): 0
LogDevObjectVersion:   Dev-Rendering (12F88B9F-8875-4AFC-A67C-D90C383ABD29): 12
LogDevObjectVersion:   Dev-Sequencer (7B5AE74C-D270-4C10-A958-57980B212A5A): 1
LogDevObjectVersion:   Dev-VR (D7296918-1DD6-4BDD-9DE2-64A83CC13884): 0
LogInit: Compiled (64-bit): Jan  6 2017 10:49:43
LogInit: Compiled with Visual C++: 19.00.23026.00
LogInit: Build Configuration: Development
LogInit: Branch Name: ++UE4+Release-4.14
LogInit: Command line:  
LogInit: Base directory: C:/Program Files/Epic Games/UE_4.14/Engine/Binaries/Win64/
LogInit: Installed Engine Build: 1
LogInit: Presizing for max 8388607 objects, including 0 objects not considered by GC, pre-allocating 0 bytes for permanent pool.
LogInit: Object subsystem initialized
[2017.03.22-07.03.58:740][  0]LogInit: Selected Device Profile: [Windows]
[2017.03.22-07.03.58:740][  0]LogInit: Applying CVar settings loaded from the selected device profile: [Windows]
[2017.03.22-07.03.58:756][  0]LogInit: Computer: DESKTOP-DKRONP8
[2017.03.22-07.03.58:756][  0]LogInit: User: AjaySathish
[2017.03.22-07.03.58:756][  0]LogInit: CPU Page size=65536, Cores=4
[2017.03.22-07.03.58:756][  0]LogInit: High frequency timer resolution =2.531250 MHz
[2017.03.22-07.03.58:756][  0]LogMemory: Memory total: Physical=15.9GB (16GB approx)
[2017.03.22-07.03.58:756][  0]LogMemory: Platform Memory Stats for Windows
[2017.03.22-07.03.58:756][  0]LogMemory: Process Physical Memory: 265.43 MB used, 265.43 MB peak
[2017.03.22-07.03.58:756][  0]LogMemory: Process Virtual Memory: 263.05 MB used, 263.05 MB peak
[2017.03.22-07.03.58:756][  0]LogMemory: Physical Memory: 7764.61 MB used,  8483.16 MB free, 16247.77 MB total
[2017.03.22-07.03.58:756][  0]LogMemory: Virtual Memory: 662.60 MB used,  8483.16 MB free, 134217728.00 MB total
[2017.03.22-07.03.58:785][  0]LogTextLocalizationManager: No specific translations for ('en-US') exist, so ('en') translations will be used.
[2017.03.22-07.03.59:561][  0]LogD3D11RHI: D3D11 adapters:
[2017.03.22-07.03.59:594][  0]LogD3D11RHI:    0. 'NVIDIA GeForce GTX 970M' (Feature Level 11_0)
[2017.03.22-07.03.59:594][  0]LogD3D11RHI:       3040/0/8123 MB DedicatedVideo/DedicatedSystem/SharedSystem, Outputs:1, VendorId:0x10de
[2017.03.22-07.03.59:602][  0]LogD3D11RHI:    1. 'Intel(R) HD Graphics 530' (Feature Level 11_0)
[2017.03.22-07.03.59:602][  0]LogD3D11RHI:       128/0/8123 MB DedicatedVideo/DedicatedSystem/SharedSystem, Outputs:0, VendorId:0x8086
[2017.03.22-07.03.59:603][  0]LogD3D11RHI:    2. 'Microsoft Basic Render Driver' (Feature Level 11_0)
[2017.03.22-07.03.59:603][  0]LogD3D11RHI:       0/0/8123 MB DedicatedVideo/DedicatedSystem/SharedSystem, Outputs:0, VendorId:0x1414
[2017.03.22-07.03.59:603][  0]LogD3D11RHI: Chosen D3D11 Adapter: 0
[2017.03.22-07.03.59:608][  0]LogD3D11RHI: Creating new Direct3DDevice
[2017.03.22-07.03.59:608][  0]LogD3D11RHI:     GPU DeviceId: 0x13d8 (for the marketing name, search the web for "GPU Device Id")
[2017.03.22-07.03.59:608][  0]LogWindows: EnumDisplayDevices:
[2017.03.22-07.03.59:608][  0]LogWindows:    0. 'Intel(R) HD Graphics 530' (P:1 D:1)
[2017.03.22-07.03.59:609][  0]LogWindows:    1. 'Intel(R) HD Graphics 530' (P:0 D:0)
[2017.03.22-07.03.59:609][  0]LogWindows:    2. 'Intel(R) HD Graphics 530' (P:0 D:0)
[2017.03.22-07.03.59:609][  0]LogWindows: DebugString: PrimaryIsNotTheChoosenAdapter PrimaryIsNotTheChoosenAdapter PrimaryIsNotTheChoosenAdapter FoundDriverCount:0 
[2017.03.22-07.03.59:609][  0]LogD3D11RHI:     Adapter Name: NVIDIA GeForce GTX 970M
[2017.03.22-07.03.59:609][  0]LogD3D11RHI:   Driver Version: Unknown (internal:Unknown, unified:Unknown)
[2017.03.22-07.03.59:609][  0]LogD3D11RHI:      Driver Date: Unknown
[2017.03.22-07.03.59:609][  0]LogRHI: Texture pool is 1361 MB (70% of 1945 MB)
[2017.03.22-07.03.59:625][  0]LogD3D11RHI: Async texture creation enabled
[2017.03.22-07.03.59:638][  0]LogD3D11RHI: GPU Timing Frequency: 1000.000000 (Debug: 2 1)
[2017.03.22-07.03.59:638][  0]LogShaderCompilers: Guid format shader working directory is -34 characters bigger than the processId version (../../../../../../Work/EAE/2nd Sem/Virtual Worlds/New folder/VirtualWorld/VirtualWorld/Intermediate/Shaders/WorkingDirectory/10052/).
[2017.03.22-07.03.59:639][  0]LogShaderCompilers: Cleaned the shader compiler working directory 'C:/Users/Ajay Sathish/AppData/Local/Temp/UnrealShaderWorkingDir/8C07B74442FFE191F36D5C93D4F26A32/'.
[2017.03.22-07.03.59:639][  0]LogShaderCompilers:Display: Using Local Shader Compiler.
[2017.03.22-07.04.00:875][  0]LogTemp:Display: Loaded TP AllDesktopTargetPlatform
[2017.03.22-07.04.00:953][  0]LogTemp:Display: Loaded TP MacClientTargetPlatform
[2017.03.22-07.04.01:030][  0]LogTemp:Display: Loaded TP MacNoEditorTargetPlatform
[2017.03.22-07.04.01:109][  0]LogTemp:Display: Loaded TP MacServerTargetPlatform
[2017.03.22-07.04.01:185][  0]LogTemp:Display: Loaded TP MacTargetPlatform
[2017.03.22-07.04.01:261][  0]LogTemp:Display: Loaded TP WindowsClientTargetPlatform
[2017.03.22-07.04.01:339][  0]LogTemp:Display: Loaded TP WindowsNoEditorTargetPlatform
[2017.03.22-07.04.01:416][  0]LogTemp:Display: Loaded TP WindowsServerTargetPlatform
[2017.03.22-07.04.01:480][  0]LogTemp:Display: Loaded TP WindowsTargetPlatform
[2017.03.22-07.04.01:555][  0]LogTemp:Display: Loaded TP AndroidTargetPlatform
[2017.03.22-07.04.01:630][  0]LogTemp:Display: Loaded TP Android_ASTCTargetPlatform
[2017.03.22-07.04.01:705][  0]LogTemp:Display: Loaded TP Android_ATCTargetPlatform
[2017.03.22-07.04.01:780][  0]LogTemp:Display: Loaded TP Android_DXTTargetPlatform
[2017.03.22-07.04.01:855][  0]LogTemp:Display: Loaded TP Android_ETC1TargetPlatform
[2017.03.22-07.04.01:930][  0]LogTemp:Display: Loaded TP Android_ETC2TargetPlatform
[2017.03.22-07.04.02:082][  0]LogTemp:Display: Loaded TP Android_MultiTargetPlatform
[2017.03.22-07.04.02:082][  0]LogTemp:Display: Loaded TP Android_PVRTCTargetPlatform
[2017.03.22-07.04.02:139][  0]LogTemp:Display: Loaded TP HTML5TargetPlatform
[2017.03.22-07.04.02:257][  0]LogTemp:Display: Loaded TP IOSTargetPlatform
[2017.03.22-07.04.02:308][  0]LogTemp:Display: Loaded TP TVOSTargetPlatform
[2017.03.22-07.04.02:386][  0]LogTemp:Display: Loaded TP LinuxClientTargetPlatform
[2017.03.22-07.04.02:461][  0]LogTemp:Display: Loaded TP LinuxNoEditorTargetPlatform
[2017.03.22-07.04.02:534][  0]LogTemp:Display: Loaded TP LinuxServerTargetPlatform
[2017.03.22-07.04.02:609][  0]LogTemp:Display: Loaded TP LinuxTargetPlatform
[2017.03.22-07.04.02:609][  0]LogTargetPlatformManager:Display: Building Assets For Windows
[2017.03.22-07.04.03:222][  0]LogDerivedDataCache:Display: Max Cache Size: 512 MB
[2017.03.22-07.04.03:279][  0]LogDerivedDataCache: Loaded boot cache 0.06s 50MB C:/Users/Ajay Sathish/AppData/Local/UnrealEngine/4.14/DerivedDataCache/Boot.ddc.
[2017.03.22-07.04.03:279][  0]LogDerivedDataCache:Display: Loaded Boot cache: C:/Users/Ajay Sathish/AppData/Local/UnrealEngine/4.14/DerivedDataCache/Boot.ddc
[2017.03.22-07.04.03:279][  0]LogDerivedDataCache: FDerivedDataBackendGraph:  Pak pak cache file ../../../../../../Work/EAE/2nd Sem/Virtual Worlds/New folder/VirtualWorld/VirtualWorld/DerivedDataCache/DDC.ddp not found, will not use a pak cache.
[2017.03.22-07.04.03:279][  0]LogDerivedDataCache: Unable to find inner node Pak for hierarchical cache Hierarchy.
[2017.03.22-07.04.03:279][  0]LogDerivedDataCache: FDerivedDataBackendGraph:  CompressedPak pak cache file ../../../../../../Work/EAE/2nd Sem/Virtual Worlds/New folder/VirtualWorld/VirtualWorld/DerivedDataCache/Compressed.ddp not found, will not use a pak cache.
[2017.03.22-07.04.03:279][  0]LogDerivedDataCache: Unable to find inner node CompressedPak for hierarchical cache Hierarchy.
[2017.03.22-07.04.03:299][  0]LogDerivedDataCache:Display: Pak cache opened for reading ../../../Engine/DerivedDataCache/Compressed.ddp.
[2017.03.22-07.04.03:312][  0]LogDerivedDataCache: Using Local data cache path C:/Users/Ajay Sathish/AppData/Local/UnrealEngine/Common/DerivedDataCache: Writable
[2017.03.22-07.04.03:543][  0]LogInit: Selected Device Profile: [Windows]
[2017.03.22-07.04.03:546][  0]LogContentStreaming: Texture pool size is 0.00 MB
[2017.03.22-07.04.03:824][  0]LogMeshUtilities: Using QuadricMeshReduction for automatic static mesh reduction
[2017.03.22-07.04.03:887][  0]LogSimplygon: Simplygon DLL not present - disabling.
[2017.03.22-07.04.03:956][  0]LogMeshUtilities: Using SimplygonSwarm for distributed automatic mesh merging
[2017.03.22-07.04.03:956][  0]LogMeshUtilities: No automatic skeletal mesh reduction module available
[2017.03.22-07.04.03:956][  0]LogMeshUtilities: No automatic mesh merging module available
[2017.03.22-07.04.04:569][  0]LogNetVersion: GetLocalNetworkVersion: CL: 3195953, ProjectName: virtualworldscroller, ProjectVersion: , EngineNetworkVersion: 2, GameNetworkVersion: 0, NetworkChecksum: 3652782691
[2017.03.22-07.04.04:639][  0]LogAssetRegistry: FAssetRegistry took 0.0214 seconds to start up
[2017.03.22-07.04.04:727][  0]LogPackageLocalizationCache: Processed 3 localized package path(s) for 2 prioritized culture(s) in 0.045152 seconds
[2017.03.22-07.04.04:734][  0]LogUObjectArray: 31947 objects as part of root set at end of initial load.
[2017.03.22-07.04.04:734][  0]LogUObjectAllocator: 6936064 out of 0 bytes used by permanent object pool.
[2017.03.22-07.04.04:734][  0]LogUObjectArray: CloseDisregardForGC: 0/0 objects in disregard for GC pool
[2017.03.22-07.04.04:839][  0]LogInit: WinSock: version 1.1 (2.2), MaxSocks=32767, MaxUdp=65467
[2017.03.22-07.04.06:024][  0]LogSlate: Using Freetype 2.6.0
[2017.03.22-07.04.06:025][  0]LogSlate: SlateFontCache - WITH_FREETYPE: 1, WITH_HARFBUZZ: 1
[2017.03.22-07.04.06:025][  0]LogSlate: SlateFontCache - WITH_FREETYPE: 1, WITH_HARFBUZZ: 1
[2017.03.22-07.04.07:060][  0]LogSubstanceCoreModule: Substance [CPU] Engine Loaded, Max Texture Size = 2048
[2017.03.22-07.04.07:102][  0]LogTcpMessaging: Initializing TcpMessaging bridge
[2017.03.22-07.04.07:156][  0]LogUdpMessaging: Initializing bridge on interface 0.0.0.0:0 to multicast group 230.0.0.1:6666.
[2017.03.22-07.04.07:566][  0]LogMaterial: Uniform references updated for custom material expression Custom.
[2017.03.22-07.04.08:115][  0]SourceControl: Info Source control is disabled
[2017.03.22-07.04.08:176][  0]SourceControl: Info Source control is disabled
[2017.03.22-07.04.08:244][  0]SourceControl: Info Source control is disabled
[2017.03.22-07.04.08:312][  0]SourceControl: Info Source control is disabled
[2017.03.22-07.04.10:200][  0]LogEngine: Initializing Engine...
[2017.03.22-07.04.10:201][  0]LogHMD: Failed to initialize OpenVR with code 110
[2017.03.22-07.04.10:520][  0]LogAIModule: Creating AISystem for world Untitled
[2017.03.22-07.04.10:533][  0]LogInit: XAudio2 using 'Speakers (Realtek High Definition Audio)' : 2 channels at 48 kHz using 32 bits per sample (channel mask 0x3)
[2017.03.22-07.04.10:547][  0]LogInit: FAudioDevice initialized.
[2017.03.22-07.04.10:573][  0]LogDerivedDataCache: Saved boot cache 0.03s 50MB C:/Users/Ajay Sathish/AppData/Local/UnrealEngine/4.14/DerivedDataCache/Boot.ddc.
[2017.03.22-07.04.10:578][  0]LogInit: Texture streaming: Enabled
[2017.03.22-07.04.10:848][  0]LogInit: Transaction tracking system initialized
[2017.03.22-07.04.11:355][  0]BlueprintLog: New page: Editor Load
[2017.03.22-07.04.12:644][  0]LocalizationService: Info Localization service is disabled
[2017.03.22-07.04.13:598][  0]LogConsoleResponse:Display: 
[2017.03.22-07.04.13:816][  0]LogCook:Display: Max memory allowance for cook 16384mb min free memory 0mb
[2017.03.22-07.04.13:816][  0]LogCook:Display: Mobile HDR setting 1
[2017.03.22-07.04.14:623][  0]LogFileCache: Scanning file cache for directory 'C:/Work/EAE/2nd Sem/Virtual Worlds/New folder/VirtualWorld/VirtualWorld/Content/' took 0.02s
[2017.03.22-07.04.15:196][  0]SourceControl: Info Source control is disabled
[2017.03.22-07.04.15:196][  0]Cmd: MAP LOAD FILE="../../../../../../Work/EAE/2nd Sem/Virtual Worlds/New folder/VirtualWorld/VirtualWorld/Content/Map/Main.umap" TEMPLATE=0 SHOWPROGRESS=1 FEATURELEVEL=3
[2017.03.22-07.04.15:196][  0]LightingResults: New page: Lighting Build
[2017.03.22-07.04.15:255][  0]MapCheck: New page: Map Check
[2017.03.22-07.04.15:255][  0]LightingResults: New page: Lighting Build
[2017.03.22-07.04.15:523][  0]LogTexture:Display: Building textures: TriggerBox_ (BGRA8)
[2017.03.22-07.04.15:523][  0]LogTexture:Display: Building textures: rotating-wall (BGRA8)
[2017.03.22-07.04.15:531][  0]LogTexture:Display: Building textures: spikes (BGRA8)
[2017.03.22-07.04.15:538][  0]LogTexture:Display: Building textures: SpriteSheet (AutoDXT)
[2017.03.22-07.04.15:547][  0]LogAIModule: Creating AISystem for world Main
[2017.03.22-07.04.15:590][  0]LogEditorServer: Finished looking for orphan Actors (0.000 secs)
[2017.03.22-07.04.15:591][  0]Cmd: MAP CHECKDEP NOCLEARLOG
[2017.03.22-07.04.15:634][  0]MapCheck: Info Map check complete: 0 Error(s), 0 Warning(s), took 43.755ms to complete.
[2017.03.22-07.04.15:634][  0]LogFileHelpers: Loading map 'Main' took 0.438
[2017.03.22-07.04.15:735][  0]LogWindowsTextInputMethodSystem:Display: IME system now deactivated.
[2017.03.22-07.04.15:835][  0]LogCollectionManager: Loaded 0 collections in 0.001793 seconds
[2017.03.22-07.04.15:938][  0]LogFileCache: Scanning file cache for directory 'C:/Work/EAE/2nd Sem/Virtual Worlds/New folder/VirtualWorld/VirtualWorld/Saved/Collections/' took 0.01s
[2017.03.22-07.04.15:938][  0]LogFileCache: Scanning file cache for directory 'C:/Work/EAE/2nd Sem/Virtual Worlds/New folder/VirtualWorld/VirtualWorld/Content/Developers/AjaySathish/Collections/' took 0.01s
[2017.03.22-07.04.15:938][  0]LogFileCache: Scanning file cache for directory 'C:/Work/EAE/2nd Sem/Virtual Worlds/New folder/VirtualWorld/VirtualWorld/Content/Collections/' took 0.01s
[2017.03.22-07.04.15:938][  0]LogCollectionManager: Rebuilt the GUID cache for 0 collections in 0.000002 seconds
[2017.03.22-07.04.15:948][  0]LogContentBrowser: Native class hierarchy populated in 0.0101 seconds. Added 2204 classes and 434 folders.
[2017.03.22-07.04.16:008][  0]LogStats: UGameplayTagsManager::ConstructGameplayTagTree: Construct from data asset -  0.000 s
[2017.03.22-07.04.16:008][  0]LogStats: UGameplayTagsManager::ConstructGameplayTagTree: GameplayTagTreeChangedEvent.Broadcast -  0.000 s
[2017.03.22-07.04.16:008][  0]LogContentBrowser: Native class hierarchy updated for 'GameplayTags' in 0.0006 seconds. Added 13 classes and 0 folders.
[2017.03.22-07.04.16:100][  0]LogContentBrowser: Native class hierarchy updated for 'WidgetCarousel' in 0.0005 seconds. Added 0 classes and 0 folders.
[2017.03.22-07.04.16:147][  0]LogContentBrowser: Native class hierarchy updated for 'AddContentDialog' in 0.0006 seconds. Added 0 classes and 0 folders.
[2017.03.22-07.04.16:206][  0]LogContentBrowser: Native class hierarchy updated for 'SceneOutliner' in 0.0005 seconds. Added 1 classes and 2 folders.
[2017.03.22-07.04.16:297][  0]LogCrashTracker: Crashtracker disabled due to settings.
[2017.03.22-07.04.16:304][  0]LogUObjectGlobals:Warning: Failed to find object 'Class None.'
[2017.03.22-07.04.16:388][  0]LogContentBrowser: Native class hierarchy updated for 'HierarchicalLODOutliner' in 0.0005 seconds. Added 1 classes and 2 folders.
[2017.03.22-07.04.16:389][  0]LogLoad: (Engine Initialization) Total time: 19.55 seconds
[2017.03.22-07.04.16:389][  0]LogLoad: (Engine Initialization) Total Blueprint compile time: 0.25 seconds
[2017.03.22-07.04.16:389][  0]LogExternalProfiler: Found external profiler: VSPerf
[2017.03.22-07.04.16:389][  0]LogExternalProfiler: Using external profiler: VSPerf
[2017.03.22-07.04.16:407][  0]LogOcInput: OculusInput pre-init called
[2017.03.22-07.04.16:427][  0]LogContentStreaming: Texture pool size now 1000 MB
[2017.03.22-07.04.16:623][  0]LogRenderer: Reallocating scene render targets to support 1140x556 NumSamples 1 (Frame:2).
[2017.03.22-07.04.16:751][  1]LogAssetRegistry: Asset discovery search completed in 12.1328 seconds
[2017.03.22-07.04.16:751][  1]LogCollectionManager: Rebuilt the object cache for 0 collections in 0.000000 seconds (found 0 objects)
[2017.03.22-07.04.16:751][  1]LogCollectionManager: Fixed up redirectors for 0 collections in 0.000019 seconds (updated 0 objects)
[2017.03.22-07.05.53:280][723]LogContentBrowser: Native class hierarchy updated for 'BlueprintGraph' in 0.0010 seconds. Added 111 classes and 0 folders.
[2017.03.22-07.05.55:877][818]LogRenderer: Reallocating scene render targets to support 1144x792 NumSamples 1 (Frame:5459).
[2017.03.22-07.06.59:316][421]BlueprintLog: New page: Compile Wall_Rotation
[2017.03.22-07.07.00:171][458]LogSavePackage: Save=11.02ms
[2017.03.22-07.07.00:171][458]LogSavePackage: Moving '../../../../../../Work/EAE/2nd Sem/Virtual Worlds/New folder/VirtualWorld/VirtualWorld/Saved/Wall_RotationF05FFD814D7B928F2716EA97EC633A62.tmp' to '../../../../../../Work/EAE/2nd Sem/Virtual Worlds/New folder/VirtualWorld/VirtualWorld/Content/Blueprint/Wall_Rotation.uasset'
[2017.03.22-07.07.00:176][458]LogSavePackage:Display: Finished SavePackage ../../../../../../Work/EAE/2nd Sem/Virtual Worlds/New folder/VirtualWorld/VirtualWorld/Content/Blueprint/Wall_Rotation.uasset
[2017.03.22-07.08.22:988][ 54]LogLinker: Can't find file '/Game/2DSideScrollerBP/Blueprints/Test'
[2017.03.22-07.08.22:988][ 54]LogLinker: Can't find file '/Game/2DSideScrollerBP/Blueprints/Test'
[2017.03.22-07.08.22:990][ 54]LogBlueprint:Warning: [Wall_Rotation] 'DesiredRotation' variable not found. Base class was probably changed.
[2017.03.22-07.08.22:990][ 54]LogBlueprint:Warning: [Wall_Rotation] 'DesiredRotation' variable not found. Base class was probably changed.
[2017.03.22-07.08.30:385][492]BlueprintLog: New page: Compile Wall_Rotation
[2017.03.22-07.08.30:406][492]LogBlueprint:Warning: [Compiler Wall_Rotation] Warning Could not find a variable named "DesiredRotation" in 'Wall_Rotation_C'.
Make sure 'Wall_Rotation_C' has been compiled for  K2Node_VariableSet_670
[2017.03.22-07.08.30:411][492]LogBlueprint:Error: [Compiler Wall_Rotation] Error The property associated with  DesiredRotation  could not be found
[2017.03.22-07.08.30:482][492]LogTexture:Display: Building textures: BadBlueprintSprite (BGRA8)
[2017.03.22-07.08.30:626][492]BlueprintEditorCompileResults:Warning: Warning Could not find a variable named "DesiredRotation" in 'Wall_Rotation_C'.
Make sure 'Wall_Rotation_C' has been compiled for  K2Node_VariableSet_670
[2017.03.22-07.08.30:626][492]BlueprintEditorCompileResults:Error: Error The property associated with  DesiredRotation  could not be found
[2017.03.22-07.08.30:655][492]LogBlueprint:Warning: [Compiler Wall_Rotation] Warning [0273.80] Compile of Wall_Rotation failed. 1 Fatal Issue(s) 1 Warning(s) [in 252 ms] (/Game/Blueprint/Wall_Rotation.Wall_Rotation)
[2017.03.22-07.09.20:028][884]LogEditorTransaction: Undo Promote To Variable
[2017.03.22-07.10.04:497][137]BlueprintLog: New page: Compile Wall_Rotation
[2017.03.22-07.10.05:370][176]LogSavePackage: Save=13.91ms
[2017.03.22-07.10.05:370][176]LogSavePackage: Moving '../../../../../../Work/EAE/2nd Sem/Virtual Worlds/New folder/VirtualWorld/VirtualWorld/Saved/Wall_Rotation9EF37EB14DBEC5013EE8B2BC4DD70D7B.tmp' to '../../../../../../Work/EAE/2nd Sem/Virtual Worlds/New folder/VirtualWorld/VirtualWorld/Content/Blueprint/Wall_Rotation.uasset'
[2017.03.22-07.10.05:375][176]LogSavePackage:Display: Finished SavePackage ../../../../../../Work/EAE/2nd Sem/Virtual Worlds/New folder/VirtualWorld/VirtualWorld/Content/Blueprint/Wall_Rotation.uasset
[2017.03.22-07.10.31:106][633]LogSavePackage: Save=13.50ms
[2017.03.22-07.10.31:106][633]LogSavePackage: Moving '../../../../../../Work/EAE/2nd Sem/Virtual Worlds/New folder/VirtualWorld/VirtualWorld/Saved/Wall_Rotation4EE9798F4F5347C44C155596499A6B3F.tmp' to '../../../../../../Work/EAE/2nd Sem/Virtual Worlds/New folder/VirtualWorld/VirtualWorld/Content/Blueprint/Wall_Rotation.uasset'
[2017.03.22-07.10.31:108][633]LogSavePackage:Display: Finished SavePackage ../../../../../../Work/EAE/2nd Sem/Virtual Worlds/New folder/VirtualWorld/VirtualWorld/Content/Blueprint/Wall_Rotation.uasset
[2017.03.22-07.11.24:226][794]LogTemp: Repeting last play command: Selected Viewport
[2017.03.22-07.11.24:249][794]LogBlueprintUserMessages: Early PlayInEditor Detection: Level '/Game/Map/Main.Main:PersistentLevel' has LevelScriptBlueprint '/Game/Map/Main.Main:PersistentLevel.Main' with GeneratedClass '/Game/Map/Main.Main_C' with ClassGeneratedBy '/Game/Map/Main.Main:PersistentLevel.Main'
[2017.03.22-07.11.24:249][794]LogPlayLevel: PlayLevel: No blueprints needed recompiling
[2017.03.22-07.11.24:250][794]PIE: New page: PIE session: Main (Mar 21, 2017, 7:11:24 PM)
[2017.03.22-07.11.24:250][794]LogPlayLevel: Creating play world package: /Game/Map/UEDPIE_0_Main
[2017.03.22-07.11.24:262][794]LogPlayLevel: PIE: StaticDuplicateObject took: (0.011906s)
[2017.03.22-07.11.24:262][794]LogAIModule: Creating AISystem for world Main
[2017.03.22-07.11.24:262][794]LogPlayLevel: PIE: World Init took: (0.000536s)
[2017.03.22-07.11.24:262][794]LogPlayLevel: PIE: Created PIE world by copying editor world from /Game/Map/Main.Main to /Game/Map/UEDPIE_0_Main.Main (0.012625s)
[2017.03.22-07.11.24:287][794]LogInit: XAudio2 using 'Speakers (Realtek High Definition Audio)' : 2 channels at 48 kHz using 32 bits per sample (channel mask 0x3)
[2017.03.22-07.11.24:297][794]LogInit: FAudioDevice initialized.
[2017.03.22-07.11.24:398][794]LogTexture:Display: Building textures: Player (AutoDXT)
[2017.03.22-07.11.24:418][794]LogLoad: Game class is 'GameController_BP_C'
[2017.03.22-07.11.24:432][794]LogWorld: Bringing World /Game/Map/UEDPIE_0_Main.Main up for play (max tick rate 60) at 2017.03.22-01.11.24
[2017.03.22-07.11.24:452][794]LogWorld: Bringing up level for play took: 0.032457
[2017.03.22-07.11.24:580][794]LogContentBrowser: Native class hierarchy updated for 'MovieSceneCapture' in 0.0006 seconds. Added 11 classes and 0 folders.
[2017.03.22-07.11.24:599][794]PIE: Info Play in editor start time for /Game/Map/UEDPIE_0_Main 0.03
[2017.03.22-07.11.24:599][794]LogBlueprintUserMessages: Late PlayInEditor Detection: Level '/Game/Map/Main.Main:PersistentLevel' has LevelScriptBlueprint '/Game/Map/Main.Main:PersistentLevel.Main' with GeneratedClass '/Game/Map/Main.Main_C' with ClassGeneratedBy '/Game/Map/Main.Main:PersistentLevel.Main'
[2017.03.22-07.11.35:217][424]LogBlueprintUserMessages: Early EndPlayMap Detection: Level '/Game/Map/Main.Main:PersistentLevel' has LevelScriptBlueprint '/Game/Map/Main.Main:PersistentLevel.Main' with GeneratedClass '/Game/Map/Main.Main_C' with ClassGeneratedBy '/Game/Map/Main.Main:PersistentLevel.Main'
[2017.03.22-07.11.35:277][424]LogBlueprintUserMessages: Late EndPlayMap Detection: Level '/Game/Map/Main.Main:PersistentLevel' has LevelScriptBlueprint '/Game/Map/Main.Main:PersistentLevel.Main' with GeneratedClass '/Game/Map/Main.Main_C' with ClassGeneratedBy '/Game/Map/Main.Main:PersistentLevel.Main'
[2017.03.22-07.14.27:784][706]LogSavePackage: Save=116.11ms
[2017.03.22-07.14.27:784][706]LogSavePackage: Moving '../../../../../../Work/EAE/2nd Sem/Virtual Worlds/New folder/VirtualWorld/VirtualWorld/Saved/Main_Auto1997D99C14C132EEBE337F48F13473031.tmp' to '../../../../../../Work/EAE/2nd Sem/Virtual Worlds/New folder/VirtualWorld/VirtualWorld/Saved/Autosaves/Game/Map/Main_Auto1.umap'
[2017.03.22-07.14.27:786][706]LogSavePackage:Display: Finished SavePackage ../../../../../../Work/EAE/2nd Sem/Virtual Worlds/New folder/VirtualWorld/VirtualWorld/Saved/Autosaves/Game/Map/Main_Auto1.umap
[2017.03.22-07.14.27:789][706]LogFileHelpers: Editor autosave (incl. sublevels) for '/Game/Map/Main' took 0.149
[2017.03.22-07.14.27:789][706]LogFileHelpers: Editor autosave (incl. sublevels) for all levels took 0.149
[2017.03.22-07.19.27:018][389]LogTemp: Repeting last play command: Selected Viewport
[2017.03.22-07.19.27:035][389]LogBlueprintUserMessages: Early PlayInEditor Detection: Level '/Game/Map/Main.Main:PersistentLevel' has LevelScriptBlueprint '/Game/Map/Main.Main:PersistentLevel.Main' with GeneratedClass '/Game/Map/Main.Main_C' with ClassGeneratedBy '/Game/Map/Main.Main:PersistentLevel.Main'
[2017.03.22-07.19.27:035][389]BlueprintLog: New page: Pre-Play auto-recompile
[2017.03.22-07.19.27:035][389]LogPlayLevel: [PlayLevel] Compiling Player_BP before play...
[2017.03.22-07.19.27:181][389]LogPlayLevel: PlayLevel: Blueprint regeneration took 145 ms (1 blueprints)
[2017.03.22-07.19.27:181][389]PIE: New page: PIE session: Main (Mar 21, 2017, 7:19:27 PM)
[2017.03.22-07.19.27:181][389]LogPlayLevel: Creating play world package: /Game/Map/UEDPIE_0_Main
[2017.03.22-07.19.27:183][389]LogPlayLevel: PIE: StaticDuplicateObject took: (0.001878s)
[2017.03.22-07.19.27:183][389]LogAIModule: Creating AISystem for world Main
[2017.03.22-07.19.27:183][389]LogPlayLevel: PIE: World Init took: (0.000528s)
[2017.03.22-07.19.27:183][389]LogPlayLevel: PIE: Created PIE world by copying editor world from /Game/Map/Main.Main to /Game/Map/UEDPIE_0_Main.Main (0.002582s)
[2017.03.22-07.19.27:208][389]LogInit: XAudio2 using 'Speakers (Realtek High Definition Audio)' : 2 channels at 48 kHz using 32 bits per sample (channel mask 0x3)
[2017.03.22-07.19.27:218][389]LogInit: FAudioDevice initialized.
[2017.03.22-07.19.27:250][389]LogLoad: Game class is 'GameController_BP_C'
[2017.03.22-07.19.27:254][389]LogWorld: Bringing World /Game/Map/UEDPIE_0_Main.Main up for play (max tick rate 60) at 2017.03.22-01.19.27
[2017.03.22-07.19.27:255][389]LogWorld: Bringing up level for play took: 0.003760
[2017.03.22-07.19.27:257][389]PIE: Info Play in editor start time for /Game/Map/UEDPIE_0_Main 0.688
[2017.03.22-07.19.27:257][389]LogBlueprintUserMessages: Late PlayInEditor Detection: Level '/Game/Map/Main.Main:PersistentLevel' has LevelScriptBlueprint '/Game/Map/Main.Main:PersistentLevel.Main' with GeneratedClass '/Game/Map/Main.Main_C' with ClassGeneratedBy '/Game/Map/Main.Main:PersistentLevel.Main'
[2017.03.22-07.19.28:991][478]LogBlueprintUserMessages: Early EndPlayMap Detection: Level '/Game/Map/Main.Main:PersistentLevel' has LevelScriptBlueprint '/Game/Map/Main.Main:PersistentLevel.Main' with GeneratedClass '/Game/Map/Main.Main_C' with ClassGeneratedBy '/Game/Map/Main.Main:PersistentLevel.Main'
[2017.03.22-07.19.29:095][478]LogBlueprintUserMessages: Late EndPlayMap Detection: Level '/Game/Map/Main.Main:PersistentLevel' has LevelScriptBlueprint '/Game/Map/Main.Main:PersistentLevel.Main' with GeneratedClass '/Game/Map/Main.Main_C' with ClassGeneratedBy '/Game/Map/Main.Main:PersistentLevel.Main'
[2017.03.22-07.19.34:661][759]BlueprintLog: New page: Compile Player_BP
[2017.03.22-07.19.35:946][803]Cmd: OBJ SAVEPACKAGE PACKAGE="/Game/Blueprint/Player_BP" FILE="../../../../../../Work/EAE/2nd Sem/Virtual Worlds/New folder/VirtualWorld/VirtualWorld/Content/Blueprint/Player_BP.uasset" SILENT=true
[2017.03.22-07.19.36:003][803]LogSavePackage: Save=46.26ms
[2017.03.22-07.19.36:003][803]LogSavePackage: Moving '../../../../../../Work/EAE/2nd Sem/Virtual Worlds/New folder/VirtualWorld/VirtualWorld/Saved/Player_BP59000F72408A226C3924DB9320613FE7.tmp' to '../../../../../../Work/EAE/2nd Sem/Virtual Worlds/New folder/VirtualWorld/VirtualWorld/Content/Blueprint/Player_BP.uasset'
[2017.03.22-07.19.36:008][803]LogSavePackage:Display: Finished SavePackage ../../../../../../Work/EAE/2nd Sem/Virtual Worlds/New folder/VirtualWorld/VirtualWorld/Content/Blueprint/Player_BP.uasset
[2017.03.22-07.19.37:449][866]LogTemp: Repeting last play command: Selected Viewport
[2017.03.22-07.19.37:465][866]LogBlueprintUserMessages: Early PlayInEditor Detection: Level '/Game/Map/Main.Main:PersistentLevel' has LevelScriptBlueprint '/Game/Map/Main.Main:PersistentLevel.Main' with GeneratedClass '/Game/Map/Main.Main_C' with ClassGeneratedBy '/Game/Map/Main.Main:PersistentLevel.Main'
[2017.03.22-07.19.37:465][866]LogPlayLevel: PlayLevel: No blueprints needed recompiling
[2017.03.22-07.19.37:465][866]PIE: New page: PIE session: Main (Mar 21, 2017, 7:19:37 PM)
[2017.03.22-07.19.37:465][866]LogPlayLevel: Creating play world package: /Game/Map/UEDPIE_0_Main
[2017.03.22-07.19.37:467][866]LogPlayLevel: PIE: StaticDuplicateObject took: (0.001950s)
[2017.03.22-07.19.37:467][866]LogAIModule: Creating AISystem for world Main
[2017.03.22-07.19.37:468][866]LogPlayLevel: PIE: World Init took: (0.000516s)
[2017.03.22-07.19.37:468][866]LogPlayLevel: PIE: Created PIE world by copying editor world from /Game/Map/Main.Main to /Game/Map/UEDPIE_0_Main.Main (0.002636s)
[2017.03.22-07.19.37:488][866]LogInit: XAudio2 using 'Speakers (Realtek High Definition Audio)' : 2 channels at 48 kHz using 32 bits per sample (channel mask 0x3)
[2017.03.22-07.19.37:498][866]LogInit: FAudioDevice initialized.
[2017.03.22-07.19.37:532][866]LogLoad: Game class is 'GameController_BP_C'
[2017.03.22-07.19.37:536][866]LogWorld: Bringing World /Game/Map/UEDPIE_0_Main.Main up for play (max tick rate 60) at 2017.03.22-01.19.37
[2017.03.22-07.19.37:537][866]LogWorld: Bringing up level for play took: 0.003845
[2017.03.22-07.19.37:539][866]PIE: Info Play in editor start time for /Game/Map/UEDPIE_0_Main 0.97
[2017.03.22-07.19.37:539][866]LogBlueprintUserMessages: Late PlayInEditor Detection: Level '/Game/Map/Main.Main:PersistentLevel' has LevelScriptBlueprint '/Game/Map/Main.Main:PersistentLevel.Main' with GeneratedClass '/Game/Map/Main.Main_C' with ClassGeneratedBy '/Game/Map/Main.Main:PersistentLevel.Main'
[2017.03.22-07.19.39:382][967]LogBlueprintUserMessages: Early EndPlayMap Detection: Level '/Game/Map/Main.Main:PersistentLevel' has LevelScriptBlueprint '/Game/Map/Main.Main:PersistentLevel.Main' with GeneratedClass '/Game/Map/Main.Main_C' with ClassGeneratedBy '/Game/Map/Main.Main:PersistentLevel.Main'
[2017.03.22-07.19.39:457][967]LogBlueprintUserMessages: Late EndPlayMap Detection: Level '/Game/Map/Main.Main:PersistentLevel' has LevelScriptBlueprint '/Game/Map/Main.Main:PersistentLevel.Main' with GeneratedClass '/Game/Map/Main.Main_C' with ClassGeneratedBy '/Game/Map/Main.Main:PersistentLevel.Main'
[2017.03.22-07.19.41:919][ 84]Cmd: TRANSACTION UNDO
[2017.03.22-07.19.41:932][ 84]LogEditorTransaction: Undo Modify Component(s)
[2017.03.22-07.19.42:533][106]Cmd: TRANSACTION UNDO
[2017.03.22-07.19.42:534][106]LogEditorTransaction: Undo Modify Component(s)
[2017.03.22-07.19.43:067][122]Cmd: TRANSACTION UNDO
[2017.03.22-07.19.43:067][122]LogEditorTransaction: Undo Move Actors
[2017.03.22-07.19.43:868][145]Cmd: TRANSACTION UNDO
[2017.03.22-07.19.43:868][145]LogEditorTransaction: Undo Move Actors
[2017.03.22-07.19.44:335][159]Cmd: TRANSACTION UNDO
[2017.03.22-07.19.44:335][159]LogEditorTransaction: Undo Move Actors
[2017.03.22-07.19.44:769][172]Cmd: TRANSACTION UNDO
[2017.03.22-07.19.44:769][172]LogEditorTransaction: Undo Move Actors
[2017.03.22-07.19.45:036][180]Cmd: TRANSACTION UNDO
[2017.03.22-07.19.45:036][180]LogEditorTransaction: Undo Move Actors
[2017.03.22-07.19.47:087][232]Cmd: OBJ SAVEPACKAGE PACKAGE="/Game/Blueprint/Player_BP" FILE="../../../../../../Work/EAE/2nd Sem/Virtual Worlds/New folder/VirtualWorld/VirtualWorld/Content/Blueprint/Player_BP.uasset" SILENT=true
[2017.03.22-07.19.47:145][232]LogSavePackage: Save=47.74ms
[2017.03.22-07.19.47:145][232]LogSavePackage: Moving '../../../../../../Work/EAE/2nd Sem/Virtual Worlds/New folder/VirtualWorld/VirtualWorld/Saved/Player_BP8E0B975C4AC3CCFA58CAEB86D4DE7B97.tmp' to '../../../../../../Work/EAE/2nd Sem/Virtual Worlds/New folder/VirtualWorld/VirtualWorld/Content/Blueprint/Player_BP.uasset'
[2017.03.22-07.19.47:151][232]LogSavePackage:Display: Finished SavePackage ../../../../../../Work/EAE/2nd Sem/Virtual Worlds/New folder/VirtualWorld/VirtualWorld/Content/Blueprint/Player_BP.uasset
[2017.03.22-07.21.14:742][661]LogSavePackage: Save=98.83ms
[2017.03.22-07.21.14:742][661]LogSavePackage: Moving '../../../../../../Work/EAE/2nd Sem/Virtual Worlds/New folder/VirtualWorld/VirtualWorld/Saved/MainF422189344BE2E52A46D8D9E4A8E1A5A.tmp' to '../../../../../../Work/EAE/2nd Sem/Virtual Worlds/New folder/VirtualWorld/VirtualWorld/Content/Map/Main.umap'
[2017.03.22-07.21.14:747][661]LogSavePackage:Display: Finished SavePackage ../../../../../../Work/EAE/2nd Sem/Virtual Worlds/New folder/VirtualWorld/VirtualWorld/Content/Map/Main.umap
[2017.03.22-07.21.14:785][661]LogFileHelpers: Saving map 'Main' took 0.228
[2017.03.22-07.21.14:934][661]LogActorComponent: UnregisterComponent: (/Engine/Transient.EditorFloorComp) Not registered. Aborting.
[2017.03.22-07.21.14:983][661]LogActorComponent: UnregisterComponent: (/Engine/Transient.EditorFloorComp) Not registered. Aborting.
[2017.03.22-07.21.15:236][662]Cmd: QUIT_EDITOR
[2017.03.22-07.21.15:830][662]LogWindowsTextInputMethodSystem:Display: IME system now deactivated.
[2017.03.22-07.21.15:858][662]LogExit: Preparing to exit.
[2017.03.22-07.21.16:652][662]LogDirectoryWatcher: A directory notification for 'C:/Work/EAE/2nd Sem/Virtual Worlds/New folder/VirtualWorld/VirtualWorld/Content/' was aborted.
[2017.03.22-07.21.16:682][662]LogExit: Editor shut down
[2017.03.22-07.21.16:682][662]LogExit: Transaction tracking system shut down
[2017.03.22-07.21.16:778][662]LogObj: Freed 0b from 0 cluster array pools.
[2017.03.22-07.21.16:778][662]LogExit: Object subsystem successfully closed.
[2017.03.22-07.21.16:791][662]LogD3D11RHI: Shutdown
[2017.03.22-07.21.16:791][662]LogD3D11RHI: CleanupD3DDevice
[2017.03.22-07.21.16:876][662]LogD3D11RHI: ~FD3D11DynamicRHI
[2017.03.22-07.21.17:027][662]LogHttp:Display: Http module shutting down, but needs to wait on 1 outstanding Http requests:
[2017.03.22-07.21.17:027][662]LogHttp:Display: 	verb=[POST] url=[https://datarouter.ol.epicgames.com/datarouter/api/v1/public/data?SessionID=%7B1FF91E3C-4DCB-2EF4-6FC8-49B226DB3C8E%7D&AppID=UEEditor.Rocket.Release&AppVersion=4.14.3-3249277%2B%2B%2BUE4%2BRelease-4.14&UserID=2007ea0449c77b785b93338fbe282799%7C212d209d3ab64bde90ec43b8f786d5e0%7Cb20de7de-9010-4b24-8267-a383ba51c528&AppEnvironment=datacollector-binary&UploadType=eteventstream] status=Processing
[2017.03.22-07.21.17:035][662]LogModuleManager: Shutting down and abandoning module MovieSceneCapture (246)
[2017.03.22-07.21.17:035][662]LogModuleManager: Shutting down and abandoning module BlueprintGraph (245)
[2017.03.22-07.21.17:035][662]LogModuleManager: Shutting down and abandoning module BlueprintProfiler (244)
[2017.03.22-07.21.17:060][662]LogModuleManager: Shutting down and abandoning module HierarchicalLODOutliner (243)
[2017.03.22-07.21.17:060][662]LogModuleManager: Shutting down and abandoning module CrashTracker (242)
[2017.03.22-07.21.17:060][662]LogModuleManager: Shutting down and abandoning module SceneOutliner (241)
[2017.03.22-07.21.17:060][662]LogModuleManager: Shutting down and abandoning module WidgetCarousel (240)
[2017.03.22-07.21.17:060][662]LogModuleManager: Shutting down and abandoning module AddContentDialog (239)
[2017.03.22-07.21.17:060][662]LogDirectoryWatcher: A directory notification for 'C:/Program Files/Epic Games/UE_4.14/FeaturePacks/' was aborted.
[2017.03.22-07.21.17:061][662]LogModuleManager: Shutting down and abandoning module GameplayTags (238)
[2017.03.22-07.21.17:061][662]LogModuleManager: Shutting down and abandoning module EditorWidgets (237)
[2017.03.22-07.21.17:061][662]LogModuleManager: Shutting down and abandoning module CollectionManager (236)
[2017.03.22-07.21.17:061][662]LogDirectoryWatcher: A directory notification for 'C:/Work/EAE/2nd Sem/Virtual Worlds/New folder/VirtualWorld/VirtualWorld/Content/Collections/' was aborted.
[2017.03.22-07.21.17:061][662]LogDirectoryWatcher: A directory notification for 'C:/Work/EAE/2nd Sem/Virtual Worlds/New folder/VirtualWorld/VirtualWorld/Content/Developers/AjaySathish/Collections/' was aborted.
[2017.03.22-07.21.17:061][662]LogDirectoryWatcher: A directory notification for 'C:/Work/EAE/2nd Sem/Virtual Worlds/New folder/VirtualWorld/VirtualWorld/Saved/Collections/' was aborted.
[2017.03.22-07.21.17:061][662]LogModuleManager: Shutting down and abandoning module StatsViewer (235)
[2017.03.22-07.21.17:061][662]LogModuleManager: Shutting down and abandoning module FoliageEdit (234)
[2017.03.22-07.21.17:061][662]LogModuleManager: Shutting down and abandoning module LandscapeEditor (233)
[2017.03.22-07.21.17:061][662]LogModuleManager: Shutting down and abandoning module SceneDepthPickerMode (232)
[2017.03.22-07.21.17:061][662]LogModuleManager: Shutting down and abandoning module ActorPickerMode (231)
[2017.03.22-07.21.17:061][662]LogModuleManager: Shutting down and abandoning module GeometryMode (230)
[2017.03.22-07.21.17:061][662]LogModuleManager: Shutting down and abandoning module TextureAlignMode (229)
[2017.03.22-07.21.17:061][662]LogModuleManager: Shutting down and abandoning module BspMode (228)
[2017.03.22-07.21.17:061][662]LogModuleManager: Shutting down and abandoning module HardwareSurvey (227)
[2017.03.22-07.21.17:061][662]LogModuleManager: Shutting down and abandoning module SequenceRecorderSections (226)
[2017.03.22-07.21.17:061][662]LogModuleManager: Shutting down and abandoning module AutomationWorker (225)
[2017.03.22-07.21.17:061][662]LogModuleManager: Shutting down and abandoning module MatineeToLevelSequence (224)
[2017.03.22-07.21.17:061][662]LogModuleManager: Shutting down and abandoning module PlacementMode (223)
[2017.03.22-07.21.17:061][662]LogModuleManager: Shutting down and abandoning module LevelSequenceEditor (222)
[2017.03.22-07.21.17:061][662]LogModuleManager: Shutting down and abandoning module WmfMediaFactory (221)
[2017.03.22-07.21.17:061][662]LogModuleManager: Shutting down and abandoning module WmfMediaEditor (220)
[2017.03.22-07.21.17:061][662]LogModuleManager: Shutting down and abandoning module AvfMediaFactory (219)
[2017.03.22-07.21.17:061][662]LogModuleManager: Shutting down and abandoning module AvfMediaEditor (218)
[2017.03.22-07.21.17:061][662]LogModuleManager: Shutting down and abandoning module Media (217)
[2017.03.22-07.21.17:061][662]LogModuleManager: Shutting down and abandoning module AndroidMediaFactory (216)
[2017.03.22-07.21.17:061][662]LogModuleManager: Shutting down and abandoning module AndroidMediaEditor (215)
[2017.03.22-07.21.17:061][662]LogModuleManager: Shutting down and abandoning module CharacterAI (214)
[2017.03.22-07.21.17:061][662]LogModuleManager: Shutting down and abandoning module SequenceRecorder (213)
[2017.03.22-07.21.17:061][662]LogModuleManager: Shutting down and abandoning module AudioCapture (212)
[2017.03.22-07.21.17:061][662]LogModuleManager: Shutting down and abandoning module SmartSnapping (211)
[2017.03.22-07.21.17:061][662]LogModuleManager: Shutting down and abandoning module SessionServices (210)
[2017.03.22-07.21.17:061][662]LogModuleManager: Shutting down and abandoning module ViewportSnapping (209)
[2017.03.22-07.21.17:061][662]LogModuleManager: Shutting down and abandoning module ViewportInteraction (208)
[2017.03.22-07.21.17:061][662]LogModuleManager: Shutting down and abandoning module LogVisualizer (207)
[2017.03.22-07.21.17:061][662]LogModuleManager: Shutting down and abandoning module GameProjectGeneration (206)
[2017.03.22-07.21.17:061][662]LogModuleManager: Shutting down and abandoning module IntroTutorials (205)
[2017.03.22-07.21.17:061][662]LogModuleManager: Shutting down and abandoning module EditorLiveStreaming (204)
[2017.03.22-07.21.17:061][662]LogModuleManager: Shutting down and abandoning module IOSPlatformEditor (203)
[2017.03.22-07.21.17:061][662]LogModuleManager: Shutting down and abandoning module HTML5PlatformEditor (202)
[2017.03.22-07.21.17:061][662]LogModuleManager: Shutting down and abandoning module AndroidDeviceDetection (201)
[2017.03.22-07.21.17:155][662]LogModuleManager: Shutting down and abandoning module AndroidPlatformEditor (200)
[2017.03.22-07.21.17:155][662]LogModuleManager: Shutting down and abandoning module IOSRuntimeSettings (199)
[2017.03.22-07.21.17:155][662]LogModuleManager: Shutting down and abandoning module AndroidRuntimeSettings (198)
[2017.03.22-07.21.17:155][662]LogModuleManager: Shutting down and abandoning module InputBindingEditor (197)
[2017.03.22-07.21.17:155][662]LogModuleManager: Shutting down and abandoning module NiagaraEditor (196)
[2017.03.22-07.21.17:155][662]LogModuleManager: Shutting down and abandoning module MergeActors (195)
[2017.03.22-07.21.17:155][662]LogModuleManager: Shutting down and abandoning module SizeMap (194)
[2017.03.22-07.21.17:155][662]LogModuleManager: Shutting down and abandoning module TreeMap (193)
[2017.03.22-07.21.17:155][662]LogModuleManager: Shutting down and abandoning module ReferenceViewer (192)
[2017.03.22-07.21.17:155][662]LogModuleManager: Shutting down and abandoning module LocalizationService (191)
[2017.03.22-07.21.17:155][662]LogModuleManager: Shutting down and abandoning module LocalizationDashboard (190)
[2017.03.22-07.21.17:156][662]LogModuleManager: Shutting down and abandoning module HardwareTargeting (189)
[2017.03.22-07.21.17:156][662]LogModuleManager: Shutting down and abandoning module DeviceProfileEditor (188)
[2017.03.22-07.21.17:156][662]LogModuleManager: Shutting down and abandoning module UndoHistory (187)
[2017.03.22-07.21.17:156][662]LogModuleManager: Shutting down and abandoning module UserFeedback (186)
[2017.03.22-07.21.17:156][662]LogModuleManager: Shutting down and abandoning module XmlParser (185)
[2017.03.22-07.21.17:156][662]LogModuleManager: Shutting down and abandoning module Blutility (184)
[2017.03.22-07.21.17:156][662]LogModuleManager: Shutting down and abandoning module ProjectTargetPlatformEditor (183)
[2017.03.22-07.21.17:156][662]LogModuleManager: Shutting down and abandoning module ProjectSettingsViewer (182)
[2017.03.22-07.21.17:156][662]LogModuleManager: Shutting down and abandoning module EditorSettingsViewer (181)
[2017.03.22-07.21.17:156][662]LogModuleManager: Shutting down and abandoning module SettingsEditor (180)
[2017.03.22-07.21.17:156][662]LogModuleManager: Shutting down and abandoning module ProjectLauncher (179)
[2017.03.22-07.21.17:156][662]LogModuleManager: Shutting down and abandoning module SessionFrontend (178)
[2017.03.22-07.21.17:156][662]LogModuleManager: Shutting down and abandoning module ProfilerClient (177)
[2017.03.22-07.21.17:156][662]LogModuleManager: Shutting down and abandoning module TargetDeviceServices (176)
[2017.03.22-07.21.17:156][662]LogModuleManager: Shutting down and abandoning module DeviceManager (175)
[2017.03.22-07.21.17:208][662]LogModuleManager: Shutting down and abandoning module AutomationController (174)
[2017.03.22-07.21.17:208][662]LogModuleManager: Shutting down and abandoning module AutomationWindow (173)
[2017.03.22-07.21.17:208][662]LogModuleManager: Shutting down and abandoning module Layers (172)
[2017.03.22-07.21.17:208][662]LogModuleManager: Shutting down and abandoning module ComponentVisualizers (171)
[2017.03.22-07.21.17:208][662]LogModuleManager: Shutting down and abandoning module DetailCustomizations (170)
[2017.03.22-07.21.17:208][662]LogModuleManager: Shutting down and abandoning module PackagesDialog (169)
[2017.03.22-07.21.17:208][662]LogModuleManager: Shutting down and abandoning module AnimGraph (168)
[2017.03.22-07.21.17:208][662]LogModuleManager: Shutting down and abandoning module Persona (167)
[2017.03.22-07.21.17:208][662]LogModuleManager: Shutting down and abandoning module Kismet (166)
[2017.03.22-07.21.17:214][662]LogModuleManager: Shutting down and abandoning module GraphEditor (165)
[2017.03.22-07.21.17:215][662]LogModuleManager: Shutting down and abandoning module ClassViewer (164)
[2017.03.22-07.21.17:216][662]LogModuleManager: Shutting down and abandoning module Toolbox (163)
[2017.03.22-07.21.17:216][662]LogModuleManager: Shutting down and abandoning module ModuleUI (162)
[2017.03.22-07.21.17:216][662]LogModuleManager: Shutting down and abandoning module MovieSceneTools (161)
[2017.03.22-07.21.17:216][662]LogModuleManager: Shutting down and abandoning module OutputLog (160)
[2017.03.22-07.21.17:216][662]LogModuleManager: Shutting down and abandoning module GammaUI (159)
[2017.03.22-07.21.17:216][662]LogModuleManager: Shutting down and abandoning module Documentation (158)
[2017.03.22-07.21.17:216][662]LogModuleManager: Shutting down and abandoning module Niagara (157)
[2017.03.22-07.21.17:216][662]LogModuleManager: Shutting down and abandoning module StreamingPauseRendering (156)
[2017.03.22-07.21.17:216][662]LogModuleManager: Shutting down and abandoning module AnalyticsET (155)
[2017.03.22-07.21.17:216][662]LogModuleManager: Shutting down and abandoning module PortalServices (154)
[2017.03.22-07.21.17:216][662]LogModuleManager: Shutting down and abandoning module PortalRpc (153)
[2017.03.22-07.21.17:216][662]LogModuleManager: Shutting down and abandoning module MessagingRpc (152)
[2017.03.22-07.21.17:216][662]LogModuleManager: Shutting down and abandoning module GameplayDebugger (151)
[2017.03.22-07.21.17:216][662]LogModuleManager: Shutting down and abandoning module AITestSuite (150)
[2017.03.22-07.21.17:216][662]LogModuleManager: Shutting down and abandoning module AIModule (149)
[2017.03.22-07.21.17:216][662]LogModuleManager: Shutting down and abandoning module ProfilerService (148)
[2017.03.22-07.21.17:276][662]LogModuleManager: Shutting down and abandoning module TaskGraph (147)
[2017.03.22-07.21.17:276][662]LogModuleManager: Shutting down and abandoning module SubstanceEditor (146)
[2017.03.22-07.21.17:276][662]LogModuleManager: Shutting down and abandoning module SlateRemote (145)
[2017.03.22-07.21.17:276][662]LogModuleManager: Shutting down and abandoning module SteamVRController (144)
[2017.03.22-07.21.17:276][662]LogModuleManager: Shutting down and abandoning module SteamVR (143)
[2017.03.22-07.21.17:276][662]LogModuleManager: Shutting down and abandoning module ProceduralMeshComponentEditor (142)
[2017.03.22-07.21.17:276][662]LogModuleManager: Shutting down and abandoning module ProceduralMeshComponent (141)
[2017.03.22-07.21.17:276][662]LogModuleManager: Shutting down and abandoning module OculusLibrary (140)
[2017.03.22-07.21.17:276][662]LogModuleManager: Shutting down and abandoning module OculusInput (139)
[2017.03.22-07.21.17:276][662]LogModuleManager: Shutting down and abandoning module MobilePatchingUtils (138)
[2017.03.22-07.21.17:276][662]LogModuleManager: Shutting down and abandoning module CustomMeshComponent (137)
[2017.03.22-07.21.17:276][662]LogModuleManager: Shutting down and abandoning module CableComponent (136)
[2017.03.22-07.21.17:276][662]LogModuleManager: Shutting down and abandoning module ArchVisCharacter (135)
[2017.03.22-07.21.17:276][662]LogModuleManager: Shutting down and abandoning module MediaPlayerEditor (133)
[2017.03.22-07.21.17:276][662]LogModuleManager: Shutting down and abandoning module HTML5Networking (132)
[2017.03.22-07.21.17:276][662]LogModuleManager: Shutting down and abandoning module GeometryCacheEd (131)
[2017.03.22-07.21.17:276][662]LogModuleManager: Shutting down and abandoning module GeometryCache (130)
[2017.03.22-07.21.17:276][662]LogModuleManager: Shutting down and abandoning module AlembicLibrary (129)
[2017.03.22-07.21.17:276][662]LogModuleManager: Shutting down and abandoning module AlembicImporter (128)
[2017.03.22-07.21.17:276][662]LogModuleManager: Shutting down and abandoning module SuperSearch (127)
[2017.03.22-07.21.17:276][662]LogModuleManager: Shutting down and abandoning module SuperSearchEditor (126)
[2017.03.22-07.21.17:276][662]LogModuleManager: Shutting down and abandoning module SpeedTreeImporter (125)
[2017.03.22-07.21.17:276][662]LogModuleManager: Shutting down and abandoning module PluginBrowser (124)
[2017.03.22-07.21.17:276][662]LogModuleManager: Shutting down and abandoning module MobileLauncherProfileWizard (123)
[2017.03.22-07.21.17:276][662]LogModuleManager: Shutting down and abandoning module EpicSurvey (122)
[2017.03.22-07.21.17:276][662]LogModuleManager: Shutting down and abandoning module DesktopPlatform (121)
[2017.03.22-07.21.17:276][662]LogModuleManager: Shutting down and abandoning module VisualStudioSourceCodeAccess (120)
[2017.03.22-07.21.17:276][662]LogModuleManager: Shutting down and abandoning module UObjectPlugin (119)
[2017.03.22-07.21.17:276][662]LogModuleManager: Shutting down and abandoning module SubversionSourceControl (118)
[2017.03.22-07.21.17:276][662]LogModuleManager: Shutting down and abandoning module PerforceSourceControl (117)
[2017.03.22-07.21.17:276][662]LogModuleManager: Shutting down and abandoning module SourceControl (116)
[2017.03.22-07.21.17:276][662]LogModuleManager: Shutting down and abandoning module GitSourceControl (115)
[2017.03.22-07.21.17:276][662]LogModuleManager: Shutting down and abandoning module LightPropagationVolumeEditor (114)
[2017.03.22-07.21.17:276][662]LogModuleManager: Shutting down and abandoning module PaperTiledImporter (113)
[2017.03.22-07.21.17:276][662]LogModuleManager: Shutting down and abandoning module PaperSpriteSheetImporter (112)
[2017.03.22-07.21.17:276][662]LogModuleManager: Shutting down and abandoning module MeshPaint (111)
[2017.03.22-07.21.17:276][662]LogModuleManager: Shutting down and abandoning module PixelInspectorModule (110)
[2017.03.22-07.21.17:276][662]LogModuleManager: Shutting down and abandoning module HotReload (109)
[2017.03.22-07.21.17:277][662]LogModuleManager: Shutting down and abandoning module MainFrame (108)
[2017.03.22-07.21.17:277][662]LogModuleManager: Shutting down and abandoning module LevelEditor (107)
[2017.03.22-07.21.17:277][662]LogModuleManager: Shutting down and abandoning module ContentBrowser (106)
[2017.03.22-07.21.17:278][662]LogModuleManager: Shutting down and abandoning module Paper2DEditor (105)
[2017.03.22-07.21.17:278][662]LogModuleManager: Shutting down and abandoning module UdpMessaging (104)
[2017.03.22-07.21.17:379][662]LogModuleManager: Shutting down and abandoning module TcpMessaging (103)
[2017.03.22-07.21.17:486][662]LogModuleManager: Shutting down and abandoning module SubstanceCore (102)
[2017.03.22-07.21.17:486][662]LogModuleManager: Shutting down and abandoning module LightPropagationVolumeRuntime (101)
[2017.03.22-07.21.17:486][662]LogModuleManager: Shutting down and abandoning module Paper2D (100)
[2017.03.22-07.21.17:486][662]LogModuleManager: Shutting down and abandoning module WindowsMoviePlayer (99)
[2017.03.22-07.21.17:486][662]LogModuleManager: Shutting down and abandoning module WmfMedia (98)
[2017.03.22-07.21.17:487][662]LogModuleManager: Shutting down and abandoning module MediaAssets (97)
[2017.03.22-07.21.17:487][662]LogModuleManager: Shutting down and abandoning module GameLiveStreaming (96)
[2017.03.22-07.21.17:487][662]LogModuleManager: Shutting down and abandoning module GameplayTagsEditor (95)
[2017.03.22-07.21.17:487][662]LogModuleManager: Shutting down and abandoning module VREditor (94)
[2017.03.22-07.21.17:487][662]LogModuleManager: Shutting down and abandoning module GameplayTasksEditor (93)
[2017.03.22-07.21.17:487][662]LogModuleManager: Shutting down and abandoning module BehaviorTreeEditor (92)
[2017.03.22-07.21.17:487][662]LogModuleManager: Shutting down and abandoning module FunctionalTesting (91)
[2017.03.22-07.21.17:487][662]LogModuleManager: Shutting down and abandoning module CollisionAnalyzer (90)
[2017.03.22-07.21.17:487][662]LogModuleManager: Shutting down and abandoning module Sequencer (89)
[2017.03.22-07.21.17:487][662]LogModuleManager: Shutting down and abandoning module WorkspaceMenuStructure (88)
[2017.03.22-07.21.17:487][662]LogModuleManager: Shutting down and abandoning module MessageLog (87)
[2017.03.22-07.21.17:487][662]LogModuleManager: Shutting down and abandoning module AssetTools (86)
[2017.03.22-07.21.17:487][662]LogModuleManager: Shutting down and abandoning module UMGEditor (85)
[2017.03.22-07.21.17:487][662]LogModuleManager: Shutting down and abandoning module UMG (84)
[2017.03.22-07.21.17:487][662]LogModuleManager: Shutting down and abandoning module SlateReflector (83)
[2017.03.22-07.21.17:487][662]LogModuleManager: Shutting down and abandoning module Slate (82)
[2017.03.22-07.21.17:487][662]LogModuleManager: Shutting down and abandoning module EditorStyle (81)
[2017.03.22-07.21.17:490][662]LogModuleManager: Shutting down and abandoning module SourceCodeAccess (80)
[2017.03.22-07.21.17:490][662]LogModuleManager: Shutting down and abandoning module HeadMountedDisplay (79)
[2017.03.22-07.21.17:490][662]LogModuleManager: Shutting down and abandoning module XAudio2 (78)
[2017.03.22-07.21.17:490][662]LogModuleManager: Shutting down and abandoning module Networking (76)
[2017.03.22-07.21.17:490][662]LogModuleManager: Shutting down and abandoning module Core (75)
[2017.03.22-07.21.17:490][662]LogModuleManager: Shutting down and abandoning module DirectoryWatcher (74)
[2017.03.22-07.21.17:490][662]LogDirectoryWatcher: A directory notification for '../../../Engine/Content/' was aborted.
[2017.03.22-07.21.17:490][662]LogDirectoryWatcher: A directory notification for '../../../../../../Work/EAE/2nd Sem/Virtual Worlds/New folder/VirtualWorld/VirtualWorld/Content/' was aborted.
[2017.03.22-07.21.17:490][662]LogDirectoryWatcher: A directory notification for '../../../Engine/Plugins/2D/Paper2D/Content/' was aborted.
[2017.03.22-07.21.17:490][662]LogModuleManager: Shutting down and abandoning module AssetRegistry (73)
[2017.03.22-07.21.17:714][662]LogModuleManager: Shutting down and abandoning module KismetCompiler (72)
[2017.03.22-07.21.17:714][662]LogModuleManager: Shutting down and abandoning module PhysXFormats (71)
[2017.03.22-07.21.17:714][662]LogModuleManager: Shutting down and abandoning module SimplygonSwarm (70)
[2017.03.22-07.21.17:714][662]LogModuleManager: Shutting down and abandoning module SimplygonMeshReduction (69)
[2017.03.22-07.21.17:714][662]LogModuleManager: Shutting down and abandoning module QuadricMeshReduction (68)
[2017.03.22-07.21.17:714][662]LogModuleManager: Shutting down and abandoning module PropertyEditor (67)
[2017.03.22-07.21.17:714][662]LogModuleManager: Shutting down and abandoning module MeshUtilities (66)
[2017.03.22-07.21.17:715][662]LogModuleManager: Shutting down and abandoning module DerivedDataCache (65)
[2017.03.22-07.21.17:743][662]LogDerivedDataCache: Shutdown
[2017.03.22-07.21.17:743][662]LogModuleManager: Shutting down and abandoning module VulkanShaderFormat (64)
[2017.03.22-07.21.17:743][662]LogModuleManager: Shutting down and abandoning module ShaderFormatOpenGL (63)
[2017.03.22-07.21.17:743][662]LogModuleManager: Shutting down and abandoning module ShaderFormatD3D (62)
[2017.03.22-07.21.17:743][662]LogModuleManager: Shutting down and abandoning module MetalShaderFormat (61)
[2017.03.22-07.21.17:743][662]LogModuleManager: Shutting down and abandoning module TextureFormatUncompressed (60)
[2017.03.22-07.21.17:743][662]LogModuleManager: Shutting down and abandoning module TextureFormatPVR (59)
[2017.03.22-07.21.17:743][662]LogModuleManager: Shutting down and abandoning module TextureFormatDXT (58)
[2017.03.22-07.21.17:743][662]LogModuleManager: Shutting down and abandoning module TextureFormatIntelISPCTexComp (57)
[2017.03.22-07.21.17:743][662]LogModuleManager: Shutting down and abandoning module ImageWrapper (56)
[2017.03.22-07.21.17:743][662]LogModuleManager: Shutting down and abandoning module TextureFormatASTC (55)
[2017.03.22-07.21.17:743][662]LogModuleManager: Shutting down and abandoning module TextureFormatAndroid (54)
[2017.03.22-07.21.17:743][662]LogModuleManager: Shutting down and abandoning module AudioFormatOpus (53)
[2017.03.22-07.21.17:743][662]LogModuleManager: Shutting down and abandoning module AudioFormatOgg (52)
[2017.03.22-07.21.17:743][662]LogModuleManager: Shutting down and abandoning module AudioFormatADPCM (51)
[2017.03.22-07.21.17:743][662]LogModuleManager: Shutting down and abandoning module LinuxTargetPlatform (50)
[2017.03.22-07.21.17:743][662]LogModuleManager: Shutting down and abandoning module LinuxServerTargetPlatform (49)
[2017.03.22-07.21.17:744][662]LogModuleManager: Shutting down and abandoning module LinuxNoEditorTargetPlatform (48)
[2017.03.22-07.21.17:744][662]LogModuleManager: Shutting down and abandoning module LinuxClientTargetPlatform (47)
[2017.03.22-07.21.17:744][662]LogModuleManager: Shutting down and abandoning module TVOSTargetPlatform (46)
[2017.03.22-07.21.17:744][662]LogModuleManager: Shutting down and abandoning module Messaging (45)
[2017.03.22-07.21.17:744][662]LogModuleManager: Shutting down and abandoning module IOSTargetPlatform (44)
[2017.03.22-07.21.17:744][662]LogModuleManager: Shutting down and abandoning module HTML5TargetPlatform (43)
[2017.03.22-07.21.17:744][662]LogModuleManager: Shutting down and abandoning module Android_PVRTCTargetPlatform (42)
[2017.03.22-07.21.17:744][662]LogModuleManager: Shutting down and abandoning module Android_MultiTargetPlatform (41)
[2017.03.22-07.21.17:744][662]LogModuleManager: Shutting down and abandoning module Android_ETC2TargetPlatform (40)
[2017.03.22-07.21.17:744][662]LogModuleManager: Shutting down and abandoning module Android_ETC1TargetPlatform (39)
[2017.03.22-07.21.17:744][662]LogModuleManager: Shutting down and abandoning module Android_DXTTargetPlatform (38)
[2017.03.22-07.21.17:744][662]LogModuleManager: Shutting down and abandoning module Android_ATCTargetPlatform (37)
[2017.03.22-07.21.17:744][662]LogModuleManager: Shutting down and abandoning module Android_ASTCTargetPlatform (36)
[2017.03.22-07.21.17:744][662]LogModuleManager: Shutting down and abandoning module AndroidTargetPlatform (35)
[2017.03.22-07.21.17:744][662]LogModuleManager: Shutting down and abandoning module WindowsTargetPlatform (34)
[2017.03.22-07.21.17:744][662]LogModuleManager: Shutting down and abandoning module WindowsServerTargetPlatform (33)
[2017.03.22-07.21.17:744][662]LogModuleManager: Shutting down and abandoning module WindowsNoEditorTargetPlatform (32)
[2017.03.22-07.21.17:744][662]LogModuleManager: Shutting down and abandoning module WindowsClientTargetPlatform (31)
[2017.03.22-07.21.17:744][662]LogModuleManager: Shutting down and abandoning module MacTargetPlatform (30)
[2017.03.22-07.21.17:744][662]LogModuleManager: Shutting down and abandoning module MacServerTargetPlatform (29)
[2017.03.22-07.21.17:744][662]LogModuleManager: Shutting down and abandoning module MacNoEditorTargetPlatform (28)
[2017.03.22-07.21.17:744][662]LogModuleManager: Shutting down and abandoning module MacClientTargetPlatform (27)
[2017.03.22-07.21.17:744][662]LogModuleManager: Shutting down and abandoning module AllDesktopTargetPlatform (26)
[2017.03.22-07.21.17:744][662]LogModuleManager: Shutting down and abandoning module TargetPlatform (25)
[2017.03.22-07.21.17:744][662]LogModuleManager: Shutting down and abandoning module InputCore (24)
[2017.03.22-07.21.17:744][662]LogModuleManager: Shutting down and abandoning module Settings (23)
[2017.03.22-07.21.17:744][662]LogModuleManager: Shutting down and abandoning module OculusRift (22)
[2017.03.22-07.21.17:744][662]LogModuleManager: Shutting down and abandoning module ExampleDeviceProfileSelector (21)
[2017.03.22-07.21.17:744][662]LogModuleManager: Shutting down and abandoning module OnlineBlueprintSupport (20)
[2017.03.22-07.21.17:744][662]LogModuleManager: Shutting down and abandoning module OnlineSubsystem (18)
[2017.03.22-07.21.17:744][662]LogOnline:Display: Unloading online subsystem: NULL
[2017.03.22-07.21.17:744][662]LogModuleManager: Shutting down and abandoning module SSL (17)
[2017.03.22-07.21.17:745][662]LogModuleManager: Shutting down and abandoning module HTTP (16)
[2017.03.22-07.21.17:745][662]LogModuleManager: Shutting down and abandoning module XMPP (15)
[2017.03.22-07.21.17:745][662]LogModuleManager: Shutting down and abandoning module TextureCompressor (14)
[2017.03.22-07.21.17:745][662]LogModuleManager: Shutting down and abandoning module ShaderCore (13)
[2017.03.22-07.21.17:745][662]LogModuleManager: Shutting down and abandoning module Landscape (12)
[2017.03.22-07.21.17:745][662]LogModuleManager: Shutting down and abandoning module SlateRHIRenderer (11)
[2017.03.22-07.21.17:747][662]LogModuleManager: Shutting down and abandoning module OpenGLDrv (10)
[2017.03.22-07.21.17:747][662]LogModuleManager: Shutting down and abandoning module D3D11RHI (9)
[2017.03.22-07.21.17:747][662]LogModuleManager: Shutting down and abandoning module AnimGraphRuntime (8)
[2017.03.22-07.21.17:747][662]LogModuleManager: Shutting down and abandoning module Renderer (7)
[2017.03.22-07.21.17:747][662]LogModuleManager: Shutting down and abandoning module Engine (6)
[2017.03.22-07.21.17:747][662]LogModuleManager: Shutting down and abandoning module CoreUObject (5)
[2017.03.22-07.21.17:747][662]LogModuleManager: Shutting down and abandoning module NetworkFile (4)
[2017.03.22-07.21.17:747][662]LogModuleManager: Shutting down and abandoning module StreamingFile (3)
[2017.03.22-07.21.17:747][662]LogModuleManager: Shutting down and abandoning module SandboxFile (2)
[2017.03.22-07.21.17:747][662]LogModuleManager: Shutting down and abandoning module PakFile (1)
[2017.03.22-07.21.17:749][662]LogExit: Exiting.
[2017.03.22-07.21.17:761][662]Log file closed, 03/22/17 01:21:17
