Log file open, 03/09/17 02:15:55
LogInit:Display: Running engine for game: VirtualWorldScroller
LogPlatformFile: Not using cached read wrapper
LogInit:Display: RandInit(1187969821) SRandInit(1187969821).
LogTaskGraph: Started task graph with 5 named threads and 8 total threads with 1 sets of task threads.
LogStats: Stats thread started at 0.075081
LogPluginManager: Loaded Plugin Paper2D, From C:/Program Files/Epic Games/4.14/Engine/Plugins/2D/Paper2D/Paper2D.uplugin
LogPluginManager: Loaded Plugin LightPropagationVolume, From C:/Program Files/Epic Games/4.14/Engine/Plugins/Blendables/LightPropagationVolume/LightPropagationVolume.uplugin
LogPluginManager: Loaded Plugin BlankPlugin, From C:/Program Files/Epic Games/4.14/Engine/Plugins/Developer/BlankPlugin/BlankPlugin.uplugin
LogPluginManager: Loaded Plugin CodeLiteSourceCodeAccess, From C:/Program Files/Epic Games/4.14/Engine/Plugins/Developer/CodeLiteSourceCodeAccess/CodeLiteSourceCodeAccess.uplugin
LogPluginManager: Loaded Plugin GitSourceControl, From C:/Program Files/Epic Games/4.14/Engine/Plugins/Developer/GitSourceControl/GitSourceControl.uplugin
LogPluginManager: Loaded Plugin KDevelopSourceCodeAccess, From C:/Program Files/Epic Games/4.14/Engine/Plugins/Developer/KDevelopSourceCodeAccess/KDevelopSourceCodeAccess.uplugin
LogPluginManager: Loaded Plugin NullSourceCodeAccess, From C:/Program Files/Epic Games/4.14/Engine/Plugins/Developer/NullSourceCodeAccess/NullSourceCodeAccess.uplugin
LogPluginManager: Loaded Plugin OneSkyLocalizationService, From C:/Program Files/Epic Games/4.14/Engine/Plugins/Developer/OneSkyLocalizationService/OneSkyLocalizationService.uplugin
LogPluginManager: Loaded Plugin PerforceSourceControl, From C:/Program Files/Epic Games/4.14/Engine/Plugins/Developer/PerforceSourceControl/PerforceSourceControl.uplugin
LogPluginManager: Loaded Plugin SubversionSourceControl, From C:/Program Files/Epic Games/4.14/Engine/Plugins/Developer/SubversionSourceControl/SubversionSourceControl.uplugin
LogPluginManager: Loaded Plugin UObjectPlugin, From C:/Program Files/Epic Games/4.14/Engine/Plugins/Developer/UObjectPlugin/UObjectPlugin.uplugin
LogPluginManager: Loaded Plugin VisualStudioSourceCodeAccess, From C:/Program Files/Epic Games/4.14/Engine/Plugins/Developer/VisualStudioSourceCodeAccess/VisualStudioSourceCodeAccess.uplugin
LogPluginManager: Loaded Plugin XCodeSourceCodeAccess, From C:/Program Files/Epic Games/4.14/Engine/Plugins/Developer/XCodeSourceCodeAccess/XCodeSourceCodeAccess.uplugin
LogPluginManager: Loaded Plugin AudioCapture, From C:/Program Files/Epic Games/4.14/Engine/Plugins/Editor/AudioCapture/AudioCapture.uplugin
LogPluginManager: Loaded Plugin EpicSurvey, From C:/Program Files/Epic Games/4.14/Engine/Plugins/Editor/EpicSurvey/EpicSurvey.uplugin
LogPluginManager: Loaded Plugin MacGraphicsSwitching, From C:/Program Files/Epic Games/4.14/Engine/Plugins/Editor/MacGraphicsSwitching/MacGraphicsSwitching.uplugin
LogPluginManager: Loaded Plugin MobileLauncherProfileWizard, From C:/Program Files/Epic Games/4.14/Engine/Plugins/Editor/MobileLauncherProfileWizard/MobileLauncherProfileWizard.uplugin
LogPluginManager: Loaded Plugin PluginBrowser, From C:/Program Files/Epic Games/4.14/Engine/Plugins/Editor/PluginBrowser/PluginBrowser.uplugin
LogPluginManager: Loaded Plugin SpeedTreeImporter, From C:/Program Files/Epic Games/4.14/Engine/Plugins/Editor/SpeedTreeImporter/SpeedTreeImporter.uplugin
LogPluginManager: Loaded Plugin SuperSearchEditor, From C:/Program Files/Epic Games/4.14/Engine/Plugins/Editor/SuperSearchEditor/SuperSearchEditor.uplugin
LogPluginManager: Loaded Plugin AlembicImporter, From C:/Program Files/Epic Games/4.14/Engine/Plugins/Experimental/AlembicImporter/AlembicImporter.uplugin
LogPluginManager: Loaded Plugin BlueprintStats, From C:/Program Files/Epic Games/4.14/Engine/Plugins/Experimental/BlueprintStats/BlueprintStats.uplugin
LogPluginManager: Loaded Plugin CharacterAI, From C:/Program Files/Epic Games/4.14/Engine/Plugins/Experimental/CharacterAI/CharacterAI.uplugin
LogPluginManager: Loaded Plugin CodeEditor, From C:/Program Files/Epic Games/4.14/Engine/Plugins/Experimental/CodeEditor/CodeEditor.uplugin
LogPluginManager: Loaded Plugin CodeView, From C:/Program Files/Epic Games/4.14/Engine/Plugins/Experimental/CodeView/CodeView.uplugin
LogPluginManager: Loaded Plugin HTML5Networking, From C:/Program Files/Epic Games/4.14/Engine/Plugins/Experimental/HTML5Networking/HTML5Networking.uplugin
LogPluginManager: Loaded Plugin OSVR, From C:/Program Files/Epic Games/4.14/Engine/Plugins/Experimental/OSVR/OSVR.uplugin
LogPluginManager: Loaded Plugin Phya, From C:/Program Files/Epic Games/4.14/Engine/Plugins/Experimental/Phya/Phya.uplugin
LogPluginManager: Loaded Plugin SignificanceManager, From C:/Program Files/Epic Games/4.14/Engine/Plugins/Experimental/SignificanceManager/SignificanceManager.uplugin
LogPluginManager: Loaded Plugin SimpleHMD, From C:/Program Files/Epic Games/4.14/Engine/Plugins/Experimental/SimpleHMD/SimpleHMD.uplugin
LogPluginManager: Loaded Plugin StereoPanorama, From C:/Program Files/Epic Games/4.14/Engine/Plugins/Experimental/StereoPanorama/StereoPanorama.uplugin
LogPluginManager: Loaded Plugin StructBox, From C:/Program Files/Epic Games/4.14/Engine/Plugins/Experimental/StructBox/StructBox.uplugin
LogPluginManager: Loaded Plugin Substance, From C:/Program Files/Epic Games/4.14/Engine/Plugins/Marketplace/Substance/Substance.uplugin
LogPluginManager: Loaded Plugin AndroidMedia, From C:/Program Files/Epic Games/4.14/Engine/Plugins/Media/AndroidMedia/AndroidMedia.uplugin
LogPluginManager: Loaded Plugin AvfMedia, From C:/Program Files/Epic Games/4.14/Engine/Plugins/Media/AvfMedia/AvfMedia.uplugin
LogPluginManager: Loaded Plugin MediaPlayerEditor, From C:/Program Files/Epic Games/4.14/Engine/Plugins/Media/MediaPlayerEditor/MediaPlayerEditor.uplugin
LogPluginManager: Loaded Plugin WmfMedia, From C:/Program Files/Epic Games/4.14/Engine/Plugins/Media/WmfMedia/WmfMedia.uplugin
LogPluginManager: Loaded Plugin MessagingDebugger, From C:/Program Files/Epic Games/4.14/Engine/Plugins/Messaging/MessagingDebugger/MessagingDebugger.uplugin
LogPluginManager: Loaded Plugin TcpMessaging, From C:/Program Files/Epic Games/4.14/Engine/Plugins/Messaging/TcpMessaging/TcpMessaging.uplugin
LogPluginManager: Loaded Plugin UdpMessaging, From C:/Program Files/Epic Games/4.14/Engine/Plugins/Messaging/UdpMessaging/UdpMessaging.uplugin
LogPluginManager: Loaded Plugin LevelSequenceEditor, From C:/Program Files/Epic Games/4.14/Engine/Plugins/MovieScene/LevelSequenceEditor/LevelSequenceEditor.uplugin
LogPluginManager: Loaded Plugin MatineeToLevelSequence, From C:/Program Files/Epic Games/4.14/Engine/Plugins/MovieScene/MatineeToLevelSequence/MatineeToLevelSequence.uplugin
LogPluginManager: Loaded Plugin NetcodeUnitTest, From C:/Program Files/Epic Games/4.14/Engine/Plugins/NetcodeUnitTest/NetcodeUnitTest/NetcodeUnitTest.uplugin
LogPluginManager: Loaded Plugin NUTUnrealEngine4, From C:/Program Files/Epic Games/4.14/Engine/Plugins/NetcodeUnitTest/NUTUnrealEngine4/NUTUnrealEngine4.uplugin
LogPluginManager: Loaded Plugin OnlineSubsystemGameCircle, From C:/Program Files/Epic Games/4.14/Engine/Plugins/Online/Android/OnlineSubsystemGameCircle/OnlineSubsystemGameCircle.uplugin
LogPluginManager: Loaded Plugin OnlineSubsystemGooglePlay, From C:/Program Files/Epic Games/4.14/Engine/Plugins/Online/Android/OnlineSubsystemGooglePlay/OnlineSubsystemGooglePlay.uplugin
LogPluginManager: Loaded Plugin OnlineSubsystemIOS, From C:/Program Files/Epic Games/4.14/Engine/Plugins/Online/IOS/OnlineSubsystemIOS/OnlineSubsystemIOS.uplugin
LogPluginManager: Loaded Plugin OnlineFramework, From C:/Program Files/Epic Games/4.14/Engine/Plugins/Online/OnlineFramework/OnlineFramework.uplugin
LogPluginManager: Loaded Plugin OnlineSubsystem, From C:/Program Files/Epic Games/4.14/Engine/Plugins/Online/OnlineSubsystem/OnlineSubsystem.uplugin
LogPluginManager: Loaded Plugin OnlineSubsystemAmazon, From C:/Program Files/Epic Games/4.14/Engine/Plugins/Online/OnlineSubsystemAmazon/OnlineSubsystemAmazon.uplugin
LogPluginManager: Loaded Plugin OnlineSubsystemFacebook, From C:/Program Files/Epic Games/4.14/Engine/Plugins/Online/OnlineSubsystemFacebook/OnlineSubsystemFacebook.uplugin
LogPluginManager: Loaded Plugin OnlineSubsystemNull, From C:/Program Files/Epic Games/4.14/Engine/Plugins/Online/OnlineSubsystemNull/OnlineSubsystemNull.uplugin
LogPluginManager: Loaded Plugin OnlineSubsystemOculus, From C:/Program Files/Epic Games/4.14/Engine/Plugins/Online/OnlineSubsystemOculus/OnlineSubsystemOculus.uplugin
LogPluginManager: Loaded Plugin OnlineSubsystemSteam, From C:/Program Files/Epic Games/4.14/Engine/Plugins/Online/OnlineSubsystemSteam/OnlineSubsystemSteam.uplugin
LogPluginManager: Loaded Plugin OnlineSubsystemUtils, From C:/Program Files/Epic Games/4.14/Engine/Plugins/Online/OnlineSubsystemUtils/OnlineSubsystemUtils.uplugin
LogPluginManager: Loaded Plugin IOSTapJoy, From C:/Program Files/Epic Games/4.14/Engine/Plugins/Runtime/Advertising/IOSTapJoy/IOSTapJoy.uplugin
LogPluginManager: Loaded Plugin AnalyticsBlueprintLibrary, From C:/Program Files/Epic Games/4.14/Engine/Plugins/Runtime/Analytics/AnalyticsBlueprintLibrary/AnalyticsBlueprintLibrary.uplugin
LogPluginManager: Loaded Plugin AnalyticsMulticast, From C:/Program Files/Epic Games/4.14/Engine/Plugins/Runtime/Analytics/AnalyticsMulticast/AnalyticsMulticast.uplugin
LogPluginManager: Loaded Plugin Apsalar, From C:/Program Files/Epic Games/4.14/Engine/Plugins/Runtime/Analytics/Apsalar/Apsalar.uplugin
LogPluginManager: Loaded Plugin FileLogging, From C:/Program Files/Epic Games/4.14/Engine/Plugins/Runtime/Analytics/FileLogging/FileLogging.uplugin
LogPluginManager: Loaded Plugin Flurry, From C:/Program Files/Epic Games/4.14/Engine/Plugins/Runtime/Analytics/Flurry/Flurry.uplugin
LogPluginManager: Loaded Plugin AndroidDeviceProfileSelector, From C:/Program Files/Epic Games/4.14/Engine/Plugins/Runtime/AndroidDeviceProfileSelector/AndroidDeviceProfileSelector.uplugin
LogPluginManager: Loaded Plugin AndroidMoviePlayer, From C:/Program Files/Epic Games/4.14/Engine/Plugins/Runtime/AndroidMoviePlayer/AndroidMoviePlayer.uplugin
LogPluginManager: Loaded Plugin AppleMoviePlayer, From C:/Program Files/Epic Games/4.14/Engine/Plugins/Runtime/AppleMoviePlayer/AppleMoviePlayer.uplugin
LogPluginManager: Loaded Plugin ArchVisCharacter, From C:/Program Files/Epic Games/4.14/Engine/Plugins/Runtime/ArchVisCharacter/ArchVisCharacter.uplugin
LogPluginManager: Loaded Plugin CableComponent, From C:/Program Files/Epic Games/4.14/Engine/Plugins/Runtime/CableComponent/CableComponent.uplugin
LogPluginManager: Loaded Plugin CustomMeshComponent, From C:/Program Files/Epic Games/4.14/Engine/Plugins/Runtime/CustomMeshComponent/CustomMeshComponent.uplugin
LogPluginManager: Loaded Plugin ExampleDeviceProfileSelector, From C:/Program Files/Epic Games/4.14/Engine/Plugins/Runtime/ExampleDeviceProfileSelector/ExampleDeviceProfileSelector.uplugin
LogPluginManager: Loaded Plugin GearVR, From C:/Program Files/Epic Games/4.14/Engine/Plugins/Runtime/GearVR/GearVR.uplugin
LogPluginManager: Loaded Plugin GoogleVRController, From C:/Program Files/Epic Games/4.14/Engine/Plugins/Runtime/GoogleVR/GoogleVRController/GoogleVRController.uplugin
LogPluginManager: Loaded Plugin GoogleVRHMD, From C:/Program Files/Epic Games/4.14/Engine/Plugins/Runtime/GoogleVR/GoogleVRHMD/GoogleVRHMD.uplugin
LogPluginManager: Loaded Plugin IOSDeviceProfileSelector, From C:/Program Files/Epic Games/4.14/Engine/Plugins/Runtime/IOSDeviceProfileSelector/IOSDeviceProfileSelector.uplugin
LogPluginManager: Loaded Plugin LeapMotion, From C:/Program Files/Epic Games/4.14/Engine/Plugins/Runtime/LeapMotion/LeapMotion.uplugin
LogPluginManager: Loaded Plugin LinuxDeviceProfileSelector, From C:/Program Files/Epic Games/4.14/Engine/Plugins/Runtime/LinuxDeviceProfileSelector/LinuxDeviceProfileSelector.uplugin
LogPluginManager: Loaded Plugin MIDIDevice, From C:/Program Files/Epic Games/4.14/Engine/Plugins/Runtime/MIDIDevice/MIDIDevice.uplugin
LogPluginManager: Loaded Plugin MobilePatchingUtils, From C:/Program Files/Epic Games/4.14/Engine/Plugins/Runtime/MobilePatchingUtils/MobilePatchingUtils.uplugin
LogPluginManager: Loaded Plugin Ansel, From C:/Program Files/Epic Games/4.14/Engine/Plugins/Runtime/Nvidia/Ansel/Ansel.uplugin
LogPluginManager: Loaded Plugin OculusAudio, From C:/Program Files/Epic Games/4.14/Engine/Plugins/Runtime/OculusAudio/OculusAudio.uplugin
LogPluginManager: Loaded Plugin OculusInput, From C:/Program Files/Epic Games/4.14/Engine/Plugins/Runtime/OculusInput/OculusInput.uplugin
LogPluginManager: Loaded Plugin OculusLibrary, From C:/Program Files/Epic Games/4.14/Engine/Plugins/Runtime/OculusLibrary/OculusLibrary.uplugin
LogPluginManager: Loaded Plugin OculusRift, From C:/Program Files/Epic Games/4.14/Engine/Plugins/Runtime/OculusRift/OculusRift.uplugin
LogPluginManager: Loaded Plugin Oodle, From C:/Program Files/Epic Games/4.14/Engine/Plugins/Runtime/PacketHandlers/CompressionComponents/Oodle/Oodle.uplugin
LogPluginManager: Loaded Plugin ProceduralMeshComponent, From C:/Program Files/Epic Games/4.14/Engine/Plugins/Runtime/ProceduralMeshComponent/ProceduralMeshComponent.uplugin
LogPluginManager: Loaded Plugin SoundMod, From C:/Program Files/Epic Games/4.14/Engine/Plugins/Runtime/SoundMod/SoundMod.uplugin
LogPluginManager: Loaded Plugin SoundVisualizations, From C:/Program Files/Epic Games/4.14/Engine/Plugins/Runtime/SoundVisualizations/SoundVisualizations.uplugin
LogPluginManager: Loaded Plugin SteamController, From C:/Program Files/Epic Games/4.14/Engine/Plugins/Runtime/Steam/SteamController/SteamController.uplugin
LogPluginManager: Loaded Plugin SteamVR, From C:/Program Files/Epic Games/4.14/Engine/Plugins/Runtime/Steam/SteamVR/SteamVR.uplugin
LogPluginManager: Loaded Plugin WebBrowserWidget, From C:/Program Files/Epic Games/4.14/Engine/Plugins/Runtime/WebBrowserWidget/WebBrowserWidget.uplugin
LogPluginManager: Loaded Plugin WindowsDeviceProfileSelector, From C:/Program Files/Epic Games/4.14/Engine/Plugins/Runtime/WindowsDeviceProfileSelector/WindowsDeviceProfileSelector.uplugin
LogPluginManager: Loaded Plugin WindowsMoviePlayer, From C:/Program Files/Epic Games/4.14/Engine/Plugins/Runtime/WindowsMoviePlayer/WindowsMoviePlayer.uplugin
LogPluginManager: Loaded Plugin ScriptPlugin, From C:/Program Files/Epic Games/4.14/Engine/Plugins/ScriptPlugin/ScriptPlugin.uplugin
LogPluginManager: Loaded Plugin SlateRemote, From C:/Program Files/Epic Games/4.14/Engine/Plugins/Slate/SlateRemote/SlateRemote.uplugin
LogPluginManager: Loaded Plugin EditorTests, From C:/Program Files/Epic Games/4.14/Engine/Plugins/Tests/EditorTests/EditorTests.uplugin
LogPluginManager: Loaded Plugin FbxAutomationTestBuilder, From C:/Program Files/Epic Games/4.14/Engine/Plugins/Tests/FbxAutomationTestBuilder/FbxAutomationTestBuilder.uplugin
LogPluginManager: Loaded Plugin FunctionalTestingEditor, From C:/Program Files/Epic Games/4.14/Engine/Plugins/Tests/FunctionalTestingEditor/FunctionalTestingEditor.uplugin
LogPluginManager: Loaded Plugin RuntimeTests, From C:/Program Files/Epic Games/4.14/Engine/Plugins/Tests/RuntimeTests/RuntimeTests.uplugin
LogPluginManager: Loaded Plugin ScreenshotTools, From C:/Program Files/Epic Games/4.14/Engine/Plugins/Tests/ScreenshotTools/ScreenshotTools.uplugin
LogInit: Using libcurl 7.47.1
LogInit:  - built for x86_64-pc-win32
LogInit:  - supports SSL with OpenSSL/1.0.2g
LogInit:  - supports HTTP deflate (compression) using libz 1.2.8
LogInit:  - other features:
LogInit:      CURL_VERSION_SSL
LogInit:      CURL_VERSION_LIBZ
LogInit:      CURL_VERSION_IPV6
LogInit:      CURL_VERSION_ASYNCHDNS
LogInit:      CURL_VERSION_LARGEFILE
LogInit:      CURL_VERSION_IDN
LogInit:  CurlRequestOptions (configurable via config and command line):
LogInit:  - bVerifyPeer = false  - Libcurl will NOT verify peer certificate
LogInit:  - bUseHttpProxy = false  - Libcurl will NOT use HTTP proxy
LogInit:  - bDontReuseConnections = false  - Libcurl will reuse connections
LogInit:  - CertBundlePath = nullptr  - Libcurl will use whatever was configured at build time.
OCULUS: Info: [CAPI] LibOVR module is located at C:\Program Files\Oculus\Support\oculus-runtime\LibOVRRT64_1.dll
OCULUS: Debug: Connected to the server running version (prod = 1).1.12.0(build = 347531) feature version = 0. Client runs version (prod = 1).1.12.0(build = 347531) feature version = 0
LogInit: Build: ++UE4+Release-4.14-CL-3249277
LogInit: Engine Version: 4.14.3-3249277+++UE4+Release-4.14
LogInit: Compatible Engine Version: 4.14.0-3195953+++UE4+Release-4.14
LogInit: Net CL: 3195953
LogDevObjectVersion: Number of dev versions registered: 13
LogDevObjectVersion:   Dev-Blueprints (B0D832E4-1F89-4F0D-ACCF-7EB736FD4AA2): 7
LogDevObjectVersion:   Dev-Build (E1C64328-A22C-4D53-A36C-8E866417BD8C): 0
LogDevObjectVersion:   Dev-Core (375EC13C-06E4-48FB-B500-84F0262A717E): 1
LogDevObjectVersion:   Dev-Editor (E4B068ED-F494-42E9-A231-DA0B2E46BB41): 8
LogDevObjectVersion:   Dev-Framework (CFFC743F-43B0-4480-9391-14DF171D2073): 17
LogDevObjectVersion:   Dev-Mobile (B02B49B5-BB20-44E9-A304-32B752E40360): 0
LogDevObjectVersion:   Dev-Networking (A4E4105C-59A1-49B5-A7C5-40C4547EDFEE): 0
LogDevObjectVersion:   Dev-Online (39C831C9-5AE6-47DC-9A44-9C173E1C8E7C): 0
LogDevObjectVersion:   Dev-Physics (78F01B33-EBEA-4F98-B9B4-84EACCB95AA2): 0
LogDevObjectVersion:   Dev-Platform (6631380F-2D4D-43E0-8009-CF276956A95A): 0
LogDevObjectVersion:   Dev-Rendering (12F88B9F-8875-4AFC-A67C-D90C383ABD29): 12
LogDevObjectVersion:   Dev-Sequencer (7B5AE74C-D270-4C10-A958-57980B212A5A): 1
LogDevObjectVersion:   Dev-VR (D7296918-1DD6-4BDD-9DE2-64A83CC13884): 0
LogInit: Compiled (64-bit): Jan  6 2017 10:49:43
LogInit: Compiled with Visual C++: 19.00.23026.00
LogInit: Build Configuration: Development
LogInit: Branch Name: ++UE4+Release-4.14
LogInit: Command line:  
LogInit: Base directory: C:/Program Files/Epic Games/4.14/Engine/Binaries/Win64/
LogInit: Installed Engine Build: 1
LogInit: Presizing for max 8388607 objects, including 0 objects not considered by GC, pre-allocating 0 bytes for permanent pool.
LogInit: Object subsystem initialized
[2017.03.09-09.15.55:886][  0]LogInit: Selected Device Profile: [Windows]
[2017.03.09-09.15.55:886][  0]LogInit: Applying CVar settings loaded from the selected device profile: [Windows]
[2017.03.09-09.15.55:896][  0]LogInit: Computer: eae-d-109
[2017.03.09-09.15.55:896][  0]LogInit: User: u1068959
[2017.03.09-09.15.55:896][  0]LogInit: CPU Page size=65536, Cores=4
[2017.03.09-09.15.55:896][  0]LogInit: High frequency timer resolution =3.320317 MHz
[2017.03.09-09.15.55:896][  0]LogMemory: Memory total: Physical=31.9GB (32GB approx)
[2017.03.09-09.15.55:896][  0]LogMemory: Platform Memory Stats for Windows
[2017.03.09-09.15.55:896][  0]LogMemory: Process Physical Memory: 270.07 MB used, 270.07 MB peak
[2017.03.09-09.15.55:896][  0]LogMemory: Process Virtual Memory: 266.10 MB used, 266.10 MB peak
[2017.03.09-09.15.55:896][  0]LogMemory: Physical Memory: 8599.05 MB used,  24106.67 MB free, 32705.71 MB total
[2017.03.09-09.15.55:896][  0]LogMemory: Virtual Memory: 713.55 MB used,  24106.67 MB free, 134217728.00 MB total
[2017.03.09-09.15.55:922][  0]LogTextLocalizationManager: No specific translations for ('en-US') exist, so ('en') translations will be used.
[2017.03.09-09.15.56:454][  0]LogD3D11RHI: D3D11 adapters:
[2017.03.09-09.15.56:474][  0]LogD3D11RHI:    0. 'NVIDIA GeForce GTX 1070' (Feature Level 11_0)
[2017.03.09-09.15.56:474][  0]LogD3D11RHI:       8145/0/16352 MB DedicatedVideo/DedicatedSystem/SharedSystem, Outputs:2, VendorId:0x10de
[2017.03.09-09.15.56:475][  0]LogD3D11RHI:    1. 'Microsoft Basic Render Driver' (Feature Level 11_0)
[2017.03.09-09.15.56:475][  0]LogD3D11RHI:       0/0/16352 MB DedicatedVideo/DedicatedSystem/SharedSystem, Outputs:0, VendorId:0x1414
[2017.03.09-09.15.56:475][  0]LogD3D11RHI: Chosen D3D11 Adapter: 0
[2017.03.09-09.15.56:483][  0]LogD3D11RHI: Creating new Direct3DDevice
[2017.03.09-09.15.56:483][  0]LogD3D11RHI:     GPU DeviceId: 0x1b81 (for the marketing name, search the web for "GPU Device Id")
[2017.03.09-09.15.56:483][  0]LogWindows: EnumDisplayDevices:
[2017.03.09-09.15.56:483][  0]LogWindows:    0. 'NVIDIA GeForce GTX 1070' (P:0 D:1)
[2017.03.09-09.15.56:483][  0]LogWindows:    1. 'NVIDIA GeForce GTX 1070' (P:1 D:1)
[2017.03.09-09.15.56:483][  0]LogWindows:    2. 'NVIDIA GeForce GTX 1070' (P:0 D:0)
[2017.03.09-09.15.56:483][  0]LogWindows:    3. 'NVIDIA GeForce GTX 1070' (P:0 D:0)
[2017.03.09-09.15.56:484][  0]LogWindows: DebugString: FoundDriverCount:4 
[2017.03.09-09.15.56:484][  0]LogD3D11RHI:     Adapter Name: NVIDIA GeForce GTX 1070
[2017.03.09-09.15.56:484][  0]LogD3D11RHI:   Driver Version: 376.53 (internal:21.21.13.7653, unified:376.53)
[2017.03.09-09.15.56:484][  0]LogD3D11RHI:      Driver Date: 12-29-2016
[2017.03.09-09.15.56:484][  0]LogRHI: Texture pool is 1361 MB (70% of 1945 MB)
[2017.03.09-09.15.56:496][  0]LogD3D11RHI: Async texture creation enabled
[2017.03.09-09.15.56:507][  0]LogD3D11RHI: GPU Timing Frequency: 1000.000000 (Debug: 2 1)
[2017.03.09-09.15.56:507][  0]LogShaderCompilers: Guid format shader working directory is -31 characters bigger than the processId version (../../../../../../Users/u1068959/Documents/Unreal Projects/VirtualWorldScroller/Intermediate/Shaders/WorkingDirectory/48868/).
[2017.03.09-09.15.56:507][  0]LogShaderCompilers: Cleaned the shader compiler working directory 'C:/Users/u1068959/AppData/Local/Temp/UnrealShaderWorkingDir/6B75266843A7AFC31827198A4A756BB3/'.
[2017.03.09-09.15.56:507][  0]LogShaderCompilers:Display: Using Local Shader Compiler.
[2017.03.09-09.15.57:406][  0]LogTemp:Display: Loaded TP AllDesktopTargetPlatform
[2017.03.09-09.15.57:453][  0]LogTemp:Display: Loaded TP MacClientTargetPlatform
[2017.03.09-09.15.57:498][  0]LogTemp:Display: Loaded TP MacNoEditorTargetPlatform
[2017.03.09-09.15.57:544][  0]LogTemp:Display: Loaded TP MacServerTargetPlatform
[2017.03.09-09.15.57:589][  0]LogTemp:Display: Loaded TP MacTargetPlatform
[2017.03.09-09.15.57:635][  0]LogTemp:Display: Loaded TP WindowsClientTargetPlatform
[2017.03.09-09.15.57:680][  0]LogTemp:Display: Loaded TP WindowsNoEditorTargetPlatform
[2017.03.09-09.15.57:727][  0]LogTemp:Display: Loaded TP WindowsServerTargetPlatform
[2017.03.09-09.15.57:764][  0]LogTemp:Display: Loaded TP WindowsTargetPlatform
[2017.03.09-09.15.57:810][  0]LogTemp:Display: Loaded TP AndroidTargetPlatform
[2017.03.09-09.15.57:855][  0]LogTemp:Display: Loaded TP Android_ASTCTargetPlatform
[2017.03.09-09.15.57:900][  0]LogTemp:Display: Loaded TP Android_ATCTargetPlatform
[2017.03.09-09.15.57:945][  0]LogTemp:Display: Loaded TP Android_DXTTargetPlatform
[2017.03.09-09.15.57:990][  0]LogTemp:Display: Loaded TP Android_ETC1TargetPlatform
[2017.03.09-09.15.58:036][  0]LogTemp:Display: Loaded TP Android_ETC2TargetPlatform
[2017.03.09-09.15.58:126][  0]LogTemp:Display: Loaded TP Android_MultiTargetPlatform
[2017.03.09-09.15.58:126][  0]LogTemp:Display: Loaded TP Android_PVRTCTargetPlatform
[2017.03.09-09.15.58:157][  0]LogTemp:Display: Loaded TP HTML5TargetPlatform
[2017.03.09-09.15.58:234][  0]LogTemp:Display: Loaded TP IOSTargetPlatform
[2017.03.09-09.15.58:264][  0]LogTemp:Display: Loaded TP TVOSTargetPlatform
[2017.03.09-09.15.58:309][  0]LogTemp:Display: Loaded TP LinuxClientTargetPlatform
[2017.03.09-09.15.58:353][  0]LogTemp:Display: Loaded TP LinuxNoEditorTargetPlatform
[2017.03.09-09.15.58:397][  0]LogTemp:Display: Loaded TP LinuxServerTargetPlatform
[2017.03.09-09.15.58:442][  0]LogTemp:Display: Loaded TP LinuxTargetPlatform
[2017.03.09-09.15.58:442][  0]LogTargetPlatformManager:Display: Building Assets For Windows
[2017.03.09-09.15.58:765][  0]LogDerivedDataCache:Display: Max Cache Size: 512 MB
[2017.03.09-09.15.58:810][  0]LogDerivedDataCache: Loaded boot cache 0.05s 50MB C:/Users/u1068959/AppData/Local/UnrealEngine/4.14/DerivedDataCache/Boot.ddc.
[2017.03.09-09.15.58:810][  0]LogDerivedDataCache:Display: Loaded Boot cache: C:/Users/u1068959/AppData/Local/UnrealEngine/4.14/DerivedDataCache/Boot.ddc
[2017.03.09-09.15.58:811][  0]LogDerivedDataCache: FDerivedDataBackendGraph:  Pak pak cache file ../../../../../../Users/u1068959/Documents/Unreal Projects/VirtualWorldScroller/DerivedDataCache/DDC.ddp not found, will not use a pak cache.
[2017.03.09-09.15.58:811][  0]LogDerivedDataCache: Unable to find inner node Pak for hierarchical cache Hierarchy.
[2017.03.09-09.15.58:811][  0]LogDerivedDataCache: FDerivedDataBackendGraph:  CompressedPak pak cache file ../../../../../../Users/u1068959/Documents/Unreal Projects/VirtualWorldScroller/DerivedDataCache/Compressed.ddp not found, will not use a pak cache.
[2017.03.09-09.15.58:811][  0]LogDerivedDataCache: Unable to find inner node CompressedPak for hierarchical cache Hierarchy.
[2017.03.09-09.15.58:826][  0]LogDerivedDataCache:Display: Pak cache opened for reading ../../../Engine/DerivedDataCache/Compressed.ddp.
[2017.03.09-09.15.58:838][  0]LogDerivedDataCache: Using Local data cache path C:/Users/u1068959/AppData/Local/UnrealEngine/Common/DerivedDataCache: Writable
[2017.03.09-09.15.59:003][  0]LogInit: Selected Device Profile: [Windows]
[2017.03.09-09.15.59:005][  0]LogContentStreaming: Texture pool size is 0.00 MB
[2017.03.09-09.15.59:182][  0]LogMeshUtilities: Using QuadricMeshReduction for automatic static mesh reduction
[2017.03.09-09.15.59:217][  0]LogSimplygon: Simplygon DLL not present - disabling.
[2017.03.09-09.15.59:260][  0]LogMeshUtilities: Using SimplygonSwarm for distributed automatic mesh merging
[2017.03.09-09.15.59:260][  0]LogMeshUtilities: No automatic skeletal mesh reduction module available
[2017.03.09-09.15.59:260][  0]LogMeshUtilities: No automatic mesh merging module available
[2017.03.09-09.15.59:676][  0]LogNetVersion: GetLocalNetworkVersion: CL: 3195953, ProjectName: virtualworldscroller, ProjectVersion: , EngineNetworkVersion: 2, GameNetworkVersion: 0, NetworkChecksum: 3652782691
[2017.03.09-09.15.59:728][  0]LogAssetRegistry: FAssetRegistry took 0.0221 seconds to start up
[2017.03.09-09.15.59:772][  0]LogPackageLocalizationCache: Processed 3 localized package path(s) for 2 prioritized culture(s) in 0.023979 seconds
[2017.03.09-09.15.59:777][  0]LogUObjectArray: 31946 objects as part of root set at end of initial load.
[2017.03.09-09.15.59:777][  0]LogUObjectAllocator: 6935848 out of 0 bytes used by permanent object pool.
[2017.03.09-09.15.59:777][  0]LogUObjectArray: CloseDisregardForGC: 0/0 objects in disregard for GC pool
[2017.03.09-09.15.59:830][  0]LogInit: WinSock: version 1.1 (2.2), MaxSocks=32767, MaxUdp=65467
[2017.03.09-09.16.00:487][  0]LogSlate: Using Freetype 2.6.0
[2017.03.09-09.16.00:488][  0]LogSlate: SlateFontCache - WITH_FREETYPE: 1, WITH_HARFBUZZ: 1
[2017.03.09-09.16.00:488][  0]LogSlate: SlateFontCache - WITH_FREETYPE: 1, WITH_HARFBUZZ: 1
[2017.03.09-09.16.01:191][  0]LogSubstanceCoreModule: Substance [CPU] Engine Loaded, Max Texture Size = 2048
[2017.03.09-09.16.01:217][  0]LogTcpMessaging: Initializing TcpMessaging bridge
[2017.03.09-09.16.01:253][  0]LogUdpMessaging: Initializing bridge on interface 0.0.0.0:0 to multicast group 230.0.0.1:6666.
[2017.03.09-09.16.01:517][  0]LogMaterial: Uniform references updated for custom material expression Custom.
[2017.03.09-09.16.01:837][  0]SourceControl: Info Source control is disabled
[2017.03.09-09.16.01:869][  0]SourceControl: Info Source control is disabled
[2017.03.09-09.16.01:909][  0]SourceControl: Info Source control is disabled
[2017.03.09-09.16.01:947][  0]SourceControl: Info Source control is disabled
[2017.03.09-09.16.03:044][  0]LogEngine: Initializing Engine...
[2017.03.09-09.16.03:044][  0]LogHMD: Oculus plugin initialized. Version: 4.14.3-3249277+++UE4+Release-4.14, LibOVR: 1.12.0, SDK: 1.8.0, built Jan  6 2017, 10:50:26
[2017.03.09-09.16.03:240][  0]LogAIModule: Creating AISystem for world Untitled
[2017.03.09-09.16.03:251][  0]LogInit: XAudio2 using 'DELL UZ2315H-C (NVIDIA High Definition Audio)' : 2 channels at 48 kHz using 16 bits per sample (channel mask 0x3)
[2017.03.09-09.16.03:264][  0]LogInit: FAudioDevice initialized.
[2017.03.09-09.16.03:288][  0]LogDerivedDataCache: Saved boot cache 0.02s 50MB C:/Users/u1068959/AppData/Local/UnrealEngine/4.14/DerivedDataCache/Boot.ddc.
[2017.03.09-09.16.03:296][  0]LogInit: Texture streaming: Enabled
[2017.03.09-09.16.03:451][  0]LogInit: Transaction tracking system initialized
[2017.03.09-09.16.03:736][  0]BlueprintLog: New page: Editor Load
[2017.03.09-09.16.04:457][  0]LocalizationService: Info Localization service is disabled
[2017.03.09-09.16.04:990][  0]LogConsoleResponse:Display: 
[2017.03.09-09.16.05:114][  0]LogCook:Display: Max memory allowance for cook 16384mb min free memory 0mb
[2017.03.09-09.16.05:114][  0]LogCook:Display: Mobile HDR setting 1
[2017.03.09-09.16.05:564][  0]LogFileCache: Scanning file cache for directory 'C:/Users/u1068959/Documents/Unreal Projects/VirtualWorldScroller/Content/' took 0.01s
[2017.03.09-09.16.05:955][  0]SourceControl: Info Source control is disabled
[2017.03.09-09.16.05:955][  0]Cmd: MAP LOAD FILE="../../../../../../Users/u1068959/Documents/Unreal Projects/VirtualWorldScroller/Content/Map/Main.umap" TEMPLATE=0 SHOWPROGRESS=1 FEATURELEVEL=3
[2017.03.09-09.16.05:955][  0]LightingResults: New page: Lighting Build
[2017.03.09-09.16.06:000][  0]MapCheck: New page: Map Check
[2017.03.09-09.16.06:000][  0]LightingResults: New page: Lighting Build
[2017.03.09-09.16.06:129][  0]LogAIModule: Creating AISystem for world Main
[2017.03.09-09.16.06:134][  0]LogEditorServer: Finished looking for orphan Actors (0.000 secs)
[2017.03.09-09.16.06:134][  0]Cmd: MAP CHECKDEP NOCLEARLOG
[2017.03.09-09.16.06:168][  0]MapCheck: Info Map check complete: 0 Error(s), 0 Warning(s), took 34.105ms to complete.
[2017.03.09-09.16.06:168][  0]LogFileHelpers: Loading map 'Main' took 0.213
[2017.03.09-09.16.06:232][  0]LogWindowsTextInputMethodSystem:Display: IME system now deactivated.
[2017.03.09-09.16.06:303][  0]LogCollectionManager: Loaded 0 collections in 0.001797 seconds
[2017.03.09-09.16.06:376][  0]LogFileCache: Scanning file cache for directory 'C:/Users/u1068959/Documents/Unreal Projects/VirtualWorldScroller/Saved/Collections/' took 0.01s
[2017.03.09-09.16.06:377][  0]LogFileCache: Scanning file cache for directory 'C:/Users/u1068959/Documents/Unreal Projects/VirtualWorldScroller/Content/Developers/u1068959/Collections/' took 0.01s
[2017.03.09-09.16.06:377][  0]LogFileCache: Scanning file cache for directory 'C:/Users/u1068959/Documents/Unreal Projects/VirtualWorldScroller/Content/Collections/' took 0.01s
[2017.03.09-09.16.06:377][  0]LogCollectionManager: Rebuilt the GUID cache for 0 collections in 0.000002 seconds
[2017.03.09-09.16.06:384][  0]LogContentBrowser: Native class hierarchy populated in 0.0074 seconds. Added 2204 classes and 434 folders.
[2017.03.09-09.16.06:419][  0]LogStats: UGameplayTagsManager::ConstructGameplayTagTree: Construct from data asset -  0.000 s
[2017.03.09-09.16.06:419][  0]LogStats: UGameplayTagsManager::ConstructGameplayTagTree: GameplayTagTreeChangedEvent.Broadcast -  0.000 s
[2017.03.09-09.16.06:419][  0]LogContentBrowser: Native class hierarchy updated for 'GameplayTags' in 0.0006 seconds. Added 13 classes and 0 folders.
[2017.03.09-09.16.06:471][  0]LogContentBrowser: Native class hierarchy updated for 'WidgetCarousel' in 0.0004 seconds. Added 0 classes and 0 folders.
[2017.03.09-09.16.06:507][  0]LogContentBrowser: Native class hierarchy updated for 'AddContentDialog' in 0.0004 seconds. Added 0 classes and 0 folders.
[2017.03.09-09.16.06:544][  0]LogContentBrowser: Native class hierarchy updated for 'SceneOutliner' in 0.0004 seconds. Added 1 classes and 2 folders.
[2017.03.09-09.16.06:577][  0]LogCrashTracker: Crashtracker disabled due to settings.
[2017.03.09-09.16.06:583][  0]LogUObjectGlobals:Warning: Failed to find object 'Class None.'
[2017.03.09-09.16.06:641][  0]LogContentBrowser: Native class hierarchy updated for 'HierarchicalLODOutliner' in 0.0005 seconds. Added 1 classes and 2 folders.
[2017.03.09-09.16.06:642][  0]LogLoad: (Engine Initialization) Total time: 12.53 seconds
[2017.03.09-09.16.06:642][  0]LogLoad: (Engine Initialization) Total Blueprint compile time: 0.08 seconds
[2017.03.09-09.16.06:642][  0]LogExternalProfiler: Found external profiler: VSPerf
[2017.03.09-09.16.06:642][  0]LogExternalProfiler: Using external profiler: VSPerf
[2017.03.09-09.16.06:651][  0]LogOcInput: OculusInput pre-init called
[2017.03.09-09.16.06:662][  0]LogOcInput: OculusInput is initialized. Init status 0. Runtime version: 1.12.0
[2017.03.09-09.16.06:680][  0]LogContentStreaming: Texture pool size now 1000 MB
[2017.03.09-09.16.06:817][  0]LogRenderer: Reallocating scene render targets to support 1208x588 NumSamples 1 (Frame:2).
[2017.03.09-09.16.06:866][  1]LogAssetRegistry: Asset discovery search completed in 7.1600 seconds
[2017.03.09-09.16.06:866][  1]LogCollectionManager: Rebuilt the object cache for 0 collections in 0.000001 seconds (found 0 objects)
[2017.03.09-09.16.06:866][  1]LogCollectionManager: Fixed up redirectors for 0 collections in 0.000013 seconds (updated 0 objects)
[2017.03.09-09.16.12:006][603]LogContentBrowser: Native class hierarchy updated for 'TextureEditor' in 0.0004 seconds. Added 1 classes and 2 folders.
[2017.03.09-09.17.44:351][276]Cmd: OBJ SAVEPACKAGE PACKAGE="/Game/Map/Main" FILE="../../../../../../Users/u1068959/Documents/Unreal Projects/VirtualWorldScroller/Content/Map/Main.umap" SILENT=true AUTOSAVING=false KEEPDIRTY=false
[2017.03.09-09.17.44:419][276]LogSavePackage: Save=52.65ms
[2017.03.09-09.17.44:419][276]LogSavePackage: Moving '../../../../../../Users/u1068959/Documents/Unreal Projects/VirtualWorldScroller/Saved/MainD217BAC5419BECF9EFC11FAA3AF60571.tmp' to '../../../../../../Users/u1068959/Documents/Unreal Projects/VirtualWorldScroller/Content/Map/Main.umap'
[2017.03.09-09.17.44:422][276]LogSavePackage:Display: Finished SavePackage ../../../../../../Users/u1068959/Documents/Unreal Projects/VirtualWorldScroller/Content/Map/Main.umap
[2017.03.09-09.17.46:344][470]LogTemp: Repeting last play command: Selected Viewport
[2017.03.09-09.17.46:357][470]LogBlueprintUserMessages: Early PlayInEditor Detection: Level '/Game/Map/Main.Main:PersistentLevel' has LevelScriptBlueprint '/Game/Map/Main.Main:PersistentLevel.Main' with GeneratedClass '/Game/Map/Main.Main_C' with ClassGeneratedBy '/Game/Map/Main.Main:PersistentLevel.Main'
[2017.03.09-09.17.46:357][470]LogPlayLevel: PlayLevel: No blueprints needed recompiling
[2017.03.09-09.17.46:358][470]PIE: New page: PIE session: Main (Mar 8, 2017, 7:17:46 PM)
[2017.03.09-09.17.46:358][470]LogPlayLevel: Creating play world package: /Game/Map/UEDPIE_0_Main
[2017.03.09-09.17.46:360][470]LogPlayLevel: PIE: StaticDuplicateObject took: (0.001890s)
[2017.03.09-09.17.46:361][470]LogAIModule: Creating AISystem for world Main
[2017.03.09-09.17.46:361][470]LogPlayLevel: PIE: World Init took: (0.000896s)
[2017.03.09-09.17.46:361][470]LogPlayLevel: PIE: Created PIE world by copying editor world from /Game/Map/Main.Main to /Game/Map/UEDPIE_0_Main.Main (0.003014s)
[2017.03.09-09.17.46:378][470]LogInit: XAudio2 using 'DELL UZ2315H-C (NVIDIA High Definition Audio)' : 2 channels at 48 kHz using 16 bits per sample (channel mask 0x3)
[2017.03.09-09.17.46:382][470]LogInit: FAudioDevice initialized.
[2017.03.09-09.17.46:434][470]LogLoad: Game class is 'GameController_BP_C'
[2017.03.09-09.17.46:438][470]LogWorld: Bringing World /Game/Map/UEDPIE_0_Main.Main up for play (max tick rate 0) at 2017.03.09-02.17.46
[2017.03.09-09.17.46:438][470]LogWorld: Bringing up level for play took: 0.003175
[2017.03.09-09.17.46:473][470]LogContentBrowser: Native class hierarchy updated for 'MovieSceneCapture' in 0.0005 seconds. Added 11 classes and 0 folders.
[2017.03.09-09.17.46:474][470]PIE: Info Play in editor start time for /Game/Map/UEDPIE_0_Main -0.299
[2017.03.09-09.17.46:474][470]LogBlueprintUserMessages: Late PlayInEditor Detection: Level '/Game/Map/Main.Main:PersistentLevel' has LevelScriptBlueprint '/Game/Map/Main.Main:PersistentLevel.Main' with GeneratedClass '/Game/Map/Main.Main_C' with ClassGeneratedBy '/Game/Map/Main.Main:PersistentLevel.Main'
[2017.03.09-09.17.54:907][476]LogBlueprintUserMessages: [Enemy2] Hello
[2017.03.09-09.17.56:422][657]LogNet: Browse: /Game/Map/Main
[2017.03.09-09.17.56:422][657]LogLoadingSplash: Loading begins
[2017.03.09-09.17.56:422][657]LogHMD: FOculusRiftSplash::PushBlackFrame
[2017.03.09-09.17.56:422][657]LogHMD: FOculusRiftSplash::Show
[2017.03.09-09.17.56:422][657]LogLoad: LoadMap: /Game/Map/Main
[2017.03.09-09.17.56:431][657]Cmd: MEM
[2017.03.09-09.17.56:439][657]LogMemory: Platform Memory Stats for Windows
[2017.03.09-09.17.56:439][657]LogMemory: Process Physical Memory: 979.59 MB used, 985.50 MB peak
[2017.03.09-09.17.56:439][657]LogMemory: Process Virtual Memory: 1443.45 MB used, 1452.26 MB peak
[2017.03.09-09.17.56:439][657]LogMemory: Physical Memory: 9329.14 MB used,  23376.57 MB free, 32705.71 MB total
[2017.03.09-09.17.56:439][657]LogMemory: Virtual Memory: 2247.00 MB used,  23376.57 MB free, 134217728.00 MB total
[2017.03.09-09.17.56:439][657]LogMemory: 
[2017.03.09-09.17.56:439][657]Allocator Stats for TBB: (not implemented)
[2017.03.09-09.17.56:439][657]LogPlayLevel: Creating play world package: /Game/Map/UEDPIE_0_Main
[2017.03.09-09.17.56:441][657]LogPlayLevel: PIE: StaticDuplicateObject took: (0.001396s)
[2017.03.09-09.17.56:441][657]LogAIModule: Creating AISystem for world Main
[2017.03.09-09.17.56:441][657]LogPlayLevel: PIE: World Init took: (0.000526s)
[2017.03.09-09.17.56:441][657]LogPlayLevel: PIE: Created PIE world by copying editor world from /Game/Map/Main.Main to /Game/Map/UEDPIE_0_Main.Main (0.002072s)
[2017.03.09-09.17.56:441][657]LogLoad: Game class is 'GameController_BP_C'
[2017.03.09-09.17.56:445][657]LogWorld: Bringing World /Game/Map/UEDPIE_0_Main.Main up for play (max tick rate 0) at 2017.03.09-02.17.56
[2017.03.09-09.17.56:446][657]LogWorld: Bringing up level for play took: 0.003283
[2017.03.09-09.17.56:447][657]LogLoadingSplash: Loading ends
[2017.03.09-09.17.56:447][657]LogHMD: FOculusRiftSplash::Hide
[2017.03.09-09.17.56:447][657]LogHMD: FOculusRiftSplash::PushBlackFrame
[2017.03.09-09.17.56:447][657]LogLoad: Took 0.024573 seconds to LoadMap(/Game/Map/UEDPIE_0_Main)
[2017.03.09-09.17.58:469][899]LogBlueprintUserMessages: [Enemy_43] Hello
[2017.03.09-09.17.59:070][971]LogNet: Browse: /Game/Map/Main
[2017.03.09-09.17.59:070][971]LogLoadingSplash: Loading begins
[2017.03.09-09.17.59:070][971]LogHMD: FOculusRiftSplash::PushBlackFrame
[2017.03.09-09.17.59:070][971]LogHMD: FOculusRiftSplash::Show
[2017.03.09-09.17.59:070][971]LogLoad: LoadMap: /Game/Map/Main
[2017.03.09-09.17.59:079][971]Cmd: MEM
[2017.03.09-09.17.59:087][971]LogMemory: Platform Memory Stats for Windows
[2017.03.09-09.17.59:087][971]LogMemory: Process Physical Memory: 981.09 MB used, 985.50 MB peak
[2017.03.09-09.17.59:087][971]LogMemory: Process Virtual Memory: 1492.36 MB used, 1492.36 MB peak
[2017.03.09-09.17.59:087][971]LogMemory: Physical Memory: 9330.61 MB used,  23375.11 MB free, 32705.71 MB total
[2017.03.09-09.17.59:087][971]LogMemory: Virtual Memory: 2295.00 MB used,  23375.11 MB free, 134217728.00 MB total
[2017.03.09-09.17.59:087][971]LogMemory: 
[2017.03.09-09.17.59:087][971]Allocator Stats for TBB: (not implemented)
[2017.03.09-09.17.59:087][971]LogPlayLevel: Creating play world package: /Game/Map/UEDPIE_0_Main
[2017.03.09-09.17.59:089][971]LogPlayLevel: PIE: StaticDuplicateObject took: (0.001376s)
[2017.03.09-09.17.59:089][971]LogAIModule: Creating AISystem for world Main
[2017.03.09-09.17.59:089][971]LogPlayLevel: PIE: World Init took: (0.000426s)
[2017.03.09-09.17.59:089][971]LogPlayLevel: PIE: Created PIE world by copying editor world from /Game/Map/Main.Main to /Game/Map/UEDPIE_0_Main.Main (0.001939s)
[2017.03.09-09.17.59:089][971]LogLoad: Game class is 'GameController_BP_C'
[2017.03.09-09.17.59:099][971]LogWorld: Bringing World /Game/Map/UEDPIE_0_Main.Main up for play (max tick rate 0) at 2017.03.09-02.17.59
[2017.03.09-09.17.59:100][971]LogWorld: Bringing up level for play took: 0.009185
[2017.03.09-09.17.59:101][971]LogLoadingSplash: Loading ends
[2017.03.09-09.17.59:101][971]LogHMD: FOculusRiftSplash::Hide
[2017.03.09-09.17.59:101][971]LogHMD: FOculusRiftSplash::PushBlackFrame
[2017.03.09-09.17.59:101][971]LogLoad: Took 0.030557 seconds to LoadMap(/Game/Map/UEDPIE_0_Main)
[2017.03.09-09.18.05:719][764]LogBlueprintUserMessages: [Enemy3] Hello
[2017.03.09-09.18.06:363][841]LogNet: Browse: /Game/Map/Main
[2017.03.09-09.18.06:363][841]LogLoadingSplash: Loading begins
[2017.03.09-09.18.06:363][841]LogHMD: FOculusRiftSplash::PushBlackFrame
[2017.03.09-09.18.06:363][841]LogHMD: FOculusRiftSplash::Show
[2017.03.09-09.18.06:363][841]LogLoad: LoadMap: /Game/Map/Main
[2017.03.09-09.18.06:374][841]Cmd: MEM
[2017.03.09-09.18.06:380][841]LogMemory: Platform Memory Stats for Windows
[2017.03.09-09.18.06:380][841]LogMemory: Process Physical Memory: 995.54 MB used, 1003.66 MB peak
[2017.03.09-09.18.06:380][841]LogMemory: Process Virtual Memory: 1435.98 MB used, 1524.43 MB peak
[2017.03.09-09.18.06:380][841]LogMemory: Physical Memory: 9345.95 MB used,  23359.76 MB free, 32705.71 MB total
[2017.03.09-09.18.06:380][841]LogMemory: Virtual Memory: 2255.00 MB used,  23359.76 MB free, 134217728.00 MB total
[2017.03.09-09.18.06:380][841]LogMemory: 
[2017.03.09-09.18.06:380][841]Allocator Stats for TBB: (not implemented)
[2017.03.09-09.18.06:380][841]LogPlayLevel: Creating play world package: /Game/Map/UEDPIE_0_Main
[2017.03.09-09.18.06:381][841]LogPlayLevel: PIE: StaticDuplicateObject took: (0.001422s)
[2017.03.09-09.18.06:382][841]LogAIModule: Creating AISystem for world Main
[2017.03.09-09.18.06:382][841]LogPlayLevel: PIE: World Init took: (0.000412s)
[2017.03.09-09.18.06:382][841]LogPlayLevel: PIE: Created PIE world by copying editor world from /Game/Map/Main.Main to /Game/Map/UEDPIE_0_Main.Main (0.001984s)
[2017.03.09-09.18.06:382][841]LogLoad: Game class is 'GameController_BP_C'
[2017.03.09-09.18.06:385][841]LogWorld: Bringing World /Game/Map/UEDPIE_0_Main.Main up for play (max tick rate 0) at 2017.03.09-02.18.06
[2017.03.09-09.18.06:386][841]LogWorld: Bringing up level for play took: 0.003009
[2017.03.09-09.18.06:387][841]LogLoadingSplash: Loading ends
[2017.03.09-09.18.06:387][841]LogHMD: FOculusRiftSplash::Hide
[2017.03.09-09.18.06:387][841]LogHMD: FOculusRiftSplash::PushBlackFrame
[2017.03.09-09.18.06:387][841]LogLoad: Took 0.023806 seconds to LoadMap(/Game/Map/UEDPIE_0_Main)
[2017.03.09-09.18.14:876][858]LogBlueprintUserMessages: [Enemy3] Hello
[2017.03.09-09.18.15:376][918]LogNet: Browse: /Game/Map/Main
[2017.03.09-09.18.15:376][918]LogLoadingSplash: Loading begins
[2017.03.09-09.18.15:377][918]LogHMD: FOculusRiftSplash::PushBlackFrame
[2017.03.09-09.18.15:377][918]LogHMD: FOculusRiftSplash::Show
[2017.03.09-09.18.15:377][918]LogLoad: LoadMap: /Game/Map/Main
[2017.03.09-09.18.15:387][918]Cmd: MEM
[2017.03.09-09.18.15:394][918]LogMemory: Platform Memory Stats for Windows
[2017.03.09-09.18.15:394][918]LogMemory: Process Physical Memory: 968.90 MB used, 1003.66 MB peak
[2017.03.09-09.18.15:394][918]LogMemory: Process Virtual Memory: 1433.20 MB used, 1524.43 MB peak
[2017.03.09-09.18.15:394][918]LogMemory: Physical Memory: 9319.77 MB used,  23385.95 MB free, 32705.71 MB total
[2017.03.09-09.18.15:394][918]LogMemory: Virtual Memory: 2254.19 MB used,  23385.95 MB free, 134217728.00 MB total
[2017.03.09-09.18.15:394][918]LogMemory: 
[2017.03.09-09.18.15:394][918]Allocator Stats for TBB: (not implemented)
[2017.03.09-09.18.15:394][918]LogPlayLevel: Creating play world package: /Game/Map/UEDPIE_0_Main
[2017.03.09-09.18.15:395][918]LogPlayLevel: PIE: StaticDuplicateObject took: (0.001385s)
[2017.03.09-09.18.15:395][918]LogAIModule: Creating AISystem for world Main
[2017.03.09-09.18.15:395][918]LogPlayLevel: PIE: World Init took: (0.000487s)
[2017.03.09-09.18.15:396][918]LogPlayLevel: PIE: Created PIE world by copying editor world from /Game/Map/Main.Main to /Game/Map/UEDPIE_0_Main.Main (0.002031s)
[2017.03.09-09.18.15:396][918]LogLoad: Game class is 'GameController_BP_C'
[2017.03.09-09.18.15:399][918]LogWorld: Bringing World /Game/Map/UEDPIE_0_Main.Main up for play (max tick rate 0) at 2017.03.09-02.18.15
[2017.03.09-09.18.15:400][918]LogWorld: Bringing up level for play took: 0.003454
[2017.03.09-09.18.15:401][918]LogLoadingSplash: Loading ends
[2017.03.09-09.18.15:401][918]LogHMD: FOculusRiftSplash::Hide
[2017.03.09-09.18.15:401][918]LogHMD: FOculusRiftSplash::PushBlackFrame
[2017.03.09-09.18.15:401][918]LogLoad: Took 0.024466 seconds to LoadMap(/Game/Map/UEDPIE_0_Main)
[2017.03.09-09.18.24:392][994]LogBlueprintUserMessages: [Enemy3] Hello
[2017.03.09-09.18.25:576][136]LogNet: Browse: /Game/Map/Main
[2017.03.09-09.18.25:576][136]LogLoadingSplash: Loading begins
[2017.03.09-09.18.25:576][136]LogHMD: FOculusRiftSplash::PushBlackFrame
[2017.03.09-09.18.25:576][136]LogHMD: FOculusRiftSplash::Show
[2017.03.09-09.18.25:576][136]LogLoad: LoadMap: /Game/Map/Main
[2017.03.09-09.18.25:586][136]Cmd: MEM
[2017.03.09-09.18.25:592][136]LogMemory: Platform Memory Stats for Windows
[2017.03.09-09.18.25:592][136]LogMemory: Process Physical Memory: 969.21 MB used, 1003.66 MB peak
[2017.03.09-09.18.25:592][136]LogMemory: Process Virtual Memory: 1436.45 MB used, 1524.43 MB peak
[2017.03.09-09.18.25:592][136]LogMemory: Physical Memory: 9319.55 MB used,  23386.16 MB free, 32705.71 MB total
[2017.03.09-09.18.25:592][136]LogMemory: Virtual Memory: 2250.19 MB used,  23386.16 MB free, 134217728.00 MB total
[2017.03.09-09.18.25:592][136]LogMemory: 
[2017.03.09-09.18.25:592][136]Allocator Stats for TBB: (not implemented)
[2017.03.09-09.18.25:592][136]LogPlayLevel: Creating play world package: /Game/Map/UEDPIE_0_Main
[2017.03.09-09.18.25:594][136]LogPlayLevel: PIE: StaticDuplicateObject took: (0.001527s)
[2017.03.09-09.18.25:594][136]LogAIModule: Creating AISystem for world Main
[2017.03.09-09.18.25:594][136]LogPlayLevel: PIE: World Init took: (0.000463s)
[2017.03.09-09.18.25:594][136]LogPlayLevel: PIE: Created PIE world by copying editor world from /Game/Map/Main.Main to /Game/Map/UEDPIE_0_Main.Main (0.002141s)
[2017.03.09-09.18.25:594][136]LogLoad: Game class is 'GameController_BP_C'
[2017.03.09-09.18.25:598][136]LogWorld: Bringing World /Game/Map/UEDPIE_0_Main.Main up for play (max tick rate 0) at 2017.03.09-02.18.25
[2017.03.09-09.18.25:599][136]LogWorld: Bringing up level for play took: 0.003120
[2017.03.09-09.18.25:600][136]LogLoadingSplash: Loading ends
[2017.03.09-09.18.25:600][136]LogHMD: FOculusRiftSplash::Hide
[2017.03.09-09.18.25:600][136]LogHMD: FOculusRiftSplash::PushBlackFrame
[2017.03.09-09.18.25:600][136]LogLoad: Took 0.023320 seconds to LoadMap(/Game/Map/UEDPIE_0_Main)
[2017.03.09-09.18.43:216][247]LogBlueprintUserMessages: [Main_C_1] Hello
[2017.03.09-09.18.45:250][491]LogBlueprintUserMessages: [Main_C_1] Hello
[2017.03.09-09.18.47:980][817]LogBlueprintUserMessages: [Main_C_1] Hello
[2017.03.09-09.18.49:657][ 17]LogBlueprintUserMessages: [Enemy4] Hello
[2017.03.09-09.18.50:917][168]LogBlueprintUserMessages: Early EndPlayMap Detection: Level '/Game/Map/Main.Main:PersistentLevel' has LevelScriptBlueprint '/Game/Map/Main.Main:PersistentLevel.Main' with GeneratedClass '/Game/Map/Main.Main_C' with ClassGeneratedBy '/Game/Map/Main.Main:PersistentLevel.Main'
[2017.03.09-09.18.50:960][168]LogBlueprintUserMessages: Late EndPlayMap Detection: Level '/Game/Map/Main.Main:PersistentLevel' has LevelScriptBlueprint '/Game/Map/Main.Main:PersistentLevel.Main' with GeneratedClass '/Game/Map/Main.Main_C' with ClassGeneratedBy '/Game/Map/Main.Main:PersistentLevel.Main'
[2017.03.09-09.19.01:945][311]Cmd: OBJ SAVEPACKAGE PACKAGE="/Game/Map/Main" FILE="../../../../../../Users/u1068959/Documents/Unreal Projects/VirtualWorldScroller/Content/Map/Main.umap" SILENT=true AUTOSAVING=false KEEPDIRTY=false
[2017.03.09-09.19.02:009][311]LogSavePackage: Save=51.98ms
[2017.03.09-09.19.02:009][311]LogSavePackage: Moving '../../../../../../Users/u1068959/Documents/Unreal Projects/VirtualWorldScroller/Saved/Main5134FEB449918DAED7C99286E66DE7FE.tmp' to '../../../../../../Users/u1068959/Documents/Unreal Projects/VirtualWorldScroller/Content/Map/Main.umap'
[2017.03.09-09.19.02:011][311]LogSavePackage:Display: Finished SavePackage ../../../../../../Users/u1068959/Documents/Unreal Projects/VirtualWorldScroller/Content/Map/Main.umap
[2017.03.09-09.19.03:034][414]LogTemp: Repeting last play command: Selected Viewport
[2017.03.09-09.19.03:048][414]LogBlueprintUserMessages: Early PlayInEditor Detection: Level '/Game/Map/Main.Main:PersistentLevel' has LevelScriptBlueprint '/Game/Map/Main.Main:PersistentLevel.Main' with GeneratedClass '/Game/Map/Main.Main_C' with ClassGeneratedBy '/Game/Map/Main.Main:PersistentLevel.Main'
[2017.03.09-09.19.03:048][414]LogPlayLevel: PlayLevel: No blueprints needed recompiling
[2017.03.09-09.19.03:048][414]PIE: New page: PIE session: Main (Mar 8, 2017, 7:19:03 PM)
[2017.03.09-09.19.03:048][414]LogPlayLevel: Creating play world package: /Game/Map/UEDPIE_0_Main
[2017.03.09-09.19.03:050][414]LogPlayLevel: PIE: StaticDuplicateObject took: (0.001645s)
[2017.03.09-09.19.03:050][414]LogAIModule: Creating AISystem for world Main
[2017.03.09-09.19.03:051][414]LogPlayLevel: PIE: World Init took: (0.000622s)
[2017.03.09-09.19.03:051][414]LogPlayLevel: PIE: Created PIE world by copying editor world from /Game/Map/Main.Main to /Game/Map/UEDPIE_0_Main.Main (0.002466s)
[2017.03.09-09.19.03:072][414]LogInit: XAudio2 using 'DELL UZ2315H-C (NVIDIA High Definition Audio)' : 2 channels at 48 kHz using 16 bits per sample (channel mask 0x3)
[2017.03.09-09.19.03:075][414]LogInit: FAudioDevice initialized.
[2017.03.09-09.19.03:106][414]LogLoad: Game class is 'GameController_BP_C'
[2017.03.09-09.19.03:109][414]LogWorld: Bringing World /Game/Map/UEDPIE_0_Main.Main up for play (max tick rate 0) at 2017.03.09-02.19.03
[2017.03.09-09.19.03:109][414]LogWorld: Bringing up level for play took: 0.002944
[2017.03.09-09.19.03:111][414]PIE: Info Play in editor start time for /Game/Map/UEDPIE_0_Main 0.338
[2017.03.09-09.19.03:111][414]LogBlueprintUserMessages: Late PlayInEditor Detection: Level '/Game/Map/Main.Main:PersistentLevel' has LevelScriptBlueprint '/Game/Map/Main.Main:PersistentLevel.Main' with GeneratedClass '/Game/Map/Main.Main_C' with ClassGeneratedBy '/Game/Map/Main.Main:PersistentLevel.Main'
[2017.03.09-09.19.04:587][590]LogBlueprintUserMessages: [Enemy_43] Hello
[2017.03.09-09.19.05:824][738]LogNet: Browse: /Game/Map/Main
[2017.03.09-09.19.05:824][738]LogLoadingSplash: Loading begins
[2017.03.09-09.19.05:824][738]LogHMD: FOculusRiftSplash::PushBlackFrame
[2017.03.09-09.19.05:824][738]LogHMD: FOculusRiftSplash::Show
[2017.03.09-09.19.05:824][738]LogLoad: LoadMap: /Game/Map/Main
[2017.03.09-09.19.05:834][738]Cmd: MEM
[2017.03.09-09.19.05:843][738]LogMemory: Platform Memory Stats for Windows
[2017.03.09-09.19.05:843][738]LogMemory: Process Physical Memory: 985.29 MB used, 1003.66 MB peak
[2017.03.09-09.19.05:843][738]LogMemory: Process Virtual Memory: 1440.31 MB used, 1524.43 MB peak
[2017.03.09-09.19.05:843][738]LogMemory: Physical Memory: 9332.46 MB used,  23373.26 MB free, 32705.71 MB total
[2017.03.09-09.19.05:843][738]LogMemory: Virtual Memory: 2241.94 MB used,  23373.26 MB free, 134217728.00 MB total
[2017.03.09-09.19.05:843][738]LogMemory: 
[2017.03.09-09.19.05:843][738]Allocator Stats for TBB: (not implemented)
[2017.03.09-09.19.05:843][738]LogPlayLevel: Creating play world package: /Game/Map/UEDPIE_0_Main
[2017.03.09-09.19.05:844][738]LogPlayLevel: PIE: StaticDuplicateObject took: (0.001577s)
[2017.03.09-09.19.05:845][738]LogAIModule: Creating AISystem for world Main
[2017.03.09-09.19.05:845][738]LogPlayLevel: PIE: World Init took: (0.000532s)
[2017.03.09-09.19.05:845][738]LogPlayLevel: PIE: Created PIE world by copying editor world from /Game/Map/Main.Main to /Game/Map/UEDPIE_0_Main.Main (0.002283s)
[2017.03.09-09.19.05:845][738]LogLoad: Game class is 'GameController_BP_C'
[2017.03.09-09.19.05:848][738]LogWorld: Bringing World /Game/Map/UEDPIE_0_Main.Main up for play (max tick rate 0) at 2017.03.09-02.19.05
[2017.03.09-09.19.05:849][738]LogWorld: Bringing up level for play took: 0.002793
[2017.03.09-09.19.05:850][738]LogLoadingSplash: Loading ends
[2017.03.09-09.19.05:850][738]LogHMD: FOculusRiftSplash::Hide
[2017.03.09-09.19.05:850][738]LogHMD: FOculusRiftSplash::PushBlackFrame
[2017.03.09-09.19.05:850][738]LogLoad: Took 0.026094 seconds to LoadMap(/Game/Map/UEDPIE_0_Main)
[2017.03.09-09.19.13:419][644]LogBlueprintUserMessages: [Enemy_43] Hello
[2017.03.09-09.19.14:361][757]LogNet: Browse: /Game/Map/Main
[2017.03.09-09.19.14:362][757]LogLoadingSplash: Loading begins
[2017.03.09-09.19.14:362][757]LogHMD: FOculusRiftSplash::PushBlackFrame
[2017.03.09-09.19.14:362][757]LogHMD: FOculusRiftSplash::Show
[2017.03.09-09.19.14:362][757]LogLoad: LoadMap: /Game/Map/Main
[2017.03.09-09.19.14:370][757]Cmd: MEM
[2017.03.09-09.19.14:378][757]LogMemory: Platform Memory Stats for Windows
[2017.03.09-09.19.14:378][757]LogMemory: Process Physical Memory: 975.85 MB used, 1003.66 MB peak
[2017.03.09-09.19.14:378][757]LogMemory: Process Virtual Memory: 1435.01 MB used, 1524.43 MB peak
[2017.03.09-09.19.14:378][757]LogMemory: Physical Memory: 9321.93 MB used,  23383.79 MB free, 32705.71 MB total
[2017.03.09-09.19.14:378][757]LogMemory: Virtual Memory: 2257.94 MB used,  23383.79 MB free, 134217728.00 MB total
[2017.03.09-09.19.14:378][757]LogMemory: 
[2017.03.09-09.19.14:378][757]Allocator Stats for TBB: (not implemented)
[2017.03.09-09.19.14:378][757]LogPlayLevel: Creating play world package: /Game/Map/UEDPIE_0_Main
[2017.03.09-09.19.14:380][757]LogPlayLevel: PIE: StaticDuplicateObject took: (0.001429s)
[2017.03.09-09.19.14:380][757]LogAIModule: Creating AISystem for world Main
[2017.03.09-09.19.14:380][757]LogPlayLevel: PIE: World Init took: (0.000420s)
[2017.03.09-09.19.14:380][757]LogPlayLevel: PIE: Created PIE world by copying editor world from /Game/Map/Main.Main to /Game/Map/UEDPIE_0_Main.Main (0.001996s)
[2017.03.09-09.19.14:380][757]LogLoad: Game class is 'GameController_BP_C'
[2017.03.09-09.19.14:383][757]LogWorld: Bringing World /Game/Map/UEDPIE_0_Main.Main up for play (max tick rate 0) at 2017.03.09-02.19.14
[2017.03.09-09.19.14:384][757]LogWorld: Bringing up level for play took: 0.002448
[2017.03.09-09.19.14:385][757]LogLoadingSplash: Loading ends
[2017.03.09-09.19.14:385][757]LogHMD: FOculusRiftSplash::Hide
[2017.03.09-09.19.14:385][757]LogHMD: FOculusRiftSplash::PushBlackFrame
[2017.03.09-09.19.14:385][757]LogLoad: Took 0.023325 seconds to LoadMap(/Game/Map/UEDPIE_0_Main)
[2017.03.09-09.19.48:110][800]LogBlueprintUserMessages: [Main_C_0] Hello
[2017.03.09-09.19.52:469][323]LogBlueprintUserMessages: [Main_C_0] Hello
[2017.03.09-09.19.53:286][421]LogBlueprintUserMessages: [Enemy4] Hello
[2017.03.09-09.19.54:696][590]LogBlueprintUserMessages: Early EndPlayMap Detection: Level '/Game/Map/Main.Main:PersistentLevel' has LevelScriptBlueprint '/Game/Map/Main.Main:PersistentLevel.Main' with GeneratedClass '/Game/Map/Main.Main_C' with ClassGeneratedBy '/Game/Map/Main.Main:PersistentLevel.Main'
[2017.03.09-09.19.54:740][590]LogBlueprintUserMessages: Late EndPlayMap Detection: Level '/Game/Map/Main.Main:PersistentLevel' has LevelScriptBlueprint '/Game/Map/Main.Main:PersistentLevel.Main' with GeneratedClass '/Game/Map/Main.Main_C' with ClassGeneratedBy '/Game/Map/Main.Main:PersistentLevel.Main'
[2017.03.09-09.20.03:890][631]LogRenderer: Reallocating scene render targets to support 1528x920 NumSamples 1 (Frame:27443).
[2017.03.09-09.20.08:466][ 76]LogEditorViewport: Clicking on Actor (LMB): TriggerBox (TriggerBox)
[2017.03.09-09.22.22:581][881]LogSavePackage: Save=6.93ms
[2017.03.09-09.22.22:581][881]LogSavePackage: Moving '../../../../../../Users/u1068959/Documents/Unreal Projects/VirtualWorldScroller/Saved/TriggerBox__Sprite413D3B384C2456A0175608B80F9F4C9E.tmp' to '../../../../../../Users/u1068959/Documents/Unreal Projects/VirtualWorldScroller/Content/Art/Sprites/TriggerBox__Sprite.uasset'
[2017.03.09-09.22.22:583][881]LogSavePackage:Display: Finished SavePackage ../../../../../../Users/u1068959/Documents/Unreal Projects/VirtualWorldScroller/Content/Art/Sprites/TriggerBox__Sprite.uasset
[2017.03.09-09.22.22:658][881]LogWindowsTextInputMethodSystem:Display: IME system now deactivated.
[2017.03.09-09.22.22:832][882]Cmd: QUIT_EDITOR
[2017.03.09-09.22.23:850][882]LogExit: Preparing to exit.
[2017.03.09-09.22.24:527][882]LogDirectoryWatcher: A directory notification for 'C:/Users/u1068959/Documents/Unreal Projects/VirtualWorldScroller/Content/' was aborted.
[2017.03.09-09.22.24:540][882]LogExit: Editor shut down
[2017.03.09-09.22.24:540][882]LogExit: Transaction tracking system shut down
[2017.03.09-09.22.24:587][882]LogObj: Freed 0b from 0 cluster array pools.
[2017.03.09-09.22.24:587][882]LogExit: Object subsystem successfully closed.
[2017.03.09-09.22.24:606][882]LogD3D11RHI: Shutdown
[2017.03.09-09.22.24:606][882]LogD3D11RHI: CleanupD3DDevice
[2017.03.09-09.22.24:660][882]LogD3D11RHI: ~FD3D11DynamicRHI
[2017.03.09-09.22.24:671][882]LogHttp:Display: Http module shutting down, but needs to wait on 1 outstanding Http requests:
[2017.03.09-09.22.24:671][882]LogHttp:Display: 	verb=[POST] url=[https://datarouter.ol.epicgames.com/datarouter/api/v1/public/data?SessionID=%7B04594CE3-4013-F0FB-15E4-B2A0D0A9A46B%7D&AppID=UEEditor.Rocket.Release&AppVersion=4.14.3-3249277%2B%2B%2BUE4%2BRelease-4.14&UserID=f9b1af9f478eb14021a4ffbc3af19e35%7C212d209d3ab64bde90ec43b8f786d5e0%7Ca2d5175b-7a00-4542-ac8c-c7c1e33da56a&AppEnvironment=datacollector-binary&UploadType=eteventstream] status=Processing
[2017.03.09-09.22.24:673][882]LogModuleManager: Shutting down and abandoning module MovieSceneCapture (245)
[2017.03.09-09.22.24:673][882]LogModuleManager: Shutting down and abandoning module TextureEditor (244)
[2017.03.09-09.22.24:673][882]LogModuleManager: Shutting down and abandoning module HierarchicalLODOutliner (243)
[2017.03.09-09.22.24:673][882]LogModuleManager: Shutting down and abandoning module CrashTracker (242)
[2017.03.09-09.22.24:673][882]LogModuleManager: Shutting down and abandoning module SceneOutliner (241)
[2017.03.09-09.22.24:673][882]LogModuleManager: Shutting down and abandoning module WidgetCarousel (240)
[2017.03.09-09.22.24:673][882]LogModuleManager: Shutting down and abandoning module AddContentDialog (239)
[2017.03.09-09.22.24:673][882]LogDirectoryWatcher: A directory notification for 'C:/Program Files/Epic Games/4.14/FeaturePacks/' was aborted.
[2017.03.09-09.22.24:674][882]LogModuleManager: Shutting down and abandoning module GameplayTags (238)
[2017.03.09-09.22.24:674][882]LogModuleManager: Shutting down and abandoning module EditorWidgets (237)
[2017.03.09-09.22.24:674][882]LogModuleManager: Shutting down and abandoning module CollectionManager (236)
[2017.03.09-09.22.24:674][882]LogDirectoryWatcher: A directory notification for 'C:/Users/u1068959/Documents/Unreal Projects/VirtualWorldScroller/Content/Collections/' was aborted.
[2017.03.09-09.22.24:674][882]LogDirectoryWatcher: A directory notification for 'C:/Users/u1068959/Documents/Unreal Projects/VirtualWorldScroller/Content/Developers/u1068959/Collections/' was aborted.
[2017.03.09-09.22.24:674][882]LogDirectoryWatcher: A directory notification for 'C:/Users/u1068959/Documents/Unreal Projects/VirtualWorldScroller/Saved/Collections/' was aborted.
[2017.03.09-09.22.24:674][882]LogModuleManager: Shutting down and abandoning module StatsViewer (235)
[2017.03.09-09.22.24:674][882]LogModuleManager: Shutting down and abandoning module FoliageEdit (234)
[2017.03.09-09.22.24:674][882]LogModuleManager: Shutting down and abandoning module LandscapeEditor (233)
[2017.03.09-09.22.24:674][882]LogModuleManager: Shutting down and abandoning module SceneDepthPickerMode (232)
[2017.03.09-09.22.24:674][882]LogModuleManager: Shutting down and abandoning module ActorPickerMode (231)
[2017.03.09-09.22.24:674][882]LogModuleManager: Shutting down and abandoning module GeometryMode (230)
[2017.03.09-09.22.24:674][882]LogModuleManager: Shutting down and abandoning module TextureAlignMode (229)
[2017.03.09-09.22.24:674][882]LogModuleManager: Shutting down and abandoning module BspMode (228)
[2017.03.09-09.22.24:674][882]LogModuleManager: Shutting down and abandoning module HardwareSurvey (227)
[2017.03.09-09.22.24:674][882]LogModuleManager: Shutting down and abandoning module SequenceRecorderSections (226)
[2017.03.09-09.22.24:674][882]LogModuleManager: Shutting down and abandoning module AutomationWorker (225)
[2017.03.09-09.22.24:674][882]LogModuleManager: Shutting down and abandoning module MatineeToLevelSequence (224)
[2017.03.09-09.22.24:674][882]LogModuleManager: Shutting down and abandoning module PlacementMode (223)
[2017.03.09-09.22.24:674][882]LogModuleManager: Shutting down and abandoning module LevelSequenceEditor (222)
[2017.03.09-09.22.24:674][882]LogModuleManager: Shutting down and abandoning module WmfMediaFactory (221)
[2017.03.09-09.22.24:674][882]LogModuleManager: Shutting down and abandoning module WmfMediaEditor (220)
[2017.03.09-09.22.24:674][882]LogModuleManager: Shutting down and abandoning module AvfMediaFactory (219)
[2017.03.09-09.22.24:674][882]LogModuleManager: Shutting down and abandoning module AvfMediaEditor (218)
[2017.03.09-09.22.24:674][882]LogModuleManager: Shutting down and abandoning module Media (217)
[2017.03.09-09.22.24:674][882]LogModuleManager: Shutting down and abandoning module AndroidMediaFactory (216)
[2017.03.09-09.22.24:674][882]LogModuleManager: Shutting down and abandoning module AndroidMediaEditor (215)
[2017.03.09-09.22.24:674][882]LogModuleManager: Shutting down and abandoning module CharacterAI (214)
[2017.03.09-09.22.24:674][882]LogModuleManager: Shutting down and abandoning module SequenceRecorder (213)
[2017.03.09-09.22.24:674][882]LogModuleManager: Shutting down and abandoning module AudioCapture (212)
[2017.03.09-09.22.24:674][882]LogModuleManager: Shutting down and abandoning module SmartSnapping (211)
[2017.03.09-09.22.24:674][882]LogModuleManager: Shutting down and abandoning module SessionServices (210)
[2017.03.09-09.22.24:674][882]LogModuleManager: Shutting down and abandoning module ViewportSnapping (209)
[2017.03.09-09.22.24:674][882]LogModuleManager: Shutting down and abandoning module ViewportInteraction (208)
[2017.03.09-09.22.24:674][882]LogModuleManager: Shutting down and abandoning module LogVisualizer (207)
[2017.03.09-09.22.24:674][882]LogModuleManager: Shutting down and abandoning module GameProjectGeneration (206)
[2017.03.09-09.22.24:674][882]LogModuleManager: Shutting down and abandoning module IntroTutorials (205)
[2017.03.09-09.22.24:674][882]LogModuleManager: Shutting down and abandoning module EditorLiveStreaming (204)
[2017.03.09-09.22.24:674][882]LogModuleManager: Shutting down and abandoning module IOSPlatformEditor (203)
[2017.03.09-09.22.24:674][882]LogModuleManager: Shutting down and abandoning module HTML5PlatformEditor (202)
[2017.03.09-09.22.24:674][882]LogModuleManager: Shutting down and abandoning module AndroidDeviceDetection (201)
[2017.03.09-09.22.24:901][882]LogModuleManager: Shutting down and abandoning module AndroidPlatformEditor (200)
[2017.03.09-09.22.24:901][882]LogModuleManager: Shutting down and abandoning module IOSRuntimeSettings (199)
[2017.03.09-09.22.24:901][882]LogModuleManager: Shutting down and abandoning module AndroidRuntimeSettings (198)
[2017.03.09-09.22.24:901][882]LogModuleManager: Shutting down and abandoning module InputBindingEditor (197)
[2017.03.09-09.22.24:901][882]LogModuleManager: Shutting down and abandoning module NiagaraEditor (196)
[2017.03.09-09.22.24:901][882]LogModuleManager: Shutting down and abandoning module MergeActors (195)
[2017.03.09-09.22.24:901][882]LogModuleManager: Shutting down and abandoning module SizeMap (194)
[2017.03.09-09.22.24:901][882]LogModuleManager: Shutting down and abandoning module TreeMap (193)
[2017.03.09-09.22.24:901][882]LogModuleManager: Shutting down and abandoning module ReferenceViewer (192)
[2017.03.09-09.22.24:901][882]LogModuleManager: Shutting down and abandoning module LocalizationService (191)
[2017.03.09-09.22.24:901][882]LogModuleManager: Shutting down and abandoning module LocalizationDashboard (190)
[2017.03.09-09.22.24:901][882]LogModuleManager: Shutting down and abandoning module HardwareTargeting (189)
[2017.03.09-09.22.24:901][882]LogModuleManager: Shutting down and abandoning module DeviceProfileEditor (188)
[2017.03.09-09.22.24:901][882]LogModuleManager: Shutting down and abandoning module UndoHistory (187)
[2017.03.09-09.22.24:901][882]LogModuleManager: Shutting down and abandoning module UserFeedback (186)
[2017.03.09-09.22.24:901][882]LogModuleManager: Shutting down and abandoning module XmlParser (185)
[2017.03.09-09.22.24:901][882]LogModuleManager: Shutting down and abandoning module Blutility (184)
[2017.03.09-09.22.24:901][882]LogModuleManager: Shutting down and abandoning module ProjectTargetPlatformEditor (183)
[2017.03.09-09.22.24:901][882]LogModuleManager: Shutting down and abandoning module ProjectSettingsViewer (182)
[2017.03.09-09.22.24:901][882]LogModuleManager: Shutting down and abandoning module EditorSettingsViewer (181)
[2017.03.09-09.22.24:901][882]LogModuleManager: Shutting down and abandoning module SettingsEditor (180)
[2017.03.09-09.22.24:901][882]LogModuleManager: Shutting down and abandoning module ProjectLauncher (179)
[2017.03.09-09.22.24:901][882]LogModuleManager: Shutting down and abandoning module SessionFrontend (178)
[2017.03.09-09.22.24:901][882]LogModuleManager: Shutting down and abandoning module ProfilerClient (177)
[2017.03.09-09.22.24:901][882]LogModuleManager: Shutting down and abandoning module TargetDeviceServices (176)
[2017.03.09-09.22.24:901][882]LogModuleManager: Shutting down and abandoning module DeviceManager (175)
[2017.03.09-09.22.24:955][882]LogModuleManager: Shutting down and abandoning module AutomationController (174)
[2017.03.09-09.22.24:955][882]LogModuleManager: Shutting down and abandoning module AutomationWindow (173)
[2017.03.09-09.22.24:955][882]LogModuleManager: Shutting down and abandoning module Layers (172)
[2017.03.09-09.22.24:955][882]LogModuleManager: Shutting down and abandoning module ComponentVisualizers (171)
[2017.03.09-09.22.24:955][882]LogModuleManager: Shutting down and abandoning module DetailCustomizations (170)
[2017.03.09-09.22.24:955][882]LogModuleManager: Shutting down and abandoning module PackagesDialog (169)
[2017.03.09-09.22.24:955][882]LogModuleManager: Shutting down and abandoning module AnimGraph (168)
[2017.03.09-09.22.24:955][882]LogModuleManager: Shutting down and abandoning module Persona (167)
[2017.03.09-09.22.24:955][882]LogModuleManager: Shutting down and abandoning module Kismet (166)
[2017.03.09-09.22.24:955][882]LogModuleManager: Shutting down and abandoning module GraphEditor (165)
[2017.03.09-09.22.24:955][882]LogModuleManager: Shutting down and abandoning module ClassViewer (164)
[2017.03.09-09.22.24:955][882]LogModuleManager: Shutting down and abandoning module Toolbox (163)
[2017.03.09-09.22.24:955][882]LogModuleManager: Shutting down and abandoning module ModuleUI (162)
[2017.03.09-09.22.24:955][882]LogModuleManager: Shutting down and abandoning module MovieSceneTools (161)
[2017.03.09-09.22.24:955][882]LogModuleManager: Shutting down and abandoning module OutputLog (160)
[2017.03.09-09.22.24:955][882]LogModuleManager: Shutting down and abandoning module GammaUI (159)
[2017.03.09-09.22.24:955][882]LogModuleManager: Shutting down and abandoning module Documentation (158)
[2017.03.09-09.22.24:955][882]LogModuleManager: Shutting down and abandoning module Niagara (157)
[2017.03.09-09.22.24:955][882]LogModuleManager: Shutting down and abandoning module StreamingPauseRendering (156)
[2017.03.09-09.22.24:955][882]LogModuleManager: Shutting down and abandoning module AnalyticsET (155)
[2017.03.09-09.22.24:955][882]LogModuleManager: Shutting down and abandoning module PortalServices (154)
[2017.03.09-09.22.24:955][882]LogModuleManager: Shutting down and abandoning module PortalRpc (153)
[2017.03.09-09.22.24:955][882]LogModuleManager: Shutting down and abandoning module MessagingRpc (152)
[2017.03.09-09.22.24:955][882]LogModuleManager: Shutting down and abandoning module GameplayDebugger (151)
[2017.03.09-09.22.24:955][882]LogModuleManager: Shutting down and abandoning module AITestSuite (150)
[2017.03.09-09.22.24:955][882]LogModuleManager: Shutting down and abandoning module AIModule (149)
[2017.03.09-09.22.24:955][882]LogModuleManager: Shutting down and abandoning module ProfilerService (148)
[2017.03.09-09.22.25:013][882]LogModuleManager: Shutting down and abandoning module TaskGraph (147)
[2017.03.09-09.22.25:013][882]LogModuleManager: Shutting down and abandoning module SubstanceEditor (146)
[2017.03.09-09.22.25:013][882]LogModuleManager: Shutting down and abandoning module SlateRemote (145)
[2017.03.09-09.22.25:013][882]LogModuleManager: Shutting down and abandoning module SteamVRController (144)
[2017.03.09-09.22.25:013][882]LogModuleManager: Shutting down and abandoning module SteamVR (143)
[2017.03.09-09.22.25:013][882]LogModuleManager: Shutting down and abandoning module ProceduralMeshComponentEditor (142)
[2017.03.09-09.22.25:013][882]LogModuleManager: Shutting down and abandoning module ProceduralMeshComponent (141)
[2017.03.09-09.22.25:013][882]LogModuleManager: Shutting down and abandoning module OculusLibrary (140)
[2017.03.09-09.22.25:013][882]LogModuleManager: Shutting down and abandoning module OculusInput (139)
[2017.03.09-09.22.25:013][882]LogModuleManager: Shutting down and abandoning module MobilePatchingUtils (138)
[2017.03.09-09.22.25:013][882]LogModuleManager: Shutting down and abandoning module CustomMeshComponent (137)
[2017.03.09-09.22.25:013][882]LogModuleManager: Shutting down and abandoning module CableComponent (136)
[2017.03.09-09.22.25:013][882]LogModuleManager: Shutting down and abandoning module ArchVisCharacter (135)
[2017.03.09-09.22.25:013][882]LogModuleManager: Shutting down and abandoning module MediaPlayerEditor (133)
[2017.03.09-09.22.25:013][882]LogModuleManager: Shutting down and abandoning module HTML5Networking (132)
[2017.03.09-09.22.25:013][882]LogModuleManager: Shutting down and abandoning module GeometryCacheEd (131)
[2017.03.09-09.22.25:013][882]LogModuleManager: Shutting down and abandoning module GeometryCache (130)
[2017.03.09-09.22.25:013][882]LogModuleManager: Shutting down and abandoning module AlembicLibrary (129)
[2017.03.09-09.22.25:013][882]LogModuleManager: Shutting down and abandoning module AlembicImporter (128)
[2017.03.09-09.22.25:013][882]LogModuleManager: Shutting down and abandoning module SuperSearch (127)
[2017.03.09-09.22.25:013][882]LogModuleManager: Shutting down and abandoning module SuperSearchEditor (126)
[2017.03.09-09.22.25:013][882]LogModuleManager: Shutting down and abandoning module SpeedTreeImporter (125)
[2017.03.09-09.22.25:013][882]LogModuleManager: Shutting down and abandoning module PluginBrowser (124)
[2017.03.09-09.22.25:013][882]LogModuleManager: Shutting down and abandoning module MobileLauncherProfileWizard (123)
[2017.03.09-09.22.25:013][882]LogModuleManager: Shutting down and abandoning module EpicSurvey (122)
[2017.03.09-09.22.25:013][882]LogModuleManager: Shutting down and abandoning module DesktopPlatform (121)
[2017.03.09-09.22.25:013][882]LogModuleManager: Shutting down and abandoning module VisualStudioSourceCodeAccess (120)
[2017.03.09-09.22.25:013][882]LogModuleManager: Shutting down and abandoning module UObjectPlugin (119)
[2017.03.09-09.22.25:013][882]LogModuleManager: Shutting down and abandoning module SubversionSourceControl (118)
[2017.03.09-09.22.25:013][882]LogModuleManager: Shutting down and abandoning module PerforceSourceControl (117)
[2017.03.09-09.22.25:013][882]LogModuleManager: Shutting down and abandoning module SourceControl (116)
[2017.03.09-09.22.25:013][882]LogModuleManager: Shutting down and abandoning module GitSourceControl (115)
[2017.03.09-09.22.25:014][882]LogModuleManager: Shutting down and abandoning module LightPropagationVolumeEditor (114)
[2017.03.09-09.22.25:014][882]LogModuleManager: Shutting down and abandoning module PaperTiledImporter (113)
[2017.03.09-09.22.25:014][882]LogModuleManager: Shutting down and abandoning module PaperSpriteSheetImporter (112)
[2017.03.09-09.22.25:014][882]LogModuleManager: Shutting down and abandoning module MeshPaint (111)
[2017.03.09-09.22.25:014][882]LogModuleManager: Shutting down and abandoning module PixelInspectorModule (110)
[2017.03.09-09.22.25:014][882]LogModuleManager: Shutting down and abandoning module HotReload (109)
[2017.03.09-09.22.25:014][882]LogModuleManager: Shutting down and abandoning module MainFrame (108)
[2017.03.09-09.22.25:014][882]LogModuleManager: Shutting down and abandoning module LevelEditor (107)
[2017.03.09-09.22.25:015][882]LogModuleManager: Shutting down and abandoning module ContentBrowser (106)
[2017.03.09-09.22.25:015][882]LogModuleManager: Shutting down and abandoning module Paper2DEditor (105)
[2017.03.09-09.22.25:015][882]LogModuleManager: Shutting down and abandoning module UdpMessaging (104)
[2017.03.09-09.22.25:117][882]LogModuleManager: Shutting down and abandoning module TcpMessaging (103)
[2017.03.09-09.22.25:390][882]LogModuleManager: Shutting down and abandoning module SubstanceCore (102)
[2017.03.09-09.22.25:390][882]LogModuleManager: Shutting down and abandoning module LightPropagationVolumeRuntime (101)
[2017.03.09-09.22.25:390][882]LogModuleManager: Shutting down and abandoning module Paper2D (100)
[2017.03.09-09.22.25:390][882]LogModuleManager: Shutting down and abandoning module WindowsMoviePlayer (99)
[2017.03.09-09.22.25:390][882]LogModuleManager: Shutting down and abandoning module WmfMedia (98)
[2017.03.09-09.22.25:390][882]LogModuleManager: Shutting down and abandoning module MediaAssets (97)
[2017.03.09-09.22.25:390][882]LogModuleManager: Shutting down and abandoning module GameLiveStreaming (96)
[2017.03.09-09.22.25:390][882]LogModuleManager: Shutting down and abandoning module GameplayTagsEditor (95)
[2017.03.09-09.22.25:390][882]LogModuleManager: Shutting down and abandoning module VREditor (94)
[2017.03.09-09.22.25:390][882]LogModuleManager: Shutting down and abandoning module GameplayTasksEditor (93)
[2017.03.09-09.22.25:390][882]LogModuleManager: Shutting down and abandoning module BehaviorTreeEditor (92)
[2017.03.09-09.22.25:390][882]LogModuleManager: Shutting down and abandoning module FunctionalTesting (91)
[2017.03.09-09.22.25:390][882]LogModuleManager: Shutting down and abandoning module CollisionAnalyzer (90)
[2017.03.09-09.22.25:390][882]LogModuleManager: Shutting down and abandoning module Sequencer (89)
[2017.03.09-09.22.25:390][882]LogModuleManager: Shutting down and abandoning module WorkspaceMenuStructure (88)
[2017.03.09-09.22.25:391][882]LogModuleManager: Shutting down and abandoning module MessageLog (87)
[2017.03.09-09.22.25:391][882]LogModuleManager: Shutting down and abandoning module AssetTools (86)
[2017.03.09-09.22.25:391][882]LogModuleManager: Shutting down and abandoning module UMGEditor (85)
[2017.03.09-09.22.25:391][882]LogModuleManager: Shutting down and abandoning module UMG (84)
[2017.03.09-09.22.25:391][882]LogModuleManager: Shutting down and abandoning module SlateReflector (83)
[2017.03.09-09.22.25:391][882]LogModuleManager: Shutting down and abandoning module Slate (82)
[2017.03.09-09.22.25:391][882]LogModuleManager: Shutting down and abandoning module EditorStyle (81)
[2017.03.09-09.22.25:393][882]LogModuleManager: Shutting down and abandoning module SourceCodeAccess (80)
[2017.03.09-09.22.25:393][882]LogModuleManager: Shutting down and abandoning module HeadMountedDisplay (79)
[2017.03.09-09.22.25:393][882]LogModuleManager: Shutting down and abandoning module XAudio2 (78)
[2017.03.09-09.22.25:393][882]LogModuleManager: Shutting down and abandoning module Networking (76)
[2017.03.09-09.22.25:393][882]LogModuleManager: Shutting down and abandoning module Core (75)
[2017.03.09-09.22.25:393][882]LogModuleManager: Shutting down and abandoning module DirectoryWatcher (74)
[2017.03.09-09.22.25:393][882]LogDirectoryWatcher: A directory notification for '../../../Engine/Content/' was aborted.
[2017.03.09-09.22.25:393][882]LogDirectoryWatcher: A directory notification for '../../../../../../Users/u1068959/Documents/Unreal Projects/VirtualWorldScroller/Content/' was aborted.
[2017.03.09-09.22.25:393][882]LogDirectoryWatcher: A directory notification for '../../../Engine/Plugins/2D/Paper2D/Content/' was aborted.
[2017.03.09-09.22.25:393][882]LogModuleManager: Shutting down and abandoning module AssetRegistry (73)
[2017.03.09-09.22.25:525][882]LogModuleManager: Shutting down and abandoning module KismetCompiler (72)
[2017.03.09-09.22.25:525][882]LogModuleManager: Shutting down and abandoning module PhysXFormats (71)
[2017.03.09-09.22.25:525][882]LogModuleManager: Shutting down and abandoning module SimplygonSwarm (70)
[2017.03.09-09.22.25:525][882]LogModuleManager: Shutting down and abandoning module SimplygonMeshReduction (69)
[2017.03.09-09.22.25:525][882]LogModuleManager: Shutting down and abandoning module QuadricMeshReduction (68)
[2017.03.09-09.22.25:525][882]LogModuleManager: Shutting down and abandoning module PropertyEditor (67)
[2017.03.09-09.22.25:525][882]LogModuleManager: Shutting down and abandoning module MeshUtilities (66)
[2017.03.09-09.22.25:525][882]LogModuleManager: Shutting down and abandoning module DerivedDataCache (65)
[2017.03.09-09.22.25:581][882]LogDerivedDataCache: Shutdown
[2017.03.09-09.22.25:581][882]LogModuleManager: Shutting down and abandoning module VulkanShaderFormat (64)
[2017.03.09-09.22.25:581][882]LogModuleManager: Shutting down and abandoning module ShaderFormatOpenGL (63)
[2017.03.09-09.22.25:581][882]LogModuleManager: Shutting down and abandoning module ShaderFormatD3D (62)
[2017.03.09-09.22.25:581][882]LogModuleManager: Shutting down and abandoning module MetalShaderFormat (61)
[2017.03.09-09.22.25:581][882]LogModuleManager: Shutting down and abandoning module TextureFormatUncompressed (60)
[2017.03.09-09.22.25:581][882]LogModuleManager: Shutting down and abandoning module TextureFormatPVR (59)
[2017.03.09-09.22.25:581][882]LogModuleManager: Shutting down and abandoning module TextureFormatDXT (58)
[2017.03.09-09.22.25:581][882]LogModuleManager: Shutting down and abandoning module TextureFormatIntelISPCTexComp (57)
[2017.03.09-09.22.25:581][882]LogModuleManager: Shutting down and abandoning module ImageWrapper (56)
[2017.03.09-09.22.25:581][882]LogModuleManager: Shutting down and abandoning module TextureFormatASTC (55)
[2017.03.09-09.22.25:581][882]LogModuleManager: Shutting down and abandoning module TextureFormatAndroid (54)
[2017.03.09-09.22.25:581][882]LogModuleManager: Shutting down and abandoning module AudioFormatOpus (53)
[2017.03.09-09.22.25:581][882]LogModuleManager: Shutting down and abandoning module AudioFormatOgg (52)
[2017.03.09-09.22.25:581][882]LogModuleManager: Shutting down and abandoning module AudioFormatADPCM (51)
[2017.03.09-09.22.25:581][882]LogModuleManager: Shutting down and abandoning module LinuxTargetPlatform (50)
[2017.03.09-09.22.25:581][882]LogModuleManager: Shutting down and abandoning module LinuxServerTargetPlatform (49)
[2017.03.09-09.22.25:581][882]LogModuleManager: Shutting down and abandoning module LinuxNoEditorTargetPlatform (48)
[2017.03.09-09.22.25:581][882]LogModuleManager: Shutting down and abandoning module LinuxClientTargetPlatform (47)
[2017.03.09-09.22.25:581][882]LogModuleManager: Shutting down and abandoning module TVOSTargetPlatform (46)
[2017.03.09-09.22.25:581][882]LogModuleManager: Shutting down and abandoning module Messaging (45)
[2017.03.09-09.22.25:581][882]LogModuleManager: Shutting down and abandoning module IOSTargetPlatform (44)
[2017.03.09-09.22.25:581][882]LogModuleManager: Shutting down and abandoning module HTML5TargetPlatform (43)
[2017.03.09-09.22.25:581][882]LogModuleManager: Shutting down and abandoning module Android_PVRTCTargetPlatform (42)
[2017.03.09-09.22.25:581][882]LogModuleManager: Shutting down and abandoning module Android_MultiTargetPlatform (41)
[2017.03.09-09.22.25:581][882]LogModuleManager: Shutting down and abandoning module Android_ETC2TargetPlatform (40)
[2017.03.09-09.22.25:581][882]LogModuleManager: Shutting down and abandoning module Android_ETC1TargetPlatform (39)
[2017.03.09-09.22.25:581][882]LogModuleManager: Shutting down and abandoning module Android_DXTTargetPlatform (38)
[2017.03.09-09.22.25:581][882]LogModuleManager: Shutting down and abandoning module Android_ATCTargetPlatform (37)
[2017.03.09-09.22.25:581][882]LogModuleManager: Shutting down and abandoning module Android_ASTCTargetPlatform (36)
[2017.03.09-09.22.25:581][882]LogModuleManager: Shutting down and abandoning module AndroidTargetPlatform (35)
[2017.03.09-09.22.25:581][882]LogModuleManager: Shutting down and abandoning module WindowsTargetPlatform (34)
[2017.03.09-09.22.25:581][882]LogModuleManager: Shutting down and abandoning module WindowsServerTargetPlatform (33)
[2017.03.09-09.22.25:581][882]LogModuleManager: Shutting down and abandoning module WindowsNoEditorTargetPlatform (32)
[2017.03.09-09.22.25:581][882]LogModuleManager: Shutting down and abandoning module WindowsClientTargetPlatform (31)
[2017.03.09-09.22.25:581][882]LogModuleManager: Shutting down and abandoning module MacTargetPlatform (30)
[2017.03.09-09.22.25:581][882]LogModuleManager: Shutting down and abandoning module MacServerTargetPlatform (29)
[2017.03.09-09.22.25:581][882]LogModuleManager: Shutting down and abandoning module MacNoEditorTargetPlatform (28)
[2017.03.09-09.22.25:581][882]LogModuleManager: Shutting down and abandoning module MacClientTargetPlatform (27)
[2017.03.09-09.22.25:581][882]LogModuleManager: Shutting down and abandoning module AllDesktopTargetPlatform (26)
[2017.03.09-09.22.25:581][882]LogModuleManager: Shutting down and abandoning module TargetPlatform (25)
[2017.03.09-09.22.25:581][882]LogModuleManager: Shutting down and abandoning module InputCore (24)
[2017.03.09-09.22.25:581][882]LogModuleManager: Shutting down and abandoning module Settings (23)
[2017.03.09-09.22.25:582][882]LogModuleManager: Shutting down and abandoning module OculusRift (22)
[2017.03.09-09.22.25:582][882]LogHMD: Oculus shutdown.
[2017.03.09-09.22.25:582][882]LogModuleManager: Shutting down and abandoning module ExampleDeviceProfileSelector (21)
[2017.03.09-09.22.25:582][882]LogModuleManager: Shutting down and abandoning module OnlineBlueprintSupport (20)
[2017.03.09-09.22.25:582][882]LogModuleManager: Shutting down and abandoning module OnlineSubsystem (18)
[2017.03.09-09.22.25:582][882]LogOnline:Display: Unloading online subsystem: NULL
[2017.03.09-09.22.25:582][882]LogModuleManager: Shutting down and abandoning module SSL (17)
[2017.03.09-09.22.25:583][882]LogModuleManager: Shutting down and abandoning module HTTP (16)
[2017.03.09-09.22.25:584][882]LogModuleManager: Shutting down and abandoning module XMPP (15)
[2017.03.09-09.22.25:584][882]LogModuleManager: Shutting down and abandoning module TextureCompressor (14)
[2017.03.09-09.22.25:584][882]LogModuleManager: Shutting down and abandoning module ShaderCore (13)
[2017.03.09-09.22.25:584][882]LogModuleManager: Shutting down and abandoning module Landscape (12)
[2017.03.09-09.22.25:584][882]LogModuleManager: Shutting down and abandoning module SlateRHIRenderer (11)
[2017.03.09-09.22.25:585][882]LogModuleManager: Shutting down and abandoning module OpenGLDrv (10)
[2017.03.09-09.22.25:585][882]LogModuleManager: Shutting down and abandoning module D3D11RHI (9)
[2017.03.09-09.22.25:585][882]LogModuleManager: Shutting down and abandoning module AnimGraphRuntime (8)
[2017.03.09-09.22.25:585][882]LogModuleManager: Shutting down and abandoning module Renderer (7)
[2017.03.09-09.22.25:585][882]LogModuleManager: Shutting down and abandoning module Engine (6)
[2017.03.09-09.22.25:585][882]LogModuleManager: Shutting down and abandoning module CoreUObject (5)
[2017.03.09-09.22.25:585][882]LogModuleManager: Shutting down and abandoning module NetworkFile (4)
[2017.03.09-09.22.25:585][882]LogModuleManager: Shutting down and abandoning module StreamingFile (3)
[2017.03.09-09.22.25:585][882]LogModuleManager: Shutting down and abandoning module SandboxFile (2)
[2017.03.09-09.22.25:585][882]LogModuleManager: Shutting down and abandoning module PakFile (1)
[2017.03.09-09.22.25:586][882]LogExit: Exiting.
[2017.03.09-09.22.25:587][882]Log file closed, 03/09/17 02:22:25
