Log file open, 03/09/17 00:10:43
LogInit:Display: Running engine for game: VirtualWorldScroller
LogPlatformFile: Not using cached read wrapper
LogInit:Display: RandInit(2017344515) SRandInit(2017344515).
LogTaskGraph: Started task graph with 5 named threads and 8 total threads with 1 sets of task threads.
LogStats: Stats thread started at 0.075308
LogPluginManager: Loaded Plugin Paper2D, From C:/Program Files/Epic Games/4.14/Engine/Plugins/2D/Paper2D/Paper2D.uplugin
LogPluginManager: Loaded Plugin LightPropagationVolume, From C:/Program Files/Epic Games/4.14/Engine/Plugins/Blendables/LightPropagationVolume/LightPropagationVolume.uplugin
LogPluginManager: Loaded Plugin BlankPlugin, From C:/Program Files/Epic Games/4.14/Engine/Plugins/Developer/BlankPlugin/BlankPlugin.uplugin
LogPluginManager: Loaded Plugin CodeLiteSourceCodeAccess, From C:/Program Files/Epic Games/4.14/Engine/Plugins/Developer/CodeLiteSourceCodeAccess/CodeLiteSourceCodeAccess.uplugin
LogPluginManager: Loaded Plugin GitSourceControl, From C:/Program Files/Epic Games/4.14/Engine/Plugins/Developer/GitSourceControl/GitSourceControl.uplugin
LogPluginManager: Loaded Plugin KDevelopSourceCodeAccess, From C:/Program Files/Epic Games/4.14/Engine/Plugins/Developer/KDevelopSourceCodeAccess/KDevelopSourceCodeAccess.uplugin
LogPluginManager: Loaded Plugin NullSourceCodeAccess, From C:/Program Files/Epic Games/4.14/Engine/Plugins/Developer/NullSourceCodeAccess/NullSourceCodeAccess.uplugin
LogPluginManager: Loaded Plugin OneSkyLocalizationService, From C:/Program Files/Epic Games/4.14/Engine/Plugins/Developer/OneSkyLocalizationService/OneSkyLocalizationService.uplugin
LogPluginManager: Loaded Plugin PerforceSourceControl, From C:/Program Files/Epic Games/4.14/Engine/Plugins/Developer/PerforceSourceControl/PerforceSourceControl.uplugin
LogPluginManager: Loaded Plugin SubversionSourceControl, From C:/Program Files/Epic Games/4.14/Engine/Plugins/Developer/SubversionSourceControl/SubversionSourceControl.uplugin
LogPluginManager: Loaded Plugin UObjectPlugin, From C:/Program Files/Epic Games/4.14/Engine/Plugins/Developer/UObjectPlugin/UObjectPlugin.uplugin
LogPluginManager: Loaded Plugin VisualStudioSourceCodeAccess, From C:/Program Files/Epic Games/4.14/Engine/Plugins/Developer/VisualStudioSourceCodeAccess/VisualStudioSourceCodeAccess.uplugin
LogPluginManager: Loaded Plugin XCodeSourceCodeAccess, From C:/Program Files/Epic Games/4.14/Engine/Plugins/Developer/XCodeSourceCodeAccess/XCodeSourceCodeAccess.uplugin
LogPluginManager: Loaded Plugin AudioCapture, From C:/Program Files/Epic Games/4.14/Engine/Plugins/Editor/AudioCapture/AudioCapture.uplugin
LogPluginManager: Loaded Plugin EpicSurvey, From C:/Program Files/Epic Games/4.14/Engine/Plugins/Editor/EpicSurvey/EpicSurvey.uplugin
LogPluginManager: Loaded Plugin MacGraphicsSwitching, From C:/Program Files/Epic Games/4.14/Engine/Plugins/Editor/MacGraphicsSwitching/MacGraphicsSwitching.uplugin
LogPluginManager: Loaded Plugin MobileLauncherProfileWizard, From C:/Program Files/Epic Games/4.14/Engine/Plugins/Editor/MobileLauncherProfileWizard/MobileLauncherProfileWizard.uplugin
LogPluginManager: Loaded Plugin PluginBrowser, From C:/Program Files/Epic Games/4.14/Engine/Plugins/Editor/PluginBrowser/PluginBrowser.uplugin
LogPluginManager: Loaded Plugin SpeedTreeImporter, From C:/Program Files/Epic Games/4.14/Engine/Plugins/Editor/SpeedTreeImporter/SpeedTreeImporter.uplugin
LogPluginManager: Loaded Plugin SuperSearchEditor, From C:/Program Files/Epic Games/4.14/Engine/Plugins/Editor/SuperSearchEditor/SuperSearchEditor.uplugin
LogPluginManager: Loaded Plugin AlembicImporter, From C:/Program Files/Epic Games/4.14/Engine/Plugins/Experimental/AlembicImporter/AlembicImporter.uplugin
LogPluginManager: Loaded Plugin BlueprintStats, From C:/Program Files/Epic Games/4.14/Engine/Plugins/Experimental/BlueprintStats/BlueprintStats.uplugin
LogPluginManager: Loaded Plugin CharacterAI, From C:/Program Files/Epic Games/4.14/Engine/Plugins/Experimental/CharacterAI/CharacterAI.uplugin
LogPluginManager: Loaded Plugin CodeEditor, From C:/Program Files/Epic Games/4.14/Engine/Plugins/Experimental/CodeEditor/CodeEditor.uplugin
LogPluginManager: Loaded Plugin CodeView, From C:/Program Files/Epic Games/4.14/Engine/Plugins/Experimental/CodeView/CodeView.uplugin
LogPluginManager: Loaded Plugin HTML5Networking, From C:/Program Files/Epic Games/4.14/Engine/Plugins/Experimental/HTML5Networking/HTML5Networking.uplugin
LogPluginManager: Loaded Plugin OSVR, From C:/Program Files/Epic Games/4.14/Engine/Plugins/Experimental/OSVR/OSVR.uplugin
LogPluginManager: Loaded Plugin Phya, From C:/Program Files/Epic Games/4.14/Engine/Plugins/Experimental/Phya/Phya.uplugin
LogPluginManager: Loaded Plugin SignificanceManager, From C:/Program Files/Epic Games/4.14/Engine/Plugins/Experimental/SignificanceManager/SignificanceManager.uplugin
LogPluginManager: Loaded Plugin SimpleHMD, From C:/Program Files/Epic Games/4.14/Engine/Plugins/Experimental/SimpleHMD/SimpleHMD.uplugin
LogPluginManager: Loaded Plugin StereoPanorama, From C:/Program Files/Epic Games/4.14/Engine/Plugins/Experimental/StereoPanorama/StereoPanorama.uplugin
LogPluginManager: Loaded Plugin StructBox, From C:/Program Files/Epic Games/4.14/Engine/Plugins/Experimental/StructBox/StructBox.uplugin
LogPluginManager: Loaded Plugin Substance, From C:/Program Files/Epic Games/4.14/Engine/Plugins/Marketplace/Substance/Substance.uplugin
LogPluginManager: Loaded Plugin AndroidMedia, From C:/Program Files/Epic Games/4.14/Engine/Plugins/Media/AndroidMedia/AndroidMedia.uplugin
LogPluginManager: Loaded Plugin AvfMedia, From C:/Program Files/Epic Games/4.14/Engine/Plugins/Media/AvfMedia/AvfMedia.uplugin
LogPluginManager: Loaded Plugin MediaPlayerEditor, From C:/Program Files/Epic Games/4.14/Engine/Plugins/Media/MediaPlayerEditor/MediaPlayerEditor.uplugin
LogPluginManager: Loaded Plugin WmfMedia, From C:/Program Files/Epic Games/4.14/Engine/Plugins/Media/WmfMedia/WmfMedia.uplugin
LogPluginManager: Loaded Plugin MessagingDebugger, From C:/Program Files/Epic Games/4.14/Engine/Plugins/Messaging/MessagingDebugger/MessagingDebugger.uplugin
LogPluginManager: Loaded Plugin TcpMessaging, From C:/Program Files/Epic Games/4.14/Engine/Plugins/Messaging/TcpMessaging/TcpMessaging.uplugin
LogPluginManager: Loaded Plugin UdpMessaging, From C:/Program Files/Epic Games/4.14/Engine/Plugins/Messaging/UdpMessaging/UdpMessaging.uplugin
LogPluginManager: Loaded Plugin LevelSequenceEditor, From C:/Program Files/Epic Games/4.14/Engine/Plugins/MovieScene/LevelSequenceEditor/LevelSequenceEditor.uplugin
LogPluginManager: Loaded Plugin MatineeToLevelSequence, From C:/Program Files/Epic Games/4.14/Engine/Plugins/MovieScene/MatineeToLevelSequence/MatineeToLevelSequence.uplugin
LogPluginManager: Loaded Plugin NetcodeUnitTest, From C:/Program Files/Epic Games/4.14/Engine/Plugins/NetcodeUnitTest/NetcodeUnitTest/NetcodeUnitTest.uplugin
LogPluginManager: Loaded Plugin NUTUnrealEngine4, From C:/Program Files/Epic Games/4.14/Engine/Plugins/NetcodeUnitTest/NUTUnrealEngine4/NUTUnrealEngine4.uplugin
LogPluginManager: Loaded Plugin OnlineSubsystemGameCircle, From C:/Program Files/Epic Games/4.14/Engine/Plugins/Online/Android/OnlineSubsystemGameCircle/OnlineSubsystemGameCircle.uplugin
LogPluginManager: Loaded Plugin OnlineSubsystemGooglePlay, From C:/Program Files/Epic Games/4.14/Engine/Plugins/Online/Android/OnlineSubsystemGooglePlay/OnlineSubsystemGooglePlay.uplugin
LogPluginManager: Loaded Plugin OnlineSubsystemIOS, From C:/Program Files/Epic Games/4.14/Engine/Plugins/Online/IOS/OnlineSubsystemIOS/OnlineSubsystemIOS.uplugin
LogPluginManager: Loaded Plugin OnlineFramework, From C:/Program Files/Epic Games/4.14/Engine/Plugins/Online/OnlineFramework/OnlineFramework.uplugin
LogPluginManager: Loaded Plugin OnlineSubsystem, From C:/Program Files/Epic Games/4.14/Engine/Plugins/Online/OnlineSubsystem/OnlineSubsystem.uplugin
LogPluginManager: Loaded Plugin OnlineSubsystemAmazon, From C:/Program Files/Epic Games/4.14/Engine/Plugins/Online/OnlineSubsystemAmazon/OnlineSubsystemAmazon.uplugin
LogPluginManager: Loaded Plugin OnlineSubsystemFacebook, From C:/Program Files/Epic Games/4.14/Engine/Plugins/Online/OnlineSubsystemFacebook/OnlineSubsystemFacebook.uplugin
LogPluginManager: Loaded Plugin OnlineSubsystemNull, From C:/Program Files/Epic Games/4.14/Engine/Plugins/Online/OnlineSubsystemNull/OnlineSubsystemNull.uplugin
LogPluginManager: Loaded Plugin OnlineSubsystemOculus, From C:/Program Files/Epic Games/4.14/Engine/Plugins/Online/OnlineSubsystemOculus/OnlineSubsystemOculus.uplugin
LogPluginManager: Loaded Plugin OnlineSubsystemSteam, From C:/Program Files/Epic Games/4.14/Engine/Plugins/Online/OnlineSubsystemSteam/OnlineSubsystemSteam.uplugin
LogPluginManager: Loaded Plugin OnlineSubsystemUtils, From C:/Program Files/Epic Games/4.14/Engine/Plugins/Online/OnlineSubsystemUtils/OnlineSubsystemUtils.uplugin
LogPluginManager: Loaded Plugin IOSTapJoy, From C:/Program Files/Epic Games/4.14/Engine/Plugins/Runtime/Advertising/IOSTapJoy/IOSTapJoy.uplugin
LogPluginManager: Loaded Plugin AnalyticsBlueprintLibrary, From C:/Program Files/Epic Games/4.14/Engine/Plugins/Runtime/Analytics/AnalyticsBlueprintLibrary/AnalyticsBlueprintLibrary.uplugin
LogPluginManager: Loaded Plugin AnalyticsMulticast, From C:/Program Files/Epic Games/4.14/Engine/Plugins/Runtime/Analytics/AnalyticsMulticast/AnalyticsMulticast.uplugin
LogPluginManager: Loaded Plugin Apsalar, From C:/Program Files/Epic Games/4.14/Engine/Plugins/Runtime/Analytics/Apsalar/Apsalar.uplugin
LogPluginManager: Loaded Plugin FileLogging, From C:/Program Files/Epic Games/4.14/Engine/Plugins/Runtime/Analytics/FileLogging/FileLogging.uplugin
LogPluginManager: Loaded Plugin Flurry, From C:/Program Files/Epic Games/4.14/Engine/Plugins/Runtime/Analytics/Flurry/Flurry.uplugin
LogPluginManager: Loaded Plugin AndroidDeviceProfileSelector, From C:/Program Files/Epic Games/4.14/Engine/Plugins/Runtime/AndroidDeviceProfileSelector/AndroidDeviceProfileSelector.uplugin
LogPluginManager: Loaded Plugin AndroidMoviePlayer, From C:/Program Files/Epic Games/4.14/Engine/Plugins/Runtime/AndroidMoviePlayer/AndroidMoviePlayer.uplugin
LogPluginManager: Loaded Plugin AppleMoviePlayer, From C:/Program Files/Epic Games/4.14/Engine/Plugins/Runtime/AppleMoviePlayer/AppleMoviePlayer.uplugin
LogPluginManager: Loaded Plugin ArchVisCharacter, From C:/Program Files/Epic Games/4.14/Engine/Plugins/Runtime/ArchVisCharacter/ArchVisCharacter.uplugin
LogPluginManager: Loaded Plugin CableComponent, From C:/Program Files/Epic Games/4.14/Engine/Plugins/Runtime/CableComponent/CableComponent.uplugin
LogPluginManager: Loaded Plugin CustomMeshComponent, From C:/Program Files/Epic Games/4.14/Engine/Plugins/Runtime/CustomMeshComponent/CustomMeshComponent.uplugin
LogPluginManager: Loaded Plugin ExampleDeviceProfileSelector, From C:/Program Files/Epic Games/4.14/Engine/Plugins/Runtime/ExampleDeviceProfileSelector/ExampleDeviceProfileSelector.uplugin
LogPluginManager: Loaded Plugin GearVR, From C:/Program Files/Epic Games/4.14/Engine/Plugins/Runtime/GearVR/GearVR.uplugin
LogPluginManager: Loaded Plugin GoogleVRController, From C:/Program Files/Epic Games/4.14/Engine/Plugins/Runtime/GoogleVR/GoogleVRController/GoogleVRController.uplugin
LogPluginManager: Loaded Plugin GoogleVRHMD, From C:/Program Files/Epic Games/4.14/Engine/Plugins/Runtime/GoogleVR/GoogleVRHMD/GoogleVRHMD.uplugin
LogPluginManager: Loaded Plugin IOSDeviceProfileSelector, From C:/Program Files/Epic Games/4.14/Engine/Plugins/Runtime/IOSDeviceProfileSelector/IOSDeviceProfileSelector.uplugin
LogPluginManager: Loaded Plugin LeapMotion, From C:/Program Files/Epic Games/4.14/Engine/Plugins/Runtime/LeapMotion/LeapMotion.uplugin
LogPluginManager: Loaded Plugin LinuxDeviceProfileSelector, From C:/Program Files/Epic Games/4.14/Engine/Plugins/Runtime/LinuxDeviceProfileSelector/LinuxDeviceProfileSelector.uplugin
LogPluginManager: Loaded Plugin MIDIDevice, From C:/Program Files/Epic Games/4.14/Engine/Plugins/Runtime/MIDIDevice/MIDIDevice.uplugin
LogPluginManager: Loaded Plugin MobilePatchingUtils, From C:/Program Files/Epic Games/4.14/Engine/Plugins/Runtime/MobilePatchingUtils/MobilePatchingUtils.uplugin
LogPluginManager: Loaded Plugin Ansel, From C:/Program Files/Epic Games/4.14/Engine/Plugins/Runtime/Nvidia/Ansel/Ansel.uplugin
LogPluginManager: Loaded Plugin OculusAudio, From C:/Program Files/Epic Games/4.14/Engine/Plugins/Runtime/OculusAudio/OculusAudio.uplugin
LogPluginManager: Loaded Plugin OculusInput, From C:/Program Files/Epic Games/4.14/Engine/Plugins/Runtime/OculusInput/OculusInput.uplugin
LogPluginManager: Loaded Plugin OculusLibrary, From C:/Program Files/Epic Games/4.14/Engine/Plugins/Runtime/OculusLibrary/OculusLibrary.uplugin
LogPluginManager: Loaded Plugin OculusRift, From C:/Program Files/Epic Games/4.14/Engine/Plugins/Runtime/OculusRift/OculusRift.uplugin
LogPluginManager: Loaded Plugin Oodle, From C:/Program Files/Epic Games/4.14/Engine/Plugins/Runtime/PacketHandlers/CompressionComponents/Oodle/Oodle.uplugin
LogPluginManager: Loaded Plugin ProceduralMeshComponent, From C:/Program Files/Epic Games/4.14/Engine/Plugins/Runtime/ProceduralMeshComponent/ProceduralMeshComponent.uplugin
LogPluginManager: Loaded Plugin SoundMod, From C:/Program Files/Epic Games/4.14/Engine/Plugins/Runtime/SoundMod/SoundMod.uplugin
LogPluginManager: Loaded Plugin SoundVisualizations, From C:/Program Files/Epic Games/4.14/Engine/Plugins/Runtime/SoundVisualizations/SoundVisualizations.uplugin
LogPluginManager: Loaded Plugin SteamController, From C:/Program Files/Epic Games/4.14/Engine/Plugins/Runtime/Steam/SteamController/SteamController.uplugin
LogPluginManager: Loaded Plugin SteamVR, From C:/Program Files/Epic Games/4.14/Engine/Plugins/Runtime/Steam/SteamVR/SteamVR.uplugin
LogPluginManager: Loaded Plugin WebBrowserWidget, From C:/Program Files/Epic Games/4.14/Engine/Plugins/Runtime/WebBrowserWidget/WebBrowserWidget.uplugin
LogPluginManager: Loaded Plugin WindowsDeviceProfileSelector, From C:/Program Files/Epic Games/4.14/Engine/Plugins/Runtime/WindowsDeviceProfileSelector/WindowsDeviceProfileSelector.uplugin
LogPluginManager: Loaded Plugin WindowsMoviePlayer, From C:/Program Files/Epic Games/4.14/Engine/Plugins/Runtime/WindowsMoviePlayer/WindowsMoviePlayer.uplugin
LogPluginManager: Loaded Plugin ScriptPlugin, From C:/Program Files/Epic Games/4.14/Engine/Plugins/ScriptPlugin/ScriptPlugin.uplugin
LogPluginManager: Loaded Plugin SlateRemote, From C:/Program Files/Epic Games/4.14/Engine/Plugins/Slate/SlateRemote/SlateRemote.uplugin
LogPluginManager: Loaded Plugin EditorTests, From C:/Program Files/Epic Games/4.14/Engine/Plugins/Tests/EditorTests/EditorTests.uplugin
LogPluginManager: Loaded Plugin FbxAutomationTestBuilder, From C:/Program Files/Epic Games/4.14/Engine/Plugins/Tests/FbxAutomationTestBuilder/FbxAutomationTestBuilder.uplugin
LogPluginManager: Loaded Plugin FunctionalTestingEditor, From C:/Program Files/Epic Games/4.14/Engine/Plugins/Tests/FunctionalTestingEditor/FunctionalTestingEditor.uplugin
LogPluginManager: Loaded Plugin RuntimeTests, From C:/Program Files/Epic Games/4.14/Engine/Plugins/Tests/RuntimeTests/RuntimeTests.uplugin
LogPluginManager: Loaded Plugin ScreenshotTools, From C:/Program Files/Epic Games/4.14/Engine/Plugins/Tests/ScreenshotTools/ScreenshotTools.uplugin
LogInit: Using libcurl 7.47.1
LogInit:  - built for x86_64-pc-win32
LogInit:  - supports SSL with OpenSSL/1.0.2g
LogInit:  - supports HTTP deflate (compression) using libz 1.2.8
LogInit:  - other features:
LogInit:      CURL_VERSION_SSL
LogInit:      CURL_VERSION_LIBZ
LogInit:      CURL_VERSION_IPV6
LogInit:      CURL_VERSION_ASYNCHDNS
LogInit:      CURL_VERSION_LARGEFILE
LogInit:      CURL_VERSION_IDN
LogInit:  CurlRequestOptions (configurable via config and command line):
LogInit:  - bVerifyPeer = false  - Libcurl will NOT verify peer certificate
LogInit:  - bUseHttpProxy = false  - Libcurl will NOT use HTTP proxy
LogInit:  - bDontReuseConnections = false  - Libcurl will reuse connections
LogInit:  - CertBundlePath = nullptr  - Libcurl will use whatever was configured at build time.
OCULUS: Info: [CAPI] LibOVR module is located at C:\Program Files\Oculus\Support\oculus-runtime\LibOVRRT64_1.dll
OCULUS: Debug: Connected to the server running version (prod = 1).1.12.0(build = 347531) feature version = 0. Client runs version (prod = 1).1.12.0(build = 347531) feature version = 0
LogInit: Build: ++UE4+Release-4.14-CL-3249277
LogInit: Engine Version: 4.14.3-3249277+++UE4+Release-4.14
LogInit: Compatible Engine Version: 4.14.0-3195953+++UE4+Release-4.14
LogInit: Net CL: 3195953
LogDevObjectVersion: Number of dev versions registered: 13
LogDevObjectVersion:   Dev-Blueprints (B0D832E4-1F89-4F0D-ACCF-7EB736FD4AA2): 7
LogDevObjectVersion:   Dev-Build (E1C64328-A22C-4D53-A36C-8E866417BD8C): 0
LogDevObjectVersion:   Dev-Core (375EC13C-06E4-48FB-B500-84F0262A717E): 1
LogDevObjectVersion:   Dev-Editor (E4B068ED-F494-42E9-A231-DA0B2E46BB41): 8
LogDevObjectVersion:   Dev-Framework (CFFC743F-43B0-4480-9391-14DF171D2073): 17
LogDevObjectVersion:   Dev-Mobile (B02B49B5-BB20-44E9-A304-32B752E40360): 0
LogDevObjectVersion:   Dev-Networking (A4E4105C-59A1-49B5-A7C5-40C4547EDFEE): 0
LogDevObjectVersion:   Dev-Online (39C831C9-5AE6-47DC-9A44-9C173E1C8E7C): 0
LogDevObjectVersion:   Dev-Physics (78F01B33-EBEA-4F98-B9B4-84EACCB95AA2): 0
LogDevObjectVersion:   Dev-Platform (6631380F-2D4D-43E0-8009-CF276956A95A): 0
LogDevObjectVersion:   Dev-Rendering (12F88B9F-8875-4AFC-A67C-D90C383ABD29): 12
LogDevObjectVersion:   Dev-Sequencer (7B5AE74C-D270-4C10-A958-57980B212A5A): 1
LogDevObjectVersion:   Dev-VR (D7296918-1DD6-4BDD-9DE2-64A83CC13884): 0
LogInit: Compiled (64-bit): Jan  6 2017 10:49:43
LogInit: Compiled with Visual C++: 19.00.23026.00
LogInit: Build Configuration: Development
LogInit: Branch Name: ++UE4+Release-4.14
LogInit: Command line:  
LogInit: Base directory: C:/Program Files/Epic Games/4.14/Engine/Binaries/Win64/
LogInit: Installed Engine Build: 1
LogInit: Presizing for max 8388607 objects, including 0 objects not considered by GC, pre-allocating 0 bytes for permanent pool.
LogInit: Object subsystem initialized
[2017.03.09-07.10.44:523][  0]LogInit: Selected Device Profile: [Windows]
[2017.03.09-07.10.44:523][  0]LogInit: Applying CVar settings loaded from the selected device profile: [Windows]
[2017.03.09-07.10.44:533][  0]LogInit: Computer: eae-d-109
[2017.03.09-07.10.44:533][  0]LogInit: User: u1068959
[2017.03.09-07.10.44:533][  0]LogInit: CPU Page size=65536, Cores=4
[2017.03.09-07.10.44:533][  0]LogInit: High frequency timer resolution =3.320317 MHz
[2017.03.09-07.10.44:533][  0]LogMemory: Memory total: Physical=31.9GB (32GB approx)
[2017.03.09-07.10.44:533][  0]LogMemory: Platform Memory Stats for Windows
[2017.03.09-07.10.44:533][  0]LogMemory: Process Physical Memory: 269.46 MB used, 269.46 MB peak
[2017.03.09-07.10.44:533][  0]LogMemory: Process Virtual Memory: 265.96 MB used, 265.96 MB peak
[2017.03.09-07.10.44:533][  0]LogMemory: Physical Memory: 8404.21 MB used,  24301.50 MB free, 32705.71 MB total
[2017.03.09-07.10.44:533][  0]LogMemory: Virtual Memory: 713.55 MB used,  24301.50 MB free, 134217728.00 MB total
[2017.03.09-07.10.44:557][  0]LogTextLocalizationManager: No specific translations for ('en-US') exist, so ('en') translations will be used.
[2017.03.09-07.10.45:087][  0]LogD3D11RHI: D3D11 adapters:
[2017.03.09-07.10.45:110][  0]LogD3D11RHI:    0. 'NVIDIA GeForce GTX 1070' (Feature Level 11_0)
[2017.03.09-07.10.45:110][  0]LogD3D11RHI:       8145/0/16352 MB DedicatedVideo/DedicatedSystem/SharedSystem, Outputs:2, VendorId:0x10de
[2017.03.09-07.10.45:112][  0]LogD3D11RHI:    1. 'Microsoft Basic Render Driver' (Feature Level 11_0)
[2017.03.09-07.10.45:112][  0]LogD3D11RHI:       0/0/16352 MB DedicatedVideo/DedicatedSystem/SharedSystem, Outputs:0, VendorId:0x1414
[2017.03.09-07.10.45:112][  0]LogD3D11RHI: Chosen D3D11 Adapter: 0
[2017.03.09-07.10.45:119][  0]LogD3D11RHI: Creating new Direct3DDevice
[2017.03.09-07.10.45:119][  0]LogD3D11RHI:     GPU DeviceId: 0x1b81 (for the marketing name, search the web for "GPU Device Id")
[2017.03.09-07.10.45:119][  0]LogWindows: EnumDisplayDevices:
[2017.03.09-07.10.45:119][  0]LogWindows:    0. 'NVIDIA GeForce GTX 1070' (P:0 D:1)
[2017.03.09-07.10.45:119][  0]LogWindows:    1. 'NVIDIA GeForce GTX 1070' (P:1 D:1)
[2017.03.09-07.10.45:119][  0]LogWindows:    2. 'NVIDIA GeForce GTX 1070' (P:0 D:0)
[2017.03.09-07.10.45:119][  0]LogWindows:    3. 'NVIDIA GeForce GTX 1070' (P:0 D:0)
[2017.03.09-07.10.45:119][  0]LogWindows: DebugString: FoundDriverCount:4 
[2017.03.09-07.10.45:119][  0]LogD3D11RHI:     Adapter Name: NVIDIA GeForce GTX 1070
[2017.03.09-07.10.45:119][  0]LogD3D11RHI:   Driver Version: 376.53 (internal:21.21.13.7653, unified:376.53)
[2017.03.09-07.10.45:119][  0]LogD3D11RHI:      Driver Date: 12-29-2016
[2017.03.09-07.10.45:119][  0]LogRHI: Texture pool is 1361 MB (70% of 1945 MB)
[2017.03.09-07.10.45:132][  0]LogD3D11RHI: Async texture creation enabled
[2017.03.09-07.10.45:142][  0]LogD3D11RHI: GPU Timing Frequency: 1000.000000 (Debug: 2 1)
[2017.03.09-07.10.45:142][  0]LogShaderCompilers: Guid format shader working directory is -31 characters bigger than the processId version (../../../../../../Users/u1068959/Documents/Unreal Projects/VirtualWorldScroller/Intermediate/Shaders/WorkingDirectory/28192/).
[2017.03.09-07.10.45:143][  0]LogShaderCompilers: Cleaned the shader compiler working directory 'C:/Users/u1068959/AppData/Local/Temp/UnrealShaderWorkingDir/9669CAF54F7D105DDEDBB7A58F4EC7E8/'.
[2017.03.09-07.10.45:143][  0]LogShaderCompilers:Display: Using Local Shader Compiler.
[2017.03.09-07.10.46:061][  0]LogTemp:Display: Loaded TP AllDesktopTargetPlatform
[2017.03.09-07.10.46:108][  0]LogTemp:Display: Loaded TP MacClientTargetPlatform
[2017.03.09-07.10.46:154][  0]LogTemp:Display: Loaded TP MacNoEditorTargetPlatform
[2017.03.09-07.10.46:205][  0]LogTemp:Display: Loaded TP MacServerTargetPlatform
[2017.03.09-07.10.46:253][  0]LogTemp:Display: Loaded TP MacTargetPlatform
[2017.03.09-07.10.46:301][  0]LogTemp:Display: Loaded TP WindowsClientTargetPlatform
[2017.03.09-07.10.46:350][  0]LogTemp:Display: Loaded TP WindowsNoEditorTargetPlatform
[2017.03.09-07.10.46:397][  0]LogTemp:Display: Loaded TP WindowsServerTargetPlatform
[2017.03.09-07.10.46:434][  0]LogTemp:Display: Loaded TP WindowsTargetPlatform
[2017.03.09-07.10.46:479][  0]LogTemp:Display: Loaded TP AndroidTargetPlatform
[2017.03.09-07.10.46:525][  0]LogTemp:Display: Loaded TP Android_ASTCTargetPlatform
[2017.03.09-07.10.46:572][  0]LogTemp:Display: Loaded TP Android_ATCTargetPlatform
[2017.03.09-07.10.46:616][  0]LogTemp:Display: Loaded TP Android_DXTTargetPlatform
[2017.03.09-07.10.46:662][  0]LogTemp:Display: Loaded TP Android_ETC1TargetPlatform
[2017.03.09-07.10.46:707][  0]LogTemp:Display: Loaded TP Android_ETC2TargetPlatform
[2017.03.09-07.10.46:798][  0]LogTemp:Display: Loaded TP Android_MultiTargetPlatform
[2017.03.09-07.10.46:798][  0]LogTemp:Display: Loaded TP Android_PVRTCTargetPlatform
[2017.03.09-07.10.46:830][  0]LogTemp:Display: Loaded TP HTML5TargetPlatform
[2017.03.09-07.10.46:904][  0]LogTemp:Display: Loaded TP IOSTargetPlatform
[2017.03.09-07.10.46:933][  0]LogTemp:Display: Loaded TP TVOSTargetPlatform
[2017.03.09-07.10.46:980][  0]LogTemp:Display: Loaded TP LinuxClientTargetPlatform
[2017.03.09-07.10.47:024][  0]LogTemp:Display: Loaded TP LinuxNoEditorTargetPlatform
[2017.03.09-07.10.47:069][  0]LogTemp:Display: Loaded TP LinuxServerTargetPlatform
[2017.03.09-07.10.47:114][  0]LogTemp:Display: Loaded TP LinuxTargetPlatform
[2017.03.09-07.10.47:114][  0]LogTargetPlatformManager:Display: Building Assets For Windows
[2017.03.09-07.10.47:447][  0]LogDerivedDataCache:Display: Max Cache Size: 512 MB
[2017.03.09-07.10.47:490][  0]LogDerivedDataCache: Loaded boot cache 0.04s 50MB C:/Users/u1068959/AppData/Local/UnrealEngine/4.14/DerivedDataCache/Boot.ddc.
[2017.03.09-07.10.47:490][  0]LogDerivedDataCache:Display: Loaded Boot cache: C:/Users/u1068959/AppData/Local/UnrealEngine/4.14/DerivedDataCache/Boot.ddc
[2017.03.09-07.10.47:491][  0]LogDerivedDataCache: FDerivedDataBackendGraph:  Pak pak cache file ../../../../../../Users/u1068959/Documents/Unreal Projects/VirtualWorldScroller/DerivedDataCache/DDC.ddp not found, will not use a pak cache.
[2017.03.09-07.10.47:491][  0]LogDerivedDataCache: Unable to find inner node Pak for hierarchical cache Hierarchy.
[2017.03.09-07.10.47:491][  0]LogDerivedDataCache: FDerivedDataBackendGraph:  CompressedPak pak cache file ../../../../../../Users/u1068959/Documents/Unreal Projects/VirtualWorldScroller/DerivedDataCache/Compressed.ddp not found, will not use a pak cache.
[2017.03.09-07.10.47:491][  0]LogDerivedDataCache: Unable to find inner node CompressedPak for hierarchical cache Hierarchy.
[2017.03.09-07.10.47:506][  0]LogDerivedDataCache:Display: Pak cache opened for reading ../../../Engine/DerivedDataCache/Compressed.ddp.
[2017.03.09-07.10.47:518][  0]LogDerivedDataCache: Using Local data cache path C:/Users/u1068959/AppData/Local/UnrealEngine/Common/DerivedDataCache: Writable
[2017.03.09-07.10.47:684][  0]LogInit: Selected Device Profile: [Windows]
[2017.03.09-07.10.47:687][  0]LogContentStreaming: Texture pool size is 0.00 MB
[2017.03.09-07.10.47:861][  0]LogMeshUtilities: Using QuadricMeshReduction for automatic static mesh reduction
[2017.03.09-07.10.47:896][  0]LogSimplygon: Simplygon DLL not present - disabling.
[2017.03.09-07.10.47:935][  0]LogMeshUtilities: Using SimplygonSwarm for distributed automatic mesh merging
[2017.03.09-07.10.47:935][  0]LogMeshUtilities: No automatic skeletal mesh reduction module available
[2017.03.09-07.10.47:935][  0]LogMeshUtilities: No automatic mesh merging module available
[2017.03.09-07.10.48:352][  0]LogNetVersion: GetLocalNetworkVersion: CL: 3195953, ProjectName: virtualworldscroller, ProjectVersion: , EngineNetworkVersion: 2, GameNetworkVersion: 0, NetworkChecksum: 3652782691
[2017.03.09-07.10.48:404][  0]LogAssetRegistry: FAssetRegistry took 0.0224 seconds to start up
[2017.03.09-07.10.48:448][  0]LogPackageLocalizationCache: Processed 3 localized package path(s) for 2 prioritized culture(s) in 0.024747 seconds
[2017.03.09-07.10.48:454][  0]LogUObjectArray: 31946 objects as part of root set at end of initial load.
[2017.03.09-07.10.48:454][  0]LogUObjectAllocator: 6935840 out of 0 bytes used by permanent object pool.
[2017.03.09-07.10.48:454][  0]LogUObjectArray: CloseDisregardForGC: 0/0 objects in disregard for GC pool
[2017.03.09-07.10.48:505][  0]LogInit: WinSock: version 1.1 (2.2), MaxSocks=32767, MaxUdp=65467
[2017.03.09-07.10.49:182][  0]LogSlate: Using Freetype 2.6.0
[2017.03.09-07.10.49:182][  0]LogSlate: SlateFontCache - WITH_FREETYPE: 1, WITH_HARFBUZZ: 1
[2017.03.09-07.10.49:182][  0]LogSlate: SlateFontCache - WITH_FREETYPE: 1, WITH_HARFBUZZ: 1
[2017.03.09-07.10.49:906][  0]LogSubstanceCoreModule: Substance [CPU] Engine Loaded, Max Texture Size = 2048
[2017.03.09-07.10.49:931][  0]LogTcpMessaging: Initializing TcpMessaging bridge
[2017.03.09-07.10.49:966][  0]LogUdpMessaging: Initializing bridge on interface 0.0.0.0:0 to multicast group 230.0.0.1:6666.
[2017.03.09-07.10.50:232][  0]LogMaterial: Uniform references updated for custom material expression Custom.
[2017.03.09-07.10.50:569][  0]SourceControl: Info Source control is disabled
[2017.03.09-07.10.50:602][  0]SourceControl: Info Source control is disabled
[2017.03.09-07.10.50:642][  0]SourceControl: Info Source control is disabled
[2017.03.09-07.10.50:681][  0]SourceControl: Info Source control is disabled
[2017.03.09-07.10.51:794][  0]LogEngine: Initializing Engine...
[2017.03.09-07.10.51:794][  0]LogHMD: Oculus plugin initialized. Version: 4.14.3-3249277+++UE4+Release-4.14, LibOVR: 1.12.0, SDK: 1.8.0, built Jan  6 2017, 10:50:26
[2017.03.09-07.10.51:991][  0]LogAIModule: Creating AISystem for world Untitled
[2017.03.09-07.10.52:002][  0]LogInit: XAudio2 using 'DELL UZ2315H-C (NVIDIA High Definition Audio)' : 2 channels at 48 kHz using 16 bits per sample (channel mask 0x3)
[2017.03.09-07.10.52:014][  0]LogInit: FAudioDevice initialized.
[2017.03.09-07.10.52:037][  0]LogDerivedDataCache: Saved boot cache 0.02s 50MB C:/Users/u1068959/AppData/Local/UnrealEngine/4.14/DerivedDataCache/Boot.ddc.
[2017.03.09-07.10.52:045][  0]LogInit: Texture streaming: Enabled
[2017.03.09-07.10.52:199][  0]LogInit: Transaction tracking system initialized
[2017.03.09-07.10.52:484][  0]BlueprintLog: New page: Editor Load
[2017.03.09-07.10.53:213][  0]LocalizationService: Info Localization service is disabled
[2017.03.09-07.10.53:747][  0]LogConsoleResponse:Display: 
[2017.03.09-07.10.53:861][  0]LogCook:Display: Max memory allowance for cook 16384mb min free memory 0mb
[2017.03.09-07.10.53:861][  0]LogCook:Display: Mobile HDR setting 1
[2017.03.09-07.10.53:883][  0]LogFileCache: Scanning file cache for directory 'C:/Users/u1068959/Documents/Unreal Projects/VirtualWorldScroller/Content/' took 0.01s
[2017.03.09-07.10.54:664][  0]SourceControl: Info Source control is disabled
[2017.03.09-07.10.54:664][  0]Cmd: MAP LOAD FILE="../../../../../../Users/u1068959/Documents/Unreal Projects/VirtualWorldScroller/Content/Map/Main.umap" TEMPLATE=0 SHOWPROGRESS=1 FEATURELEVEL=3
[2017.03.09-07.10.54:665][  0]LightingResults: New page: Lighting Build
[2017.03.09-07.10.54:698][  0]MapCheck: New page: Map Check
[2017.03.09-07.10.54:698][  0]LightingResults: New page: Lighting Build
[2017.03.09-07.10.54:744][  0]LogAIModule: Creating AISystem for world Main
[2017.03.09-07.10.54:748][  0]LogEditorServer: Finished looking for orphan Actors (0.000 secs)
[2017.03.09-07.10.54:748][  0]Cmd: MAP CHECKDEP NOCLEARLOG
[2017.03.09-07.10.54:781][  0]MapCheck: Info Map check complete: 0 Error(s), 0 Warning(s), took 32.849ms to complete.
[2017.03.09-07.10.54:781][  0]LogFileHelpers: Loading map 'Main' took 0.117
[2017.03.09-07.10.54:852][  0]LogWindowsTextInputMethodSystem:Display: IME system now deactivated.
[2017.03.09-07.10.54:920][  0]LogCollectionManager: Loaded 0 collections in 0.001413 seconds
[2017.03.09-07.10.54:993][  0]LogFileCache: Scanning file cache for directory 'C:/Users/u1068959/Documents/Unreal Projects/VirtualWorldScroller/Saved/Collections/' took 0.01s
[2017.03.09-07.10.54:993][  0]LogFileCache: Scanning file cache for directory 'C:/Users/u1068959/Documents/Unreal Projects/VirtualWorldScroller/Content/Developers/u1068959/Collections/' took 0.01s
[2017.03.09-07.10.54:993][  0]LogFileCache: Scanning file cache for directory 'C:/Users/u1068959/Documents/Unreal Projects/VirtualWorldScroller/Content/Collections/' took 0.01s
[2017.03.09-07.10.54:993][  0]LogCollectionManager: Rebuilt the GUID cache for 0 collections in 0.000002 seconds
[2017.03.09-07.10.55:001][  0]LogContentBrowser: Native class hierarchy populated in 0.0075 seconds. Added 2204 classes and 434 folders.
[2017.03.09-07.10.55:035][  0]LogStats: UGameplayTagsManager::ConstructGameplayTagTree: Construct from data asset -  0.000 s
[2017.03.09-07.10.55:035][  0]LogStats: UGameplayTagsManager::ConstructGameplayTagTree: GameplayTagTreeChangedEvent.Broadcast -  0.000 s
[2017.03.09-07.10.55:036][  0]LogContentBrowser: Native class hierarchy updated for 'GameplayTags' in 0.0005 seconds. Added 13 classes and 0 folders.
[2017.03.09-07.10.55:087][  0]LogContentBrowser: Native class hierarchy updated for 'WidgetCarousel' in 0.0004 seconds. Added 0 classes and 0 folders.
[2017.03.09-07.10.55:123][  0]LogContentBrowser: Native class hierarchy updated for 'AddContentDialog' in 0.0005 seconds. Added 0 classes and 0 folders.
[2017.03.09-07.10.55:157][  0]LogContentBrowser: Native class hierarchy updated for 'SceneOutliner' in 0.0005 seconds. Added 1 classes and 2 folders.
[2017.03.09-07.10.55:189][  0]LogCrashTracker: Crashtracker disabled due to settings.
[2017.03.09-07.10.55:194][  0]LogUObjectGlobals:Warning: Failed to find object 'Class None.'
[2017.03.09-07.10.55:252][  0]LogContentBrowser: Native class hierarchy updated for 'HierarchicalLODOutliner' in 0.0004 seconds. Added 1 classes and 2 folders.
[2017.03.09-07.10.55:252][  0]LogLoad: (Engine Initialization) Total time: 12.54 seconds
[2017.03.09-07.10.55:252][  0]LogLoad: (Engine Initialization) Total Blueprint compile time: 0.05 seconds
[2017.03.09-07.10.55:252][  0]LogExternalProfiler: Found external profiler: VSPerf
[2017.03.09-07.10.55:252][  0]LogExternalProfiler: Using external profiler: VSPerf
[2017.03.09-07.10.55:262][  0]LogOcInput: OculusInput pre-init called
[2017.03.09-07.10.55:272][  0]LogOcInput: OculusInput is initialized. Init status 0. Runtime version: 1.12.0
[2017.03.09-07.10.55:291][  0]LogContentStreaming: Texture pool size now 1000 MB
[2017.03.09-07.10.55:429][  0]LogRenderer: Reallocating scene render targets to support 1208x588 NumSamples 1 (Frame:2).
[2017.03.09-07.10.55:476][  1]LogAssetRegistry: Asset discovery search completed in 7.0954 seconds
[2017.03.09-07.10.55:476][  1]LogCollectionManager: Rebuilt the object cache for 0 collections in 0.000001 seconds (found 0 objects)
[2017.03.09-07.10.55:476][  1]LogCollectionManager: Fixed up redirectors for 0 collections in 0.000012 seconds (updated 0 objects)
[2017.03.09-07.11.24:072][428]LogTemp: Repeting last play command: Selected Viewport
[2017.03.09-07.11.24:085][428]LogBlueprintUserMessages: Early PlayInEditor Detection: Level '/Game/Map/Main.Main:PersistentLevel' has LevelScriptBlueprint '/Game/Map/Main.Main:PersistentLevel.Main' with GeneratedClass '/Game/Map/Main.Main_C' with ClassGeneratedBy '/Game/Map/Main.Main:PersistentLevel.Main'
[2017.03.09-07.11.24:085][428]LogPlayLevel: PlayLevel: No blueprints needed recompiling
[2017.03.09-07.11.24:085][428]PIE: New page: PIE session: Main (Mar 8, 2017, 5:11:24 PM)
[2017.03.09-07.11.24:085][428]LogPlayLevel: Creating play world package: /Game/Map/UEDPIE_0_Main
[2017.03.09-07.11.24:087][428]LogPlayLevel: PIE: StaticDuplicateObject took: (0.001474s)
[2017.03.09-07.11.24:087][428]LogAIModule: Creating AISystem for world Main
[2017.03.09-07.11.24:087][428]LogPlayLevel: PIE: World Init took: (0.000554s)
[2017.03.09-07.11.24:088][428]LogPlayLevel: PIE: Created PIE world by copying editor world from /Game/Map/Main.Main to /Game/Map/UEDPIE_0_Main.Main (0.002193s)
[2017.03.09-07.11.24:106][428]LogInit: XAudio2 using 'DELL UZ2315H-C (NVIDIA High Definition Audio)' : 2 channels at 48 kHz using 16 bits per sample (channel mask 0x3)
[2017.03.09-07.11.24:110][428]LogInit: FAudioDevice initialized.
[2017.03.09-07.11.24:200][428]LogLoad: Game class is 'GameController_BP_C'
[2017.03.09-07.11.24:203][428]LogWorld: Bringing World /Game/Map/UEDPIE_0_Main.Main up for play (max tick rate 0) at 2017.03.09-00.11.24
[2017.03.09-07.11.24:204][428]LogWorld: Bringing up level for play took: 0.002588
[2017.03.09-07.11.24:239][428]LogContentBrowser: Native class hierarchy updated for 'MovieSceneCapture' in 0.0004 seconds. Added 11 classes and 0 folders.
[2017.03.09-07.11.24:240][428]PIE: Info Play in editor start time for /Game/Map/UEDPIE_0_Main -0.601
[2017.03.09-07.11.24:240][428]LogBlueprintUserMessages: Late PlayInEditor Detection: Level '/Game/Map/Main.Main:PersistentLevel' has LevelScriptBlueprint '/Game/Map/Main.Main:PersistentLevel.Main' with GeneratedClass '/Game/Map/Main.Main_C' with ClassGeneratedBy '/Game/Map/Main.Main:PersistentLevel.Main'
[2017.03.09-07.11.26:084][647]LogBlueprintUserMessages: [Enemy_43] Hello
[2017.03.09-07.11.27:468][813]LogBlueprintUserMessages: Early EndPlayMap Detection: Level '/Game/Map/Main.Main:PersistentLevel' has LevelScriptBlueprint '/Game/Map/Main.Main:PersistentLevel.Main' with GeneratedClass '/Game/Map/Main.Main_C' with ClassGeneratedBy '/Game/Map/Main.Main:PersistentLevel.Main'
[2017.03.09-07.11.27:500][813]LogBlueprintUserMessages: Late EndPlayMap Detection: Level '/Game/Map/Main.Main:PersistentLevel' has LevelScriptBlueprint '/Game/Map/Main.Main:PersistentLevel.Main' with GeneratedClass '/Game/Map/Main.Main_C' with ClassGeneratedBy '/Game/Map/Main.Main:PersistentLevel.Main'
[2017.03.09-07.11.27:533][814]LogEditorViewport: Clicking on Actor (double click): PaperTileMapActor (SpriteSheet_TileMap2)
[2017.03.09-07.11.29:906][ 93]LogTemp: Repeting last play command: Selected Viewport
[2017.03.09-07.11.29:919][ 93]LogBlueprintUserMessages: Early PlayInEditor Detection: Level '/Game/Map/Main.Main:PersistentLevel' has LevelScriptBlueprint '/Game/Map/Main.Main:PersistentLevel.Main' with GeneratedClass '/Game/Map/Main.Main_C' with ClassGeneratedBy '/Game/Map/Main.Main:PersistentLevel.Main'
[2017.03.09-07.11.29:919][ 93]LogPlayLevel: PlayLevel: No blueprints needed recompiling
[2017.03.09-07.11.29:919][ 93]PIE: New page: PIE session: Main (Mar 8, 2017, 5:11:29 PM)
[2017.03.09-07.11.29:919][ 93]LogPlayLevel: Creating play world package: /Game/Map/UEDPIE_0_Main
[2017.03.09-07.11.29:920][ 93]LogPlayLevel: PIE: StaticDuplicateObject took: (0.001291s)
[2017.03.09-07.11.29:921][ 93]LogAIModule: Creating AISystem for world Main
[2017.03.09-07.11.29:921][ 93]LogPlayLevel: PIE: World Init took: (0.000575s)
[2017.03.09-07.11.29:921][ 93]LogPlayLevel: PIE: Created PIE world by copying editor world from /Game/Map/Main.Main to /Game/Map/UEDPIE_0_Main.Main (0.002088s)
[2017.03.09-07.11.29:938][ 93]LogInit: XAudio2 using 'DELL UZ2315H-C (NVIDIA High Definition Audio)' : 2 channels at 48 kHz using 16 bits per sample (channel mask 0x3)
[2017.03.09-07.11.29:943][ 93]LogInit: FAudioDevice initialized.
[2017.03.09-07.11.29:972][ 93]LogLoad: Game class is 'GameController_BP_C'
[2017.03.09-07.11.29:976][ 93]LogWorld: Bringing World /Game/Map/UEDPIE_0_Main.Main up for play (max tick rate 0) at 2017.03.09-00.11.29
[2017.03.09-07.11.29:977][ 93]LogWorld: Bringing up level for play took: 0.002863
[2017.03.09-07.11.29:978][ 93]PIE: Info Play in editor start time for /Game/Map/UEDPIE_0_Main -0.863
[2017.03.09-07.11.29:978][ 93]LogBlueprintUserMessages: Late PlayInEditor Detection: Level '/Game/Map/Main.Main:PersistentLevel' has LevelScriptBlueprint '/Game/Map/Main.Main:PersistentLevel.Main' with GeneratedClass '/Game/Map/Main.Main_C' with ClassGeneratedBy '/Game/Map/Main.Main:PersistentLevel.Main'
[2017.03.09-07.11.31:041][220]LogBlueprintUserMessages: Early EndPlayMap Detection: Level '/Game/Map/Main.Main:PersistentLevel' has LevelScriptBlueprint '/Game/Map/Main.Main:PersistentLevel.Main' with GeneratedClass '/Game/Map/Main.Main_C' with ClassGeneratedBy '/Game/Map/Main.Main:PersistentLevel.Main'
[2017.03.09-07.11.31:089][220]LogBlueprintUserMessages: Late EndPlayMap Detection: Level '/Game/Map/Main.Main:PersistentLevel' has LevelScriptBlueprint '/Game/Map/Main.Main:PersistentLevel.Main' with GeneratedClass '/Game/Map/Main.Main_C' with ClassGeneratedBy '/Game/Map/Main.Main:PersistentLevel.Main'
[2017.03.09-07.11.37:409][918]LogContentBrowser: Native class hierarchy updated for 'BlueprintGraph' in 0.0008 seconds. Added 111 classes and 0 folders.
[2017.03.09-07.11.37:968][918]LogBlueprintUserMessages: [Enemy_C_0] Hello
[2017.03.09-07.11.37:969][918]LogScript:Warning: Accessed None trying to read property CallFunc_GetPlayerCharacter_ReturnValue
	Enemy_C /Engine/Transient.World_1:PersistentLevel.Enemy_C_0
	Function /Game/Blueprint/Enemy.Enemy_C:ExecuteUbergraph_Enemy:0075
[2017.03.09-07.11.37:969][918]LogScript:Warning: Accessed None trying to read property CallFunc_GetPlayerController_ReturnValue
	Enemy_C /Engine/Transient.World_1:PersistentLevel.Enemy_C_0
	Function /Game/Blueprint/Enemy.Enemy_C:ExecuteUbergraph_Enemy:00D5
[2017.03.09-07.11.37:969][918]LogBlueprintUserMessages: [Enemy_C_0] Hello
[2017.03.09-07.11.37:969][918]LogScript:Warning: Accessed None trying to read property CallFunc_GetPlayerCharacter_ReturnValue
	Enemy_C /Engine/Transient.World_1:PersistentLevel.Enemy_C_0
	Function /Game/Blueprint/Enemy.Enemy_C:ExecuteUbergraph_Enemy:0075
[2017.03.09-07.11.37:969][918]LogScript:Warning: Accessed None trying to read property CallFunc_GetPlayerController_ReturnValue
	Enemy_C /Engine/Transient.World_1:PersistentLevel.Enemy_C_0
	Function /Game/Blueprint/Enemy.Enemy_C:ExecuteUbergraph_Enemy:00D5
[2017.03.09-07.11.39:491][ 41]LogRenderer: Reallocating scene render targets to support 1208x900 NumSamples 1 (Frame:4984).
[2017.03.09-07.12.06:462][595]LogFactory: FactoryCreateFile: Texture with ReimportTextureFactory (0 0 C:\Work\EAE\Virtual Worlds\Project\spikes.png)
[2017.03.09-07.12.06:467][595]LogTexture:Display: Building textures: spikes (BGRA8)
[2017.03.09-07.12.19:691][122]LogBlueprintUserMessages: [Enemy_C_3] Hello
[2017.03.09-07.12.19:691][122]LogScript:Warning: Accessed None trying to read property CallFunc_GetPlayerCharacter_ReturnValue
	Enemy_C /Engine/Transient.World_2:PersistentLevel.Enemy_C_3
	Function /Game/Blueprint/Enemy.Enemy_C:ExecuteUbergraph_Enemy:0075
[2017.03.09-07.12.19:691][122]LogScript:Warning: Accessed None trying to read property CallFunc_GetPlayerController_ReturnValue
	Enemy_C /Engine/Transient.World_2:PersistentLevel.Enemy_C_3
	Function /Game/Blueprint/Enemy.Enemy_C:ExecuteUbergraph_Enemy:00D5
[2017.03.09-07.12.19:691][122]LogBlueprintUserMessages: [Enemy_C_3] Hello
[2017.03.09-07.12.19:691][122]LogScript:Warning: Accessed None trying to read property CallFunc_GetPlayerCharacter_ReturnValue
	Enemy_C /Engine/Transient.World_2:PersistentLevel.Enemy_C_3
	Function /Game/Blueprint/Enemy.Enemy_C:ExecuteUbergraph_Enemy:0075
[2017.03.09-07.12.19:692][122]LogScript:Warning: Accessed None trying to read property CallFunc_GetPlayerController_ReturnValue
	Enemy_C /Engine/Transient.World_2:PersistentLevel.Enemy_C_3
	Function /Game/Blueprint/Enemy.Enemy_C:ExecuteUbergraph_Enemy:00D5
[2017.03.09-07.13.12:295][742]BlueprintLog: New page: Compile Enemy
[2017.03.09-07.13.13:073][799]Cmd: OBJ SAVEPACKAGE PACKAGE="/Game/Blueprint/Enemy" FILE="../../../../../../Users/u1068959/Documents/Unreal Projects/VirtualWorldScroller/Content/Blueprint/Enemy.uasset" SILENT=true
[2017.03.09-07.13.13:097][799]LogSavePackage: Save=16.03ms
[2017.03.09-07.13.13:097][799]LogSavePackage: Moving '../../../../../../Users/u1068959/Documents/Unreal Projects/VirtualWorldScroller/Saved/EnemyF7AE4F95413DD257E4FECD8260DDBFD4.tmp' to '../../../../../../Users/u1068959/Documents/Unreal Projects/VirtualWorldScroller/Content/Blueprint/Enemy.uasset'
[2017.03.09-07.13.13:102][799]LogSavePackage:Display: Finished SavePackage ../../../../../../Users/u1068959/Documents/Unreal Projects/VirtualWorldScroller/Content/Blueprint/Enemy.uasset
[2017.03.09-07.13.15:222][992]LogTemp: Repeting last play command: Selected Viewport
[2017.03.09-07.13.15:241][992]LogBlueprintUserMessages: Early PlayInEditor Detection: Level '/Game/Map/Main.Main:PersistentLevel' has LevelScriptBlueprint '/Game/Map/Main.Main:PersistentLevel.Main' with GeneratedClass '/Game/Map/Main.Main_C' with ClassGeneratedBy '/Game/Map/Main.Main:PersistentLevel.Main'
[2017.03.09-07.13.15:241][992]LogPlayLevel: PlayLevel: No blueprints needed recompiling
[2017.03.09-07.13.15:241][992]PIE: New page: PIE session: Main (Mar 8, 2017, 5:13:15 PM)
[2017.03.09-07.13.15:241][992]LogPlayLevel: Creating play world package: /Game/Map/UEDPIE_0_Main
[2017.03.09-07.13.15:243][992]LogPlayLevel: PIE: StaticDuplicateObject took: (0.001241s)
[2017.03.09-07.13.15:243][992]LogAIModule: Creating AISystem for world Main
[2017.03.09-07.13.15:243][992]LogPlayLevel: PIE: World Init took: (0.000487s)
[2017.03.09-07.13.15:243][992]LogPlayLevel: PIE: Created PIE world by copying editor world from /Game/Map/Main.Main to /Game/Map/UEDPIE_0_Main.Main (0.001926s)
[2017.03.09-07.13.15:266][992]LogInit: XAudio2 using 'DELL UZ2315H-C (NVIDIA High Definition Audio)' : 2 channels at 48 kHz using 16 bits per sample (channel mask 0x3)
[2017.03.09-07.13.15:270][992]LogInit: FAudioDevice initialized.
[2017.03.09-07.13.15:299][992]LogLoad: Game class is 'GameController_BP_C'
[2017.03.09-07.13.15:302][992]LogWorld: Bringing World /Game/Map/UEDPIE_0_Main.Main up for play (max tick rate 0) at 2017.03.09-00.13.15
[2017.03.09-07.13.15:303][992]LogWorld: Bringing up level for play took: 0.002821
[2017.03.09-07.13.15:304][992]PIE: Info Play in editor start time for /Game/Map/UEDPIE_0_Main 0.465
[2017.03.09-07.13.15:304][992]LogBlueprintUserMessages: Late PlayInEditor Detection: Level '/Game/Map/Main.Main:PersistentLevel' has LevelScriptBlueprint '/Game/Map/Main.Main:PersistentLevel.Main' with GeneratedClass '/Game/Map/Main.Main_C' with ClassGeneratedBy '/Game/Map/Main.Main:PersistentLevel.Main'
[2017.03.09-07.13.24:637][ 18]LogBlueprintUserMessages: [Enemy3] Hello
[2017.03.09-07.13.26:392][212]LogBlueprintUserMessages: Early EndPlayMap Detection: Level '/Game/Map/Main.Main:PersistentLevel' has LevelScriptBlueprint '/Game/Map/Main.Main:PersistentLevel.Main' with GeneratedClass '/Game/Map/Main.Main_C' with ClassGeneratedBy '/Game/Map/Main.Main:PersistentLevel.Main'
[2017.03.09-07.13.26:442][212]LogBlueprintUserMessages: Late EndPlayMap Detection: Level '/Game/Map/Main.Main:PersistentLevel' has LevelScriptBlueprint '/Game/Map/Main.Main:PersistentLevel.Main' with GeneratedClass '/Game/Map/Main.Main_C' with ClassGeneratedBy '/Game/Map/Main.Main:PersistentLevel.Main'
[2017.03.09-07.13.28:089][357]LogEditorViewport: Clicking on Actor (LMB): PaperTileMapActor (SpriteSheet_TileMap2)
[2017.03.09-07.13.54:577][654]Cmd: TRANSACTION UNDO
[2017.03.09-07.13.54:577][654]LogEditorTransaction: Undo Set actor location
[2017.03.09-07.13.56:495][804]Cmd: OBJ SAVEPACKAGE PACKAGE="/Game/Map/Main" FILE="../../../../../../Users/u1068959/Documents/Unreal Projects/VirtualWorldScroller/Content/Map/Main.umap" SILENT=true AUTOSAVING=false KEEPDIRTY=false
[2017.03.09-07.13.56:584][804]LogSavePackage: Save=69.74ms
[2017.03.09-07.13.56:584][804]LogSavePackage: Moving '../../../../../../Users/u1068959/Documents/Unreal Projects/VirtualWorldScroller/Saved/MainAC145BDC48B3468817DFF6B60C3D8BDC.tmp' to '../../../../../../Users/u1068959/Documents/Unreal Projects/VirtualWorldScroller/Content/Map/Main.umap'
[2017.03.09-07.13.56:586][804]LogSavePackage:Display: Finished SavePackage ../../../../../../Users/u1068959/Documents/Unreal Projects/VirtualWorldScroller/Content/Map/Main.umap
[2017.03.09-07.13.57:282][858]LogTemp: Repeting last play command: Selected Viewport
[2017.03.09-07.13.57:295][858]LogBlueprintUserMessages: Early PlayInEditor Detection: Level '/Game/Map/Main.Main:PersistentLevel' has LevelScriptBlueprint '/Game/Map/Main.Main:PersistentLevel.Main' with GeneratedClass '/Game/Map/Main.Main_C' with ClassGeneratedBy '/Game/Map/Main.Main:PersistentLevel.Main'
[2017.03.09-07.13.57:295][858]LogPlayLevel: PlayLevel: No blueprints needed recompiling
[2017.03.09-07.13.57:295][858]PIE: New page: PIE session: Main (Mar 8, 2017, 5:13:57 PM)
[2017.03.09-07.13.57:295][858]LogPlayLevel: Creating play world package: /Game/Map/UEDPIE_0_Main
[2017.03.09-07.13.57:297][858]LogPlayLevel: PIE: StaticDuplicateObject took: (0.001250s)
[2017.03.09-07.13.57:297][858]LogAIModule: Creating AISystem for world Main
[2017.03.09-07.13.57:297][858]LogPlayLevel: PIE: World Init took: (0.000500s)
[2017.03.09-07.13.57:297][858]LogPlayLevel: PIE: Created PIE world by copying editor world from /Game/Map/Main.Main to /Game/Map/UEDPIE_0_Main.Main (0.001951s)
[2017.03.09-07.13.57:317][858]LogInit: XAudio2 using 'DELL UZ2315H-C (NVIDIA High Definition Audio)' : 2 channels at 48 kHz using 16 bits per sample (channel mask 0x3)
[2017.03.09-07.13.57:321][858]LogInit: FAudioDevice initialized.
[2017.03.09-07.13.57:350][858]LogLoad: Game class is 'GameController_BP_C'
[2017.03.09-07.13.57:353][858]LogWorld: Bringing World /Game/Map/UEDPIE_0_Main.Main up for play (max tick rate 0) at 2017.03.09-00.13.57
[2017.03.09-07.13.57:354][858]LogWorld: Bringing up level for play took: 0.002780
[2017.03.09-07.13.57:355][858]PIE: Info Play in editor start time for /Game/Map/UEDPIE_0_Main 0.515
[2017.03.09-07.13.57:355][858]LogBlueprintUserMessages: Late PlayInEditor Detection: Level '/Game/Map/Main.Main:PersistentLevel' has LevelScriptBlueprint '/Game/Map/Main.Main:PersistentLevel.Main' with GeneratedClass '/Game/Map/Main.Main_C' with ClassGeneratedBy '/Game/Map/Main.Main:PersistentLevel.Main'
[2017.03.09-07.13.59:933][120]LogBlueprintUserMessages: Early EndPlayMap Detection: Level '/Game/Map/Main.Main:PersistentLevel' has LevelScriptBlueprint '/Game/Map/Main.Main:PersistentLevel.Main' with GeneratedClass '/Game/Map/Main.Main_C' with ClassGeneratedBy '/Game/Map/Main.Main:PersistentLevel.Main'
[2017.03.09-07.13.59:974][120]LogBlueprintUserMessages: Late EndPlayMap Detection: Level '/Game/Map/Main.Main:PersistentLevel' has LevelScriptBlueprint '/Game/Map/Main.Main:PersistentLevel.Main' with GeneratedClass '/Game/Map/Main.Main_C' with ClassGeneratedBy '/Game/Map/Main.Main:PersistentLevel.Main'
[2017.03.09-07.14.16:609][506]Cmd: OBJ SAVEPACKAGE PACKAGE="/Game/Map/Main" FILE="../../../../../../Users/u1068959/Documents/Unreal Projects/VirtualWorldScroller/Content/Map/Main.umap" SILENT=true AUTOSAVING=false KEEPDIRTY=false
[2017.03.09-07.14.16:693][506]LogSavePackage: Save=68.43ms
[2017.03.09-07.14.16:693][506]LogSavePackage: Moving '../../../../../../Users/u1068959/Documents/Unreal Projects/VirtualWorldScroller/Saved/MainC43877E7492FC5BD772CB9891344D38C.tmp' to '../../../../../../Users/u1068959/Documents/Unreal Projects/VirtualWorldScroller/Content/Map/Main.umap'
[2017.03.09-07.14.16:695][506]LogSavePackage:Display: Finished SavePackage ../../../../../../Users/u1068959/Documents/Unreal Projects/VirtualWorldScroller/Content/Map/Main.umap
[2017.03.09-07.14.17:457][567]LogTemp: Repeting last play command: Selected Viewport
[2017.03.09-07.14.17:469][567]LogBlueprintUserMessages: Early PlayInEditor Detection: Level '/Game/Map/Main.Main:PersistentLevel' has LevelScriptBlueprint '/Game/Map/Main.Main:PersistentLevel.Main' with GeneratedClass '/Game/Map/Main.Main_C' with ClassGeneratedBy '/Game/Map/Main.Main:PersistentLevel.Main'
[2017.03.09-07.14.17:469][567]LogPlayLevel: PlayLevel: No blueprints needed recompiling
[2017.03.09-07.14.17:469][567]PIE: New page: PIE session: Main (Mar 8, 2017, 5:14:17 PM)
[2017.03.09-07.14.17:469][567]LogPlayLevel: Creating play world package: /Game/Map/UEDPIE_0_Main
[2017.03.09-07.14.17:471][567]LogPlayLevel: PIE: StaticDuplicateObject took: (0.001257s)
[2017.03.09-07.14.17:471][567]LogAIModule: Creating AISystem for world Main
[2017.03.09-07.14.17:471][567]LogPlayLevel: PIE: World Init took: (0.000509s)
[2017.03.09-07.14.17:471][567]LogPlayLevel: PIE: Created PIE world by copying editor world from /Game/Map/Main.Main to /Game/Map/UEDPIE_0_Main.Main (0.001947s)
[2017.03.09-07.14.17:492][567]LogInit: XAudio2 using 'DELL UZ2315H-C (NVIDIA High Definition Audio)' : 2 channels at 48 kHz using 16 bits per sample (channel mask 0x3)
[2017.03.09-07.14.17:495][567]LogInit: FAudioDevice initialized.
[2017.03.09-07.14.17:524][567]LogLoad: Game class is 'GameController_BP_C'
[2017.03.09-07.14.17:528][567]LogWorld: Bringing World /Game/Map/UEDPIE_0_Main.Main up for play (max tick rate 0) at 2017.03.09-00.14.17
[2017.03.09-07.14.17:529][567]LogWorld: Bringing up level for play took: 0.002936
[2017.03.09-07.14.17:530][567]PIE: Info Play in editor start time for /Game/Map/UEDPIE_0_Main 0.69
[2017.03.09-07.14.17:530][567]LogBlueprintUserMessages: Late PlayInEditor Detection: Level '/Game/Map/Main.Main:PersistentLevel' has LevelScriptBlueprint '/Game/Map/Main.Main:PersistentLevel.Main' with GeneratedClass '/Game/Map/Main.Main_C' with ClassGeneratedBy '/Game/Map/Main.Main:PersistentLevel.Main'
[2017.03.09-07.14.26:089][489]LogBlueprintUserMessages: [Enemy3] Hello
[2017.03.09-07.14.27:692][664]LogBlueprintUserMessages: Early EndPlayMap Detection: Level '/Game/Map/Main.Main:PersistentLevel' has LevelScriptBlueprint '/Game/Map/Main.Main:PersistentLevel.Main' with GeneratedClass '/Game/Map/Main.Main_C' with ClassGeneratedBy '/Game/Map/Main.Main:PersistentLevel.Main'
[2017.03.09-07.14.27:738][664]LogBlueprintUserMessages: Late EndPlayMap Detection: Level '/Game/Map/Main.Main:PersistentLevel' has LevelScriptBlueprint '/Game/Map/Main.Main:PersistentLevel.Main' with GeneratedClass '/Game/Map/Main.Main_C' with ClassGeneratedBy '/Game/Map/Main.Main:PersistentLevel.Main'
[2017.03.09-07.14.33:096][ 56]Cmd: OBJ SAVEPACKAGE PACKAGE="/Game/Art/Sprites/spikes" FILE="../../../../../../Users/u1068959/Documents/Unreal Projects/VirtualWorldScroller/Content/Art/Sprites/spikes.uasset" SILENT=true
[2017.03.09-07.14.33:107][ 56]LogSavePackage: Save=9.03ms
[2017.03.09-07.14.33:107][ 56]LogSavePackage: Moving '../../../../../../Users/u1068959/Documents/Unreal Projects/VirtualWorldScroller/Saved/spikes4631AC394A1E2AD2D3870BAEC2D9AB0F.tmp' to '../../../../../../Users/u1068959/Documents/Unreal Projects/VirtualWorldScroller/Content/Art/Sprites/spikes.uasset'
[2017.03.09-07.14.33:109][ 56]LogSavePackage:Display: Finished SavePackage ../../../../../../Users/u1068959/Documents/Unreal Projects/VirtualWorldScroller/Content/Art/Sprites/spikes.uasset
[2017.03.09-07.14.33:122][ 56]Cmd: OBJ SAVEPACKAGE PACKAGE="/Game/Art/Sprites/spikes_Sprite" FILE="../../../../../../Users/u1068959/Documents/Unreal Projects/VirtualWorldScroller/Content/Art/Sprites/spikes_Sprite.uasset" SILENT=true
[2017.03.09-07.14.33:134][ 56]LogSavePackage: Save=9.97ms
[2017.03.09-07.14.33:134][ 56]LogSavePackage: Moving '../../../../../../Users/u1068959/Documents/Unreal Projects/VirtualWorldScroller/Saved/spikes_Sprite77269F6540A09CA9E4A1FEB75EFC672C.tmp' to '../../../../../../Users/u1068959/Documents/Unreal Projects/VirtualWorldScroller/Content/Art/Sprites/spikes_Sprite.uasset'
[2017.03.09-07.14.33:136][ 56]LogSavePackage:Display: Finished SavePackage ../../../../../../Users/u1068959/Documents/Unreal Projects/VirtualWorldScroller/Content/Art/Sprites/spikes_Sprite.uasset
[2017.03.09-07.14.33:206][ 56]LogWindowsTextInputMethodSystem:Display: IME system now deactivated.
[2017.03.09-07.14.33:377][ 57]Cmd: QUIT_EDITOR
[2017.03.09-07.14.34:201][ 57]LogExit: Preparing to exit.
[2017.03.09-07.14.35:177][ 57]LogDirectoryWatcher: A directory notification for 'C:/Users/u1068959/Documents/Unreal Projects/VirtualWorldScroller/Content/' was aborted.
[2017.03.09-07.14.35:202][ 57]LogExit: Editor shut down
[2017.03.09-07.14.35:203][ 57]LogExit: Transaction tracking system shut down
[2017.03.09-07.14.35:280][ 57]LogObj: Freed 0b from 0 cluster array pools.
[2017.03.09-07.14.35:280][ 57]LogExit: Object subsystem successfully closed.
[2017.03.09-07.14.35:292][ 57]LogD3D11RHI: Shutdown
[2017.03.09-07.14.35:292][ 57]LogD3D11RHI: CleanupD3DDevice
[2017.03.09-07.14.35:345][ 57]LogD3D11RHI: ~FD3D11DynamicRHI
[2017.03.09-07.14.35:356][ 57]LogHttp:Display: Http module shutting down, but needs to wait on 1 outstanding Http requests:
[2017.03.09-07.14.35:356][ 57]LogHttp:Display: 	verb=[POST] url=[https://datarouter.ol.epicgames.com/datarouter/api/v1/public/data?SessionID=%7BD7C97B02-4AC2-6094-76E9-F5BC54B22D59%7D&AppID=UEEditor.Rocket.Release&AppVersion=4.14.3-3249277%2B%2B%2BUE4%2BRelease-4.14&UserID=f9b1af9f478eb14021a4ffbc3af19e35%7C212d209d3ab64bde90ec43b8f786d5e0%7Ca2d5175b-7a00-4542-ac8c-c7c1e33da56a&AppEnvironment=datacollector-binary&UploadType=eteventstream] status=Processing
[2017.03.09-07.14.35:367][ 57]LogModuleManager: Shutting down and abandoning module BlueprintGraph (246)
[2017.03.09-07.14.35:367][ 57]LogModuleManager: Shutting down and abandoning module BlueprintProfiler (245)
[2017.03.09-07.14.35:367][ 57]LogModuleManager: Shutting down and abandoning module MovieSceneCapture (244)
[2017.03.09-07.14.35:367][ 57]LogModuleManager: Shutting down and abandoning module HierarchicalLODOutliner (243)
[2017.03.09-07.14.35:367][ 57]LogModuleManager: Shutting down and abandoning module CrashTracker (242)
[2017.03.09-07.14.35:367][ 57]LogModuleManager: Shutting down and abandoning module SceneOutliner (241)
[2017.03.09-07.14.35:367][ 57]LogModuleManager: Shutting down and abandoning module WidgetCarousel (240)
[2017.03.09-07.14.35:367][ 57]LogModuleManager: Shutting down and abandoning module AddContentDialog (239)
[2017.03.09-07.14.35:367][ 57]LogDirectoryWatcher: A directory notification for 'C:/Program Files/Epic Games/4.14/FeaturePacks/' was aborted.
[2017.03.09-07.14.35:367][ 57]LogModuleManager: Shutting down and abandoning module GameplayTags (238)
[2017.03.09-07.14.35:367][ 57]LogModuleManager: Shutting down and abandoning module EditorWidgets (237)
[2017.03.09-07.14.35:367][ 57]LogModuleManager: Shutting down and abandoning module CollectionManager (236)
[2017.03.09-07.14.35:368][ 57]LogDirectoryWatcher: A directory notification for 'C:/Users/u1068959/Documents/Unreal Projects/VirtualWorldScroller/Content/Collections/' was aborted.
[2017.03.09-07.14.35:368][ 57]LogDirectoryWatcher: A directory notification for 'C:/Users/u1068959/Documents/Unreal Projects/VirtualWorldScroller/Content/Developers/u1068959/Collections/' was aborted.
[2017.03.09-07.14.35:368][ 57]LogDirectoryWatcher: A directory notification for 'C:/Users/u1068959/Documents/Unreal Projects/VirtualWorldScroller/Saved/Collections/' was aborted.
[2017.03.09-07.14.35:368][ 57]LogModuleManager: Shutting down and abandoning module StatsViewer (235)
[2017.03.09-07.14.35:368][ 57]LogModuleManager: Shutting down and abandoning module FoliageEdit (234)
[2017.03.09-07.14.35:368][ 57]LogModuleManager: Shutting down and abandoning module LandscapeEditor (233)
[2017.03.09-07.14.35:368][ 57]LogModuleManager: Shutting down and abandoning module SceneDepthPickerMode (232)
[2017.03.09-07.14.35:368][ 57]LogModuleManager: Shutting down and abandoning module ActorPickerMode (231)
[2017.03.09-07.14.35:368][ 57]LogModuleManager: Shutting down and abandoning module GeometryMode (230)
[2017.03.09-07.14.35:368][ 57]LogModuleManager: Shutting down and abandoning module TextureAlignMode (229)
[2017.03.09-07.14.35:368][ 57]LogModuleManager: Shutting down and abandoning module BspMode (228)
[2017.03.09-07.14.35:368][ 57]LogModuleManager: Shutting down and abandoning module HardwareSurvey (227)
[2017.03.09-07.14.35:368][ 57]LogModuleManager: Shutting down and abandoning module SequenceRecorderSections (226)
[2017.03.09-07.14.35:368][ 57]LogModuleManager: Shutting down and abandoning module AutomationWorker (225)
[2017.03.09-07.14.35:368][ 57]LogModuleManager: Shutting down and abandoning module MatineeToLevelSequence (224)
[2017.03.09-07.14.35:368][ 57]LogModuleManager: Shutting down and abandoning module PlacementMode (223)
[2017.03.09-07.14.35:368][ 57]LogModuleManager: Shutting down and abandoning module LevelSequenceEditor (222)
[2017.03.09-07.14.35:368][ 57]LogModuleManager: Shutting down and abandoning module WmfMediaFactory (221)
[2017.03.09-07.14.35:368][ 57]LogModuleManager: Shutting down and abandoning module WmfMediaEditor (220)
[2017.03.09-07.14.35:368][ 57]LogModuleManager: Shutting down and abandoning module AvfMediaFactory (219)
[2017.03.09-07.14.35:368][ 57]LogModuleManager: Shutting down and abandoning module AvfMediaEditor (218)
[2017.03.09-07.14.35:368][ 57]LogModuleManager: Shutting down and abandoning module Media (217)
[2017.03.09-07.14.35:368][ 57]LogModuleManager: Shutting down and abandoning module AndroidMediaFactory (216)
[2017.03.09-07.14.35:368][ 57]LogModuleManager: Shutting down and abandoning module AndroidMediaEditor (215)
[2017.03.09-07.14.35:368][ 57]LogModuleManager: Shutting down and abandoning module CharacterAI (214)
[2017.03.09-07.14.35:368][ 57]LogModuleManager: Shutting down and abandoning module SequenceRecorder (213)
[2017.03.09-07.14.35:368][ 57]LogModuleManager: Shutting down and abandoning module AudioCapture (212)
[2017.03.09-07.14.35:368][ 57]LogModuleManager: Shutting down and abandoning module SmartSnapping (211)
[2017.03.09-07.14.35:368][ 57]LogModuleManager: Shutting down and abandoning module SessionServices (210)
[2017.03.09-07.14.35:368][ 57]LogModuleManager: Shutting down and abandoning module ViewportSnapping (209)
[2017.03.09-07.14.35:368][ 57]LogModuleManager: Shutting down and abandoning module ViewportInteraction (208)
[2017.03.09-07.14.35:368][ 57]LogModuleManager: Shutting down and abandoning module LogVisualizer (207)
[2017.03.09-07.14.35:368][ 57]LogModuleManager: Shutting down and abandoning module GameProjectGeneration (206)
[2017.03.09-07.14.35:368][ 57]LogModuleManager: Shutting down and abandoning module IntroTutorials (205)
[2017.03.09-07.14.35:368][ 57]LogModuleManager: Shutting down and abandoning module EditorLiveStreaming (204)
[2017.03.09-07.14.35:368][ 57]LogModuleManager: Shutting down and abandoning module IOSPlatformEditor (203)
[2017.03.09-07.14.35:368][ 57]LogModuleManager: Shutting down and abandoning module HTML5PlatformEditor (202)
[2017.03.09-07.14.35:368][ 57]LogModuleManager: Shutting down and abandoning module AndroidDeviceDetection (201)
[2017.03.09-07.14.35:592][ 57]LogModuleManager: Shutting down and abandoning module AndroidPlatformEditor (200)
[2017.03.09-07.14.35:592][ 57]LogModuleManager: Shutting down and abandoning module IOSRuntimeSettings (199)
[2017.03.09-07.14.35:592][ 57]LogModuleManager: Shutting down and abandoning module AndroidRuntimeSettings (198)
[2017.03.09-07.14.35:592][ 57]LogModuleManager: Shutting down and abandoning module InputBindingEditor (197)
[2017.03.09-07.14.35:592][ 57]LogModuleManager: Shutting down and abandoning module NiagaraEditor (196)
[2017.03.09-07.14.35:592][ 57]LogModuleManager: Shutting down and abandoning module MergeActors (195)
[2017.03.09-07.14.35:592][ 57]LogModuleManager: Shutting down and abandoning module SizeMap (194)
[2017.03.09-07.14.35:592][ 57]LogModuleManager: Shutting down and abandoning module TreeMap (193)
[2017.03.09-07.14.35:592][ 57]LogModuleManager: Shutting down and abandoning module ReferenceViewer (192)
[2017.03.09-07.14.35:592][ 57]LogModuleManager: Shutting down and abandoning module LocalizationService (191)
[2017.03.09-07.14.35:592][ 57]LogModuleManager: Shutting down and abandoning module LocalizationDashboard (190)
[2017.03.09-07.14.35:592][ 57]LogModuleManager: Shutting down and abandoning module HardwareTargeting (189)
[2017.03.09-07.14.35:592][ 57]LogModuleManager: Shutting down and abandoning module DeviceProfileEditor (188)
[2017.03.09-07.14.35:592][ 57]LogModuleManager: Shutting down and abandoning module UndoHistory (187)
[2017.03.09-07.14.35:592][ 57]LogModuleManager: Shutting down and abandoning module UserFeedback (186)
[2017.03.09-07.14.35:592][ 57]LogModuleManager: Shutting down and abandoning module XmlParser (185)
[2017.03.09-07.14.35:592][ 57]LogModuleManager: Shutting down and abandoning module Blutility (184)
[2017.03.09-07.14.35:592][ 57]LogModuleManager: Shutting down and abandoning module ProjectTargetPlatformEditor (183)
[2017.03.09-07.14.35:592][ 57]LogModuleManager: Shutting down and abandoning module ProjectSettingsViewer (182)
[2017.03.09-07.14.35:592][ 57]LogModuleManager: Shutting down and abandoning module EditorSettingsViewer (181)
[2017.03.09-07.14.35:592][ 57]LogModuleManager: Shutting down and abandoning module SettingsEditor (180)
[2017.03.09-07.14.35:593][ 57]LogModuleManager: Shutting down and abandoning module ProjectLauncher (179)
[2017.03.09-07.14.35:593][ 57]LogModuleManager: Shutting down and abandoning module SessionFrontend (178)
[2017.03.09-07.14.35:593][ 57]LogModuleManager: Shutting down and abandoning module ProfilerClient (177)
[2017.03.09-07.14.35:593][ 57]LogModuleManager: Shutting down and abandoning module TargetDeviceServices (176)
[2017.03.09-07.14.35:593][ 57]LogModuleManager: Shutting down and abandoning module DeviceManager (175)
[2017.03.09-07.14.35:647][ 57]LogModuleManager: Shutting down and abandoning module AutomationController (174)
[2017.03.09-07.14.35:647][ 57]LogModuleManager: Shutting down and abandoning module AutomationWindow (173)
[2017.03.09-07.14.35:647][ 57]LogModuleManager: Shutting down and abandoning module Layers (172)
[2017.03.09-07.14.35:647][ 57]LogModuleManager: Shutting down and abandoning module ComponentVisualizers (171)
[2017.03.09-07.14.35:647][ 57]LogModuleManager: Shutting down and abandoning module DetailCustomizations (170)
[2017.03.09-07.14.35:647][ 57]LogModuleManager: Shutting down and abandoning module PackagesDialog (169)
[2017.03.09-07.14.35:647][ 57]LogModuleManager: Shutting down and abandoning module AnimGraph (168)
[2017.03.09-07.14.35:647][ 57]LogModuleManager: Shutting down and abandoning module Persona (167)
[2017.03.09-07.14.35:647][ 57]LogModuleManager: Shutting down and abandoning module Kismet (166)
[2017.03.09-07.14.35:651][ 57]LogModuleManager: Shutting down and abandoning module GraphEditor (165)
[2017.03.09-07.14.35:651][ 57]LogModuleManager: Shutting down and abandoning module ClassViewer (164)
[2017.03.09-07.14.35:651][ 57]LogModuleManager: Shutting down and abandoning module Toolbox (163)
[2017.03.09-07.14.35:651][ 57]LogModuleManager: Shutting down and abandoning module ModuleUI (162)
[2017.03.09-07.14.35:651][ 57]LogModuleManager: Shutting down and abandoning module MovieSceneTools (161)
[2017.03.09-07.14.35:652][ 57]LogModuleManager: Shutting down and abandoning module OutputLog (160)
[2017.03.09-07.14.35:652][ 57]LogModuleManager: Shutting down and abandoning module GammaUI (159)
[2017.03.09-07.14.35:652][ 57]LogModuleManager: Shutting down and abandoning module Documentation (158)
[2017.03.09-07.14.35:652][ 57]LogModuleManager: Shutting down and abandoning module Niagara (157)
[2017.03.09-07.14.35:652][ 57]LogModuleManager: Shutting down and abandoning module StreamingPauseRendering (156)
[2017.03.09-07.14.35:652][ 57]LogModuleManager: Shutting down and abandoning module AnalyticsET (155)
[2017.03.09-07.14.35:652][ 57]LogModuleManager: Shutting down and abandoning module PortalServices (154)
[2017.03.09-07.14.35:652][ 57]LogModuleManager: Shutting down and abandoning module PortalRpc (153)
[2017.03.09-07.14.35:652][ 57]LogModuleManager: Shutting down and abandoning module MessagingRpc (152)
[2017.03.09-07.14.35:652][ 57]LogModuleManager: Shutting down and abandoning module GameplayDebugger (151)
[2017.03.09-07.14.35:652][ 57]LogModuleManager: Shutting down and abandoning module AITestSuite (150)
[2017.03.09-07.14.35:652][ 57]LogModuleManager: Shutting down and abandoning module AIModule (149)
[2017.03.09-07.14.35:652][ 57]LogModuleManager: Shutting down and abandoning module ProfilerService (148)
[2017.03.09-07.14.35:802][ 57]LogModuleManager: Shutting down and abandoning module TaskGraph (147)
[2017.03.09-07.14.35:802][ 57]LogModuleManager: Shutting down and abandoning module SubstanceEditor (146)
[2017.03.09-07.14.35:802][ 57]LogModuleManager: Shutting down and abandoning module SlateRemote (145)
[2017.03.09-07.14.35:802][ 57]LogModuleManager: Shutting down and abandoning module SteamVRController (144)
[2017.03.09-07.14.35:802][ 57]LogModuleManager: Shutting down and abandoning module SteamVR (143)
[2017.03.09-07.14.35:802][ 57]LogModuleManager: Shutting down and abandoning module ProceduralMeshComponentEditor (142)
[2017.03.09-07.14.35:802][ 57]LogModuleManager: Shutting down and abandoning module ProceduralMeshComponent (141)
[2017.03.09-07.14.35:802][ 57]LogModuleManager: Shutting down and abandoning module OculusLibrary (140)
[2017.03.09-07.14.35:802][ 57]LogModuleManager: Shutting down and abandoning module OculusInput (139)
[2017.03.09-07.14.35:802][ 57]LogModuleManager: Shutting down and abandoning module MobilePatchingUtils (138)
[2017.03.09-07.14.35:802][ 57]LogModuleManager: Shutting down and abandoning module CustomMeshComponent (137)
[2017.03.09-07.14.35:802][ 57]LogModuleManager: Shutting down and abandoning module CableComponent (136)
[2017.03.09-07.14.35:802][ 57]LogModuleManager: Shutting down and abandoning module ArchVisCharacter (135)
[2017.03.09-07.14.35:802][ 57]LogModuleManager: Shutting down and abandoning module MediaPlayerEditor (133)
[2017.03.09-07.14.35:802][ 57]LogModuleManager: Shutting down and abandoning module HTML5Networking (132)
[2017.03.09-07.14.35:802][ 57]LogModuleManager: Shutting down and abandoning module GeometryCacheEd (131)
[2017.03.09-07.14.35:802][ 57]LogModuleManager: Shutting down and abandoning module GeometryCache (130)
[2017.03.09-07.14.35:802][ 57]LogModuleManager: Shutting down and abandoning module AlembicLibrary (129)
[2017.03.09-07.14.35:802][ 57]LogModuleManager: Shutting down and abandoning module AlembicImporter (128)
[2017.03.09-07.14.35:802][ 57]LogModuleManager: Shutting down and abandoning module SuperSearch (127)
[2017.03.09-07.14.35:802][ 57]LogModuleManager: Shutting down and abandoning module SuperSearchEditor (126)
[2017.03.09-07.14.35:802][ 57]LogModuleManager: Shutting down and abandoning module SpeedTreeImporter (125)
[2017.03.09-07.14.35:802][ 57]LogModuleManager: Shutting down and abandoning module PluginBrowser (124)
[2017.03.09-07.14.35:802][ 57]LogModuleManager: Shutting down and abandoning module MobileLauncherProfileWizard (123)
[2017.03.09-07.14.35:803][ 57]LogModuleManager: Shutting down and abandoning module EpicSurvey (122)
[2017.03.09-07.14.35:803][ 57]LogModuleManager: Shutting down and abandoning module DesktopPlatform (121)
[2017.03.09-07.14.35:803][ 57]LogModuleManager: Shutting down and abandoning module VisualStudioSourceCodeAccess (120)
[2017.03.09-07.14.35:803][ 57]LogModuleManager: Shutting down and abandoning module UObjectPlugin (119)
[2017.03.09-07.14.35:803][ 57]LogModuleManager: Shutting down and abandoning module SubversionSourceControl (118)
[2017.03.09-07.14.35:803][ 57]LogModuleManager: Shutting down and abandoning module PerforceSourceControl (117)
[2017.03.09-07.14.35:803][ 57]LogModuleManager: Shutting down and abandoning module SourceControl (116)
[2017.03.09-07.14.35:803][ 57]LogModuleManager: Shutting down and abandoning module GitSourceControl (115)
[2017.03.09-07.14.35:803][ 57]LogModuleManager: Shutting down and abandoning module LightPropagationVolumeEditor (114)
[2017.03.09-07.14.35:803][ 57]LogModuleManager: Shutting down and abandoning module PaperTiledImporter (113)
[2017.03.09-07.14.35:803][ 57]LogModuleManager: Shutting down and abandoning module PaperSpriteSheetImporter (112)
[2017.03.09-07.14.35:803][ 57]LogModuleManager: Shutting down and abandoning module MeshPaint (111)
[2017.03.09-07.14.35:803][ 57]LogModuleManager: Shutting down and abandoning module PixelInspectorModule (110)
[2017.03.09-07.14.35:803][ 57]LogModuleManager: Shutting down and abandoning module HotReload (109)
[2017.03.09-07.14.35:803][ 57]LogModuleManager: Shutting down and abandoning module MainFrame (108)
[2017.03.09-07.14.35:803][ 57]LogModuleManager: Shutting down and abandoning module LevelEditor (107)
[2017.03.09-07.14.35:804][ 57]LogModuleManager: Shutting down and abandoning module ContentBrowser (106)
[2017.03.09-07.14.35:804][ 57]LogModuleManager: Shutting down and abandoning module Paper2DEditor (105)
[2017.03.09-07.14.35:805][ 57]LogModuleManager: Shutting down and abandoning module UdpMessaging (104)
[2017.03.09-07.14.35:905][ 57]LogModuleManager: Shutting down and abandoning module TcpMessaging (103)
[2017.03.09-07.14.36:028][ 57]LogModuleManager: Shutting down and abandoning module SubstanceCore (102)
[2017.03.09-07.14.36:028][ 57]LogModuleManager: Shutting down and abandoning module LightPropagationVolumeRuntime (101)
[2017.03.09-07.14.36:028][ 57]LogModuleManager: Shutting down and abandoning module Paper2D (100)
[2017.03.09-07.14.36:028][ 57]LogModuleManager: Shutting down and abandoning module WindowsMoviePlayer (99)
[2017.03.09-07.14.36:028][ 57]LogModuleManager: Shutting down and abandoning module WmfMedia (98)
[2017.03.09-07.14.36:028][ 57]LogModuleManager: Shutting down and abandoning module MediaAssets (97)
[2017.03.09-07.14.36:028][ 57]LogModuleManager: Shutting down and abandoning module GameLiveStreaming (96)
[2017.03.09-07.14.36:028][ 57]LogModuleManager: Shutting down and abandoning module GameplayTagsEditor (95)
[2017.03.09-07.14.36:028][ 57]LogModuleManager: Shutting down and abandoning module VREditor (94)
[2017.03.09-07.14.36:028][ 57]LogModuleManager: Shutting down and abandoning module GameplayTasksEditor (93)
[2017.03.09-07.14.36:028][ 57]LogModuleManager: Shutting down and abandoning module BehaviorTreeEditor (92)
[2017.03.09-07.14.36:028][ 57]LogModuleManager: Shutting down and abandoning module FunctionalTesting (91)
[2017.03.09-07.14.36:028][ 57]LogModuleManager: Shutting down and abandoning module CollisionAnalyzer (90)
[2017.03.09-07.14.36:028][ 57]LogModuleManager: Shutting down and abandoning module Sequencer (89)
[2017.03.09-07.14.36:028][ 57]LogModuleManager: Shutting down and abandoning module WorkspaceMenuStructure (88)
[2017.03.09-07.14.36:028][ 57]LogModuleManager: Shutting down and abandoning module MessageLog (87)
[2017.03.09-07.14.36:028][ 57]LogModuleManager: Shutting down and abandoning module AssetTools (86)
[2017.03.09-07.14.36:029][ 57]LogModuleManager: Shutting down and abandoning module UMGEditor (85)
[2017.03.09-07.14.36:029][ 57]LogModuleManager: Shutting down and abandoning module UMG (84)
[2017.03.09-07.14.36:029][ 57]LogModuleManager: Shutting down and abandoning module SlateReflector (83)
[2017.03.09-07.14.36:029][ 57]LogModuleManager: Shutting down and abandoning module Slate (82)
[2017.03.09-07.14.36:029][ 57]LogModuleManager: Shutting down and abandoning module EditorStyle (81)
[2017.03.09-07.14.36:031][ 57]LogModuleManager: Shutting down and abandoning module SourceCodeAccess (80)
[2017.03.09-07.14.36:031][ 57]LogModuleManager: Shutting down and abandoning module HeadMountedDisplay (79)
[2017.03.09-07.14.36:031][ 57]LogModuleManager: Shutting down and abandoning module XAudio2 (78)
[2017.03.09-07.14.36:031][ 57]LogModuleManager: Shutting down and abandoning module Networking (76)
[2017.03.09-07.14.36:031][ 57]LogModuleManager: Shutting down and abandoning module Core (75)
[2017.03.09-07.14.36:031][ 57]LogModuleManager: Shutting down and abandoning module DirectoryWatcher (74)
[2017.03.09-07.14.36:031][ 57]LogDirectoryWatcher: A directory notification for '../../../Engine/Content/' was aborted.
[2017.03.09-07.14.36:031][ 57]LogDirectoryWatcher: A directory notification for '../../../../../../Users/u1068959/Documents/Unreal Projects/VirtualWorldScroller/Content/' was aborted.
[2017.03.09-07.14.36:031][ 57]LogDirectoryWatcher: A directory notification for '../../../Engine/Plugins/2D/Paper2D/Content/' was aborted.
[2017.03.09-07.14.36:031][ 57]LogModuleManager: Shutting down and abandoning module AssetRegistry (73)
[2017.03.09-07.14.36:226][ 57]LogModuleManager: Shutting down and abandoning module KismetCompiler (72)
[2017.03.09-07.14.36:226][ 57]LogModuleManager: Shutting down and abandoning module PhysXFormats (71)
[2017.03.09-07.14.36:226][ 57]LogModuleManager: Shutting down and abandoning module SimplygonSwarm (70)
[2017.03.09-07.14.36:226][ 57]LogModuleManager: Shutting down and abandoning module SimplygonMeshReduction (69)
[2017.03.09-07.14.36:226][ 57]LogModuleManager: Shutting down and abandoning module QuadricMeshReduction (68)
[2017.03.09-07.14.36:226][ 57]LogModuleManager: Shutting down and abandoning module PropertyEditor (67)
[2017.03.09-07.14.36:226][ 57]LogModuleManager: Shutting down and abandoning module MeshUtilities (66)
[2017.03.09-07.14.36:226][ 57]LogModuleManager: Shutting down and abandoning module DerivedDataCache (65)
[2017.03.09-07.14.36:300][ 57]LogDerivedDataCache: Shutdown
[2017.03.09-07.14.36:300][ 57]LogModuleManager: Shutting down and abandoning module VulkanShaderFormat (64)
[2017.03.09-07.14.36:300][ 57]LogModuleManager: Shutting down and abandoning module ShaderFormatOpenGL (63)
[2017.03.09-07.14.36:300][ 57]LogModuleManager: Shutting down and abandoning module ShaderFormatD3D (62)
[2017.03.09-07.14.36:300][ 57]LogModuleManager: Shutting down and abandoning module MetalShaderFormat (61)
[2017.03.09-07.14.36:300][ 57]LogModuleManager: Shutting down and abandoning module TextureFormatUncompressed (60)
[2017.03.09-07.14.36:300][ 57]LogModuleManager: Shutting down and abandoning module TextureFormatPVR (59)
[2017.03.09-07.14.36:300][ 57]LogModuleManager: Shutting down and abandoning module TextureFormatDXT (58)
[2017.03.09-07.14.36:300][ 57]LogModuleManager: Shutting down and abandoning module TextureFormatIntelISPCTexComp (57)
[2017.03.09-07.14.36:300][ 57]LogModuleManager: Shutting down and abandoning module ImageWrapper (56)
[2017.03.09-07.14.36:300][ 57]LogModuleManager: Shutting down and abandoning module TextureFormatASTC (55)
[2017.03.09-07.14.36:300][ 57]LogModuleManager: Shutting down and abandoning module TextureFormatAndroid (54)
[2017.03.09-07.14.36:300][ 57]LogModuleManager: Shutting down and abandoning module AudioFormatOpus (53)
[2017.03.09-07.14.36:300][ 57]LogModuleManager: Shutting down and abandoning module AudioFormatOgg (52)
[2017.03.09-07.14.36:300][ 57]LogModuleManager: Shutting down and abandoning module AudioFormatADPCM (51)
[2017.03.09-07.14.36:300][ 57]LogModuleManager: Shutting down and abandoning module LinuxTargetPlatform (50)
[2017.03.09-07.14.36:300][ 57]LogModuleManager: Shutting down and abandoning module LinuxServerTargetPlatform (49)
[2017.03.09-07.14.36:300][ 57]LogModuleManager: Shutting down and abandoning module LinuxNoEditorTargetPlatform (48)
[2017.03.09-07.14.36:300][ 57]LogModuleManager: Shutting down and abandoning module LinuxClientTargetPlatform (47)
[2017.03.09-07.14.36:300][ 57]LogModuleManager: Shutting down and abandoning module TVOSTargetPlatform (46)
[2017.03.09-07.14.36:300][ 57]LogModuleManager: Shutting down and abandoning module Messaging (45)
[2017.03.09-07.14.36:300][ 57]LogModuleManager: Shutting down and abandoning module IOSTargetPlatform (44)
[2017.03.09-07.14.36:300][ 57]LogModuleManager: Shutting down and abandoning module HTML5TargetPlatform (43)
[2017.03.09-07.14.36:300][ 57]LogModuleManager: Shutting down and abandoning module Android_PVRTCTargetPlatform (42)
[2017.03.09-07.14.36:300][ 57]LogModuleManager: Shutting down and abandoning module Android_MultiTargetPlatform (41)
[2017.03.09-07.14.36:300][ 57]LogModuleManager: Shutting down and abandoning module Android_ETC2TargetPlatform (40)
[2017.03.09-07.14.36:300][ 57]LogModuleManager: Shutting down and abandoning module Android_ETC1TargetPlatform (39)
[2017.03.09-07.14.36:301][ 57]LogModuleManager: Shutting down and abandoning module Android_DXTTargetPlatform (38)
[2017.03.09-07.14.36:301][ 57]LogModuleManager: Shutting down and abandoning module Android_ATCTargetPlatform (37)
[2017.03.09-07.14.36:301][ 57]LogModuleManager: Shutting down and abandoning module Android_ASTCTargetPlatform (36)
[2017.03.09-07.14.36:301][ 57]LogModuleManager: Shutting down and abandoning module AndroidTargetPlatform (35)
[2017.03.09-07.14.36:301][ 57]LogModuleManager: Shutting down and abandoning module WindowsTargetPlatform (34)
[2017.03.09-07.14.36:301][ 57]LogModuleManager: Shutting down and abandoning module WindowsServerTargetPlatform (33)
[2017.03.09-07.14.36:301][ 57]LogModuleManager: Shutting down and abandoning module WindowsNoEditorTargetPlatform (32)
[2017.03.09-07.14.36:301][ 57]LogModuleManager: Shutting down and abandoning module WindowsClientTargetPlatform (31)
[2017.03.09-07.14.36:301][ 57]LogModuleManager: Shutting down and abandoning module MacTargetPlatform (30)
[2017.03.09-07.14.36:301][ 57]LogModuleManager: Shutting down and abandoning module MacServerTargetPlatform (29)
[2017.03.09-07.14.36:301][ 57]LogModuleManager: Shutting down and abandoning module MacNoEditorTargetPlatform (28)
[2017.03.09-07.14.36:301][ 57]LogModuleManager: Shutting down and abandoning module MacClientTargetPlatform (27)
[2017.03.09-07.14.36:301][ 57]LogModuleManager: Shutting down and abandoning module AllDesktopTargetPlatform (26)
[2017.03.09-07.14.36:301][ 57]LogModuleManager: Shutting down and abandoning module TargetPlatform (25)
[2017.03.09-07.14.36:301][ 57]LogModuleManager: Shutting down and abandoning module InputCore (24)
[2017.03.09-07.14.36:301][ 57]LogModuleManager: Shutting down and abandoning module Settings (23)
[2017.03.09-07.14.36:301][ 57]LogModuleManager: Shutting down and abandoning module OculusRift (22)
[2017.03.09-07.14.36:301][ 57]LogHMD: Oculus shutdown.
[2017.03.09-07.14.36:301][ 57]LogModuleManager: Shutting down and abandoning module ExampleDeviceProfileSelector (21)
[2017.03.09-07.14.36:301][ 57]LogModuleManager: Shutting down and abandoning module OnlineBlueprintSupport (20)
[2017.03.09-07.14.36:301][ 57]LogModuleManager: Shutting down and abandoning module OnlineSubsystem (18)
[2017.03.09-07.14.36:301][ 57]LogOnline:Display: Unloading online subsystem: NULL
[2017.03.09-07.14.36:301][ 57]LogModuleManager: Shutting down and abandoning module SSL (17)
[2017.03.09-07.14.36:303][ 57]LogModuleManager: Shutting down and abandoning module HTTP (16)
[2017.03.09-07.14.36:303][ 57]LogModuleManager: Shutting down and abandoning module XMPP (15)
[2017.03.09-07.14.36:303][ 57]LogModuleManager: Shutting down and abandoning module TextureCompressor (14)
[2017.03.09-07.14.36:303][ 57]LogModuleManager: Shutting down and abandoning module ShaderCore (13)
[2017.03.09-07.14.36:303][ 57]LogModuleManager: Shutting down and abandoning module Landscape (12)
[2017.03.09-07.14.36:303][ 57]LogModuleManager: Shutting down and abandoning module SlateRHIRenderer (11)
[2017.03.09-07.14.36:304][ 57]LogModuleManager: Shutting down and abandoning module OpenGLDrv (10)
[2017.03.09-07.14.36:304][ 57]LogModuleManager: Shutting down and abandoning module D3D11RHI (9)
[2017.03.09-07.14.36:304][ 57]LogModuleManager: Shutting down and abandoning module AnimGraphRuntime (8)
[2017.03.09-07.14.36:304][ 57]LogModuleManager: Shutting down and abandoning module Renderer (7)
[2017.03.09-07.14.36:304][ 57]LogModuleManager: Shutting down and abandoning module Engine (6)
[2017.03.09-07.14.36:304][ 57]LogModuleManager: Shutting down and abandoning module CoreUObject (5)
[2017.03.09-07.14.36:304][ 57]LogModuleManager: Shutting down and abandoning module NetworkFile (4)
[2017.03.09-07.14.36:304][ 57]LogModuleManager: Shutting down and abandoning module StreamingFile (3)
[2017.03.09-07.14.36:304][ 57]LogModuleManager: Shutting down and abandoning module SandboxFile (2)
[2017.03.09-07.14.36:304][ 57]LogModuleManager: Shutting down and abandoning module PakFile (1)
[2017.03.09-07.14.36:306][ 57]LogExit: Exiting.
[2017.03.09-07.14.36:307][ 57]Log file closed, 03/09/17 00:14:36
