Log file open, 03/23/17 10:35:33
LogInit:Display: Running engine for game: VirtualWorldScroller
LogPlatformFile: Not using cached read wrapper
LogInit:Display: RandInit(-528024893) SRandInit(-528024893).
LogTaskGraph: Started task graph with 5 named threads and 8 total threads with 1 sets of task threads.
LogStats: Stats thread started at 0.086458
LogPluginManager: Loaded Plugin Paper2D, From C:/Program Files/Epic Games/UE_4.14/Engine/Plugins/2D/Paper2D/Paper2D.uplugin
LogPluginManager: Loaded Plugin LightPropagationVolume, From C:/Program Files/Epic Games/UE_4.14/Engine/Plugins/Blendables/LightPropagationVolume/LightPropagationVolume.uplugin
LogPluginManager: Loaded Plugin BlankPlugin, From C:/Program Files/Epic Games/UE_4.14/Engine/Plugins/Developer/BlankPlugin/BlankPlugin.uplugin
LogPluginManager: Loaded Plugin CodeLiteSourceCodeAccess, From C:/Program Files/Epic Games/UE_4.14/Engine/Plugins/Developer/CodeLiteSourceCodeAccess/CodeLiteSourceCodeAccess.uplugin
LogPluginManager: Loaded Plugin GitSourceControl, From C:/Program Files/Epic Games/UE_4.14/Engine/Plugins/Developer/GitSourceControl/GitSourceControl.uplugin
LogPluginManager: Loaded Plugin KDevelopSourceCodeAccess, From C:/Program Files/Epic Games/UE_4.14/Engine/Plugins/Developer/KDevelopSourceCodeAccess/KDevelopSourceCodeAccess.uplugin
LogPluginManager: Loaded Plugin NullSourceCodeAccess, From C:/Program Files/Epic Games/UE_4.14/Engine/Plugins/Developer/NullSourceCodeAccess/NullSourceCodeAccess.uplugin
LogPluginManager: Loaded Plugin OneSkyLocalizationService, From C:/Program Files/Epic Games/UE_4.14/Engine/Plugins/Developer/OneSkyLocalizationService/OneSkyLocalizationService.uplugin
LogPluginManager: Loaded Plugin PerforceSourceControl, From C:/Program Files/Epic Games/UE_4.14/Engine/Plugins/Developer/PerforceSourceControl/PerforceSourceControl.uplugin
LogPluginManager: Loaded Plugin SubversionSourceControl, From C:/Program Files/Epic Games/UE_4.14/Engine/Plugins/Developer/SubversionSourceControl/SubversionSourceControl.uplugin
LogPluginManager: Loaded Plugin UObjectPlugin, From C:/Program Files/Epic Games/UE_4.14/Engine/Plugins/Developer/UObjectPlugin/UObjectPlugin.uplugin
LogPluginManager: Loaded Plugin VisualStudioSourceCodeAccess, From C:/Program Files/Epic Games/UE_4.14/Engine/Plugins/Developer/VisualStudioSourceCodeAccess/VisualStudioSourceCodeAccess.uplugin
LogPluginManager: Loaded Plugin XCodeSourceCodeAccess, From C:/Program Files/Epic Games/UE_4.14/Engine/Plugins/Developer/XCodeSourceCodeAccess/XCodeSourceCodeAccess.uplugin
LogPluginManager: Loaded Plugin AudioCapture, From C:/Program Files/Epic Games/UE_4.14/Engine/Plugins/Editor/AudioCapture/AudioCapture.uplugin
LogPluginManager: Loaded Plugin EpicSurvey, From C:/Program Files/Epic Games/UE_4.14/Engine/Plugins/Editor/EpicSurvey/EpicSurvey.uplugin
LogPluginManager: Loaded Plugin MacGraphicsSwitching, From C:/Program Files/Epic Games/UE_4.14/Engine/Plugins/Editor/MacGraphicsSwitching/MacGraphicsSwitching.uplugin
LogPluginManager: Loaded Plugin MobileLauncherProfileWizard, From C:/Program Files/Epic Games/UE_4.14/Engine/Plugins/Editor/MobileLauncherProfileWizard/MobileLauncherProfileWizard.uplugin
LogPluginManager: Loaded Plugin PluginBrowser, From C:/Program Files/Epic Games/UE_4.14/Engine/Plugins/Editor/PluginBrowser/PluginBrowser.uplugin
LogPluginManager: Loaded Plugin SpeedTreeImporter, From C:/Program Files/Epic Games/UE_4.14/Engine/Plugins/Editor/SpeedTreeImporter/SpeedTreeImporter.uplugin
LogPluginManager: Loaded Plugin SuperSearchEditor, From C:/Program Files/Epic Games/UE_4.14/Engine/Plugins/Editor/SuperSearchEditor/SuperSearchEditor.uplugin
LogPluginManager: Loaded Plugin AlembicImporter, From C:/Program Files/Epic Games/UE_4.14/Engine/Plugins/Experimental/AlembicImporter/AlembicImporter.uplugin
LogPluginManager: Loaded Plugin BlueprintStats, From C:/Program Files/Epic Games/UE_4.14/Engine/Plugins/Experimental/BlueprintStats/BlueprintStats.uplugin
LogPluginManager: Loaded Plugin CharacterAI, From C:/Program Files/Epic Games/UE_4.14/Engine/Plugins/Experimental/CharacterAI/CharacterAI.uplugin
LogPluginManager: Loaded Plugin CodeEditor, From C:/Program Files/Epic Games/UE_4.14/Engine/Plugins/Experimental/CodeEditor/CodeEditor.uplugin
LogPluginManager: Loaded Plugin CodeView, From C:/Program Files/Epic Games/UE_4.14/Engine/Plugins/Experimental/CodeView/CodeView.uplugin
LogPluginManager: Loaded Plugin HTML5Networking, From C:/Program Files/Epic Games/UE_4.14/Engine/Plugins/Experimental/HTML5Networking/HTML5Networking.uplugin
LogPluginManager: Loaded Plugin OSVR, From C:/Program Files/Epic Games/UE_4.14/Engine/Plugins/Experimental/OSVR/OSVR.uplugin
LogPluginManager: Loaded Plugin Phya, From C:/Program Files/Epic Games/UE_4.14/Engine/Plugins/Experimental/Phya/Phya.uplugin
LogPluginManager: Loaded Plugin SignificanceManager, From C:/Program Files/Epic Games/UE_4.14/Engine/Plugins/Experimental/SignificanceManager/SignificanceManager.uplugin
LogPluginManager: Loaded Plugin SimpleHMD, From C:/Program Files/Epic Games/UE_4.14/Engine/Plugins/Experimental/SimpleHMD/SimpleHMD.uplugin
LogPluginManager: Loaded Plugin StereoPanorama, From C:/Program Files/Epic Games/UE_4.14/Engine/Plugins/Experimental/StereoPanorama/StereoPanorama.uplugin
LogPluginManager: Loaded Plugin StructBox, From C:/Program Files/Epic Games/UE_4.14/Engine/Plugins/Experimental/StructBox/StructBox.uplugin
LogPluginManager: Loaded Plugin Substance, From C:/Program Files/Epic Games/UE_4.14/Engine/Plugins/Marketplace/Substance/Substance.uplugin
LogPluginManager: Loaded Plugin AndroidMedia, From C:/Program Files/Epic Games/UE_4.14/Engine/Plugins/Media/AndroidMedia/AndroidMedia.uplugin
LogPluginManager: Loaded Plugin AvfMedia, From C:/Program Files/Epic Games/UE_4.14/Engine/Plugins/Media/AvfMedia/AvfMedia.uplugin
LogPluginManager: Loaded Plugin MediaPlayerEditor, From C:/Program Files/Epic Games/UE_4.14/Engine/Plugins/Media/MediaPlayerEditor/MediaPlayerEditor.uplugin
LogPluginManager: Loaded Plugin WmfMedia, From C:/Program Files/Epic Games/UE_4.14/Engine/Plugins/Media/WmfMedia/WmfMedia.uplugin
LogPluginManager: Loaded Plugin MessagingDebugger, From C:/Program Files/Epic Games/UE_4.14/Engine/Plugins/Messaging/MessagingDebugger/MessagingDebugger.uplugin
LogPluginManager: Loaded Plugin TcpMessaging, From C:/Program Files/Epic Games/UE_4.14/Engine/Plugins/Messaging/TcpMessaging/TcpMessaging.uplugin
LogPluginManager: Loaded Plugin UdpMessaging, From C:/Program Files/Epic Games/UE_4.14/Engine/Plugins/Messaging/UdpMessaging/UdpMessaging.uplugin
LogPluginManager: Loaded Plugin LevelSequenceEditor, From C:/Program Files/Epic Games/UE_4.14/Engine/Plugins/MovieScene/LevelSequenceEditor/LevelSequenceEditor.uplugin
LogPluginManager: Loaded Plugin MatineeToLevelSequence, From C:/Program Files/Epic Games/UE_4.14/Engine/Plugins/MovieScene/MatineeToLevelSequence/MatineeToLevelSequence.uplugin
LogPluginManager: Loaded Plugin NetcodeUnitTest, From C:/Program Files/Epic Games/UE_4.14/Engine/Plugins/NetcodeUnitTest/NetcodeUnitTest/NetcodeUnitTest.uplugin
LogPluginManager: Loaded Plugin NUTUnrealEngine4, From C:/Program Files/Epic Games/UE_4.14/Engine/Plugins/NetcodeUnitTest/NUTUnrealEngine4/NUTUnrealEngine4.uplugin
LogPluginManager: Loaded Plugin OnlineSubsystemGameCircle, From C:/Program Files/Epic Games/UE_4.14/Engine/Plugins/Online/Android/OnlineSubsystemGameCircle/OnlineSubsystemGameCircle.uplugin
LogPluginManager: Loaded Plugin OnlineSubsystemGooglePlay, From C:/Program Files/Epic Games/UE_4.14/Engine/Plugins/Online/Android/OnlineSubsystemGooglePlay/OnlineSubsystemGooglePlay.uplugin
LogPluginManager: Loaded Plugin OnlineSubsystemIOS, From C:/Program Files/Epic Games/UE_4.14/Engine/Plugins/Online/IOS/OnlineSubsystemIOS/OnlineSubsystemIOS.uplugin
LogPluginManager: Loaded Plugin OnlineFramework, From C:/Program Files/Epic Games/UE_4.14/Engine/Plugins/Online/OnlineFramework/OnlineFramework.uplugin
LogPluginManager: Loaded Plugin OnlineSubsystem, From C:/Program Files/Epic Games/UE_4.14/Engine/Plugins/Online/OnlineSubsystem/OnlineSubsystem.uplugin
LogPluginManager: Loaded Plugin OnlineSubsystemAmazon, From C:/Program Files/Epic Games/UE_4.14/Engine/Plugins/Online/OnlineSubsystemAmazon/OnlineSubsystemAmazon.uplugin
LogPluginManager: Loaded Plugin OnlineSubsystemFacebook, From C:/Program Files/Epic Games/UE_4.14/Engine/Plugins/Online/OnlineSubsystemFacebook/OnlineSubsystemFacebook.uplugin
LogPluginManager: Loaded Plugin OnlineSubsystemNull, From C:/Program Files/Epic Games/UE_4.14/Engine/Plugins/Online/OnlineSubsystemNull/OnlineSubsystemNull.uplugin
LogPluginManager: Loaded Plugin OnlineSubsystemOculus, From C:/Program Files/Epic Games/UE_4.14/Engine/Plugins/Online/OnlineSubsystemOculus/OnlineSubsystemOculus.uplugin
LogPluginManager: Loaded Plugin OnlineSubsystemSteam, From C:/Program Files/Epic Games/UE_4.14/Engine/Plugins/Online/OnlineSubsystemSteam/OnlineSubsystemSteam.uplugin
LogPluginManager: Loaded Plugin OnlineSubsystemUtils, From C:/Program Files/Epic Games/UE_4.14/Engine/Plugins/Online/OnlineSubsystemUtils/OnlineSubsystemUtils.uplugin
LogPluginManager: Loaded Plugin IOSTapJoy, From C:/Program Files/Epic Games/UE_4.14/Engine/Plugins/Runtime/Advertising/IOSTapJoy/IOSTapJoy.uplugin
LogPluginManager: Loaded Plugin AnalyticsBlueprintLibrary, From C:/Program Files/Epic Games/UE_4.14/Engine/Plugins/Runtime/Analytics/AnalyticsBlueprintLibrary/AnalyticsBlueprintLibrary.uplugin
LogPluginManager: Loaded Plugin AnalyticsMulticast, From C:/Program Files/Epic Games/UE_4.14/Engine/Plugins/Runtime/Analytics/AnalyticsMulticast/AnalyticsMulticast.uplugin
LogPluginManager: Loaded Plugin Apsalar, From C:/Program Files/Epic Games/UE_4.14/Engine/Plugins/Runtime/Analytics/Apsalar/Apsalar.uplugin
LogPluginManager: Loaded Plugin FileLogging, From C:/Program Files/Epic Games/UE_4.14/Engine/Plugins/Runtime/Analytics/FileLogging/FileLogging.uplugin
LogPluginManager: Loaded Plugin Flurry, From C:/Program Files/Epic Games/UE_4.14/Engine/Plugins/Runtime/Analytics/Flurry/Flurry.uplugin
LogPluginManager: Loaded Plugin AndroidDeviceProfileSelector, From C:/Program Files/Epic Games/UE_4.14/Engine/Plugins/Runtime/AndroidDeviceProfileSelector/AndroidDeviceProfileSelector.uplugin
LogPluginManager: Loaded Plugin AndroidMoviePlayer, From C:/Program Files/Epic Games/UE_4.14/Engine/Plugins/Runtime/AndroidMoviePlayer/AndroidMoviePlayer.uplugin
LogPluginManager: Loaded Plugin AppleMoviePlayer, From C:/Program Files/Epic Games/UE_4.14/Engine/Plugins/Runtime/AppleMoviePlayer/AppleMoviePlayer.uplugin
LogPluginManager: Loaded Plugin ArchVisCharacter, From C:/Program Files/Epic Games/UE_4.14/Engine/Plugins/Runtime/ArchVisCharacter/ArchVisCharacter.uplugin
LogPluginManager: Loaded Plugin CableComponent, From C:/Program Files/Epic Games/UE_4.14/Engine/Plugins/Runtime/CableComponent/CableComponent.uplugin
LogPluginManager: Loaded Plugin CustomMeshComponent, From C:/Program Files/Epic Games/UE_4.14/Engine/Plugins/Runtime/CustomMeshComponent/CustomMeshComponent.uplugin
LogPluginManager: Loaded Plugin ExampleDeviceProfileSelector, From C:/Program Files/Epic Games/UE_4.14/Engine/Plugins/Runtime/ExampleDeviceProfileSelector/ExampleDeviceProfileSelector.uplugin
LogPluginManager: Loaded Plugin GearVR, From C:/Program Files/Epic Games/UE_4.14/Engine/Plugins/Runtime/GearVR/GearVR.uplugin
LogPluginManager: Loaded Plugin GoogleVRController, From C:/Program Files/Epic Games/UE_4.14/Engine/Plugins/Runtime/GoogleVR/GoogleVRController/GoogleVRController.uplugin
LogPluginManager: Loaded Plugin GoogleVRHMD, From C:/Program Files/Epic Games/UE_4.14/Engine/Plugins/Runtime/GoogleVR/GoogleVRHMD/GoogleVRHMD.uplugin
LogPluginManager: Loaded Plugin IOSDeviceProfileSelector, From C:/Program Files/Epic Games/UE_4.14/Engine/Plugins/Runtime/IOSDeviceProfileSelector/IOSDeviceProfileSelector.uplugin
LogPluginManager: Loaded Plugin LeapMotion, From C:/Program Files/Epic Games/UE_4.14/Engine/Plugins/Runtime/LeapMotion/LeapMotion.uplugin
LogPluginManager: Loaded Plugin LinuxDeviceProfileSelector, From C:/Program Files/Epic Games/UE_4.14/Engine/Plugins/Runtime/LinuxDeviceProfileSelector/LinuxDeviceProfileSelector.uplugin
LogPluginManager: Loaded Plugin MIDIDevice, From C:/Program Files/Epic Games/UE_4.14/Engine/Plugins/Runtime/MIDIDevice/MIDIDevice.uplugin
LogPluginManager: Loaded Plugin MobilePatchingUtils, From C:/Program Files/Epic Games/UE_4.14/Engine/Plugins/Runtime/MobilePatchingUtils/MobilePatchingUtils.uplugin
LogPluginManager: Loaded Plugin Ansel, From C:/Program Files/Epic Games/UE_4.14/Engine/Plugins/Runtime/Nvidia/Ansel/Ansel.uplugin
LogPluginManager: Loaded Plugin OculusAudio, From C:/Program Files/Epic Games/UE_4.14/Engine/Plugins/Runtime/OculusAudio/OculusAudio.uplugin
LogPluginManager: Loaded Plugin OculusInput, From C:/Program Files/Epic Games/UE_4.14/Engine/Plugins/Runtime/OculusInput/OculusInput.uplugin
LogPluginManager: Loaded Plugin OculusLibrary, From C:/Program Files/Epic Games/UE_4.14/Engine/Plugins/Runtime/OculusLibrary/OculusLibrary.uplugin
LogPluginManager: Loaded Plugin OculusRift, From C:/Program Files/Epic Games/UE_4.14/Engine/Plugins/Runtime/OculusRift/OculusRift.uplugin
LogPluginManager: Loaded Plugin Oodle, From C:/Program Files/Epic Games/UE_4.14/Engine/Plugins/Runtime/PacketHandlers/CompressionComponents/Oodle/Oodle.uplugin
LogPluginManager: Loaded Plugin ProceduralMeshComponent, From C:/Program Files/Epic Games/UE_4.14/Engine/Plugins/Runtime/ProceduralMeshComponent/ProceduralMeshComponent.uplugin
LogPluginManager: Loaded Plugin SoundMod, From C:/Program Files/Epic Games/UE_4.14/Engine/Plugins/Runtime/SoundMod/SoundMod.uplugin
LogPluginManager: Loaded Plugin SoundVisualizations, From C:/Program Files/Epic Games/UE_4.14/Engine/Plugins/Runtime/SoundVisualizations/SoundVisualizations.uplugin
LogPluginManager: Loaded Plugin SteamController, From C:/Program Files/Epic Games/UE_4.14/Engine/Plugins/Runtime/Steam/SteamController/SteamController.uplugin
LogPluginManager: Loaded Plugin SteamVR, From C:/Program Files/Epic Games/UE_4.14/Engine/Plugins/Runtime/Steam/SteamVR/SteamVR.uplugin
LogPluginManager: Loaded Plugin WebBrowserWidget, From C:/Program Files/Epic Games/UE_4.14/Engine/Plugins/Runtime/WebBrowserWidget/WebBrowserWidget.uplugin
LogPluginManager: Loaded Plugin WindowsDeviceProfileSelector, From C:/Program Files/Epic Games/UE_4.14/Engine/Plugins/Runtime/WindowsDeviceProfileSelector/WindowsDeviceProfileSelector.uplugin
LogPluginManager: Loaded Plugin WindowsMoviePlayer, From C:/Program Files/Epic Games/UE_4.14/Engine/Plugins/Runtime/WindowsMoviePlayer/WindowsMoviePlayer.uplugin
LogPluginManager: Loaded Plugin ScriptPlugin, From C:/Program Files/Epic Games/UE_4.14/Engine/Plugins/ScriptPlugin/ScriptPlugin.uplugin
LogPluginManager: Loaded Plugin SlateRemote, From C:/Program Files/Epic Games/UE_4.14/Engine/Plugins/Slate/SlateRemote/SlateRemote.uplugin
LogPluginManager: Loaded Plugin EditorTests, From C:/Program Files/Epic Games/UE_4.14/Engine/Plugins/Tests/EditorTests/EditorTests.uplugin
LogPluginManager: Loaded Plugin FbxAutomationTestBuilder, From C:/Program Files/Epic Games/UE_4.14/Engine/Plugins/Tests/FbxAutomationTestBuilder/FbxAutomationTestBuilder.uplugin
LogPluginManager: Loaded Plugin FunctionalTestingEditor, From C:/Program Files/Epic Games/UE_4.14/Engine/Plugins/Tests/FunctionalTestingEditor/FunctionalTestingEditor.uplugin
LogPluginManager: Loaded Plugin RuntimeTests, From C:/Program Files/Epic Games/UE_4.14/Engine/Plugins/Tests/RuntimeTests/RuntimeTests.uplugin
LogPluginManager: Loaded Plugin ScreenshotTools, From C:/Program Files/Epic Games/UE_4.14/Engine/Plugins/Tests/ScreenshotTools/ScreenshotTools.uplugin
LogInit: Using libcurl 7.47.1
LogInit:  - built for x86_64-pc-win32
LogInit:  - supports SSL with OpenSSL/1.0.2g
LogInit:  - supports HTTP deflate (compression) using libz 1.2.8
LogInit:  - other features:
LogInit:      CURL_VERSION_SSL
LogInit:      CURL_VERSION_LIBZ
LogInit:      CURL_VERSION_IPV6
LogInit:      CURL_VERSION_ASYNCHDNS
LogInit:      CURL_VERSION_LARGEFILE
LogInit:      CURL_VERSION_IDN
LogInit:  CurlRequestOptions (configurable via config and command line):
LogInit:  - bVerifyPeer = false  - Libcurl will NOT verify peer certificate
LogInit:  - bUseHttpProxy = false  - Libcurl will NOT use HTTP proxy
LogInit:  - bDontReuseConnections = false  - Libcurl will reuse connections
LogInit:  - CertBundlePath = nullptr  - Libcurl will use whatever was configured at build time.
LogInit: Build: ++UE4+Release-4.14-CL-3249277
LogInit: Engine Version: 4.14.3-3249277+++UE4+Release-4.14
LogInit: Compatible Engine Version: 4.14.0-3195953+++UE4+Release-4.14
LogInit: Net CL: 3195953
LogDevObjectVersion: Number of dev versions registered: 13
LogDevObjectVersion:   Dev-Blueprints (B0D832E4-1F89-4F0D-ACCF-7EB736FD4AA2): 7
LogDevObjectVersion:   Dev-Build (E1C64328-A22C-4D53-A36C-8E866417BD8C): 0
LogDevObjectVersion:   Dev-Core (375EC13C-06E4-48FB-B500-84F0262A717E): 1
LogDevObjectVersion:   Dev-Editor (E4B068ED-F494-42E9-A231-DA0B2E46BB41): 8
LogDevObjectVersion:   Dev-Framework (CFFC743F-43B0-4480-9391-14DF171D2073): 17
LogDevObjectVersion:   Dev-Mobile (B02B49B5-BB20-44E9-A304-32B752E40360): 0
LogDevObjectVersion:   Dev-Networking (A4E4105C-59A1-49B5-A7C5-40C4547EDFEE): 0
LogDevObjectVersion:   Dev-Online (39C831C9-5AE6-47DC-9A44-9C173E1C8E7C): 0
LogDevObjectVersion:   Dev-Physics (78F01B33-EBEA-4F98-B9B4-84EACCB95AA2): 0
LogDevObjectVersion:   Dev-Platform (6631380F-2D4D-43E0-8009-CF276956A95A): 0
LogDevObjectVersion:   Dev-Rendering (12F88B9F-8875-4AFC-A67C-D90C383ABD29): 12
LogDevObjectVersion:   Dev-Sequencer (7B5AE74C-D270-4C10-A958-57980B212A5A): 1
LogDevObjectVersion:   Dev-VR (D7296918-1DD6-4BDD-9DE2-64A83CC13884): 0
LogInit: Compiled (64-bit): Jan  6 2017 10:49:43
LogInit: Compiled with Visual C++: 19.00.23026.00
LogInit: Build Configuration: Development
LogInit: Branch Name: ++UE4+Release-4.14
LogInit: Command line:  
LogInit: Base directory: C:/Program Files/Epic Games/UE_4.14/Engine/Binaries/Win64/
LogInit: Installed Engine Build: 1
LogInit: Presizing for max 8388607 objects, including 0 objects not considered by GC, pre-allocating 0 bytes for permanent pool.
LogInit: Object subsystem initialized
[2017.03.23-16.35.33:974][  0]LogInit: Selected Device Profile: [Windows]
[2017.03.23-16.35.33:974][  0]LogInit: Applying CVar settings loaded from the selected device profile: [Windows]
[2017.03.23-16.35.33:985][  0]LogInit: Computer: DESKTOP-DKRONP8
[2017.03.23-16.35.33:985][  0]LogInit: User: AjaySathish
[2017.03.23-16.35.33:985][  0]LogInit: CPU Page size=65536, Cores=4
[2017.03.23-16.35.33:985][  0]LogInit: High frequency timer resolution =2.531250 MHz
[2017.03.23-16.35.33:985][  0]LogMemory: Memory total: Physical=15.9GB (16GB approx)
[2017.03.23-16.35.33:985][  0]LogMemory: Platform Memory Stats for Windows
[2017.03.23-16.35.33:985][  0]LogMemory: Process Physical Memory: 265.41 MB used, 265.41 MB peak
[2017.03.23-16.35.33:985][  0]LogMemory: Process Virtual Memory: 262.89 MB used, 262.89 MB peak
[2017.03.23-16.35.33:985][  0]LogMemory: Physical Memory: 7884.33 MB used,  8363.43 MB free, 16247.77 MB total
[2017.03.23-16.35.33:985][  0]LogMemory: Virtual Memory: 662.60 MB used,  8363.43 MB free, 134217728.00 MB total
[2017.03.23-16.35.34:019][  0]LogTextLocalizationManager: No specific translations for ('en-US') exist, so ('en') translations will be used.
[2017.03.23-16.35.34:786][  0]LogD3D11RHI: D3D11 adapters:
[2017.03.23-16.35.34:826][  0]LogD3D11RHI:    0. 'NVIDIA GeForce GTX 970M' (Feature Level 11_0)
[2017.03.23-16.35.34:826][  0]LogD3D11RHI:       3040/0/8123 MB DedicatedVideo/DedicatedSystem/SharedSystem, Outputs:1, VendorId:0x10de
[2017.03.23-16.35.34:835][  0]LogD3D11RHI:    1. 'Intel(R) HD Graphics 530' (Feature Level 11_0)
[2017.03.23-16.35.34:835][  0]LogD3D11RHI:       128/0/8123 MB DedicatedVideo/DedicatedSystem/SharedSystem, Outputs:0, VendorId:0x8086
[2017.03.23-16.35.34:836][  0]LogD3D11RHI:    2. 'Microsoft Basic Render Driver' (Feature Level 11_0)
[2017.03.23-16.35.34:836][  0]LogD3D11RHI:       0/0/8123 MB DedicatedVideo/DedicatedSystem/SharedSystem, Outputs:0, VendorId:0x1414
[2017.03.23-16.35.34:836][  0]LogD3D11RHI: Chosen D3D11 Adapter: 0
[2017.03.23-16.35.34:842][  0]LogD3D11RHI: Creating new Direct3DDevice
[2017.03.23-16.35.34:842][  0]LogD3D11RHI:     GPU DeviceId: 0x13d8 (for the marketing name, search the web for "GPU Device Id")
[2017.03.23-16.35.34:842][  0]LogWindows: EnumDisplayDevices:
[2017.03.23-16.35.34:842][  0]LogWindows:    0. 'Intel(R) HD Graphics 530' (P:1 D:1)
[2017.03.23-16.35.34:843][  0]LogWindows:    1. 'Intel(R) HD Graphics 530' (P:0 D:0)
[2017.03.23-16.35.34:843][  0]LogWindows:    2. 'Intel(R) HD Graphics 530' (P:0 D:0)
[2017.03.23-16.35.34:843][  0]LogWindows: DebugString: PrimaryIsNotTheChoosenAdapter PrimaryIsNotTheChoosenAdapter PrimaryIsNotTheChoosenAdapter FoundDriverCount:0 
[2017.03.23-16.35.34:843][  0]LogD3D11RHI:     Adapter Name: NVIDIA GeForce GTX 970M
[2017.03.23-16.35.34:843][  0]LogD3D11RHI:   Driver Version: Unknown (internal:Unknown, unified:Unknown)
[2017.03.23-16.35.34:843][  0]LogD3D11RHI:      Driver Date: Unknown
[2017.03.23-16.35.34:843][  0]LogRHI: Texture pool is 1361 MB (70% of 1945 MB)
[2017.03.23-16.35.34:861][  0]LogD3D11RHI: Async texture creation enabled
[2017.03.23-16.35.34:879][  0]LogD3D11RHI: GPU Timing Frequency: 1000.000000 (Debug: 2 2)
[2017.03.23-16.35.34:879][  0]LogShaderCompilers: Guid format shader working directory is -34 characters bigger than the processId version (../../../../../../Work/EAE/2nd Sem/Virtual Worlds/New folder/VirtualWorld/VirtualWorld/Intermediate/Shaders/WorkingDirectory/12536/).
[2017.03.23-16.35.34:879][  0]LogShaderCompilers: Cleaned the shader compiler working directory 'C:/Users/Ajay Sathish/AppData/Local/Temp/UnrealShaderWorkingDir/0C1DF05F4385AAA82AC6898BB29029B7/'.
[2017.03.23-16.35.34:879][  0]LogShaderCompilers:Display: Using Local Shader Compiler.
[2017.03.23-16.35.36:105][  0]LogTemp:Display: Loaded TP AllDesktopTargetPlatform
[2017.03.23-16.35.36:182][  0]LogTemp:Display: Loaded TP MacClientTargetPlatform
[2017.03.23-16.35.36:280][  0]LogTemp:Display: Loaded TP MacNoEditorTargetPlatform
[2017.03.23-16.35.36:361][  0]LogTemp:Display: Loaded TP MacServerTargetPlatform
[2017.03.23-16.35.36:436][  0]LogTemp:Display: Loaded TP MacTargetPlatform
[2017.03.23-16.35.36:523][  0]LogTemp:Display: Loaded TP WindowsClientTargetPlatform
[2017.03.23-16.35.36:598][  0]LogTemp:Display: Loaded TP WindowsNoEditorTargetPlatform
[2017.03.23-16.35.36:679][  0]LogTemp:Display: Loaded TP WindowsServerTargetPlatform
[2017.03.23-16.35.36:745][  0]LogTemp:Display: Loaded TP WindowsTargetPlatform
[2017.03.23-16.35.36:820][  0]LogTemp:Display: Loaded TP AndroidTargetPlatform
[2017.03.23-16.35.36:893][  0]LogTemp:Display: Loaded TP Android_ASTCTargetPlatform
[2017.03.23-16.35.36:967][  0]LogTemp:Display: Loaded TP Android_ATCTargetPlatform
[2017.03.23-16.35.37:041][  0]LogTemp:Display: Loaded TP Android_DXTTargetPlatform
[2017.03.23-16.35.37:115][  0]LogTemp:Display: Loaded TP Android_ETC1TargetPlatform
[2017.03.23-16.35.37:188][  0]LogTemp:Display: Loaded TP Android_ETC2TargetPlatform
[2017.03.23-16.35.37:335][  0]LogTemp:Display: Loaded TP Android_MultiTargetPlatform
[2017.03.23-16.35.37:335][  0]LogTemp:Display: Loaded TP Android_PVRTCTargetPlatform
[2017.03.23-16.35.37:409][  0]LogTemp:Display: Loaded TP HTML5TargetPlatform
[2017.03.23-16.35.37:525][  0]LogTemp:Display: Loaded TP IOSTargetPlatform
[2017.03.23-16.35.37:574][  0]LogTemp:Display: Loaded TP TVOSTargetPlatform
[2017.03.23-16.35.37:648][  0]LogTemp:Display: Loaded TP LinuxClientTargetPlatform
[2017.03.23-16.35.37:730][  0]LogTemp:Display: Loaded TP LinuxNoEditorTargetPlatform
[2017.03.23-16.35.37:806][  0]LogTemp:Display: Loaded TP LinuxServerTargetPlatform
[2017.03.23-16.35.37:879][  0]LogTemp:Display: Loaded TP LinuxTargetPlatform
[2017.03.23-16.35.37:879][  0]LogTargetPlatformManager:Display: Building Assets For Windows
[2017.03.23-16.35.38:566][  0]LogDerivedDataCache:Display: Max Cache Size: 512 MB
[2017.03.23-16.35.38:621][  0]LogDerivedDataCache: Loaded boot cache 0.05s 50MB C:/Users/Ajay Sathish/AppData/Local/UnrealEngine/4.14/DerivedDataCache/Boot.ddc.
[2017.03.23-16.35.38:621][  0]LogDerivedDataCache:Display: Loaded Boot cache: C:/Users/Ajay Sathish/AppData/Local/UnrealEngine/4.14/DerivedDataCache/Boot.ddc
[2017.03.23-16.35.38:621][  0]LogDerivedDataCache: FDerivedDataBackendGraph:  Pak pak cache file ../../../../../../Work/EAE/2nd Sem/Virtual Worlds/New folder/VirtualWorld/VirtualWorld/DerivedDataCache/DDC.ddp not found, will not use a pak cache.
[2017.03.23-16.35.38:621][  0]LogDerivedDataCache: Unable to find inner node Pak for hierarchical cache Hierarchy.
[2017.03.23-16.35.38:621][  0]LogDerivedDataCache: FDerivedDataBackendGraph:  CompressedPak pak cache file ../../../../../../Work/EAE/2nd Sem/Virtual Worlds/New folder/VirtualWorld/VirtualWorld/DerivedDataCache/Compressed.ddp not found, will not use a pak cache.
[2017.03.23-16.35.38:621][  0]LogDerivedDataCache: Unable to find inner node CompressedPak for hierarchical cache Hierarchy.
[2017.03.23-16.35.38:640][  0]LogDerivedDataCache:Display: Pak cache opened for reading ../../../Engine/DerivedDataCache/Compressed.ddp.
[2017.03.23-16.35.38:653][  0]LogDerivedDataCache: Using Local data cache path C:/Users/Ajay Sathish/AppData/Local/UnrealEngine/Common/DerivedDataCache: Writable
[2017.03.23-16.35.38:909][  0]LogInit: Selected Device Profile: [Windows]
[2017.03.23-16.35.38:912][  0]LogContentStreaming: Texture pool size is 0.00 MB
[2017.03.23-16.35.39:183][  0]LogMeshUtilities: Using QuadricMeshReduction for automatic static mesh reduction
[2017.03.23-16.35.39:255][  0]LogSimplygon: Simplygon DLL not present - disabling.
[2017.03.23-16.35.39:321][  0]LogMeshUtilities: Using SimplygonSwarm for distributed automatic mesh merging
[2017.03.23-16.35.39:321][  0]LogMeshUtilities: No automatic skeletal mesh reduction module available
[2017.03.23-16.35.39:321][  0]LogMeshUtilities: No automatic mesh merging module available
[2017.03.23-16.35.39:927][  0]LogNetVersion: GetLocalNetworkVersion: CL: 3195953, ProjectName: virtualworldscroller, ProjectVersion: , EngineNetworkVersion: 2, GameNetworkVersion: 0, NetworkChecksum: 3652782691
[2017.03.23-16.35.40:016][  0]LogAssetRegistry: FAssetRegistry took 0.0218 seconds to start up
[2017.03.23-16.35.40:087][  0]LogPackageLocalizationCache: Processed 3 localized package path(s) for 2 prioritized culture(s) in 0.035683 seconds
[2017.03.23-16.35.40:093][  0]LogUObjectArray: 31947 objects as part of root set at end of initial load.
[2017.03.23-16.35.40:093][  0]LogUObjectAllocator: 6936072 out of 0 bytes used by permanent object pool.
[2017.03.23-16.35.40:093][  0]LogUObjectArray: CloseDisregardForGC: 0/0 objects in disregard for GC pool
[2017.03.23-16.35.40:195][  0]LogInit: WinSock: version 1.1 (2.2), MaxSocks=32767, MaxUdp=65467
[2017.03.23-16.35.41:427][  0]LogSlate: Using Freetype 2.6.0
[2017.03.23-16.35.41:428][  0]LogSlate: SlateFontCache - WITH_FREETYPE: 1, WITH_HARFBUZZ: 1
[2017.03.23-16.35.41:428][  0]LogSlate: SlateFontCache - WITH_FREETYPE: 1, WITH_HARFBUZZ: 1
[2017.03.23-16.35.42:681][  0]LogSubstanceCoreModule: Substance [CPU] Engine Loaded, Max Texture Size = 2048
[2017.03.23-16.35.42:724][  0]LogTcpMessaging: Initializing TcpMessaging bridge
[2017.03.23-16.35.42:776][  0]LogUdpMessaging: Initializing bridge on interface 0.0.0.0:0 to multicast group 230.0.0.1:6666.
[2017.03.23-16.35.43:226][  0]LogMaterial: Uniform references updated for custom material expression Custom.
[2017.03.23-16.35.43:751][  0]SourceControl: Info Source control is disabled
[2017.03.23-16.35.43:854][  0]SourceControl: Info Source control is disabled
[2017.03.23-16.35.43:938][  0]SourceControl: Info Source control is disabled
[2017.03.23-16.35.44:006][  0]SourceControl: Info Source control is disabled
[2017.03.23-16.35.45:891][  0]LogEngine: Initializing Engine...
[2017.03.23-16.35.45:892][  0]LogHMD: Failed to initialize OpenVR with code 110
[2017.03.23-16.35.46:204][  0]LogAIModule: Creating AISystem for world Untitled
[2017.03.23-16.35.46:216][  0]LogInit: XAudio2 using 'Speakers (Realtek High Definition Audio)' : 2 channels at 48 kHz using 32 bits per sample (channel mask 0x3)
[2017.03.23-16.35.46:231][  0]LogInit: FAudioDevice initialized.
[2017.03.23-16.35.46:259][  0]LogDerivedDataCache: Saved boot cache 0.03s 50MB C:/Users/Ajay Sathish/AppData/Local/UnrealEngine/4.14/DerivedDataCache/Boot.ddc.
[2017.03.23-16.35.46:265][  0]LogInit: Texture streaming: Enabled
[2017.03.23-16.35.46:526][  0]LogInit: Transaction tracking system initialized
[2017.03.23-16.35.47:021][  0]BlueprintLog: New page: Editor Load
[2017.03.23-16.35.48:374][  0]LocalizationService: Info Localization service is disabled
[2017.03.23-16.35.49:325][  0]LogConsoleResponse:Display: 
[2017.03.23-16.35.49:491][  0]LogCook:Display: Max memory allowance for cook 16384mb min free memory 0mb
[2017.03.23-16.35.49:491][  0]LogCook:Display: Mobile HDR setting 1
[2017.03.23-16.35.50:244][  0]LogFileCache: Scanning file cache for directory 'C:/Work/EAE/2nd Sem/Virtual Worlds/New folder/VirtualWorld/VirtualWorld/Content/' took 0.02s
[2017.03.23-16.35.50:899][  0]SourceControl: Info Source control is disabled
[2017.03.23-16.35.50:899][  0]Cmd: MAP LOAD FILE="../../../../../../Work/EAE/2nd Sem/Virtual Worlds/New folder/VirtualWorld/VirtualWorld/Content/Map/Main.umap" TEMPLATE=0 SHOWPROGRESS=1 FEATURELEVEL=3
[2017.03.23-16.35.50:899][  0]LightingResults: New page: Lighting Build
[2017.03.23-16.35.50:959][  0]MapCheck: New page: Map Check
[2017.03.23-16.35.50:960][  0]LightingResults: New page: Lighting Build
[2017.03.23-16.35.51:031][  0]LogBlueprint:Warning: [Blink_Enemy] 'completedLoop' variable not found. Base class was probably changed.
[2017.03.23-16.35.51:165][  0]LogAIModule: Creating AISystem for world Main
[2017.03.23-16.35.51:182][  0]LogEditorServer: Finished looking for orphan Actors (0.000 secs)
[2017.03.23-16.35.51:183][  0]Cmd: MAP CHECKDEP NOCLEARLOG
[2017.03.23-16.35.51:226][  0]MapCheck: Info Map check complete: 0 Error(s), 0 Warning(s), took 43.279ms to complete.
[2017.03.23-16.35.51:226][  0]LogFileHelpers: Loading map 'Main' took 0.327
[2017.03.23-16.35.51:298][  0]LogWindowsTextInputMethodSystem:Display: IME system now deactivated.
[2017.03.23-16.35.51:393][  0]LogCollectionManager: Loaded 0 collections in 0.002040 seconds
[2017.03.23-16.35.51:492][  0]LogFileCache: Scanning file cache for directory 'C:/Work/EAE/2nd Sem/Virtual Worlds/New folder/VirtualWorld/VirtualWorld/Saved/Collections/' took 0.01s
[2017.03.23-16.35.51:492][  0]LogFileCache: Scanning file cache for directory 'C:/Work/EAE/2nd Sem/Virtual Worlds/New folder/VirtualWorld/VirtualWorld/Content/Developers/AjaySathish/Collections/' took 0.01s
[2017.03.23-16.35.51:492][  0]LogFileCache: Scanning file cache for directory 'C:/Work/EAE/2nd Sem/Virtual Worlds/New folder/VirtualWorld/VirtualWorld/Content/Collections/' took 0.01s
[2017.03.23-16.35.51:492][  0]LogCollectionManager: Rebuilt the GUID cache for 0 collections in 0.000002 seconds
[2017.03.23-16.35.51:502][  0]LogContentBrowser: Native class hierarchy populated in 0.0100 seconds. Added 2204 classes and 434 folders.
[2017.03.23-16.35.51:562][  0]LogStats: UGameplayTagsManager::ConstructGameplayTagTree: Construct from data asset -  0.000 s
[2017.03.23-16.35.51:562][  0]LogStats: UGameplayTagsManager::ConstructGameplayTagTree: GameplayTagTreeChangedEvent.Broadcast -  0.000 s
[2017.03.23-16.35.51:563][  0]LogContentBrowser: Native class hierarchy updated for 'GameplayTags' in 0.0006 seconds. Added 13 classes and 0 folders.
[2017.03.23-16.35.51:658][  0]LogContentBrowser: Native class hierarchy updated for 'WidgetCarousel' in 0.0005 seconds. Added 0 classes and 0 folders.
[2017.03.23-16.35.51:714][  0]LogContentBrowser: Native class hierarchy updated for 'AddContentDialog' in 0.0006 seconds. Added 0 classes and 0 folders.
[2017.03.23-16.35.51:790][  0]LogContentBrowser: Native class hierarchy updated for 'SceneOutliner' in 0.0006 seconds. Added 1 classes and 2 folders.
[2017.03.23-16.35.51:882][  0]LogCrashTracker: Crashtracker disabled due to settings.
[2017.03.23-16.35.51:890][  0]LogUObjectGlobals:Warning: Failed to find object 'Class None.'
[2017.03.23-16.35.51:974][  0]LogContentBrowser: Native class hierarchy updated for 'HierarchicalLODOutliner' in 0.0006 seconds. Added 1 classes and 2 folders.
[2017.03.23-16.35.51:975][  0]LogLoad: (Engine Initialization) Total time: 19.76 seconds
[2017.03.23-16.35.51:975][  0]LogLoad: (Engine Initialization) Total Blueprint compile time: 0.14 seconds
[2017.03.23-16.35.51:975][  0]LogExternalProfiler: Found external profiler: VSPerf
[2017.03.23-16.35.51:975][  0]LogExternalProfiler: Using external profiler: VSPerf
[2017.03.23-16.35.51:993][  0]LogOcInput: OculusInput pre-init called
[2017.03.23-16.35.52:012][  0]LogContentStreaming: Texture pool size now 1000 MB
[2017.03.23-16.35.52:190][  0]LogRenderer: Reallocating scene render targets to support 912x364 NumSamples 1 (Frame:2).
[2017.03.23-16.35.52:262][  1]LogAssetRegistry: Asset discovery search completed in 12.2681 seconds
[2017.03.23-16.35.52:262][  1]LogCollectionManager: Rebuilt the object cache for 0 collections in 0.000001 seconds (found 0 objects)
[2017.03.23-16.35.52:262][  1]LogCollectionManager: Fixed up redirectors for 0 collections in 0.000022 seconds (updated 0 objects)
[2017.03.23-16.36.25:975][ 12]LogTemp: Repeting last play command: Selected Viewport
[2017.03.23-16.36.25:990][ 12]LogBlueprintUserMessages: Early PlayInEditor Detection: Level '/Game/Map/Main.Main:PersistentLevel' has LevelScriptBlueprint '/Game/Map/Main.Main:PersistentLevel.Main' with GeneratedClass '/Game/Map/Main.Main_C' with ClassGeneratedBy '/Game/Map/Main.Main:PersistentLevel.Main'
[2017.03.23-16.36.25:990][ 12]LogPlayLevel: PlayLevel: No blueprints needed recompiling
[2017.03.23-16.36.25:991][ 12]PIE: New page: PIE session: Main (Mar 23, 2017, 4:36:25 AM)
[2017.03.23-16.36.25:991][ 12]LogPlayLevel: Creating play world package: /Game/Map/UEDPIE_0_Main
[2017.03.23-16.36.25:995][ 12]LogPlayLevel: PIE: StaticDuplicateObject took: (0.003680s)
[2017.03.23-16.36.25:995][ 12]LogAIModule: Creating AISystem for world Main
[2017.03.23-16.36.25:995][ 12]LogPlayLevel: PIE: World Init took: (0.000527s)
[2017.03.23-16.36.25:995][ 12]LogPlayLevel: PIE: Created PIE world by copying editor world from /Game/Map/Main.Main to /Game/Map/UEDPIE_0_Main.Main (0.004403s)
[2017.03.23-16.36.26:009][ 12]LogInit: XAudio2 using 'Speakers (Realtek High Definition Audio)' : 2 channels at 48 kHz using 32 bits per sample (channel mask 0x3)
[2017.03.23-16.36.26:019][ 12]LogInit: FAudioDevice initialized.
[2017.03.23-16.36.26:129][ 12]LogLoad: Game class is 'GameController_BP_C'
[2017.03.23-16.36.26:136][ 12]LogWorld: Bringing World /Game/Map/UEDPIE_0_Main.Main up for play (max tick rate 60) at 2017.03.23-10.36.26
[2017.03.23-16.36.26:139][ 12]LogWorld: Bringing up level for play took: 0.008668
[2017.03.23-16.36.26:197][ 12]LogContentBrowser: Native class hierarchy updated for 'MovieSceneCapture' in 0.0006 seconds. Added 11 classes and 0 folders.
[2017.03.23-16.36.26:199][ 12]PIE: Info Play in editor start time for /Game/Map/UEDPIE_0_Main -0.73
[2017.03.23-16.36.26:199][ 12]LogBlueprintUserMessages: Late PlayInEditor Detection: Level '/Game/Map/Main.Main:PersistentLevel' has LevelScriptBlueprint '/Game/Map/Main.Main:PersistentLevel.Main' with GeneratedClass '/Game/Map/Main.Main_C' with ClassGeneratedBy '/Game/Map/Main.Main:PersistentLevel.Main'
[2017.03.23-16.36.32:456][383]LogBlueprintUserMessages: [Blink_Enemy3] true
[2017.03.23-16.36.37:982][713]LogBlueprintUserMessages: [Blink_Enemy4] true
[2017.03.23-16.36.39:629][810]LogNet: Browse: /Game/Map/Main
[2017.03.23-16.36.39:629][810]LogLoad: LoadMap: /Game/Map/Main
[2017.03.23-16.36.39:645][810]Cmd: MEM
[2017.03.23-16.36.39:654][810]LogMemory: Platform Memory Stats for Windows
[2017.03.23-16.36.39:654][810]LogMemory: Process Physical Memory: 909.16 MB used, 975.30 MB peak
[2017.03.23-16.36.39:654][810]LogMemory: Process Virtual Memory: 1107.92 MB used, 1192.96 MB peak
[2017.03.23-16.36.39:654][810]LogMemory: Physical Memory: 8302.00 MB used,  7945.77 MB free, 16247.77 MB total
[2017.03.23-16.36.39:654][810]LogMemory: Virtual Memory: 1909.79 MB used,  7945.77 MB free, 134217728.00 MB total
[2017.03.23-16.36.39:654][810]LogMemory: 
[2017.03.23-16.36.39:654][810]Allocator Stats for TBB: (not implemented)
[2017.03.23-16.36.39:654][810]LogPlayLevel: Creating play world package: /Game/Map/UEDPIE_0_Main
[2017.03.23-16.36.39:659][810]LogPlayLevel: PIE: StaticDuplicateObject took: (0.005299s)
[2017.03.23-16.36.39:659][810]LogAIModule: Creating AISystem for world Main
[2017.03.23-16.36.39:660][810]LogPlayLevel: PIE: World Init took: (0.000516s)
[2017.03.23-16.36.39:660][810]LogPlayLevel: PIE: Created PIE world by copying editor world from /Game/Map/Main.Main to /Game/Map/UEDPIE_0_Main.Main (0.006021s)
[2017.03.23-16.36.39:660][810]LogLoad: Game class is 'GameController_BP_C'
[2017.03.23-16.36.39:667][810]LogWorld: Bringing World /Game/Map/UEDPIE_0_Main.Main up for play (max tick rate 60) at 2017.03.23-10.36.39
[2017.03.23-16.36.39:670][810]LogWorld: Bringing up level for play took: 0.008895
[2017.03.23-16.36.39:671][810]LogLoad: Took 0.042231 seconds to LoadMap(/Game/Map/UEDPIE_0_Main)
[2017.03.23-16.36.51:979][544]LogBlueprintUserMessages: [Blink_Enemy4] true
[2017.03.23-16.36.51:980][544]LogBlueprintUserMessages: [Blink_Enemy4] true
[2017.03.23-16.36.53:547][638]LogNet: Browse: /Game/Map/Main
[2017.03.23-16.36.53:547][638]LogLoad: LoadMap: /Game/Map/Main
[2017.03.23-16.36.53:561][638]Cmd: MEM
[2017.03.23-16.36.53:570][638]LogMemory: Platform Memory Stats for Windows
[2017.03.23-16.36.53:570][638]LogMemory: Process Physical Memory: 905.63 MB used, 975.30 MB peak
[2017.03.23-16.36.53:570][638]LogMemory: Process Virtual Memory: 1109.99 MB used, 1192.96 MB peak
[2017.03.23-16.36.53:570][638]LogMemory: Physical Memory: 8299.09 MB used,  7948.68 MB free, 16247.77 MB total
[2017.03.23-16.36.53:570][638]LogMemory: Virtual Memory: 1937.79 MB used,  7948.68 MB free, 134217728.00 MB total
[2017.03.23-16.36.53:570][638]LogMemory: 
[2017.03.23-16.36.53:570][638]Allocator Stats for TBB: (not implemented)
[2017.03.23-16.36.53:570][638]LogPlayLevel: Creating play world package: /Game/Map/UEDPIE_0_Main
[2017.03.23-16.36.53:573][638]LogPlayLevel: PIE: StaticDuplicateObject took: (0.003418s)
[2017.03.23-16.36.53:573][638]LogAIModule: Creating AISystem for world Main
[2017.03.23-16.36.53:574][638]LogPlayLevel: PIE: World Init took: (0.000502s)
[2017.03.23-16.36.53:574][638]LogPlayLevel: PIE: Created PIE world by copying editor world from /Game/Map/Main.Main to /Game/Map/UEDPIE_0_Main.Main (0.004096s)
[2017.03.23-16.36.53:574][638]LogLoad: Game class is 'GameController_BP_C'
[2017.03.23-16.36.53:581][638]LogWorld: Bringing World /Game/Map/UEDPIE_0_Main.Main up for play (max tick rate 60) at 2017.03.23-10.36.53
[2017.03.23-16.36.53:584][638]LogWorld: Bringing up level for play took: 0.008918
[2017.03.23-16.36.53:585][638]LogLoad: Took 0.038035 seconds to LoadMap(/Game/Map/UEDPIE_0_Main)
[2017.03.23-16.37.08:255][515]LogBlueprintUserMessages: Early EndPlayMap Detection: Level '/Game/Map/Main.Main:PersistentLevel' has LevelScriptBlueprint '/Game/Map/Main.Main:PersistentLevel.Main' with GeneratedClass '/Game/Map/Main.Main_C' with ClassGeneratedBy '/Game/Map/Main.Main:PersistentLevel.Main'
[2017.03.23-16.37.08:291][515]LogBlueprintUserMessages: Late EndPlayMap Detection: Level '/Game/Map/Main.Main:PersistentLevel' has LevelScriptBlueprint '/Game/Map/Main.Main:PersistentLevel.Main' with GeneratedClass '/Game/Map/Main.Main_C' with ClassGeneratedBy '/Game/Map/Main.Main:PersistentLevel.Main'
[2017.03.23-16.42.33:799][905]LogMaterial: Missing cached shader map for material TriggerBox__Mat, compiling. 
[2017.03.23-16.42.42:811][218]Cmd: TRANSACTION UNDO
[2017.03.23-16.42.42:811][218]LogEditorTransaction: Undo Create Actors
[2017.03.23-16.46.34:426][183]LogFileHelpers: Editor autosave (incl. sublevels) for '/Game/Map/Main' took 0.009
[2017.03.23-16.47.11:411][268]LogTemp: Repeting last play command: Selected Viewport
[2017.03.23-16.47.11:428][268]LogBlueprintUserMessages: Early PlayInEditor Detection: Level '/Game/Map/Main.Main:PersistentLevel' has LevelScriptBlueprint '/Game/Map/Main.Main:PersistentLevel.Main' with GeneratedClass '/Game/Map/Main.Main_C' with ClassGeneratedBy '/Game/Map/Main.Main:PersistentLevel.Main'
[2017.03.23-16.47.11:428][268]LogPlayLevel: PlayLevel: No blueprints needed recompiling
[2017.03.23-16.47.11:428][268]PIE: New page: PIE session: Main (Mar 23, 2017, 4:47:11 AM)
[2017.03.23-16.47.11:428][268]LogPlayLevel: Creating play world package: /Game/Map/UEDPIE_0_Main
[2017.03.23-16.47.11:432][268]LogPlayLevel: PIE: StaticDuplicateObject took: (0.003516s)
[2017.03.23-16.47.11:432][268]LogAIModule: Creating AISystem for world Main
[2017.03.23-16.47.11:433][268]LogPlayLevel: PIE: World Init took: (0.000597s)
[2017.03.23-16.47.11:433][268]LogPlayLevel: PIE: Created PIE world by copying editor world from /Game/Map/Main.Main to /Game/Map/UEDPIE_0_Main.Main (0.004282s)
[2017.03.23-16.47.11:446][268]LogInit: XAudio2 using 'Speakers (Realtek High Definition Audio)' : 2 channels at 48 kHz using 32 bits per sample (channel mask 0x3)
[2017.03.23-16.47.11:455][268]LogInit: FAudioDevice initialized.
[2017.03.23-16.47.11:487][268]LogLoad: Game class is 'GameController_BP_C'
[2017.03.23-16.47.11:495][268]LogWorld: Bringing World /Game/Map/UEDPIE_0_Main.Main up for play (max tick rate 0) at 2017.03.23-10.47.11
[2017.03.23-16.47.11:499][268]LogWorld: Bringing up level for play took: 0.009611
[2017.03.23-16.47.11:500][268]PIE: Info Play in editor start time for /Game/Map/UEDPIE_0_Main 0.579
[2017.03.23-16.47.11:501][268]LogBlueprintUserMessages: Late PlayInEditor Detection: Level '/Game/Map/Main.Main:PersistentLevel' has LevelScriptBlueprint '/Game/Map/Main.Main:PersistentLevel.Main' with GeneratedClass '/Game/Map/Main.Main_C' with ClassGeneratedBy '/Game/Map/Main.Main:PersistentLevel.Main'
[2017.03.23-16.47.39:371][931]LogBlueprintUserMessages: Early EndPlayMap Detection: Level '/Game/Map/Main.Main:PersistentLevel' has LevelScriptBlueprint '/Game/Map/Main.Main:PersistentLevel.Main' with GeneratedClass '/Game/Map/Main.Main_C' with ClassGeneratedBy '/Game/Map/Main.Main:PersistentLevel.Main'
[2017.03.23-16.47.39:418][931]LogBlueprintUserMessages: Late EndPlayMap Detection: Level '/Game/Map/Main.Main:PersistentLevel' has LevelScriptBlueprint '/Game/Map/Main.Main:PersistentLevel.Main' with GeneratedClass '/Game/Map/Main.Main_C' with ClassGeneratedBy '/Game/Map/Main.Main:PersistentLevel.Main'
[2017.03.23-16.57.02:942][196]LogFileHelpers: Editor autosave (incl. sublevels) for '/Game/Map/Main' took 0.011
[2017.03.23-16.57.37:538][144]LogEditorViewport: Clicking on Actor (LMB): PlayerStart (PlayerStart)
